[Thu, 16 Mar 17 08:44:46 +0800][DEBUG] salesOrderListfindConditions : {"conditions":"(Orders.SalesId = :salesId:) AND (Orders.DelFlg = 0) AND (Orders.CustomerNm LIKE :customerNm:) OR (Orders.Mobile LIKE :mobile:) AND (Orders.OrderStatus = :orderStatus:) AND (Orders.PayType = :payType:)","bind":{"salesId":"1","customerNm":"%%","mobile":"%%","orderStatus":"0","payType":"0"},"columns":["Orders.Id as OrderId,Orders.OrderNo,Orders.CustomerNm,Orders.RoomId,Room.RoomNo,Orders.Mobile,Orders.OrderStatus,Orders.PayType,Orders.Label,Orders.SalesId,Orders.CrtDt"]}
[Thu, 16 Mar 17 08:44:46 +0800][DEBUG] salesOrderListorder list get pages info done : 1489625086
[Thu, 16 Mar 17 08:55:10 +0800][DEBUG] salesOrderListfindConditions : {"conditions":"(Orders.SalesId = :salesId:) AND (Orders.DelFlg = 0) AND (Orders.CustomerNm LIKE :customerNm:) OR (Orders.Mobile LIKE :mobile:) AND (Orders.OrderStatus = :orderStatus:) AND (Orders.PayType = :payType:)","bind":{"salesId":"1","customerNm":"%%","mobile":"%%","orderStatus":"0","payType":"0"},"columns":["Orders.Id as OrderId,Orders.OrderNo,Orders.CustomerNm,Orders.RoomId,Room.RoomNo,Orders.Mobile,Orders.OrderStatus,Orders.PayType,Orders.Label,Orders.SalesId,Orders.CrtDt"]}
[Thu, 16 Mar 17 08:55:10 +0800][DEBUG] salesOrderListorder list get pages info done : 1489625710
[Thu, 16 Mar 17 08:55:10 +0800][DEBUG] salesOrderListfindConditions : {"conditions":"(Orders.SalesId = :salesId:) AND (Orders.DelFlg = 0) AND (Orders.CustomerNm LIKE :customerNm:) OR (Orders.Mobile LIKE :mobile:) AND (Orders.OrderStatus = :orderStatus:) AND (Orders.PayType = :payType:)","bind":{"salesId":"1","customerNm":"%%","mobile":"%%","orderStatus":"0","payType":"0"},"columns":["Orders.Id as OrderId,Orders.OrderNo,Orders.CustomerNm,Orders.RoomId,Room.RoomNo,Orders.Mobile,Orders.OrderStatus,Orders.PayType,Orders.Label,Orders.SalesId,Orders.CrtDt"]}
[Thu, 16 Mar 17 08:55:10 +0800][DEBUG] salesOrderListorder list get pages info done : 1489625710
[Thu, 16 Mar 17 08:55:11 +0800][DEBUG] salesOrderListfindConditions : {"conditions":"(Orders.SalesId = :salesId:) AND (Orders.DelFlg = 0) AND (Orders.CustomerNm LIKE :customerNm:) OR (Orders.Mobile LIKE :mobile:) AND (Orders.OrderStatus = :orderStatus:) AND (Orders.PayType = :payType:)","bind":{"salesId":"1","customerNm":"%%","mobile":"%%","orderStatus":"0","payType":"0"},"columns":["Orders.Id as OrderId,Orders.OrderNo,Orders.CustomerNm,Orders.RoomId,Room.RoomNo,Orders.Mobile,Orders.OrderStatus,Orders.PayType,Orders.Label,Orders.SalesId,Orders.CrtDt"]}
[Thu, 16 Mar 17 08:55:11 +0800][DEBUG] salesOrderListorder list get pages info done : 1489625711
[Thu, 16 Mar 17 08:55:11 +0800][DEBUG] salesOrderListfindConditions : {"conditions":"(Orders.SalesId = :salesId:) AND (Orders.DelFlg = 0) AND (Orders.CustomerNm LIKE :customerNm:) OR (Orders.Mobile LIKE :mobile:) AND (Orders.OrderStatus = :orderStatus:) AND (Orders.PayType = :payType:)","bind":{"salesId":"1","customerNm":"%%","mobile":"%%","orderStatus":"0","payType":"0"},"columns":["Orders.Id as OrderId,Orders.OrderNo,Orders.CustomerNm,Orders.RoomId,Room.RoomNo,Orders.Mobile,Orders.OrderStatus,Orders.PayType,Orders.Label,Orders.SalesId,Orders.CrtDt"]}
[Thu, 16 Mar 17 08:55:11 +0800][DEBUG] salesOrderListorder list get pages info done : 1489625711
[Thu, 16 Mar 17 08:55:11 +0800][DEBUG] salesOrderListfindConditions : {"conditions":"(Orders.SalesId = :salesId:) AND (Orders.DelFlg = 0) AND (Orders.CustomerNm LIKE :customerNm:) OR (Orders.Mobile LIKE :mobile:) AND (Orders.OrderStatus = :orderStatus:) AND (Orders.PayType = :payType:)","bind":{"salesId":"1","customerNm":"%%","mobile":"%%","orderStatus":"0","payType":"0"},"columns":["Orders.Id as OrderId,Orders.OrderNo,Orders.CustomerNm,Orders.RoomId,Room.RoomNo,Orders.Mobile,Orders.OrderStatus,Orders.PayType,Orders.Label,Orders.SalesId,Orders.CrtDt"]}
[Thu, 16 Mar 17 08:55:11 +0800][DEBUG] salesOrderListorder list get pages info done : 1489625711
[Thu, 16 Mar 17 08:55:29 +0800][DEBUG] findConditions Conditions: "(Orders.ProjectId = :projectId:) AND (Orders.CustomerNm LIKE :customerNm:) OR (Orders.Mobile LIKE :mobile:) AND (Orders.OrderStatus = :orderStatus:) AND (Orders.PayType = :payType:)"
[Thu, 16 Mar 17 08:55:29 +0800][DEBUG] findConditions toBind: {"projectId":"20170306165833754724","customerNm":"%%","mobile":"%%","orderStatus":"0","payType":"0"}
[Thu, 16 Mar 17 08:55:29 +0800][DEBUG] operatorOrderListfindConditions : {"conditions":"(Orders.ProjectId = :projectId:) AND (Orders.CustomerNm LIKE :customerNm:) OR (Orders.Mobile LIKE :mobile:) AND (Orders.OrderStatus = :orderStatus:) AND (Orders.PayType = :payType:)","bind":{"projectId":"20170306165833754724","customerNm":"%%","mobile":"%%","orderStatus":"0","payType":"0"},"columns":["Orders.Id as OrderId,Orders.OrderNo,Orders.CustomerNm,Orders.Mobile,Orders.OrderStatus,Orders.PayType,Orders.Label,Orders.SalesId,Orders.CrtDt"]}
[Thu, 16 Mar 17 08:55:29 +0800][DEBUG] operatorOrderListorder list get pages info done : 1489625729
[Thu, 16 Mar 17 09:25:23 +0800][DEBUG] salesOrderListfindConditions : {"conditions":"(Orders.SalesId = :salesId:) AND (Orders.DelFlg = 0)","bind":{"salesId":"5"},"columns":["Orders.Id as OrderId,Orders.OrderNo,Orders.CustomerNm,Orders.RoomId,Room.RoomNo,Orders.Mobile,Orders.OrderStatus,Orders.PayType,Orders.Label,Orders.SalesId,Orders.CrtDt"]}
[Thu, 16 Mar 17 09:25:23 +0800][DEBUG] salesOrderListorder list get pages info done : 1489627523
[Thu, 16 Mar 17 09:26:59 +0800][DEBUG] salesOrderListfindConditions : {"conditions":"(Orders.SalesId = :salesId:) AND (Orders.DelFlg = 0)","bind":{"salesId":"5"},"columns":["Orders.Id as OrderId,Orders.OrderNo,Orders.CustomerNm,Orders.RoomId,Room.RoomNo,Orders.Mobile,Orders.OrderStatus,Orders.PayType,Orders.Label,Orders.SalesId,Orders.CrtDt"]}
[Thu, 16 Mar 17 09:26:59 +0800][DEBUG] salesOrderListorder list get pages info done : 1489627619
[Thu, 16 Mar 17 09:27:06 +0800][DEBUG] salesOrderListfindConditions : {"conditions":"(Orders.SalesId = :salesId:) AND (Orders.DelFlg = 0)","bind":{"salesId":"5"},"columns":["Orders.Id as OrderId,Orders.OrderNo,Orders.CustomerNm,Orders.RoomId,Room.RoomNo,Orders.Mobile,Orders.OrderStatus,Orders.PayType,Orders.Label,Orders.SalesId,Orders.CrtDt"]}
[Thu, 16 Mar 17 09:27:06 +0800][DEBUG] salesOrderListorder list get pages info done : 1489627626
[Thu, 16 Mar 17 09:27:08 +0800][DEBUG] salesOrderListfindConditions : {"conditions":"(Orders.SalesId = :salesId:) AND (Orders.DelFlg = 0)","bind":{"salesId":"5"},"columns":["Orders.Id as OrderId,Orders.OrderNo,Orders.CustomerNm,Orders.RoomId,Room.RoomNo,Orders.Mobile,Orders.OrderStatus,Orders.PayType,Orders.Label,Orders.SalesId,Orders.CrtDt"]}
[Thu, 16 Mar 17 09:27:08 +0800][DEBUG] salesOrderListorder list get pages info done : 1489627628
[Thu, 16 Mar 17 09:28:13 +0800][DEBUG] salesOrderListfindConditions : {"conditions":"(Orders.SalesId = :salesId:) AND (Orders.DelFlg = 0)","bind":{"salesId":"5"},"columns":["Orders.Id as OrderId,Orders.OrderNo,Orders.CustomerNm,Orders.RoomId,Room.RoomNo,Orders.Mobile,Orders.OrderStatus,Orders.PayType,Orders.Label,Orders.SalesId,Orders.CrtDt"]}
[Thu, 16 Mar 17 09:28:13 +0800][DEBUG] salesOrderListorder list get pages info done : 1489627693
[Thu, 16 Mar 17 09:45:52 +0800][DEBUG] salesOrderListfindConditions : {"conditions":"(Orders.SalesId = :salesId:) AND (Orders.DelFlg = 0) AND (Orders.CustomerNm LIKE :customerNm:) OR (Orders.Mobile LIKE :mobile:) AND (Orders.OrderStatus = :orderStatus:) AND (Orders.PayType = :payType:)","bind":{"salesId":"1","customerNm":"%%","mobile":"%%","orderStatus":"0","payType":"0"},"columns":["Orders.Id as OrderId,Orders.OrderNo,Orders.CustomerNm,Orders.RoomId,Room.RoomNo,Orders.Mobile,Orders.OrderStatus,Orders.PayType,Orders.Label,Orders.SalesId,Orders.CrtDt"]}
[Thu, 16 Mar 17 09:45:52 +0800][DEBUG] salesOrderListorder list get pages info done : 1489628752
[Thu, 16 Mar 17 09:47:23 +0800][DEBUG] salesOrderListfindConditions : {"conditions":"(Orders.SalesId = :salesId:) AND (Orders.DelFlg = 0) AND (Orders.CustomerNm LIKE :customerNm:) OR (Orders.Mobile LIKE :mobile:) AND (Orders.OrderStatus = :orderStatus:) AND (Orders.PayType = :payType:)","bind":{"salesId":"1","customerNm":"%%","mobile":"%%","orderStatus":"0","payType":"0"},"columns":["Orders.Id as OrderId,Orders.OrderNo,Orders.CustomerNm,Orders.RoomId,Room.RoomNo,Orders.Mobile,Orders.OrderStatus,Orders.PayType,Orders.Label,Orders.SalesId,Orders.CrtDt"]}
[Thu, 16 Mar 17 09:47:23 +0800][DEBUG] salesOrderListorder list get pages info done : 1489628843
[Thu, 16 Mar 17 09:53:20 +0800][DEBUG] salesOrderListfindConditions : {"conditions":"(Orders.SalesId = :salesId:) AND (Orders.DelFlg = 0)","bind":{"salesId":"5"},"columns":["Orders.Id as OrderId,Orders.OrderNo,Orders.CustomerNm,Orders.RoomId,Room.RoomNo,Orders.Mobile,Orders.OrderStatus,Orders.PayType,Orders.Label,Orders.SalesId,Orders.CrtDt"]}
[Thu, 16 Mar 17 09:53:20 +0800][DEBUG] salesOrderListorder list get pages info done : 1489629200
[Thu, 16 Mar 17 09:56:36 +0800][DEBUG] salesOrderListfindConditions : {"conditions":"(Orders.SalesId = :salesId:) AND (Orders.DelFlg = 0)","bind":{"salesId":"5"},"columns":["Orders.Id as OrderId,Orders.OrderNo,Orders.CustomerNm,Orders.RoomId,Room.RoomNo,Orders.Mobile,Orders.OrderStatus,Orders.PayType,Orders.Label,Orders.SalesId,Orders.CrtDt"]}
[Thu, 16 Mar 17 09:56:36 +0800][DEBUG] salesOrderListorder list get pages info done : 1489629396
[Thu, 16 Mar 17 09:57:06 +0800][DEBUG] salesOrderListfindConditions : {"conditions":"(Orders.SalesId = :salesId:) AND (Orders.DelFlg = 0)","bind":{"salesId":"5"},"columns":["Orders.Id as OrderId,Orders.OrderNo,Orders.CustomerNm,Orders.RoomId,Room.RoomNo,Orders.Mobile,Orders.OrderStatus,Orders.PayType,Orders.Label,Orders.SalesId,Orders.CrtDt"]}
[Thu, 16 Mar 17 09:57:06 +0800][DEBUG] salesOrderListorder list get pages info done : 1489629426
[Thu, 16 Mar 17 10:04:19 +0800][DEBUG] salesOrderListfindConditions : {"conditions":"(Orders.SalesId = :salesId:) AND (Orders.DelFlg = 0)","bind":{"salesId":"5"},"columns":["Orders.Id as OrderId,Orders.OrderNo,Orders.CustomerNm,Orders.RoomId,Room.RoomNo,Orders.Mobile,Orders.OrderStatus,Orders.PayType,Orders.Label,Orders.SalesId,Orders.CrtDt"]}
[Thu, 16 Mar 17 10:04:19 +0800][DEBUG] salesOrderListorder list get pages info done : 1489629859
[Thu, 16 Mar 17 10:05:53 +0800][DEBUG] salesOrderListfindConditions : {"conditions":"(Orders.SalesId = :salesId:) AND (Orders.DelFlg = 0)","bind":{"salesId":"5"},"columns":["Orders.Id as OrderId,Orders.OrderNo,Orders.CustomerNm,Orders.RoomId,Room.RoomNo,Orders.Mobile,Orders.OrderStatus,Orders.PayType,Orders.Label,Orders.SalesId,Orders.CrtDt"]}
[Thu, 16 Mar 17 10:05:53 +0800][DEBUG] salesOrderListorder list get pages info done : 1489629953
[Thu, 16 Mar 17 10:07:55 +0800][DEBUG] salesOrderListfindConditions : {"conditions":"(Orders.SalesId = :salesId:) AND (Orders.DelFlg = 0)","bind":{"salesId":"5"},"columns":["Orders.Id as OrderId,Orders.OrderNo,Orders.CustomerNm,Orders.RoomId,Room.RoomNo,Orders.Mobile,Orders.OrderStatus,Orders.PayType,Orders.Label,Orders.SalesId,Orders.CrtDt"]}
[Thu, 16 Mar 17 10:07:55 +0800][DEBUG] salesOrderListorder list get pages info done : 1489630075
[Thu, 16 Mar 17 10:20:00 +0800][DEBUG] salesOrderListfindConditions : {"conditions":"(Orders.SalesId = :salesId:) AND (Orders.DelFlg = 0)","bind":{"salesId":"5"},"columns":["Orders.Id as OrderId,Orders.OrderNo,Orders.CustomerNm,Orders.RoomId,Room.RoomNo,Orders.Mobile,Orders.OrderStatus,Orders.PayType,Orders.Label,Orders.SalesId,Orders.CrtDt"]}
[Thu, 16 Mar 17 10:20:00 +0800][DEBUG] salesOrderListorder list get pages info done : 1489630800
[Thu, 16 Mar 17 10:21:06 +0800][DEBUG] generateUserToken no emp issue\n12666666668 123456
[Thu, 16 Mar 17 10:27:21 +0800][DEBUG] salesOrderListfindConditions : {"conditions":"(Orders.SalesId = :salesId:) AND (Orders.DelFlg = 0)","bind":{"salesId":"5"},"columns":["Orders.Id as OrderId,Orders.OrderNo,Orders.CustomerNm,Orders.RoomId,Room.RoomNo,Orders.Mobile,Orders.OrderStatus,Orders.PayType,Orders.Label,Orders.SalesId,Orders.CrtDt"]}
[Thu, 16 Mar 17 10:27:21 +0800][DEBUG] salesOrderListorder list get pages info done : 1489631241
[Thu, 16 Mar 17 10:33:20 +0800][DEBUG] findConditions Conditions: "(Orders.ProjectId = :projectId:) AND (Orders.CustomerNm LIKE :customerNm:) OR (Orders.Mobile LIKE :mobile:) AND (Orders.OrderStatus = :orderStatus:) AND (Orders.PayType = :payType:)"
[Thu, 16 Mar 17 10:33:20 +0800][DEBUG] findConditions toBind: {"projectId":"20170306165833754724","customerNm":"%%","mobile":"%%","orderStatus":"0","payType":"0"}
[Thu, 16 Mar 17 10:33:20 +0800][DEBUG] operatorOrderListfindConditions : {"conditions":"(Orders.ProjectId = :projectId:) AND (Orders.CustomerNm LIKE :customerNm:) OR (Orders.Mobile LIKE :mobile:) AND (Orders.OrderStatus = :orderStatus:) AND (Orders.PayType = :payType:)","bind":{"projectId":"20170306165833754724","customerNm":"%%","mobile":"%%","orderStatus":"0","payType":"0"},"columns":["Orders.Id as OrderId,Orders.OrderNo,Orders.CustomerNm,Orders.Mobile,Orders.OrderStatus,Orders.PayType,Orders.Label,Orders.SalesId,Orders.CrtDt"]}
[Thu, 16 Mar 17 10:33:20 +0800][DEBUG] operatorOrderListorder list get pages info done : 1489631600
[Thu, 16 Mar 17 10:35:58 +0800][DEBUG] findConditions Conditions: "(Orders.ProjectId = :projectId:) AND (Orders.CustomerNm LIKE :customerNm:) OR (Orders.Mobile LIKE :mobile:) AND (Orders.OrderStatus = :orderStatus:) AND (Orders.PayType = :payType:)"
[Thu, 16 Mar 17 10:35:58 +0800][DEBUG] findConditions toBind: {"projectId":"20170306165833754724","customerNm":"%%","mobile":"%%","orderStatus":"0","payType":"0"}
[Thu, 16 Mar 17 10:35:58 +0800][DEBUG] operatorOrderListfindConditions : {"conditions":"(Orders.ProjectId = :projectId:) AND (Orders.CustomerNm LIKE :customerNm:) OR (Orders.Mobile LIKE :mobile:) AND (Orders.OrderStatus = :orderStatus:) AND (Orders.PayType = :payType:)","bind":{"projectId":"20170306165833754724","customerNm":"%%","mobile":"%%","orderStatus":"0","payType":"0"},"columns":["Orders.Id as OrderId,Orders.OrderNo,Orders.CustomerNm,Orders.RoomId,Room.RoomNo,Orders.Mobile,Orders.OrderStatus,Orders.PayType,Orders.Label,Orders.SalesId,Orders.CrtDt"]}
[Thu, 16 Mar 17 10:35:59 +0800][DEBUG] findConditions Conditions: "(Orders.ProjectId = :projectId:) AND (Orders.CustomerNm LIKE :customerNm:) OR (Orders.Mobile LIKE :mobile:) AND (Orders.OrderStatus = :orderStatus:) AND (Orders.PayType = :payType:)"
[Thu, 16 Mar 17 10:35:59 +0800][DEBUG] findConditions toBind: {"projectId":"20170306165833754724","customerNm":"%%","mobile":"%%","orderStatus":"0","payType":"0"}
[Thu, 16 Mar 17 10:35:59 +0800][DEBUG] operatorOrderListfindConditions : {"conditions":"(Orders.ProjectId = :projectId:) AND (Orders.CustomerNm LIKE :customerNm:) OR (Orders.Mobile LIKE :mobile:) AND (Orders.OrderStatus = :orderStatus:) AND (Orders.PayType = :payType:)","bind":{"projectId":"20170306165833754724","customerNm":"%%","mobile":"%%","orderStatus":"0","payType":"0"},"columns":["Orders.Id as OrderId,Orders.OrderNo,Orders.CustomerNm,Orders.RoomId,Room.RoomNo,Orders.Mobile,Orders.OrderStatus,Orders.PayType,Orders.Label,Orders.SalesId,Orders.CrtDt"]}
[Thu, 16 Mar 17 10:36:49 +0800][DEBUG] findConditions Conditions: "(Orders.ProjectId = :projectId:) AND (Orders.CustomerNm LIKE :customerNm:) OR (Orders.Mobile LIKE :mobile:) AND (Orders.OrderStatus = :orderStatus:) AND (Orders.PayType = :payType:)"
[Thu, 16 Mar 17 10:36:49 +0800][DEBUG] findConditions toBind: {"projectId":"20170306165833754724","customerNm":"%%","mobile":"%%","orderStatus":"0","payType":"0"}
[Thu, 16 Mar 17 10:36:49 +0800][DEBUG] operatorOrderListfindConditions : {"conditions":"(Orders.ProjectId = :projectId:) AND (Orders.CustomerNm LIKE :customerNm:) OR (Orders.Mobile LIKE :mobile:) AND (Orders.OrderStatus = :orderStatus:) AND (Orders.PayType = :payType:)","bind":{"projectId":"20170306165833754724","customerNm":"%%","mobile":"%%","orderStatus":"0","payType":"0"},"columns":["Orders.Id as OrderId,Orders.OrderNo,Orders.CustomerNm,Orders.RoomId,Room.RoomNo,Orders.Mobile,Orders.OrderStatus,Orders.PayType,Orders.Label,Orders.SalesId,Orders.CrtDt"]}
[Thu, 16 Mar 17 10:36:49 +0800][DEBUG] operatorOrderListorder list get pages info done : 1489631809
[Thu, 16 Mar 17 10:40:02 +0800][DEBUG] salesOrderListfindConditions : {"conditions":"(Orders.SalesId = :salesId:) AND (Orders.DelFlg = 0)","bind":{"salesId":"5"},"columns":["Orders.Id as OrderId,Orders.OrderNo,Orders.CustomerNm,Orders.RoomId,Room.RoomNo,Orders.Mobile,Orders.OrderStatus,Orders.PayType,Orders.Label,Orders.SalesId,Orders.CrtDt"]}
[Thu, 16 Mar 17 10:40:02 +0800][DEBUG] salesOrderListorder list get pages info done : 1489632002
[Thu, 16 Mar 17 10:40:33 +0800][DEBUG] salesOrderListfindConditions : {"conditions":"(Orders.SalesId = :salesId:) AND (Orders.DelFlg = 0)","bind":{"salesId":"5"},"columns":["Orders.Id as OrderId,Orders.OrderNo,Orders.CustomerNm,Orders.RoomId,Room.RoomNo,Orders.Mobile,Orders.OrderStatus,Orders.PayType,Orders.Label,Orders.SalesId,Orders.CrtDt"]}
[Thu, 16 Mar 17 10:40:33 +0800][DEBUG] salesOrderListorder list get pages info done : 1489632033
[Thu, 16 Mar 17 10:42:04 +0800][DEBUG] salesOrderListfindConditions : {"conditions":"(Orders.SalesId = :salesId:) AND (Orders.DelFlg = 0)","bind":{"salesId":"5"},"columns":["Orders.Id as OrderId,Orders.OrderNo,Orders.CustomerNm,Orders.RoomId,Room.RoomNo,Orders.Mobile,Orders.OrderStatus,Orders.PayType,Orders.Label,Orders.SalesId,Orders.CrtDt"]}
[Thu, 16 Mar 17 10:42:04 +0800][DEBUG] salesOrderListorder list get pages info done : 1489632124
[Thu, 16 Mar 17 10:42:42 +0800][DEBUG] salesOrderListfindConditions : {"conditions":"(Orders.SalesId = :salesId:) AND (Orders.DelFlg = 0)","bind":{"salesId":"5"},"columns":["Orders.Id as OrderId,Orders.OrderNo,Orders.CustomerNm,Orders.RoomId,Room.RoomNo,Orders.Mobile,Orders.OrderStatus,Orders.PayType,Orders.Label,Orders.SalesId,Orders.CrtDt"]}
[Thu, 16 Mar 17 10:42:42 +0800][DEBUG] salesOrderListorder list get pages info done : 1489632162
[Thu, 16 Mar 17 10:43:32 +0800][DEBUG] salesOrderListfindConditions : {"conditions":"(Orders.SalesId = :salesId:) AND (Orders.DelFlg = 0)","bind":{"salesId":"5"},"columns":["Orders.Id as OrderId,Orders.OrderNo,Orders.CustomerNm,Orders.RoomId,Room.RoomNo,Orders.Mobile,Orders.OrderStatus,Orders.PayType,Orders.Label,Orders.SalesId,Orders.CrtDt"]}
[Thu, 16 Mar 17 10:43:32 +0800][DEBUG] salesOrderListorder list get pages info done : 1489632212
[Thu, 16 Mar 17 10:43:57 +0800][DEBUG] salesOrderListfindConditions : {"conditions":"(Orders.SalesId = :salesId:) AND (Orders.DelFlg = 0)","bind":{"salesId":"5"},"columns":["Orders.Id as OrderId,Orders.OrderNo,Orders.CustomerNm,Orders.RoomId,Room.RoomNo,Orders.Mobile,Orders.OrderStatus,Orders.PayType,Orders.Label,Orders.SalesId,Orders.CrtDt"]}
[Thu, 16 Mar 17 10:43:57 +0800][DEBUG] salesOrderListorder list get pages info done : 1489632237
[Thu, 16 Mar 17 10:44:33 +0800][DEBUG] salesOrderListfindConditions : {"conditions":"(Orders.SalesId = :salesId:) AND (Orders.DelFlg = 0)","bind":{"salesId":"5"},"columns":["Orders.Id as OrderId,Orders.OrderNo,Orders.CustomerNm,Orders.RoomId,Room.RoomNo,Orders.Mobile,Orders.OrderStatus,Orders.PayType,Orders.Label,Orders.SalesId,Orders.CrtDt"]}
[Thu, 16 Mar 17 10:44:33 +0800][DEBUG] salesOrderListorder list get pages info done : 1489632273
[Thu, 16 Mar 17 10:45:44 +0800][DEBUG] salesOrderListfindConditions : {"conditions":"(Orders.SalesId = :salesId:) AND (Orders.DelFlg = 0)","bind":{"salesId":"5"},"columns":["Orders.Id as OrderId,Orders.OrderNo,Orders.CustomerNm,Orders.RoomId,Room.RoomNo,Orders.Mobile,Orders.OrderStatus,Orders.PayType,Orders.Label,Orders.SalesId,Orders.CrtDt"]}
[Thu, 16 Mar 17 10:45:44 +0800][DEBUG] salesOrderListorder list get pages info done : 1489632344
[Thu, 16 Mar 17 10:50:26 +0800][DEBUG] salesOrderListfindConditions : {"conditions":"(Orders.SalesId = :salesId:) AND (Orders.DelFlg = 0)","bind":{"salesId":"5"},"columns":["Orders.Id as OrderId,Orders.OrderNo,Orders.CustomerNm,Orders.RoomId,Room.RoomNo,Orders.Mobile,Orders.OrderStatus,Orders.PayType,Orders.Label,Orders.SalesId,Orders.CrtDt"]}
[Thu, 16 Mar 17 10:50:26 +0800][DEBUG] salesOrderListorder list get pages info done : 1489632626
[Thu, 16 Mar 17 10:51:56 +0800][DEBUG] salesOrderListfindConditions : {"conditions":"(Orders.SalesId = :salesId:) AND (Orders.DelFlg = 0)","bind":{"salesId":"5"},"columns":["Orders.Id as OrderId,Orders.OrderNo,Orders.CustomerNm,Orders.RoomId,Room.RoomNo,Orders.Mobile,Orders.OrderStatus,Orders.PayType,Orders.Label,Orders.SalesId,Orders.CrtDt"]}
[Thu, 16 Mar 17 10:51:56 +0800][DEBUG] salesOrderListorder list get pages info done : 1489632716
[Thu, 16 Mar 17 10:51:57 +0800][DEBUG] salesOrderListfindConditions : {"conditions":"(Orders.SalesId = :salesId:) AND (Orders.DelFlg = 0)","bind":{"salesId":"5"},"columns":["Orders.Id as OrderId,Orders.OrderNo,Orders.CustomerNm,Orders.RoomId,Room.RoomNo,Orders.Mobile,Orders.OrderStatus,Orders.PayType,Orders.Label,Orders.SalesId,Orders.CrtDt"]}
[Thu, 16 Mar 17 10:51:57 +0800][DEBUG] salesOrderListorder list get pages info done : 1489632717
[Thu, 16 Mar 17 10:52:18 +0800][DEBUG] salesOrderListfindConditions : {"conditions":"(Orders.SalesId = :salesId:) AND (Orders.DelFlg = 0)","bind":{"salesId":"5"},"columns":["Orders.Id as OrderId,Orders.OrderNo,Orders.CustomerNm,Orders.RoomId,Room.RoomNo,Orders.Mobile,Orders.OrderStatus,Orders.PayType,Orders.Label,Orders.SalesId,Orders.CrtDt"]}
[Thu, 16 Mar 17 10:52:18 +0800][DEBUG] salesOrderListorder list get pages info done : 1489632738
[Thu, 16 Mar 17 10:55:12 +0800][DEBUG] salesOrderListfindConditions : {"conditions":"(Orders.SalesId = :salesId:) AND (Orders.DelFlg = 0)","bind":{"salesId":"5"},"columns":["Orders.Id as OrderId,Orders.OrderNo,Orders.CustomerNm,Orders.RoomId,Room.RoomNo,Orders.Mobile,Orders.OrderStatus,Orders.PayType,Orders.Label,Orders.SalesId,Orders.CrtDt"]}
[Thu, 16 Mar 17 10:55:12 +0800][DEBUG] salesOrderListorder list get pages info done : 1489632912
[Thu, 16 Mar 17 10:56:08 +0800][DEBUG] salesOrderListfindConditions : {"conditions":"(Orders.SalesId = :salesId:) AND (Orders.DelFlg = 0)","bind":{"salesId":"5"},"columns":["Orders.Id as OrderId,Orders.OrderNo,Orders.CustomerNm,Orders.RoomId,Room.RoomNo,Orders.Mobile,Orders.OrderStatus,Orders.PayType,Orders.Label,Orders.SalesId,Orders.CrtDt"]}
[Thu, 16 Mar 17 10:56:08 +0800][DEBUG] salesOrderListorder list get pages info done : 1489632968
[Thu, 16 Mar 17 13:51:13 +0800][DEBUG] salesOrderListfindConditions : {"conditions":"(Orders.SalesId = :salesId:) AND (Orders.DelFlg = 0)","bind":{"salesId":"5"},"columns":["Orders.Id as OrderId,Orders.OrderNo,Orders.CustomerNm,Orders.RoomId,Room.RoomNo,Orders.Mobile,Orders.OrderStatus,Orders.PayType,Orders.Label,Orders.SalesId,Orders.CrtDt"]}
[Thu, 16 Mar 17 13:51:13 +0800][DEBUG] salesOrderListorder list get pages info done : 1489643473
[Thu, 16 Mar 17 13:55:37 +0800][DEBUG] salesOrderListfindConditions : {"conditions":"(Orders.SalesId = :salesId:) AND (Orders.DelFlg = 0)","bind":{"salesId":"5"},"columns":["Orders.Id as OrderId,Orders.OrderNo,Orders.CustomerNm,Orders.RoomId,Room.RoomNo,Orders.Mobile,Orders.OrderStatus,Orders.PayType,Orders.Label,Orders.SalesId,Orders.CrtDt"]}
[Thu, 16 Mar 17 13:55:37 +0800][DEBUG] salesOrderListorder list get pages info done : 1489643737
[Thu, 16 Mar 17 14:38:31 +0800][DEBUG] salesOrderListfindConditions : {"conditions":"(Orders.SalesId = :salesId:) AND (Orders.DelFlg = 0)","bind":{"salesId":"5"},"columns":["Orders.Id as OrderId,Orders.OrderNo,Orders.CustomerNm,Orders.RoomId,Room.RoomNo,Orders.Mobile,Orders.OrderStatus,Orders.PayType,Orders.Label,Orders.SalesId,Orders.CrtDt"]}
[Thu, 16 Mar 17 14:38:31 +0800][DEBUG] salesOrderListorder list get pages info done : 1489646311
[Thu, 16 Mar 17 15:05:36 +0800][DEBUG] salesOrderListfindConditions : {"conditions":"(Orders.SalesId = :salesId:) AND (Orders.DelFlg = 0)","bind":{"salesId":"5"},"columns":["Orders.Id as OrderId,Orders.OrderNo,Orders.CustomerNm,Orders.RoomId,Room.RoomNo,Orders.Mobile,Orders.OrderStatus,Orders.PayType,Orders.Label,Orders.SalesId,Orders.CrtDt"]}
[Thu, 16 Mar 17 15:05:36 +0800][DEBUG] salesOrderListorder list get pages info done : 1489647936
[Thu, 16 Mar 17 15:05:36 +0800][DEBUG] salesOrderListfindConditions : {"conditions":"(Orders.SalesId = :salesId:) AND (Orders.DelFlg = 0)","bind":{"salesId":"5"},"columns":["Orders.Id as OrderId,Orders.OrderNo,Orders.CustomerNm,Orders.RoomId,Room.RoomNo,Orders.Mobile,Orders.OrderStatus,Orders.PayType,Orders.Label,Orders.SalesId,Orders.CrtDt"]}
[Thu, 16 Mar 17 15:05:37 +0800][DEBUG] salesOrderListorder list get pages info done : 1489647937
[Thu, 16 Mar 17 15:40:13 +0800][DEBUG] salesOrderListfindConditions : {"conditions":"(Orders.SalesId = :salesId:) AND (Orders.DelFlg = 0) AND (Orders.CustomerNm LIKE :customerNm:) OR (Orders.Mobile LIKE :mobile:) AND (Orders.OrderStatus = :orderStatus:) AND (Orders.PayType = :payType:)","bind":{"salesId":"1","customerNm":"%%","mobile":"%%","orderStatus":"0","payType":"0"},"columns":["Orders.Id as OrderId,Orders.OrderNo,Orders.CustomerNm,Orders.RoomId,Room.RoomNo,Orders.Mobile,Orders.OrderStatus,Orders.PayType,Orders.Label,Orders.SalesId,Orders.CrtDt"]}
[Thu, 16 Mar 17 15:40:13 +0800][DEBUG] salesOrderListorder list get pages info done : 1489650013
[Thu, 16 Mar 17 15:40:28 +0800][DEBUG] salesOrderListfindConditions : {"conditions":"(Orders.SalesId = :salesId:) AND (Orders.DelFlg = 0) AND (Orders.CustomerNm LIKE :customerNm:) OR (Orders.Mobile LIKE :mobile:) AND (Orders.OrderStatus = :orderStatus:) AND (Orders.PayType = :payType:)","bind":{"salesId":"1","customerNm":"%%","mobile":"%%","orderStatus":"0","payType":"0"},"columns":["Orders.Id as OrderId,Orders.OrderNo,Orders.CustomerNm,Orders.RoomId,Room.RoomNo,Orders.Mobile,Orders.OrderStatus,Orders.PayType,Orders.Label,Orders.SalesId,Orders.CrtDt"]}
[Thu, 16 Mar 17 15:40:28 +0800][DEBUG] salesOrderListorder list get pages info done : 1489650028
[Thu, 16 Mar 17 15:41:33 +0800][DEBUG] salesOrderListfindConditions : {"conditions":"(Orders.SalesId = :salesId:) AND (Orders.DelFlg = 0) AND (Orders.CustomerNm LIKE :customerNm:) OR (Orders.Mobile LIKE :mobile:) AND (Orders.OrderStatus = :orderStatus:) AND (Orders.PayType = :payType:)","bind":{"salesId":"1","customerNm":"%%","mobile":"%%","orderStatus":"0","payType":"0"},"columns":["Orders.Id as OrderId,Orders.OrderNo,Orders.CustomerNm,Orders.RoomId,Room.RoomNo,Orders.Mobile,Orders.OrderStatus,Orders.PayType,Orders.Label,Orders.SalesId,Orders.CrtDt"]}
[Thu, 16 Mar 17 15:41:33 +0800][DEBUG] salesOrderListorder list get pages info done : 1489650093
[Thu, 16 Mar 17 15:44:11 +0800][DEBUG] generateUserToken no emp issue\n13817319050 666666
[Thu, 16 Mar 17 16:16:12 +0800][DEBUG] salesOrderListfindConditions : {"conditions":"(Orders.SalesId = :salesId:) AND (Orders.DelFlg = 0)","bind":{"salesId":"5"},"columns":["Orders.Id as OrderId,Orders.OrderNo,Orders.CustomerNm,Orders.RoomId,Room.RoomNo,Orders.Mobile,Orders.OrderStatus,Orders.PayType,Orders.Label,Orders.SalesId,Orders.CrtDt"]}
[Thu, 16 Mar 17 16:16:12 +0800][DEBUG] salesOrderListorder list get pages info done : 1489652172
[Thu, 16 Mar 17 16:16:17 +0800][DEBUG] salesOrderListfindConditions : {"conditions":"(Orders.SalesId = :salesId:) AND (Orders.DelFlg = 0)","bind":{"salesId":"5"},"columns":["Orders.Id as OrderId,Orders.OrderNo,Orders.CustomerNm,Orders.RoomId,Room.RoomNo,Orders.Mobile,Orders.OrderStatus,Orders.PayType,Orders.Label,Orders.SalesId,Orders.CrtDt"]}
[Thu, 16 Mar 17 16:16:17 +0800][DEBUG] salesOrderListorder list get pages info done : 1489652177
[Thu, 16 Mar 17 16:21:31 +0800][DEBUG] salesOrderListfindConditions : {"conditions":"(Orders.SalesId = :salesId:) AND (Orders.DelFlg = 0)","bind":{"salesId":"5"},"columns":["Orders.Id as OrderId,Orders.OrderNo,Orders.CustomerNm,Orders.RoomId,Room.RoomNo,Orders.Mobile,Orders.OrderStatus,Orders.PayType,Orders.Label,Orders.SalesId,Orders.CrtDt"]}
[Thu, 16 Mar 17 16:21:31 +0800][DEBUG] salesOrderListorder list get pages info done : 1489652491
[Thu, 16 Mar 17 16:25:05 +0800][DEBUG] salesOrderListfindConditions : {"conditions":"(Orders.SalesId = :salesId:) AND (Orders.DelFlg = 0)","bind":{"salesId":"5"},"columns":["Orders.Id as OrderId,Orders.OrderNo,Orders.CustomerNm,Orders.RoomId,Room.RoomNo,Orders.Mobile,Orders.OrderStatus,Orders.PayType,Orders.Label,Orders.SalesId,Orders.CrtDt"]}
[Thu, 16 Mar 17 16:25:05 +0800][DEBUG] salesOrderListorder list get pages info done : 1489652705
[Thu, 16 Mar 17 16:26:19 +0800][DEBUG] salesOrderListfindConditions : {"conditions":"(Orders.SalesId = :salesId:) AND (Orders.DelFlg = 0)","bind":{"salesId":"5"},"columns":["Orders.Id as OrderId,Orders.OrderNo,Orders.CustomerNm,Orders.RoomId,Room.RoomNo,Orders.Mobile,Orders.OrderStatus,Orders.PayType,Orders.Label,Orders.SalesId,Orders.CrtDt"]}
[Thu, 16 Mar 17 16:26:19 +0800][DEBUG] salesOrderListorder list get pages info done : 1489652779
[Thu, 16 Mar 17 16:26:26 +0800][DEBUG] salesOrderListfindConditions : {"conditions":"(Orders.SalesId = :salesId:) AND (Orders.DelFlg = 0)","bind":{"salesId":"5"},"columns":["Orders.Id as OrderId,Orders.OrderNo,Orders.CustomerNm,Orders.RoomId,Room.RoomNo,Orders.Mobile,Orders.OrderStatus,Orders.PayType,Orders.Label,Orders.SalesId,Orders.CrtDt"]}
[Thu, 16 Mar 17 16:26:26 +0800][DEBUG] salesOrderListorder list get pages info done : 1489652786
[Thu, 16 Mar 17 16:29:09 +0800][DEBUG] salesOrderListfindConditions : {"conditions":"(Orders.SalesId = :salesId:) AND (Orders.DelFlg = 0)","bind":{"salesId":"5"},"columns":["Orders.Id as OrderId,Orders.OrderNo,Orders.CustomerNm,Orders.RoomId,Room.RoomNo,Orders.Mobile,Orders.OrderStatus,Orders.PayType,Orders.Label,Orders.SalesId,Orders.CrtDt"]}
[Thu, 16 Mar 17 16:29:09 +0800][DEBUG] salesOrderListorder list get pages info done : 1489652949
[Thu, 16 Mar 17 16:32:20 +0800][DEBUG] salesOrderListfindConditions : {"conditions":"(Orders.SalesId = :salesId:) AND (Orders.DelFlg = 0)","bind":{"salesId":"5"},"columns":["Orders.Id as OrderId,Orders.OrderNo,Orders.CustomerNm,Orders.RoomId,Room.RoomNo,Orders.Mobile,Orders.OrderStatus,Orders.PayType,Orders.Label,Orders.SalesId,Orders.CrtDt"]}
[Thu, 16 Mar 17 16:32:20 +0800][DEBUG] salesOrderListorder list get pages info done : 1489653140
[Thu, 16 Mar 17 16:32:20 +0800][DEBUG] salesOrderListfindConditions : {"conditions":"(Orders.SalesId = :salesId:) AND (Orders.DelFlg = 0)","bind":{"salesId":"5"},"columns":["Orders.Id as OrderId,Orders.OrderNo,Orders.CustomerNm,Orders.RoomId,Room.RoomNo,Orders.Mobile,Orders.OrderStatus,Orders.PayType,Orders.Label,Orders.SalesId,Orders.CrtDt"]}
[Thu, 16 Mar 17 16:32:20 +0800][DEBUG] salesOrderListorder list get pages info done : 1489653140
[Thu, 16 Mar 17 16:32:44 +0800][DEBUG] salesOrderListfindConditions : {"conditions":"(Orders.SalesId = :salesId:) AND (Orders.DelFlg = 0)","bind":{"salesId":"5"},"columns":["Orders.Id as OrderId,Orders.OrderNo,Orders.CustomerNm,Orders.RoomId,Room.RoomNo,Orders.Mobile,Orders.OrderStatus,Orders.PayType,Orders.Label,Orders.SalesId,Orders.CrtDt"]}
[Thu, 16 Mar 17 16:32:44 +0800][DEBUG] salesOrderListorder list get pages info done : 1489653164
[Thu, 16 Mar 17 16:32:46 +0800][DEBUG] salesOrderListfindConditions : {"conditions":"(Orders.SalesId = :salesId:) AND (Orders.DelFlg = 0)","bind":{"salesId":"5"},"columns":["Orders.Id as OrderId,Orders.OrderNo,Orders.CustomerNm,Orders.RoomId,Room.RoomNo,Orders.Mobile,Orders.OrderStatus,Orders.PayType,Orders.Label,Orders.SalesId,Orders.CrtDt"]}
[Thu, 16 Mar 17 16:32:46 +0800][DEBUG] salesOrderListorder list get pages info done : 1489653166
[Thu, 16 Mar 17 16:32:48 +0800][DEBUG] salesOrderListfindConditions : {"conditions":"(Orders.SalesId = :salesId:) AND (Orders.DelFlg = 0)","bind":{"salesId":"5"},"columns":["Orders.Id as OrderId,Orders.OrderNo,Orders.CustomerNm,Orders.RoomId,Room.RoomNo,Orders.Mobile,Orders.OrderStatus,Orders.PayType,Orders.Label,Orders.SalesId,Orders.CrtDt"]}
[Thu, 16 Mar 17 16:32:48 +0800][DEBUG] salesOrderListorder list get pages info done : 1489653168
[Thu, 16 Mar 17 16:34:55 +0800][DEBUG] salesOrderListfindConditions : {"conditions":"(Orders.SalesId = :salesId:) AND (Orders.DelFlg = 0)","bind":{"salesId":"5"},"columns":["Orders.Id as OrderId,Orders.OrderNo,Orders.CustomerNm,Orders.RoomId,Room.RoomNo,Orders.Mobile,Orders.OrderStatus,Orders.PayType,Orders.Label,Orders.SalesId,Orders.CrtDt"]}
[Thu, 16 Mar 17 16:34:55 +0800][DEBUG] salesOrderListorder list get pages info done : 1489653295
[Thu, 16 Mar 17 16:38:16 +0800][DEBUG] salesOrderListfindConditions : {"conditions":"(Orders.SalesId = :salesId:) AND (Orders.DelFlg = 0)","bind":{"salesId":"5"},"columns":["Orders.Id as OrderId,Orders.OrderNo,Orders.CustomerNm,Orders.RoomId,Room.RoomNo,Orders.Mobile,Orders.OrderStatus,Orders.PayType,Orders.Label,Orders.SalesId,Orders.CrtDt"]}
[Thu, 16 Mar 17 16:38:16 +0800][DEBUG] salesOrderListorder list get pages info done : 1489653496
[Thu, 16 Mar 17 16:42:22 +0800][DEBUG] salesOrderListfindConditions : {"conditions":"(Orders.SalesId = :salesId:) AND (Orders.DelFlg = 0)","bind":{"salesId":"5"},"columns":["Orders.Id as OrderId,Orders.OrderNo,Orders.CustomerNm,Orders.RoomId,Room.RoomNo,Orders.Mobile,Orders.OrderStatus,Orders.PayType,Orders.Label,Orders.SalesId,Orders.CrtDt"]}
[Thu, 16 Mar 17 16:42:22 +0800][DEBUG] salesOrderListorder list get pages info done : 1489653742
[Thu, 16 Mar 17 16:42:27 +0800][DEBUG] salesOrderListfindConditions : {"conditions":"(Orders.SalesId = :salesId:) AND (Orders.DelFlg = 0)","bind":{"salesId":"5"},"columns":["Orders.Id as OrderId,Orders.OrderNo,Orders.CustomerNm,Orders.RoomId,Room.RoomNo,Orders.Mobile,Orders.OrderStatus,Orders.PayType,Orders.Label,Orders.SalesId,Orders.CrtDt"]}
[Thu, 16 Mar 17 16:42:27 +0800][DEBUG] salesOrderListorder list get pages info done : 1489653747
[Thu, 16 Mar 17 16:42:28 +0800][DEBUG] salesOrderListfindConditions : {"conditions":"(Orders.SalesId = :salesId:) AND (Orders.DelFlg = 0)","bind":{"salesId":"5"},"columns":["Orders.Id as OrderId,Orders.OrderNo,Orders.CustomerNm,Orders.RoomId,Room.RoomNo,Orders.Mobile,Orders.OrderStatus,Orders.PayType,Orders.Label,Orders.SalesId,Orders.CrtDt"]}
[Thu, 16 Mar 17 16:42:28 +0800][DEBUG] salesOrderListorder list get pages info done : 1489653748
[Thu, 16 Mar 17 16:45:53 +0800][DEBUG] salesOrderListfindConditions : {"conditions":"(Orders.SalesId = :salesId:) AND (Orders.DelFlg = 0)","bind":{"salesId":"5"},"columns":["Orders.Id as OrderId,Orders.OrderNo,Orders.CustomerNm,Orders.RoomId,Room.RoomNo,Orders.Mobile,Orders.OrderStatus,Orders.PayType,Orders.Label,Orders.SalesId,Orders.CrtDt"]}
[Thu, 16 Mar 17 16:45:54 +0800][DEBUG] salesOrderListorder list get pages info done : 1489653954
[Thu, 16 Mar 17 16:48:06 +0800][DEBUG] salesOrderListfindConditions : {"conditions":"(Orders.SalesId = :salesId:) AND (Orders.DelFlg = 0)","bind":{"salesId":"5"},"columns":["Orders.Id as OrderId,Orders.OrderNo,Orders.CustomerNm,Orders.RoomId,Room.RoomNo,Orders.Mobile,Orders.OrderStatus,Orders.PayType,Orders.Label,Orders.SalesId,Orders.CrtDt"]}
[Thu, 16 Mar 17 16:48:06 +0800][DEBUG] salesOrderListorder list get pages info done : 1489654086
[Thu, 16 Mar 17 16:48:09 +0800][DEBUG] salesOrderListfindConditions : {"conditions":"(Orders.SalesId = :salesId:) AND (Orders.DelFlg = 0)","bind":{"salesId":"5"},"columns":["Orders.Id as OrderId,Orders.OrderNo,Orders.CustomerNm,Orders.RoomId,Room.RoomNo,Orders.Mobile,Orders.OrderStatus,Orders.PayType,Orders.Label,Orders.SalesId,Orders.CrtDt"]}
[Thu, 16 Mar 17 16:48:09 +0800][DEBUG] salesOrderListorder list get pages info done : 1489654089
[Thu, 16 Mar 17 16:48:46 +0800][DEBUG] salesOrderListfindConditions : {"conditions":"(Orders.SalesId = :salesId:) AND (Orders.DelFlg = 0)","bind":{"salesId":"5"},"columns":["Orders.Id as OrderId,Orders.OrderNo,Orders.CustomerNm,Orders.RoomId,Room.RoomNo,Orders.Mobile,Orders.OrderStatus,Orders.PayType,Orders.Label,Orders.SalesId,Orders.CrtDt"]}
[Thu, 16 Mar 17 16:48:46 +0800][DEBUG] salesOrderListorder list get pages info done : 1489654126
[Thu, 16 Mar 17 16:48:49 +0800][DEBUG] salesOrderListfindConditions : {"conditions":"(Orders.SalesId = :salesId:) AND (Orders.DelFlg = 0)","bind":{"salesId":"5"},"columns":["Orders.Id as OrderId,Orders.OrderNo,Orders.CustomerNm,Orders.RoomId,Room.RoomNo,Orders.Mobile,Orders.OrderStatus,Orders.PayType,Orders.Label,Orders.SalesId,Orders.CrtDt"]}
[Thu, 16 Mar 17 16:48:49 +0800][DEBUG] salesOrderListorder list get pages info done : 1489654129
[Thu, 16 Mar 17 16:49:33 +0800][DEBUG] salesOrderListfindConditions : {"conditions":"(Orders.SalesId = :salesId:) AND (Orders.DelFlg = 0)","bind":{"salesId":"5"},"columns":["Orders.Id as OrderId,Orders.OrderNo,Orders.CustomerNm,Orders.RoomId,Room.RoomNo,Orders.Mobile,Orders.OrderStatus,Orders.PayType,Orders.Label,Orders.SalesId,Orders.CrtDt"]}
[Thu, 16 Mar 17 16:49:33 +0800][DEBUG] salesOrderListorder list get pages info done : 1489654173
[Thu, 16 Mar 17 16:49:36 +0800][DEBUG] salesOrderListfindConditions : {"conditions":"(Orders.SalesId = :salesId:) AND (Orders.DelFlg = 0)","bind":{"salesId":"5"},"columns":["Orders.Id as OrderId,Orders.OrderNo,Orders.CustomerNm,Orders.RoomId,Room.RoomNo,Orders.Mobile,Orders.OrderStatus,Orders.PayType,Orders.Label,Orders.SalesId,Orders.CrtDt"]}
[Thu, 16 Mar 17 16:49:36 +0800][DEBUG] salesOrderListorder list get pages info done : 1489654176
[Thu, 16 Mar 17 16:55:46 +0800][DEBUG] salesOrderListfindConditions : {"conditions":"(Orders.SalesId = :salesId:) AND (Orders.DelFlg = 0)","bind":{"salesId":"5"},"columns":["Orders.Id as OrderId,Orders.OrderNo,Orders.CustomerNm,Orders.RoomId,Room.RoomNo,Orders.Mobile,Orders.OrderStatus,Orders.PayType,Orders.Label,Orders.SalesId,Orders.CrtDt"]}
[Thu, 16 Mar 17 16:55:46 +0800][DEBUG] salesOrderListorder list get pages info done : 1489654546
[Thu, 16 Mar 17 16:57:08 +0800][DEBUG] salesOrderListfindConditions : {"conditions":"(Orders.SalesId = :salesId:) AND (Orders.DelFlg = 0)","bind":{"salesId":"5"},"columns":["Orders.Id as OrderId,Orders.OrderNo,Orders.CustomerNm,Orders.RoomId,Room.RoomNo,Orders.Mobile,Orders.OrderStatus,Orders.PayType,Orders.Label,Orders.SalesId,Orders.CrtDt"]}
[Thu, 16 Mar 17 16:57:08 +0800][DEBUG] salesOrderListorder list get pages info done : 1489654628
[Thu, 16 Mar 17 16:57:42 +0800][DEBUG] salesOrderListfindConditions : {"conditions":"(Orders.SalesId = :salesId:) AND (Orders.DelFlg = 0)","bind":{"salesId":"5"},"columns":["Orders.Id as OrderId,Orders.OrderNo,Orders.CustomerNm,Orders.RoomId,Room.RoomNo,Orders.Mobile,Orders.OrderStatus,Orders.PayType,Orders.Label,Orders.SalesId,Orders.CrtDt"]}
[Thu, 16 Mar 17 16:57:42 +0800][DEBUG] salesOrderListorder list get pages info done : 1489654662
[Thu, 16 Mar 17 16:59:17 +0800][DEBUG] salesOrderListfindConditions : {"conditions":"(Orders.SalesId = :salesId:) AND (Orders.DelFlg = 0)","bind":{"salesId":"5"},"columns":["Orders.Id as OrderId,Orders.OrderNo,Orders.CustomerNm,Orders.RoomId,Room.RoomNo,Orders.Mobile,Orders.OrderStatus,Orders.PayType,Orders.Label,Orders.SalesId,Orders.CrtDt"]}
[Thu, 16 Mar 17 16:59:17 +0800][DEBUG] salesOrderListorder list get pages info done : 1489654757
[Thu, 16 Mar 17 16:59:44 +0800][DEBUG] salesOrderListfindConditions : {"conditions":"(Orders.SalesId = :salesId:) AND (Orders.DelFlg = 0)","bind":{"salesId":"5"},"columns":["Orders.Id as OrderId,Orders.OrderNo,Orders.CustomerNm,Orders.RoomId,Room.RoomNo,Orders.Mobile,Orders.OrderStatus,Orders.PayType,Orders.Label,Orders.SalesId,Orders.CrtDt"]}
[Thu, 16 Mar 17 16:59:44 +0800][DEBUG] salesOrderListorder list get pages info done : 1489654784
[Thu, 16 Mar 17 17:04:05 +0800][DEBUG] salesOrderListfindConditions : {"conditions":"(Orders.SalesId = :salesId:) AND (Orders.DelFlg = 0)","bind":{"salesId":"5"},"columns":["Orders.Id as OrderId,Orders.OrderNo,Orders.CustomerNm,Orders.RoomId,Room.RoomNo,Orders.Mobile,Orders.OrderStatus,Orders.PayType,Orders.Label,Orders.SalesId,Orders.CrtDt"]}
[Thu, 16 Mar 17 17:04:05 +0800][DEBUG] salesOrderListorder list get pages info done : 1489655045
[Thu, 16 Mar 17 17:06:21 +0800][DEBUG] findConditions Conditions: "(Orders.ProjectId = :projectId:) AND (Orders.CustomerNm LIKE :customerNm:) OR (Orders.Mobile LIKE :mobile:) AND (Orders.OrderStatus = :orderStatus:) AND (Orders.PayType = :payType:)"
[Thu, 16 Mar 17 17:06:21 +0800][DEBUG] findConditions toBind: {"projectId":"20170306165833754724","customerNm":"%%","mobile":"%%","orderStatus":"0","payType":"0"}
[Thu, 16 Mar 17 17:06:21 +0800][DEBUG] operatorOrderListfindConditions : {"conditions":"(Orders.ProjectId = :projectId:) AND (Orders.CustomerNm LIKE :customerNm:) OR (Orders.Mobile LIKE :mobile:) AND (Orders.OrderStatus = :orderStatus:) AND (Orders.PayType = :payType:)","bind":{"projectId":"20170306165833754724","customerNm":"%%","mobile":"%%","orderStatus":"0","payType":"0"},"columns":["Orders.Id as OrderId,Orders.OrderNo,Orders.CustomerNm,Orders.RoomId,Room.RoomNo,Orders.Mobile,Orders.OrderStatus,Orders.PayType,Orders.Label,Orders.SalesId,Orders.CrtDt"]}
[Thu, 16 Mar 17 17:06:21 +0800][DEBUG] operatorOrderListorder list get pages info done : 1489655181
[Thu, 16 Mar 17 17:06:35 +0800][DEBUG] findConditions Conditions: "(Orders.ProjectId = :projectId:) AND (Orders.CustomerNm LIKE :customerNm:) OR (Orders.Mobile LIKE :mobile:) AND (Orders.OrderStatus = :orderStatus:) AND (Orders.PayType = :payType:)"
[Thu, 16 Mar 17 17:06:35 +0800][DEBUG] findConditions toBind: {"projectId":"20170306165833754724","customerNm":"%%","mobile":"%%","orderStatus":"0","payType":"0"}
[Thu, 16 Mar 17 17:06:35 +0800][DEBUG] operatorOrderListfindConditions : {"conditions":"(Orders.ProjectId = :projectId:) AND (Orders.CustomerNm LIKE :customerNm:) OR (Orders.Mobile LIKE :mobile:) AND (Orders.OrderStatus = :orderStatus:) AND (Orders.PayType = :payType:)","bind":{"projectId":"20170306165833754724","customerNm":"%%","mobile":"%%","orderStatus":"0","payType":"0"},"columns":["Orders.Id as OrderId,Orders.OrderNo,Orders.CustomerNm,Orders.RoomId,Room.RoomNo,Orders.Mobile,Orders.OrderStatus,Orders.PayType,Orders.Label,Orders.SalesId,Orders.CrtDt"]}
[Thu, 16 Mar 17 17:06:35 +0800][DEBUG] operatorOrderListorder list get pages info done : 1489655195
[Thu, 16 Mar 17 17:11:03 +0800][DEBUG] salesOrderListfindConditions : {"conditions":"(Orders.SalesId = :salesId:) AND (Orders.DelFlg = 0)","bind":{"salesId":"5"},"columns":["Orders.Id as OrderId,Orders.OrderNo,Orders.CustomerNm,Orders.RoomId,Room.RoomNo,Orders.Mobile,Orders.OrderStatus,Orders.PayType,Orders.Label,Orders.SalesId,Orders.CrtDt"]}
[Thu, 16 Mar 17 17:11:03 +0800][DEBUG] salesOrderListorder list get pages info done : 1489655463
[Thu, 16 Mar 17 17:11:03 +0800][DEBUG] salesOrderListfindConditions : {"conditions":"(Orders.SalesId = :salesId:) AND (Orders.DelFlg = 0)","bind":{"salesId":"5"},"columns":["Orders.Id as OrderId,Orders.OrderNo,Orders.CustomerNm,Orders.RoomId,Room.RoomNo,Orders.Mobile,Orders.OrderStatus,Orders.PayType,Orders.Label,Orders.SalesId,Orders.CrtDt"]}
[Thu, 16 Mar 17 17:11:03 +0800][DEBUG] salesOrderListorder list get pages info done : 1489655463
[Thu, 16 Mar 17 17:18:03 +0800][DEBUG] salesOrderListfindConditions : {"conditions":"(Orders.SalesId = :salesId:) AND (Orders.DelFlg = 0)","bind":{"salesId":"5"},"columns":["Orders.Id as OrderId,Orders.OrderNo,Orders.CustomerNm,Orders.RoomId,Room.RoomNo,Orders.Mobile,Orders.OrderStatus,Orders.PayType,Orders.Label,Orders.SalesId,Orders.CrtDt"]}
[Thu, 16 Mar 17 17:18:03 +0800][DEBUG] salesOrderListorder list get pages info done : 1489655883
[Thu, 16 Mar 17 17:19:56 +0800][DEBUG] salesOrderListfindConditions : {"conditions":"(Orders.SalesId = :salesId:) AND (Orders.DelFlg = 0)","bind":{"salesId":"5"},"columns":["Orders.Id as OrderId,Orders.OrderNo,Orders.CustomerNm,Orders.RoomId,Room.RoomNo,Orders.Mobile,Orders.OrderStatus,Orders.PayType,Orders.Label,Orders.SalesId,Orders.CrtDt"]}
[Thu, 16 Mar 17 17:19:56 +0800][DEBUG] salesOrderListorder list get pages info done : 1489655996
[Thu, 16 Mar 17 17:20:13 +0800][DEBUG] salesOrderListfindConditions : {"conditions":"(Orders.SalesId = :salesId:) AND (Orders.DelFlg = 0)","bind":{"salesId":"5"},"columns":["Orders.Id as OrderId,Orders.OrderNo,Orders.CustomerNm,Orders.RoomId,Room.RoomNo,Orders.Mobile,Orders.OrderStatus,Orders.PayType,Orders.Label,Orders.SalesId,Orders.CrtDt"]}
[Thu, 16 Mar 17 17:20:13 +0800][DEBUG] salesOrderListorder list get pages info done : 1489656013
[Thu, 16 Mar 17 17:21:05 +0800][DEBUG] salesOrderListfindConditions : {"conditions":"(Orders.SalesId = :salesId:) AND (Orders.DelFlg = 0)","bind":{"salesId":"5"},"columns":["Orders.Id as OrderId,Orders.OrderNo,Orders.CustomerNm,Orders.RoomId,Room.RoomNo,Orders.Mobile,Orders.OrderStatus,Orders.PayType,Orders.Label,Orders.SalesId,Orders.CrtDt"]}
[Thu, 16 Mar 17 17:21:05 +0800][DEBUG] salesOrderListorder list get pages info done : 1489656065
[Thu, 16 Mar 17 17:21:20 +0800][DEBUG] salesOrderListfindConditions : {"conditions":"(Orders.SalesId = :salesId:) AND (Orders.DelFlg = 0)","bind":{"salesId":"5"},"columns":["Orders.Id as OrderId,Orders.OrderNo,Orders.CustomerNm,Orders.RoomId,Room.RoomNo,Orders.Mobile,Orders.OrderStatus,Orders.PayType,Orders.Label,Orders.SalesId,Orders.CrtDt"]}
[Thu, 16 Mar 17 17:21:20 +0800][DEBUG] salesOrderListorder list get pages info done : 1489656080
[Thu, 16 Mar 17 17:22:15 +0800][DEBUG] findConditions Conditions: "(Orders.ProjectId = :projectId:) AND (Orders.CustomerNm LIKE :customerNm:) OR (Orders.Mobile LIKE :mobile:) AND (Orders.OrderStatus = :orderStatus:) AND (Orders.PayType = :payType:)"
[Thu, 16 Mar 17 17:22:15 +0800][DEBUG] findConditions toBind: {"projectId":"20170306165833754724","customerNm":"%%","mobile":"%%","orderStatus":"0","payType":"0"}
[Thu, 16 Mar 17 17:22:15 +0800][DEBUG] operatorOrderListfindConditions : {"conditions":"(Orders.ProjectId = :projectId:) AND (Orders.CustomerNm LIKE :customerNm:) OR (Orders.Mobile LIKE :mobile:) AND (Orders.OrderStatus = :orderStatus:) AND (Orders.PayType = :payType:)","bind":{"projectId":"20170306165833754724","customerNm":"%%","mobile":"%%","orderStatus":"0","payType":"0"},"columns":["Orders.Id as OrderId,Orders.OrderNo,Orders.CustomerNm,Orders.RoomId,Room.RoomNo,OperatorProject.RoleId,Orders.Mobile,Orders.OrderStatus,Orders.PayType,Orders.Label,Orders.SalesId,Orders.CrtDt"]}
[Thu, 16 Mar 17 17:22:15 +0800][DEBUG] operatorOrderListorder list get pages info done : 1489656135
[Thu, 16 Mar 17 17:23:47 +0800][DEBUG] salesOrderListfindConditions : {"conditions":"(Orders.SalesId = :salesId:) AND (Orders.DelFlg = 0)","bind":{"salesId":"5"},"columns":["Orders.Id as OrderId,Orders.OrderNo,Orders.CustomerNm,Orders.RoomId,Room.RoomNo,Orders.Mobile,Orders.OrderStatus,Orders.PayType,Orders.Label,Orders.SalesId,Orders.CrtDt"]}
[Thu, 16 Mar 17 17:23:47 +0800][DEBUG] salesOrderListorder list get pages info done : 1489656227
[Thu, 16 Mar 17 17:23:56 +0800][DEBUG] salesOrderListfindConditions : {"conditions":"(Orders.SalesId = :salesId:) AND (Orders.DelFlg = 0)","bind":{"salesId":"5"},"columns":["Orders.Id as OrderId,Orders.OrderNo,Orders.CustomerNm,Orders.RoomId,Room.RoomNo,Orders.Mobile,Orders.OrderStatus,Orders.PayType,Orders.Label,Orders.SalesId,Orders.CrtDt"]}
[Thu, 16 Mar 17 17:23:56 +0800][DEBUG] salesOrderListorder list get pages info done : 1489656236
[Thu, 16 Mar 17 17:24:07 +0800][DEBUG] salesOrderListfindConditions : {"conditions":"(Orders.SalesId = :salesId:) AND (Orders.DelFlg = 0)","bind":{"salesId":"5"},"columns":["Orders.Id as OrderId,Orders.OrderNo,Orders.CustomerNm,Orders.RoomId,Room.RoomNo,Orders.Mobile,Orders.OrderStatus,Orders.PayType,Orders.Label,Orders.SalesId,Orders.CrtDt"]}
[Thu, 16 Mar 17 17:24:07 +0800][DEBUG] salesOrderListorder list get pages info done : 1489656247
[Thu, 16 Mar 17 17:24:31 +0800][DEBUG] findConditions Conditions: "(Orders.ProjectId = :projectId:) AND (Orders.CustomerNm LIKE :customerNm:) OR (Orders.Mobile LIKE :mobile:) AND (Orders.OrderStatus = :orderStatus:) AND (Orders.PayType = :payType:)"
[Thu, 16 Mar 17 17:24:31 +0800][DEBUG] findConditions toBind: {"projectId":"20170306165833754724","customerNm":"%%","mobile":"%%","orderStatus":"0","payType":"0"}
[Thu, 16 Mar 17 17:24:31 +0800][DEBUG] operatorOrderListfindConditions : {"conditions":"(Orders.ProjectId = :projectId:) AND (Orders.CustomerNm LIKE :customerNm:) OR (Orders.Mobile LIKE :mobile:) AND (Orders.OrderStatus = :orderStatus:) AND (Orders.PayType = :payType:)","bind":{"projectId":"20170306165833754724","customerNm":"%%","mobile":"%%","orderStatus":"0","payType":"0"},"columns":["Orders.Id as OrderId,Orders.OrderNo,Orders.CustomerNm,Orders.RoomId,Room.RoomNo,Role.StatusGroups,Orders.Mobile,Orders.OrderStatus,Orders.PayType,Orders.Label,Orders.SalesId,Orders.CrtDt"]}
[Thu, 16 Mar 17 17:24:31 +0800][DEBUG] operatorOrderListorder list get pages info done : 1489656271
[Thu, 16 Mar 17 17:25:58 +0800][DEBUG] salesOrderListfindConditions : {"conditions":"(Orders.SalesId = :salesId:) AND (Orders.DelFlg = 0)","bind":{"salesId":"5"},"columns":["Orders.Id as OrderId,Orders.OrderNo,Orders.CustomerNm,Orders.RoomId,Room.RoomNo,Orders.Mobile,Orders.OrderStatus,Orders.PayType,Orders.Label,Orders.SalesId,Orders.CrtDt"]}
[Thu, 16 Mar 17 17:25:58 +0800][DEBUG] salesOrderListorder list get pages info done : 1489656358
[Thu, 16 Mar 17 17:26:56 +0800][DEBUG] findConditions Conditions: "(Orders.ProjectId = :projectId:) AND (Orders.CustomerNm LIKE :customerNm:) OR (Orders.Mobile LIKE :mobile:) AND (Orders.OrderStatus = :orderStatus:) AND (Orders.PayType = :payType:)"
[Thu, 16 Mar 17 17:26:56 +0800][DEBUG] findConditions toBind: {"projectId":"20170306165833754724","customerNm":"%%","mobile":"%%","orderStatus":"0","payType":"0"}
[Thu, 16 Mar 17 17:26:56 +0800][DEBUG] operatorOrderListfindConditions : {"conditions":"(Orders.ProjectId = :projectId:) AND (Orders.CustomerNm LIKE :customerNm:) OR (Orders.Mobile LIKE :mobile:) AND (Orders.OrderStatus = :orderStatus:) AND (Orders.PayType = :payType:)","bind":{"projectId":"20170306165833754724","customerNm":"%%","mobile":"%%","orderStatus":"0","payType":"0"},"columns":["Orders.Id as OrderId,Orders.OrderNo,Orders.CustomerNm,Orders.RoomId,Room.RoomNo,Role.StatusGroups,Orders.Mobile,Orders.OrderStatus,Orders.PayType,Orders.Label,Orders.SalesId,Orders.CrtDt"]}
[Thu, 16 Mar 17 17:26:56 +0800][DEBUG] operatorOrderListorder list get pages info done : 1489656416
[Thu, 16 Mar 17 17:27:56 +0800][DEBUG] findConditions Conditions: "(Orders.ProjectId = :projectId:) AND (Orders.CustomerNm LIKE :customerNm:) OR (Orders.Mobile LIKE :mobile:) AND (Orders.OrderStatus = :orderStatus:) AND (Orders.PayType = :payType:)"
[Thu, 16 Mar 17 17:27:56 +0800][DEBUG] findConditions toBind: {"projectId":"20170306165833754724","customerNm":"%%","mobile":"%%","orderStatus":"0","payType":"0"}
[Thu, 16 Mar 17 17:27:56 +0800][DEBUG] operatorOrderListfindConditions : {"conditions":"(Orders.ProjectId = :projectId:) AND (Orders.CustomerNm LIKE :customerNm:) OR (Orders.Mobile LIKE :mobile:) AND (Orders.OrderStatus = :orderStatus:) AND (Orders.PayType = :payType:)","bind":{"projectId":"20170306165833754724","customerNm":"%%","mobile":"%%","orderStatus":"0","payType":"0"},"columns":["Orders.Id as OrderId,Orders.OrderNo,Orders.CustomerNm,Orders.RoomId,Room.RoomNo,Role.StatusGroups,Orders.Mobile,Orders.OrderStatus,Orders.PayType,Orders.Label,Orders.SalesId,Orders.CrtDt"]}
[Thu, 16 Mar 17 17:27:56 +0800][DEBUG] operatorOrderListorder list get pages info done : 1489656476
[Thu, 16 Mar 17 17:31:43 +0800][DEBUG] findConditions Conditions: "(Orders.ProjectId = :projectId:) AND (Orders.CustomerNm LIKE :customerNm:) OR (Orders.Mobile LIKE :mobile:) AND (Orders.OrderStatus = :orderStatus:) AND (Orders.PayType = :payType:)"
[Thu, 16 Mar 17 17:31:43 +0800][DEBUG] findConditions toBind: {"projectId":"20170306165833754724","customerNm":"%%","mobile":"%%","orderStatus":"0","payType":"0"}
[Thu, 16 Mar 17 17:31:43 +0800][DEBUG] operatorOrderListfindConditions : {"conditions":"(Orders.ProjectId = :projectId:) AND (Orders.CustomerNm LIKE :customerNm:) OR (Orders.Mobile LIKE :mobile:) AND (Orders.OrderStatus = :orderStatus:) AND (Orders.PayType = :payType:)","bind":{"projectId":"20170306165833754724","customerNm":"%%","mobile":"%%","orderStatus":"0","payType":"0"},"columns":["Orders.Id as OrderId,Orders.OrderNo,Orders.CustomerNm,Orders.RoomId,Room.RoomNo,Role.StatusGroups,Orders.Mobile,Orders.OrderStatus,Orders.PayType,Orders.Label,Orders.SalesId,Orders.CrtDt"]}
[Thu, 16 Mar 17 17:31:43 +0800][DEBUG] operatorOrderListorder list get pages info done : 1489656703
[Thu, 16 Mar 17 17:32:22 +0800][DEBUG] findConditions Conditions: "(Orders.ProjectId = :projectId:) AND (Orders.CustomerNm LIKE :customerNm:) OR (Orders.Mobile LIKE :mobile:) AND (Orders.OrderStatus = :orderStatus:) AND (Orders.PayType = :payType:)"
[Thu, 16 Mar 17 17:32:22 +0800][DEBUG] findConditions toBind: {"projectId":"20170306165833754724","customerNm":"%%","mobile":"%%","orderStatus":"0","payType":"0"}
[Thu, 16 Mar 17 17:32:22 +0800][DEBUG] operatorOrderListfindConditions : {"conditions":"(Orders.ProjectId = :projectId:) AND (Orders.CustomerNm LIKE :customerNm:) OR (Orders.Mobile LIKE :mobile:) AND (Orders.OrderStatus = :orderStatus:) AND (Orders.PayType = :payType:)","bind":{"projectId":"20170306165833754724","customerNm":"%%","mobile":"%%","orderStatus":"0","payType":"0"},"columns":["Orders.Id as OrderId,Orders.OrderNo,Orders.CustomerNm,Orders.RoomId,Room.RoomNo,Role.StatusGroups,Orders.Mobile,Orders.OrderStatus,Orders.PayType,Orders.Label,Orders.SalesId,Orders.CrtDt"]}
[Thu, 16 Mar 17 17:32:22 +0800][DEBUG] operatorOrderListorder list get pages info done : 1489656742
[Thu, 16 Mar 17 17:32:38 +0800][DEBUG] findConditions Conditions: "(Orders.ProjectId = :projectId:) AND (Orders.CustomerNm LIKE :customerNm:) OR (Orders.Mobile LIKE :mobile:) AND (Orders.OrderStatus = :orderStatus:) AND (Orders.PayType = :payType:)"
[Thu, 16 Mar 17 17:32:38 +0800][DEBUG] findConditions toBind: {"projectId":"20170306165833754724","customerNm":"%%","mobile":"%%","orderStatus":"0","payType":"0"}
[Thu, 16 Mar 17 17:32:38 +0800][DEBUG] operatorOrderListfindConditions : {"conditions":"(Orders.ProjectId = :projectId:) AND (Orders.CustomerNm LIKE :customerNm:) OR (Orders.Mobile LIKE :mobile:) AND (Orders.OrderStatus = :orderStatus:) AND (Orders.PayType = :payType:)","bind":{"projectId":"20170306165833754724","customerNm":"%%","mobile":"%%","orderStatus":"0","payType":"0"},"columns":["Orders.Id as OrderId,Orders.OrderNo,Orders.CustomerNm,Orders.RoomId,Room.RoomNo,Role.StatusGroups,Orders.Mobile,Orders.OrderStatus,Orders.PayType,Orders.Label,Orders.SalesId,Orders.CrtDt"]}
[Thu, 16 Mar 17 17:32:38 +0800][DEBUG] operatorOrderListorder list get pages info done : 1489656758
[Thu, 16 Mar 17 17:33:42 +0800][DEBUG] findConditions Conditions: "(Orders.ProjectId = :projectId:) AND (Orders.CustomerNm LIKE :customerNm:) OR (Orders.Mobile LIKE :mobile:) AND (Orders.OrderStatus = :orderStatus:) AND (Orders.PayType = :payType:)"
[Thu, 16 Mar 17 17:33:42 +0800][DEBUG] findConditions toBind: {"projectId":"20170306165833754724","customerNm":"%%","mobile":"%%","orderStatus":"0","payType":"0"}
[Thu, 16 Mar 17 17:33:42 +0800][DEBUG] operatorOrderListfindConditions : {"conditions":"(Orders.ProjectId = :projectId:) AND (Orders.CustomerNm LIKE :customerNm:) OR (Orders.Mobile LIKE :mobile:) AND (Orders.OrderStatus = :orderStatus:) AND (Orders.PayType = :payType:)","bind":{"projectId":"20170306165833754724","customerNm":"%%","mobile":"%%","orderStatus":"0","payType":"0"},"columns":["Orders.Id as OrderId,Orders.OrderNo,Orders.CustomerNm,Orders.RoomId,Room.RoomNo,Role.StatusGroups,Orders.Mobile,Orders.OrderStatus,Orders.PayType,Orders.Label,Orders.SalesId,Orders.CrtDt"]}
[Thu, 16 Mar 17 17:33:42 +0800][DEBUG] operatorOrderListorder list get pages info done : 1489656822
[Thu, 16 Mar 17 17:34:03 +0800][DEBUG] findConditions Conditions: "(Orders.ProjectId = :projectId:) AND (Orders.CustomerNm LIKE :customerNm:) OR (Orders.Mobile LIKE :mobile:) AND (Orders.OrderStatus = :orderStatus:) AND (Orders.PayType = :payType:)"
[Thu, 16 Mar 17 17:34:03 +0800][DEBUG] findConditions toBind: {"projectId":"20170306165833754724","customerNm":"%%","mobile":"%%","orderStatus":"0","payType":"0"}
[Thu, 16 Mar 17 17:34:03 +0800][DEBUG] operatorOrderListfindConditions : {"conditions":"(Orders.ProjectId = :projectId:) AND (Orders.CustomerNm LIKE :customerNm:) OR (Orders.Mobile LIKE :mobile:) AND (Orders.OrderStatus = :orderStatus:) AND (Orders.PayType = :payType:)","bind":{"projectId":"20170306165833754724","customerNm":"%%","mobile":"%%","orderStatus":"0","payType":"0"},"columns":["Orders.Id as OrderId,Orders.OrderNo,Orders.CustomerNm,Orders.RoomId,Room.RoomNo,Role.StatusGroups,Orders.Mobile,Orders.OrderStatus,Orders.PayType,Orders.Label,Orders.SalesId,Orders.CrtDt"]}
[Thu, 16 Mar 17 17:34:03 +0800][DEBUG] operatorOrderListorder list get pages info done : 1489656843
[Thu, 16 Mar 17 17:35:29 +0800][DEBUG] findConditions Conditions: "(Orders.ProjectId = :projectId:) AND (Orders.CustomerNm LIKE :customerNm:) OR (Orders.Mobile LIKE :mobile:) AND (Orders.OrderStatus = :orderStatus:) AND (Orders.PayType = :payType:)"
[Thu, 16 Mar 17 17:35:29 +0800][DEBUG] findConditions toBind: {"projectId":"20170306165833754724","customerNm":"%%","mobile":"%%","orderStatus":"0","payType":"0"}
[Thu, 16 Mar 17 17:35:29 +0800][DEBUG] operatorOrderListfindConditions : {"conditions":"(Orders.ProjectId = :projectId:) AND (Orders.CustomerNm LIKE :customerNm:) OR (Orders.Mobile LIKE :mobile:) AND (Orders.OrderStatus = :orderStatus:) AND (Orders.PayType = :payType:)","bind":{"projectId":"20170306165833754724","customerNm":"%%","mobile":"%%","orderStatus":"0","payType":"0"},"columns":["Orders.Id as OrderId,Orders.OrderNo,Orders.CustomerNm,Orders.RoomId,Room.RoomNo,Role.StatusGroups,Orders.Mobile,Orders.OrderStatus,Orders.PayType,Orders.Label,Orders.SalesId,Orders.CrtDt"]}
[Thu, 16 Mar 17 17:35:29 +0800][DEBUG] operatorOrderListorder list get pages info done : 1489656929
[Thu, 16 Mar 17 17:36:06 +0800][DEBUG] findConditions Conditions: "(Orders.ProjectId = :projectId:) AND (Orders.CustomerNm LIKE :customerNm:) OR (Orders.Mobile LIKE :mobile:) AND (Orders.OrderStatus = :orderStatus:) AND (Orders.PayType = :payType:)"
[Thu, 16 Mar 17 17:36:06 +0800][DEBUG] findConditions toBind: {"projectId":"20170306165833754724","customerNm":"%%","mobile":"%%","orderStatus":"0","payType":"0"}
[Thu, 16 Mar 17 17:36:06 +0800][DEBUG] operatorOrderListfindConditions : {"conditions":"(Orders.ProjectId = :projectId:) AND (Orders.CustomerNm LIKE :customerNm:) OR (Orders.Mobile LIKE :mobile:) AND (Orders.OrderStatus = :orderStatus:) AND (Orders.PayType = :payType:)","bind":{"projectId":"20170306165833754724","customerNm":"%%","mobile":"%%","orderStatus":"0","payType":"0"},"columns":["Orders.Id as OrderId,Orders.OrderNo,Orders.CustomerNm,Orders.RoomId,Room.RoomNo,Role.StatusGroups,Orders.Mobile,Orders.OrderStatus,Orders.PayType,Orders.Label,Orders.SalesId,Orders.CrtDt"]}
[Thu, 16 Mar 17 17:36:06 +0800][DEBUG] operatorOrderListorder list get pages info done : 1489656966
[Thu, 16 Mar 17 17:38:46 +0800][DEBUG] findConditions Conditions: "(Orders.ProjectId = :projectId:) AND (Orders.CustomerNm LIKE :customerNm:) OR (Orders.Mobile LIKE :mobile:) AND (Orders.OrderStatus = :orderStatus:) AND (Orders.PayType = :payType:)"
[Thu, 16 Mar 17 17:38:46 +0800][DEBUG] findConditions toBind: {"projectId":"20170306165833754724","customerNm":"%%","mobile":"%%","orderStatus":"0","payType":"0"}
[Thu, 16 Mar 17 17:38:46 +0800][DEBUG] operatorOrderListfindConditions : {"conditions":"(Orders.ProjectId = :projectId:) AND (Orders.CustomerNm LIKE :customerNm:) OR (Orders.Mobile LIKE :mobile:) AND (Orders.OrderStatus = :orderStatus:) AND (Orders.PayType = :payType:)","bind":{"projectId":"20170306165833754724","customerNm":"%%","mobile":"%%","orderStatus":"0","payType":"0"},"columns":["Orders.Id as OrderId,Orders.OrderNo,Orders.CustomerNm,Orders.RoomId,Room.RoomNo,Role.StatusGroups,Orders.Mobile,Orders.OrderStatus,Orders.PayType,Orders.Label,Orders.SalesId,Orders.CrtDt"]}
[Thu, 16 Mar 17 17:38:46 +0800][DEBUG] operatorOrderListorder list get pages info done : 1489657126
[Thu, 16 Mar 17 17:41:29 +0800][DEBUG] salesOrderListfindConditions : {"conditions":"(Orders.SalesId = :salesId:) AND (Orders.DelFlg = 0)","bind":{"salesId":"5"},"columns":["Orders.Id as OrderId,Orders.OrderNo,Orders.CustomerNm,Orders.RoomId,Room.RoomNo,Orders.Mobile,Orders.OrderStatus,Orders.PayType,Orders.Label,Orders.SalesId,Orders.CrtDt"]}
[Thu, 16 Mar 17 17:41:29 +0800][DEBUG] salesOrderListorder list get pages info done : 1489657289
[Thu, 16 Mar 17 17:41:34 +0800][DEBUG] salesOrderListfindConditions : {"conditions":"(Orders.SalesId = :salesId:) AND (Orders.DelFlg = 0)","bind":{"salesId":"5"},"columns":["Orders.Id as OrderId,Orders.OrderNo,Orders.CustomerNm,Orders.RoomId,Room.RoomNo,Orders.Mobile,Orders.OrderStatus,Orders.PayType,Orders.Label,Orders.SalesId,Orders.CrtDt"]}
[Thu, 16 Mar 17 17:41:34 +0800][DEBUG] salesOrderListorder list get pages info done : 1489657294
[Thu, 16 Mar 17 17:42:08 +0800][DEBUG] salesOrderListfindConditions : {"conditions":"(Orders.SalesId = :salesId:) AND (Orders.DelFlg = 0)","bind":{"salesId":"5"},"columns":["Orders.Id as OrderId,Orders.OrderNo,Orders.CustomerNm,Orders.RoomId,Room.RoomNo,Orders.Mobile,Orders.OrderStatus,Orders.PayType,Orders.Label,Orders.SalesId,Orders.CrtDt"]}
[Thu, 16 Mar 17 17:42:08 +0800][DEBUG] salesOrderListorder list get pages info done : 1489657328
[Thu, 16 Mar 17 17:42:42 +0800][DEBUG] salesOrderListfindConditions : {"conditions":"(Orders.SalesId = :salesId:) AND (Orders.DelFlg = 0)","bind":{"salesId":"5"},"columns":["Orders.Id as OrderId,Orders.OrderNo,Orders.CustomerNm,Orders.RoomId,Room.RoomNo,Orders.Mobile,Orders.OrderStatus,Orders.PayType,Orders.Label,Orders.SalesId,Orders.CrtDt"]}
[Thu, 16 Mar 17 17:42:42 +0800][DEBUG] salesOrderListorder list get pages info done : 1489657362
[Thu, 16 Mar 17 17:43:02 +0800][DEBUG] salesOrderListfindConditions : {"conditions":"(Orders.SalesId = :salesId:) AND (Orders.DelFlg = 0)","bind":{"salesId":"5"},"columns":["Orders.Id as OrderId,Orders.OrderNo,Orders.CustomerNm,Orders.RoomId,Room.RoomNo,Orders.Mobile,Orders.OrderStatus,Orders.PayType,Orders.Label,Orders.SalesId,Orders.CrtDt"]}
[Thu, 16 Mar 17 17:43:02 +0800][DEBUG] salesOrderListorder list get pages info done : 1489657382
[Thu, 16 Mar 17 17:44:22 +0800][DEBUG] salesOrderListfindConditions : {"conditions":"(Orders.SalesId = :salesId:) AND (Orders.DelFlg = 0)","bind":{"salesId":"5"},"columns":["Orders.Id as OrderId,Orders.OrderNo,Orders.CustomerNm,Orders.RoomId,Room.RoomNo,Orders.Mobile,Orders.OrderStatus,Orders.PayType,Orders.Label,Orders.SalesId,Orders.CrtDt"]}
[Thu, 16 Mar 17 17:44:22 +0800][DEBUG] salesOrderListorder list get pages info done : 1489657462
[Thu, 16 Mar 17 17:47:14 +0800][DEBUG] salesOrderListfindConditions : {"conditions":"(Orders.SalesId = :salesId:) AND (Orders.DelFlg = 0)","bind":{"salesId":"5"},"columns":["Orders.Id as OrderId,Orders.OrderNo,Orders.CustomerNm,Orders.RoomId,Room.RoomNo,Orders.Mobile,Orders.OrderStatus,Orders.PayType,Orders.Label,Orders.SalesId,Orders.CrtDt"]}
[Thu, 16 Mar 17 17:47:14 +0800][DEBUG] salesOrderListorder list get pages info done : 1489657634
[Thu, 16 Mar 17 17:48:12 +0800][DEBUG] salesOrderListfindConditions : {"conditions":"(Orders.SalesId = :salesId:) AND (Orders.DelFlg = 0)","bind":{"salesId":"5"},"columns":["Orders.Id as OrderId,Orders.OrderNo,Orders.CustomerNm,Orders.RoomId,Room.RoomNo,Orders.Mobile,Orders.OrderStatus,Orders.PayType,Orders.Label,Orders.SalesId,Orders.CrtDt"]}
[Thu, 16 Mar 17 17:48:12 +0800][DEBUG] salesOrderListorder list get pages info done : 1489657692
[Thu, 16 Mar 17 17:48:14 +0800][DEBUG] salesOrderListfindConditions : {"conditions":"(Orders.SalesId = :salesId:) AND (Orders.DelFlg = 0)","bind":{"salesId":"5"},"columns":["Orders.Id as OrderId,Orders.OrderNo,Orders.CustomerNm,Orders.RoomId,Room.RoomNo,Orders.Mobile,Orders.OrderStatus,Orders.PayType,Orders.Label,Orders.SalesId,Orders.CrtDt"]}
[Thu, 16 Mar 17 17:48:14 +0800][DEBUG] salesOrderListorder list get pages info done : 1489657694
[Thu, 16 Mar 17 17:48:35 +0800][DEBUG] salesOrderListfindConditions : {"conditions":"(Orders.SalesId = :salesId:) AND (Orders.DelFlg = 0)","bind":{"salesId":"5"},"columns":["Orders.Id as OrderId,Orders.OrderNo,Orders.CustomerNm,Orders.RoomId,Room.RoomNo,Orders.Mobile,Orders.OrderStatus,Orders.PayType,Orders.Label,Orders.SalesId,Orders.CrtDt"]}
[Thu, 16 Mar 17 17:48:35 +0800][DEBUG] salesOrderListorder list get pages info done : 1489657715
[Thu, 16 Mar 17 17:49:18 +0800][DEBUG] salesOrderListfindConditions : {"conditions":"(Orders.SalesId = :salesId:) AND (Orders.DelFlg = 0)","bind":{"salesId":"5"},"columns":["Orders.Id as OrderId,Orders.OrderNo,Orders.CustomerNm,Orders.RoomId,Room.RoomNo,Orders.Mobile,Orders.OrderStatus,Orders.PayType,Orders.Label,Orders.SalesId,Orders.CrtDt"]}
[Thu, 16 Mar 17 17:49:18 +0800][DEBUG] salesOrderListorder list get pages info done : 1489657758
[Thu, 16 Mar 17 17:50:06 +0800][DEBUG] salesOrderListfindConditions : {"conditions":"(Orders.SalesId = :salesId:) AND (Orders.DelFlg = 0)","bind":{"salesId":"5"},"columns":["Orders.Id as OrderId,Orders.OrderNo,Orders.CustomerNm,Orders.RoomId,Room.RoomNo,Orders.Mobile,Orders.OrderStatus,Orders.PayType,Orders.Label,Orders.SalesId,Orders.CrtDt"]}
[Thu, 16 Mar 17 17:50:06 +0800][DEBUG] salesOrderListorder list get pages info done : 1489657806
