[Wed, 15 Mar 17 09:12:04 +0800][DEBUG] generateUserToken no emp issue\n13999999999 123456
[Wed, 15 Mar 17 09:12:16 +0800][DEBUG] generateUserToken no emp issue\n13817319050 123456
[Wed, 15 Mar 17 09:12:33 +0800][DEBUG] generateUserToken no emp issue\n13817319050 123456
[Wed, 15 Mar 17 09:12:34 +0800][DEBUG] generateUserToken no emp issue\n13817319050 123456
[Wed, 15 Mar 17 09:12:34 +0800][DEBUG] generateUserToken no emp issue\n13817319050 123456
[Wed, 15 Mar 17 09:12:34 +0800][DEBUG] generateUserToken no emp issue\n13817319050 123456
[Wed, 15 Mar 17 09:30:45 +0800][DEBUG] generateUserAndProjectToken公司编码错误\n
[Wed, 15 Mar 17 09:31:07 +0800][DEBUG] generateUserAndProjectToken公司编码错误\n
[Wed, 15 Mar 17 10:23:39 +0800][DEBUG] salesOrderListfindConditions : {"conditions":"(Orders.SalesId = :salesId:) AND (Orders.DelFlg = 0) AND (Orders.CustomerNm LIKE :customerNm:) OR (Orders.Mobile LIKE :mobile:) AND (Orders.OrderStatus = :orderStatus:) AND (Orders.PayType = :payType:)","bind":{"salesId":"5","customerNm":"%13222222222%","mobile":"%13222222222%","orderStatus":"0","payType":"0"},"columns":["Orders.Id as OrderId,Orders.OrderNo,Orders.CustomerNm,Orders.Mobile,Orders.OrderStatus,Orders.PayType,Orders.Label,Orders.SalesId,Orders.CrtDt"]}
[Wed, 15 Mar 17 10:23:39 +0800][DEBUG] salesOrderListorder list get pages info done : 1489544619
[Wed, 15 Mar 17 10:40:18 +0800][DEBUG] salesOrderListfindConditions : {"conditions":"(Orders.SalesId = :salesId:) AND (Orders.DelFlg = 0) AND (Orders.CustomerNm LIKE :customerNm:) OR (Orders.Mobile LIKE :mobile:) AND (Orders.OrderStatus = :orderStatus:) AND (Orders.PayType = :payType:)","bind":{"salesId":"1","customerNm":"%13222222222%","mobile":"%13222222222%","orderStatus":"0","payType":"0"},"columns":["Orders.Id as OrderId,Orders.OrderNo,Orders.CustomerNm,Orders.Mobile,Orders.OrderStatus,Orders.PayType,Orders.Label,Orders.SalesId,Orders.CrtDt"]}
[Wed, 15 Mar 17 10:40:18 +0800][DEBUG] salesOrderListorder list get pages info done : 1489545618
[Wed, 15 Mar 17 13:15:15 +0800][DEBUG] generateUserToken no emp issue\n13817319050 123456
[Wed, 15 Mar 17 14:43:17 +0800][DEBUG] generateUserAndProjectToken公司编码错误\n
[Wed, 15 Mar 17 14:58:03 +0800][DEBUG] operatorOrderListfindConditions : {"conditions":"(Orders.SalesId = :salesId:) AND (Orders.DelFlg = 0)","bind":{"salesId":null},"columns":["Orders.Id as OrderId,Orders.OrderNo,Orders.CustomerNm,Orders.Mobile,Orders.OrderStatus,Orders.PayType,Orders.Label,Orders.SalesId,Orders.CrtDt"]}
[Wed, 15 Mar 17 14:58:04 +0800][DEBUG] operatorOrderListfindConditions : {"conditions":"(Orders.SalesId = :salesId:) AND (Orders.DelFlg = 0)","bind":{"salesId":null},"columns":["Orders.Id as OrderId,Orders.OrderNo,Orders.CustomerNm,Orders.Mobile,Orders.OrderStatus,Orders.PayType,Orders.Label,Orders.SalesId,Orders.CrtDt"]}
[Wed, 15 Mar 17 15:01:47 +0800][DEBUG] generateUserAndProjectToken公司编码错误\n
[Wed, 15 Mar 17 15:06:04 +0800][DEBUG] generateUserAndProjectToken公司编码错误\n
[Wed, 15 Mar 17 15:07:06 +0800][DEBUG] generateUserAndProjectToken公司编码错误\n
[Wed, 15 Mar 17 15:07:28 +0800][DEBUG] generateUserAndProjectToken公司编码错误\n
[Wed, 15 Mar 17 15:13:33 +0800][DEBUG] generateUserAndProjectToken公司编码错误\n
[Wed, 15 Mar 17 15:18:09 +0800][DEBUG] salesOrderListfindConditions : {"conditions":"(Orders.SalesId = :salesId:) AND (Orders.DelFlg = 0)","bind":{"salesId":"5"},"columns":["Orders.Id as OrderId,Orders.OrderNo,Orders.CustomerNm,Orders.Mobile,Orders.OrderStatus,Orders.PayType,Orders.Label,Orders.SalesId,Orders.CrtDt"]}
[Wed, 15 Mar 17 15:18:09 +0800][DEBUG] salesOrderListorder list get pages info done : 1489562289
[Wed, 15 Mar 17 15:18:19 +0800][DEBUG] salesOrderListfindConditions : {"conditions":"(Orders.SalesId = :salesId:) AND (Orders.DelFlg = 0) AND (Orders.CustomerNm LIKE :customerNm:) OR (Orders.Mobile LIKE :mobile:) AND (Orders.OrderStatus = :orderStatus:) AND (Orders.PayType = :payType:)","bind":{"salesId":"5","customerNm":"%13222222222%","mobile":"%13222222222%","orderStatus":"0","payType":"0"},"columns":["Orders.Id as OrderId,Orders.OrderNo,Orders.CustomerNm,Orders.Mobile,Orders.OrderStatus,Orders.PayType,Orders.Label,Orders.SalesId,Orders.CrtDt"]}
[Wed, 15 Mar 17 15:18:19 +0800][DEBUG] salesOrderListorder list get pages info done : 1489562299
[Wed, 15 Mar 17 15:18:31 +0800][DEBUG] salesOrderListfindConditions : {"conditions":"(Orders.SalesId = :salesId:) AND (Orders.DelFlg = 0) AND (Orders.OrderStatus = :orderStatus:) AND (Orders.PayType = :payType:)","bind":{"salesId":"5","orderStatus":"0","payType":"0"},"columns":["Orders.Id as OrderId,Orders.OrderNo,Orders.CustomerNm,Orders.Mobile,Orders.OrderStatus,Orders.PayType,Orders.Label,Orders.SalesId,Orders.CrtDt"]}
[Wed, 15 Mar 17 15:18:31 +0800][DEBUG] salesOrderListorder list get pages info done : 1489562311
[Wed, 15 Mar 17 15:18:37 +0800][DEBUG] salesOrderListfindConditions : {"conditions":"(Orders.SalesId = :salesId:) AND (Orders.DelFlg = 0) AND (Orders.CustomerNm LIKE :customerNm:) OR (Orders.Mobile LIKE :mobile:) AND (Orders.OrderStatus = :orderStatus:) AND (Orders.PayType = :payType:)","bind":{"salesId":"5","customerNm":"%%","mobile":"%%","orderStatus":"0","payType":"0"},"columns":["Orders.Id as OrderId,Orders.OrderNo,Orders.CustomerNm,Orders.Mobile,Orders.OrderStatus,Orders.PayType,Orders.Label,Orders.SalesId,Orders.CrtDt"]}
[Wed, 15 Mar 17 15:18:37 +0800][DEBUG] salesOrderListorder list get pages info done : 1489562317
[Wed, 15 Mar 17 15:18:41 +0800][DEBUG] salesOrderListfindConditions : {"conditions":"(Orders.SalesId = :salesId:) AND (Orders.DelFlg = 0) AND (Orders.CustomerNm LIKE :customerNm:) OR (Orders.Mobile LIKE :mobile:) AND (Orders.OrderStatus = :orderStatus:) AND (Orders.PayType = :payType:)","bind":{"salesId":"5","customerNm":"%%","mobile":"%%","orderStatus":"0","payType":"0"},"columns":["Orders.Id as OrderId,Orders.OrderNo,Orders.CustomerNm,Orders.Mobile,Orders.OrderStatus,Orders.PayType,Orders.Label,Orders.SalesId,Orders.CrtDt"]}
[Wed, 15 Mar 17 15:18:41 +0800][DEBUG] salesOrderListorder list get pages info done : 1489562321
[Wed, 15 Mar 17 15:19:07 +0800][DEBUG] salesOrderListfindConditions : {"conditions":"(Orders.SalesId = :salesId:) AND (Orders.DelFlg = 0) AND (Orders.CustomerNm LIKE :customerNm:) OR (Orders.Mobile LIKE :mobile:) AND (Orders.OrderStatus = :orderStatus:) AND (Orders.PayType = :payType:)","bind":{"salesId":"5","customerNm":"%%","mobile":"%%","orderStatus":"","payType":""},"columns":["Orders.Id as OrderId,Orders.OrderNo,Orders.CustomerNm,Orders.Mobile,Orders.OrderStatus,Orders.PayType,Orders.Label,Orders.SalesId,Orders.CrtDt"]}
[Wed, 15 Mar 17 15:19:07 +0800][DEBUG] salesOrderListorder list get pages info done : 1489562347
[Wed, 15 Mar 17 15:24:56 +0800][DEBUG] salesOrderListfindConditions : {"conditions":"(Orders.SalesId = :salesId:) AND (Orders.DelFlg = 0) AND (Orders.CustomerNm LIKE :customerNm:) OR (Orders.Mobile LIKE :mobile:) AND (Orders.OrderStatus = :orderStatus:) AND (Orders.PayType = :payType:)","bind":{"salesId":"5","customerNm":"%%","mobile":"%%","orderStatus":"","payType":""},"columns":["Orders.Id as OrderId,Orders.OrderNo,Orders.CustomerNm,Orders.Mobile,Orders.OrderStatus,Orders.PayType,Orders.Label,Orders.SalesId,Orders.CrtDt"]}
[Wed, 15 Mar 17 15:24:56 +0800][DEBUG] salesOrderListorder list get pages info done : 1489562696
[Wed, 15 Mar 17 15:25:08 +0800][DEBUG] salesOrderListfindConditions : {"conditions":"(Orders.SalesId = :salesId:) AND (Orders.DelFlg = 0)","bind":{"salesId":"5"},"columns":["Orders.Id as OrderId,Orders.OrderNo,Orders.CustomerNm,Orders.Mobile,Orders.OrderStatus,Orders.PayType,Orders.Label,Orders.SalesId,Orders.CrtDt"]}
[Wed, 15 Mar 17 15:25:08 +0800][DEBUG] salesOrderListorder list get pages info done : 1489562708
[Wed, 15 Mar 17 15:25:10 +0800][DEBUG] salesOrderListfindConditions : {"conditions":"(Orders.SalesId = :salesId:) AND (Orders.DelFlg = 0)","bind":{"salesId":"5"},"columns":["Orders.Id as OrderId,Orders.OrderNo,Orders.CustomerNm,Orders.Mobile,Orders.OrderStatus,Orders.PayType,Orders.Label,Orders.SalesId,Orders.CrtDt"]}
[Wed, 15 Mar 17 15:25:10 +0800][DEBUG] salesOrderListorder list get pages info done : 1489562710
[Wed, 15 Mar 17 15:25:36 +0800][DEBUG] salesOrderListfindConditions : {"conditions":"(Orders.SalesId = :salesId:) AND (Orders.DelFlg = 0) AND (Orders.CustomerNm LIKE :customerNm:) OR (Orders.Mobile LIKE :mobile:) AND (Orders.OrderStatus = :orderStatus:) AND (Orders.PayType = :payType:)","bind":{"salesId":"5","customerNm":"%%","mobile":"%%","orderStatus":"","payType":""},"columns":["Orders.Id as OrderId,Orders.OrderNo,Orders.CustomerNm,Orders.Mobile,Orders.OrderStatus,Orders.PayType,Orders.Label,Orders.SalesId,Orders.CrtDt"]}
[Wed, 15 Mar 17 15:25:36 +0800][DEBUG] salesOrderListorder list get pages info done : 1489562736
[Wed, 15 Mar 17 15:25:47 +0800][DEBUG] salesOrderListfindConditions : {"conditions":"(Orders.SalesId = :salesId:) AND (Orders.DelFlg = 0)","bind":{"salesId":"5"},"columns":["Orders.Id as OrderId,Orders.OrderNo,Orders.CustomerNm,Orders.Mobile,Orders.OrderStatus,Orders.PayType,Orders.Label,Orders.SalesId,Orders.CrtDt"]}
[Wed, 15 Mar 17 15:25:47 +0800][DEBUG] salesOrderListorder list get pages info done : 1489562747
[Wed, 15 Mar 17 15:25:54 +0800][DEBUG] salesOrderListfindConditions : {"conditions":"(Orders.SalesId = :salesId:) AND (Orders.DelFlg = 0) AND (Orders.CustomerNm LIKE :customerNm:) OR (Orders.Mobile LIKE :mobile:) AND (Orders.OrderStatus = :orderStatus:) AND (Orders.PayType = :payType:)","bind":{"salesId":"5","customerNm":"%%","mobile":"%%","orderStatus":"","payType":""},"columns":["Orders.Id as OrderId,Orders.OrderNo,Orders.CustomerNm,Orders.Mobile,Orders.OrderStatus,Orders.PayType,Orders.Label,Orders.SalesId,Orders.CrtDt"]}
[Wed, 15 Mar 17 15:25:54 +0800][DEBUG] salesOrderListorder list get pages info done : 1489562754
[Wed, 15 Mar 17 15:33:25 +0800][DEBUG] generateUserAndProjectToken公司编码错误\n
[Wed, 15 Mar 17 15:33:25 +0800][DEBUG] generateUserAndProjectToken公司编码错误\n
[Wed, 15 Mar 17 15:33:50 +0800][DEBUG] generateUserAndProjectToken公司编码错误\n
[Wed, 15 Mar 17 15:33:51 +0800][DEBUG] generateUserAndProjectToken公司编码错误\n
[Wed, 15 Mar 17 15:34:09 +0800][DEBUG] generateUserAndProjectToken公司编码错误\n
[Wed, 15 Mar 17 15:34:09 +0800][DEBUG] generateUserAndProjectToken公司编码错误\n
[Wed, 15 Mar 17 15:34:15 +0800][DEBUG] generateUserAndProjectToken公司编码错误\n
[Wed, 15 Mar 17 15:34:15 +0800][DEBUG] generateUserAndProjectToken公司编码错误\n
[Wed, 15 Mar 17 15:34:22 +0800][DEBUG] generateUserAndProjectToken公司编码错误\n
[Wed, 15 Mar 17 15:41:51 +0800][DEBUG] operatorOrderListfindConditions : {"conditions":"(Orders.SalesId = :salesId:) AND (Orders.DelFlg = 0)","bind":{"salesId":null},"columns":["Orders.Id as OrderId,Orders.OrderNo,Orders.CustomerNm,Orders.Mobile,Orders.OrderStatus,Orders.PayType,Orders.Label,Orders.SalesId,Orders.CrtDt"]}
[Wed, 15 Mar 17 15:41:51 +0800][DEBUG] operatorOrderListorder list get pages info done : 1489563711
[Wed, 15 Mar 17 15:41:52 +0800][DEBUG] operatorOrderListfindConditions : {"conditions":"(Orders.SalesId = :salesId:) AND (Orders.DelFlg = 0)","bind":{"salesId":null},"columns":["Orders.Id as OrderId,Orders.OrderNo,Orders.CustomerNm,Orders.Mobile,Orders.OrderStatus,Orders.PayType,Orders.Label,Orders.SalesId,Orders.CrtDt"]}
[Wed, 15 Mar 17 15:41:52 +0800][DEBUG] operatorOrderListorder list get pages info done : 1489563712
[Wed, 15 Mar 17 15:41:52 +0800][DEBUG] operatorOrderListfindConditions : {"conditions":"(Orders.SalesId = :salesId:) AND (Orders.DelFlg = 0)","bind":{"salesId":null},"columns":["Orders.Id as OrderId,Orders.OrderNo,Orders.CustomerNm,Orders.Mobile,Orders.OrderStatus,Orders.PayType,Orders.Label,Orders.SalesId,Orders.CrtDt"]}
[Wed, 15 Mar 17 15:41:52 +0800][DEBUG] operatorOrderListorder list get pages info done : 1489563712
[Wed, 15 Mar 17 15:41:52 +0800][DEBUG] operatorOrderListfindConditions : {"conditions":"(Orders.SalesId = :salesId:) AND (Orders.DelFlg = 0)","bind":{"salesId":null},"columns":["Orders.Id as OrderId,Orders.OrderNo,Orders.CustomerNm,Orders.Mobile,Orders.OrderStatus,Orders.PayType,Orders.Label,Orders.SalesId,Orders.CrtDt"]}
[Wed, 15 Mar 17 15:41:52 +0800][DEBUG] operatorOrderListorder list get pages info done : 1489563712
[Wed, 15 Mar 17 15:41:52 +0800][DEBUG] operatorOrderListfindConditions : {"conditions":"(Orders.SalesId = :salesId:) AND (Orders.DelFlg = 0)","bind":{"salesId":null},"columns":["Orders.Id as OrderId,Orders.OrderNo,Orders.CustomerNm,Orders.Mobile,Orders.OrderStatus,Orders.PayType,Orders.Label,Orders.SalesId,Orders.CrtDt"]}
[Wed, 15 Mar 17 15:41:52 +0800][DEBUG] operatorOrderListorder list get pages info done : 1489563712
[Wed, 15 Mar 17 15:49:12 +0800][DEBUG] salesOrderListfindConditions : {"conditions":"(Orders.SalesId = :salesId:) AND (Orders.DelFlg = 0) AND (Orders.CustomerNm LIKE :customerNm:) OR (Orders.Mobile LIKE :mobile:) AND (Orders.OrderStatus = :orderStatus:) AND (Orders.PayType = :payType:)","bind":{"salesId":"1","customerNm":"%13222222222%","mobile":"%13222222222%","orderStatus":"0","payType":"0"},"columns":["Orders.Id as OrderId,Orders.OrderNo,Orders.CustomerNm,Orders.Mobile,Orders.OrderStatus,Orders.PayType,Orders.Label,Orders.SalesId,Orders.CrtDt"]}
[Wed, 15 Mar 17 15:49:12 +0800][DEBUG] salesOrderListorder list get pages info done : 1489564152
[Wed, 15 Mar 17 15:49:20 +0800][DEBUG] salesOrderListfindConditions : {"conditions":"(Orders.SalesId = :salesId:) AND (Orders.DelFlg = 0) AND (Orders.CustomerNm LIKE :customerNm:) OR (Orders.Mobile LIKE :mobile:) AND (Orders.OrderStatus = :orderStatus:) AND (Orders.PayType = :payType:)","bind":{"salesId":"1","customerNm":"%%","mobile":"%%","orderStatus":"0","payType":"0"},"columns":["Orders.Id as OrderId,Orders.OrderNo,Orders.CustomerNm,Orders.Mobile,Orders.OrderStatus,Orders.PayType,Orders.Label,Orders.SalesId,Orders.CrtDt"]}
[Wed, 15 Mar 17 15:49:20 +0800][DEBUG] salesOrderListorder list get pages info done : 1489564160
[Wed, 15 Mar 17 15:49:36 +0800][DEBUG] salesOrderListfindConditions : {"conditions":"(Orders.SalesId = :salesId:) AND (Orders.DelFlg = 0) AND (Orders.CustomerNm LIKE :customerNm:) OR (Orders.Mobile LIKE :mobile:) AND (Orders.OrderStatus = :orderStatus:) AND (Orders.PayType = :payType:)","bind":{"salesId":"1","customerNm":"%13612345678%","mobile":"%13612345678%","orderStatus":"0","payType":"0"},"columns":["Orders.Id as OrderId,Orders.OrderNo,Orders.CustomerNm,Orders.Mobile,Orders.OrderStatus,Orders.PayType,Orders.Label,Orders.SalesId,Orders.CrtDt"]}
[Wed, 15 Mar 17 15:49:36 +0800][DEBUG] salesOrderListorder list get pages info done : 1489564176
[Wed, 15 Mar 17 15:49:40 +0800][DEBUG] salesOrderListfindConditions : {"conditions":"(Orders.SalesId = :salesId:) AND (Orders.DelFlg = 0) AND (Orders.CustomerNm LIKE :customerNm:) OR (Orders.Mobile LIKE :mobile:) AND (Orders.OrderStatus = :orderStatus:) AND (Orders.PayType = :payType:)","bind":{"salesId":"1","customerNm":"%%","mobile":"%%","orderStatus":"0","payType":"0"},"columns":["Orders.Id as OrderId,Orders.OrderNo,Orders.CustomerNm,Orders.Mobile,Orders.OrderStatus,Orders.PayType,Orders.Label,Orders.SalesId,Orders.CrtDt"]}
[Wed, 15 Mar 17 15:49:40 +0800][DEBUG] salesOrderListorder list get pages info done : 1489564180
[Wed, 15 Mar 17 15:49:52 +0800][DEBUG] salesOrderListfindConditions : {"conditions":"(Orders.SalesId = :salesId:) AND (Orders.DelFlg = 0) AND (Orders.CustomerNm LIKE :customerNm:) OR (Orders.Mobile LIKE :mobile:) AND (Orders.OrderStatus = :orderStatus:) AND (Orders.PayType = :payType:)","bind":{"salesId":"1","customerNm":"%王五%","mobile":"%王五%","orderStatus":"0","payType":"0"},"columns":["Orders.Id as OrderId,Orders.OrderNo,Orders.CustomerNm,Orders.Mobile,Orders.OrderStatus,Orders.PayType,Orders.Label,Orders.SalesId,Orders.CrtDt"]}
[Wed, 15 Mar 17 15:49:52 +0800][DEBUG] salesOrderListorder list get pages info done : 1489564192
[Wed, 15 Mar 17 15:49:58 +0800][DEBUG] salesOrderListfindConditions : {"conditions":"(Orders.SalesId = :salesId:) AND (Orders.DelFlg = 0) AND (Orders.CustomerNm LIKE :customerNm:) OR (Orders.Mobile LIKE :mobile:) AND (Orders.OrderStatus = :orderStatus:) AND (Orders.PayType = :payType:)","bind":{"salesId":"1","customerNm":"%%","mobile":"%%","orderStatus":"0","payType":"0"},"columns":["Orders.Id as OrderId,Orders.OrderNo,Orders.CustomerNm,Orders.Mobile,Orders.OrderStatus,Orders.PayType,Orders.Label,Orders.SalesId,Orders.CrtDt"]}
[Wed, 15 Mar 17 15:49:58 +0800][DEBUG] salesOrderListorder list get pages info done : 1489564198
[Wed, 15 Mar 17 16:21:17 +0800][DEBUG] operatorOrderListfindConditions : {"conditions":"(Orders.SalesId = :salesId:) AND (Orders.DelFlg = 0)","bind":{"salesId":null},"columns":["Orders.Id as OrderId,Orders.OrderNo,Orders.CustomerNm,Orders.Mobile,Orders.OrderStatus,Orders.PayType,Orders.Label,Orders.SalesId,Orders.CrtDt"]}
[Wed, 15 Mar 17 16:21:17 +0800][DEBUG] operatorOrderListorder list get pages info done : 1489566077
[Wed, 15 Mar 17 16:22:37 +0800][DEBUG] operatorOrderListfindConditions : {"conditions":"(Orders.SalesId = :salesId:) AND (Orders.DelFlg = 0)","bind":{"salesId":null},"columns":["Orders.Id as OrderId,Orders.OrderNo,Orders.CustomerNm,Orders.Mobile,Orders.OrderStatus,Orders.PayType,Orders.Label,Orders.SalesId,Orders.CrtDt"]}
[Wed, 15 Mar 17 16:22:37 +0800][DEBUG] operatorOrderListorder list get pages info done : 1489566157
[Wed, 15 Mar 17 16:22:38 +0800][DEBUG] operatorOrderListfindConditions : {"conditions":"(Orders.SalesId = :salesId:) AND (Orders.DelFlg = 0)","bind":{"salesId":null},"columns":["Orders.Id as OrderId,Orders.OrderNo,Orders.CustomerNm,Orders.Mobile,Orders.OrderStatus,Orders.PayType,Orders.Label,Orders.SalesId,Orders.CrtDt"]}
[Wed, 15 Mar 17 16:22:38 +0800][DEBUG] operatorOrderListorder list get pages info done : 1489566158
[Wed, 15 Mar 17 16:22:38 +0800][DEBUG] operatorOrderListfindConditions : {"conditions":"(Orders.SalesId = :salesId:) AND (Orders.DelFlg = 0)","bind":{"salesId":null},"columns":["Orders.Id as OrderId,Orders.OrderNo,Orders.CustomerNm,Orders.Mobile,Orders.OrderStatus,Orders.PayType,Orders.Label,Orders.SalesId,Orders.CrtDt"]}
[Wed, 15 Mar 17 16:22:38 +0800][DEBUG] operatorOrderListorder list get pages info done : 1489566158
[Wed, 15 Mar 17 16:22:38 +0800][DEBUG] operatorOrderListfindConditions : {"conditions":"(Orders.SalesId = :salesId:) AND (Orders.DelFlg = 0)","bind":{"salesId":null},"columns":["Orders.Id as OrderId,Orders.OrderNo,Orders.CustomerNm,Orders.Mobile,Orders.OrderStatus,Orders.PayType,Orders.Label,Orders.SalesId,Orders.CrtDt"]}
[Wed, 15 Mar 17 16:22:38 +0800][DEBUG] operatorOrderListorder list get pages info done : 1489566158
[Wed, 15 Mar 17 16:22:38 +0800][DEBUG] operatorOrderListfindConditions : {"conditions":"(Orders.SalesId = :salesId:) AND (Orders.DelFlg = 0)","bind":{"salesId":null},"columns":["Orders.Id as OrderId,Orders.OrderNo,Orders.CustomerNm,Orders.Mobile,Orders.OrderStatus,Orders.PayType,Orders.Label,Orders.SalesId,Orders.CrtDt"]}
[Wed, 15 Mar 17 16:22:38 +0800][DEBUG] operatorOrderListorder list get pages info done : 1489566158
[Wed, 15 Mar 17 16:22:38 +0800][DEBUG] operatorOrderListfindConditions : {"conditions":"(Orders.SalesId = :salesId:) AND (Orders.DelFlg = 0)","bind":{"salesId":null},"columns":["Orders.Id as OrderId,Orders.OrderNo,Orders.CustomerNm,Orders.Mobile,Orders.OrderStatus,Orders.PayType,Orders.Label,Orders.SalesId,Orders.CrtDt"]}
[Wed, 15 Mar 17 16:22:38 +0800][DEBUG] operatorOrderListorder list get pages info done : 1489566158
[Wed, 15 Mar 17 16:22:38 +0800][DEBUG] operatorOrderListfindConditions : {"conditions":"(Orders.SalesId = :salesId:) AND (Orders.DelFlg = 0)","bind":{"salesId":null},"columns":["Orders.Id as OrderId,Orders.OrderNo,Orders.CustomerNm,Orders.Mobile,Orders.OrderStatus,Orders.PayType,Orders.Label,Orders.SalesId,Orders.CrtDt"]}
[Wed, 15 Mar 17 16:22:38 +0800][DEBUG] operatorOrderListorder list get pages info done : 1489566158
[Wed, 15 Mar 17 16:22:38 +0800][DEBUG] operatorOrderListfindConditions : {"conditions":"(Orders.SalesId = :salesId:) AND (Orders.DelFlg = 0)","bind":{"salesId":null},"columns":["Orders.Id as OrderId,Orders.OrderNo,Orders.CustomerNm,Orders.Mobile,Orders.OrderStatus,Orders.PayType,Orders.Label,Orders.SalesId,Orders.CrtDt"]}
[Wed, 15 Mar 17 16:22:38 +0800][DEBUG] operatorOrderListorder list get pages info done : 1489566158
[Wed, 15 Mar 17 16:22:39 +0800][DEBUG] operatorOrderListfindConditions : {"conditions":"(Orders.SalesId = :salesId:) AND (Orders.DelFlg = 0)","bind":{"salesId":null},"columns":["Orders.Id as OrderId,Orders.OrderNo,Orders.CustomerNm,Orders.Mobile,Orders.OrderStatus,Orders.PayType,Orders.Label,Orders.SalesId,Orders.CrtDt"]}
[Wed, 15 Mar 17 16:22:39 +0800][DEBUG] operatorOrderListorder list get pages info done : 1489566159
[Wed, 15 Mar 17 16:22:39 +0800][DEBUG] operatorOrderListfindConditions : {"conditions":"(Orders.SalesId = :salesId:) AND (Orders.DelFlg = 0)","bind":{"salesId":null},"columns":["Orders.Id as OrderId,Orders.OrderNo,Orders.CustomerNm,Orders.Mobile,Orders.OrderStatus,Orders.PayType,Orders.Label,Orders.SalesId,Orders.CrtDt"]}
[Wed, 15 Mar 17 16:22:39 +0800][DEBUG] operatorOrderListorder list get pages info done : 1489566159
[Wed, 15 Mar 17 16:22:39 +0800][DEBUG] operatorOrderListfindConditions : {"conditions":"(Orders.SalesId = :salesId:) AND (Orders.DelFlg = 0)","bind":{"salesId":null},"columns":["Orders.Id as OrderId,Orders.OrderNo,Orders.CustomerNm,Orders.Mobile,Orders.OrderStatus,Orders.PayType,Orders.Label,Orders.SalesId,Orders.CrtDt"]}
[Wed, 15 Mar 17 16:22:39 +0800][DEBUG] operatorOrderListorder list get pages info done : 1489566159
[Wed, 15 Mar 17 16:22:39 +0800][DEBUG] operatorOrderListfindConditions : {"conditions":"(Orders.SalesId = :salesId:) AND (Orders.DelFlg = 0)","bind":{"salesId":null},"columns":["Orders.Id as OrderId,Orders.OrderNo,Orders.CustomerNm,Orders.Mobile,Orders.OrderStatus,Orders.PayType,Orders.Label,Orders.SalesId,Orders.CrtDt"]}
[Wed, 15 Mar 17 16:22:39 +0800][DEBUG] operatorOrderListorder list get pages info done : 1489566159
[Wed, 15 Mar 17 16:22:39 +0800][DEBUG] operatorOrderListfindConditions : {"conditions":"(Orders.SalesId = :salesId:) AND (Orders.DelFlg = 0)","bind":{"salesId":null},"columns":["Orders.Id as OrderId,Orders.OrderNo,Orders.CustomerNm,Orders.Mobile,Orders.OrderStatus,Orders.PayType,Orders.Label,Orders.SalesId,Orders.CrtDt"]}
[Wed, 15 Mar 17 16:22:39 +0800][DEBUG] operatorOrderListorder list get pages info done : 1489566159
[Wed, 15 Mar 17 16:22:39 +0800][DEBUG] operatorOrderListfindConditions : {"conditions":"(Orders.SalesId = :salesId:) AND (Orders.DelFlg = 0)","bind":{"salesId":null},"columns":["Orders.Id as OrderId,Orders.OrderNo,Orders.CustomerNm,Orders.Mobile,Orders.OrderStatus,Orders.PayType,Orders.Label,Orders.SalesId,Orders.CrtDt"]}
[Wed, 15 Mar 17 16:22:39 +0800][DEBUG] operatorOrderListorder list get pages info done : 1489566159
[Wed, 15 Mar 17 16:22:39 +0800][DEBUG] operatorOrderListfindConditions : {"conditions":"(Orders.SalesId = :salesId:) AND (Orders.DelFlg = 0)","bind":{"salesId":null},"columns":["Orders.Id as OrderId,Orders.OrderNo,Orders.CustomerNm,Orders.Mobile,Orders.OrderStatus,Orders.PayType,Orders.Label,Orders.SalesId,Orders.CrtDt"]}
[Wed, 15 Mar 17 16:22:39 +0800][DEBUG] operatorOrderListorder list get pages info done : 1489566159
[Wed, 15 Mar 17 16:22:40 +0800][DEBUG] operatorOrderListfindConditions : {"conditions":"(Orders.SalesId = :salesId:) AND (Orders.DelFlg = 0)","bind":{"salesId":null},"columns":["Orders.Id as OrderId,Orders.OrderNo,Orders.CustomerNm,Orders.Mobile,Orders.OrderStatus,Orders.PayType,Orders.Label,Orders.SalesId,Orders.CrtDt"]}
[Wed, 15 Mar 17 16:22:40 +0800][DEBUG] operatorOrderListorder list get pages info done : 1489566160
[Wed, 15 Mar 17 16:30:50 +0800][DEBUG] operatorOrderListfindConditions : {"conditions":"(Orders.OperatorId = :operatorId:) AND (Orders.DelFlg = 0)","bind":{"operatorId":"1"},"columns":["Orders.Id as OrderId,Orders.OrderNo,Orders.CustomerNm,Orders.Mobile,Orders.OrderStatus,Orders.PayType,Orders.Label,Orders.SalesId,Orders.CrtDt"]}
[Wed, 15 Mar 17 16:30:50 +0800][DEBUG] operatorOrderListorder list get pages info done : 1489566650
[Wed, 15 Mar 17 16:31:46 +0800][DEBUG] operatorOrderListfindConditions : {"conditions":"(Orders.OperatorId = :operatorId:) AND (Orders.DelFlg = 0) AND (Orders.CustomerNm LIKE :customerNm:) OR (Orders.Mobile LIKE :mobile:) AND (Orders.OrderStatus = :orderStatus:) AND (Orders.PayType = :payType:)","bind":{"operatorId":"1","customerNm":"%%","mobile":"%%","orderStatus":"0","payType":"0"},"columns":["Orders.Id as OrderId,Orders.OrderNo,Orders.CustomerNm,Orders.Mobile,Orders.OrderStatus,Orders.PayType,Orders.Label,Orders.SalesId,Orders.CrtDt"]}
[Wed, 15 Mar 17 16:31:46 +0800][DEBUG] operatorOrderListorder list get pages info done : 1489566706
[Wed, 15 Mar 17 16:32:36 +0800][DEBUG] operatorOrderListfindConditions : {"conditions":"(Orders.OperatorId = :operatorId:) AND (Orders.DelFlg = 0) AND (Orders.CustomerNm LIKE :customerNm:) OR (Orders.Mobile LIKE :mobile:) AND (Orders.OrderStatus = :orderStatus:) AND (Orders.PayType = :payType:)","bind":{"operatorId":"1","customerNm":"%%","mobile":"%%","orderStatus":"0","payType":"0"},"columns":["Orders.Id as OrderId,Orders.OrderNo,Orders.CustomerNm,Orders.Mobile,Orders.OrderStatus,Orders.PayType,Orders.Label,Orders.SalesId,Orders.CrtDt"]}
[Wed, 15 Mar 17 16:32:36 +0800][DEBUG] operatorOrderListorder list get pages info done : 1489566756
[Wed, 15 Mar 17 16:32:53 +0800][DEBUG] operatorOrderListfindConditions : {"conditions":"(Orders.OperatorId = :operatorId:) AND (Orders.DelFlg = 0) AND (Orders.CustomerNm LIKE :customerNm:) OR (Orders.Mobile LIKE :mobile:) AND (Orders.OrderStatus = :orderStatus:) AND (Orders.PayType = :payType:)","bind":{"operatorId":"1","customerNm":"%%","mobile":"%%","orderStatus":"0","payType":"0"},"columns":["Orders.Id as OrderId,Orders.OrderNo,Orders.CustomerNm,Orders.Mobile,Orders.OrderStatus,Orders.PayType,Orders.Label,Orders.SalesId,Orders.CrtDt"]}
[Wed, 15 Mar 17 16:32:53 +0800][DEBUG] operatorOrderListorder list get pages info done : 1489566773
[Wed, 15 Mar 17 16:32:54 +0800][DEBUG] operatorOrderListfindConditions : {"conditions":"(Orders.OperatorId = :operatorId:) AND (Orders.DelFlg = 0) AND (Orders.CustomerNm LIKE :customerNm:) OR (Orders.Mobile LIKE :mobile:) AND (Orders.OrderStatus = :orderStatus:) AND (Orders.PayType = :payType:)","bind":{"operatorId":"1","customerNm":"%%","mobile":"%%","orderStatus":"0","payType":"0"},"columns":["Orders.Id as OrderId,Orders.OrderNo,Orders.CustomerNm,Orders.Mobile,Orders.OrderStatus,Orders.PayType,Orders.Label,Orders.SalesId,Orders.CrtDt"]}
[Wed, 15 Mar 17 16:32:54 +0800][DEBUG] operatorOrderListorder list get pages info done : 1489566774
[Wed, 15 Mar 17 16:32:54 +0800][DEBUG] operatorOrderListfindConditions : {"conditions":"(Orders.OperatorId = :operatorId:) AND (Orders.DelFlg = 0) AND (Orders.CustomerNm LIKE :customerNm:) OR (Orders.Mobile LIKE :mobile:) AND (Orders.OrderStatus = :orderStatus:) AND (Orders.PayType = :payType:)","bind":{"operatorId":"1","customerNm":"%%","mobile":"%%","orderStatus":"0","payType":"0"},"columns":["Orders.Id as OrderId,Orders.OrderNo,Orders.CustomerNm,Orders.Mobile,Orders.OrderStatus,Orders.PayType,Orders.Label,Orders.SalesId,Orders.CrtDt"]}
[Wed, 15 Mar 17 16:32:54 +0800][DEBUG] operatorOrderListorder list get pages info done : 1489566774
[Wed, 15 Mar 17 16:32:54 +0800][DEBUG] operatorOrderListfindConditions : {"conditions":"(Orders.OperatorId = :operatorId:) AND (Orders.DelFlg = 0) AND (Orders.CustomerNm LIKE :customerNm:) OR (Orders.Mobile LIKE :mobile:) AND (Orders.OrderStatus = :orderStatus:) AND (Orders.PayType = :payType:)","bind":{"operatorId":"1","customerNm":"%%","mobile":"%%","orderStatus":"0","payType":"0"},"columns":["Orders.Id as OrderId,Orders.OrderNo,Orders.CustomerNm,Orders.Mobile,Orders.OrderStatus,Orders.PayType,Orders.Label,Orders.SalesId,Orders.CrtDt"]}
[Wed, 15 Mar 17 16:32:54 +0800][DEBUG] operatorOrderListorder list get pages info done : 1489566774
[Wed, 15 Mar 17 16:48:36 +0800][DEBUG] salesOrderListfindConditions : {"conditions":"(Orders.SalesId = :salesId:) AND (Orders.DelFlg = 0)","bind":{"salesId":"5"},"columns":["Orders.Id as OrderId,Orders.OrderNo,Orders.CustomerNm,Orders.Mobile,Orders.OrderStatus,Orders.PayType,Orders.Label,Orders.SalesId,Orders.CrtDt"]}
[Wed, 15 Mar 17 16:48:36 +0800][DEBUG] salesOrderListorder list get pages info done : 1489567716
[Wed, 15 Mar 17 16:51:36 +0800][DEBUG] operatorOrderListfindConditions : {"conditions":"(Orders.OperatorId = :operatorId:) AND (Orders.DelFlg = 0) AND (Orders.CustomerNm LIKE :customerNm:) OR (Orders.Mobile LIKE :mobile:) AND (Orders.OrderStatus = :orderStatus:) AND (Orders.PayType = :payType:)","bind":{"operatorId":"1","customerNm":"%%","mobile":"%%","orderStatus":"0","payType":"0"},"columns":["Orders.Id as OrderId,Orders.OrderNo,Orders.CustomerNm,Orders.Mobile,Orders.OrderStatus,Orders.PayType,Orders.Label,Orders.SalesId,Orders.CrtDt"]}
[Wed, 15 Mar 17 16:51:36 +0800][DEBUG] operatorOrderListorder list get pages info done : 1489567896
[Wed, 15 Mar 17 16:51:37 +0800][DEBUG] operatorOrderListfindConditions : {"conditions":"(Orders.OperatorId = :operatorId:) AND (Orders.DelFlg = 0) AND (Orders.CustomerNm LIKE :customerNm:) OR (Orders.Mobile LIKE :mobile:) AND (Orders.OrderStatus = :orderStatus:) AND (Orders.PayType = :payType:)","bind":{"operatorId":"1","customerNm":"%%","mobile":"%%","orderStatus":"0","payType":"0"},"columns":["Orders.Id as OrderId,Orders.OrderNo,Orders.CustomerNm,Orders.Mobile,Orders.OrderStatus,Orders.PayType,Orders.Label,Orders.SalesId,Orders.CrtDt"]}
[Wed, 15 Mar 17 16:51:37 +0800][DEBUG] operatorOrderListorder list get pages info done : 1489567897
[Wed, 15 Mar 17 16:51:37 +0800][DEBUG] operatorOrderListfindConditions : {"conditions":"(Orders.OperatorId = :operatorId:) AND (Orders.DelFlg = 0) AND (Orders.CustomerNm LIKE :customerNm:) OR (Orders.Mobile LIKE :mobile:) AND (Orders.OrderStatus = :orderStatus:) AND (Orders.PayType = :payType:)","bind":{"operatorId":"1","customerNm":"%%","mobile":"%%","orderStatus":"0","payType":"0"},"columns":["Orders.Id as OrderId,Orders.OrderNo,Orders.CustomerNm,Orders.Mobile,Orders.OrderStatus,Orders.PayType,Orders.Label,Orders.SalesId,Orders.CrtDt"]}
[Wed, 15 Mar 17 16:51:37 +0800][DEBUG] operatorOrderListorder list get pages info done : 1489567897
[Wed, 15 Mar 17 16:51:37 +0800][DEBUG] operatorOrderListfindConditions : {"conditions":"(Orders.OperatorId = :operatorId:) AND (Orders.DelFlg = 0) AND (Orders.CustomerNm LIKE :customerNm:) OR (Orders.Mobile LIKE :mobile:) AND (Orders.OrderStatus = :orderStatus:) AND (Orders.PayType = :payType:)","bind":{"operatorId":"1","customerNm":"%%","mobile":"%%","orderStatus":"0","payType":"0"},"columns":["Orders.Id as OrderId,Orders.OrderNo,Orders.CustomerNm,Orders.Mobile,Orders.OrderStatus,Orders.PayType,Orders.Label,Orders.SalesId,Orders.CrtDt"]}
[Wed, 15 Mar 17 16:51:37 +0800][DEBUG] operatorOrderListorder list get pages info done : 1489567897
[Wed, 15 Mar 17 16:51:38 +0800][DEBUG] operatorOrderListfindConditions : {"conditions":"(Orders.OperatorId = :operatorId:) AND (Orders.DelFlg = 0) AND (Orders.CustomerNm LIKE :customerNm:) OR (Orders.Mobile LIKE :mobile:) AND (Orders.OrderStatus = :orderStatus:) AND (Orders.PayType = :payType:)","bind":{"operatorId":"1","customerNm":"%%","mobile":"%%","orderStatus":"0","payType":"0"},"columns":["Orders.Id as OrderId,Orders.OrderNo,Orders.CustomerNm,Orders.Mobile,Orders.OrderStatus,Orders.PayType,Orders.Label,Orders.SalesId,Orders.CrtDt"]}
[Wed, 15 Mar 17 16:51:38 +0800][DEBUG] operatorOrderListorder list get pages info done : 1489567898
[Wed, 15 Mar 17 16:51:38 +0800][DEBUG] operatorOrderListfindConditions : {"conditions":"(Orders.OperatorId = :operatorId:) AND (Orders.DelFlg = 0) AND (Orders.CustomerNm LIKE :customerNm:) OR (Orders.Mobile LIKE :mobile:) AND (Orders.OrderStatus = :orderStatus:) AND (Orders.PayType = :payType:)","bind":{"operatorId":"1","customerNm":"%%","mobile":"%%","orderStatus":"0","payType":"0"},"columns":["Orders.Id as OrderId,Orders.OrderNo,Orders.CustomerNm,Orders.Mobile,Orders.OrderStatus,Orders.PayType,Orders.Label,Orders.SalesId,Orders.CrtDt"]}
[Wed, 15 Mar 17 16:51:38 +0800][DEBUG] operatorOrderListorder list get pages info done : 1489567898
[Wed, 15 Mar 17 16:59:04 +0800][DEBUG] salesOrderListfindConditions : {"conditions":"(Orders.SalesId = :salesId:) AND (Orders.DelFlg = 0)","bind":{"salesId":"5"},"columns":["Orders.Id as OrderId,Orders.OrderNo,Orders.CustomerNm,Orders.Mobile,Orders.OrderStatus,Orders.PayType,Orders.Label,Orders.SalesId,Orders.CrtDt"]}
[Wed, 15 Mar 17 16:59:04 +0800][DEBUG] salesOrderListorder list get pages info done : 1489568344
[Wed, 15 Mar 17 17:00:47 +0800][DEBUG] operatorOrderListfindConditions : {"conditions":"(Orders.OperatorId = :operatorId:) AND (Orders.DelFlg = 0) AND (Orders.CustomerNm LIKE :customerNm:) OR (Orders.Mobile LIKE :mobile:) AND (Orders.OrderStatus = :orderStatus:) AND (Orders.PayType = :payType:)","bind":{"operatorId":"1","customerNm":"%%","mobile":"%%","orderStatus":"0","payType":"0"},"columns":["Orders.Id as OrderId,Orders.OrderNo,Orders.CustomerNm,Orders.Mobile,Orders.OrderStatus,Orders.PayType,Orders.Label,Orders.SalesId,Orders.CrtDt"]}
[Wed, 15 Mar 17 17:00:47 +0800][DEBUG] operatorOrderListorder list get pages info done : 1489568447
[Wed, 15 Mar 17 17:05:41 +0800][DEBUG] salesOrderListfindConditions : {"conditions":"(Orders.SalesId = :salesId:) AND (Orders.DelFlg = 0)","bind":{"salesId":"5"},"columns":["Orders.Id as OrderId,Orders.OrderNo,Orders.CustomerNm,Orders.Mobile,Orders.OrderStatus,Orders.PayType,Orders.Label,Orders.SalesId,Orders.CrtDt"]}
[Wed, 15 Mar 17 17:05:41 +0800][DEBUG] salesOrderListorder list get pages info done : 1489568741
[Wed, 15 Mar 17 17:06:32 +0800][DEBUG] operatorOrderListfindConditions : {"conditions":"(Orders.OperatorId = :operatorId:) AND (Orders.DelFlg = 0)","bind":{"operatorId":"1"},"columns":["Orders.Id as OrderId,Orders.OrderNo,Orders.CustomerNm,Orders.Mobile,Orders.OrderStatus,Orders.PayType,Orders.Label,Orders.SalesId,Orders.CrtDt"]}
[Wed, 15 Mar 17 17:06:32 +0800][DEBUG] operatorOrderListorder list get pages info done : 1489568792
[Wed, 15 Mar 17 17:07:35 +0800][DEBUG] salesOrderListfindConditions : {"conditions":"(Orders.SalesId = :salesId:) AND (Orders.DelFlg = 0)","bind":{"salesId":"5"},"columns":["Orders.Id as OrderId,Orders.OrderNo,Orders.CustomerNm,Orders.Mobile,Orders.OrderStatus,Orders.PayType,Orders.Label,Orders.SalesId,Orders.CrtDt"]}
[Wed, 15 Mar 17 17:07:35 +0800][DEBUG] salesOrderListorder list get pages info done : 1489568855
[Wed, 15 Mar 17 17:07:40 +0800][DEBUG] operatorOrderListfindConditions : {"conditions":"(Orders.ProjectId = :projectId:) AND (Orders.DelFlg = 0)","bind":{"projectId":""},"columns":["Orders.Id as OrderId,Orders.OrderNo,Orders.CustomerNm,Orders.Mobile,Orders.OrderStatus,Orders.PayType,Orders.Label,Orders.SalesId,Orders.CrtDt"]}
[Wed, 15 Mar 17 17:07:40 +0800][DEBUG] operatorOrderListorder list get pages info done : 1489568860
[Wed, 15 Mar 17 17:07:41 +0800][DEBUG] operatorOrderListfindConditions : {"conditions":"(Orders.ProjectId = :projectId:) AND (Orders.DelFlg = 0)","bind":{"projectId":""},"columns":["Orders.Id as OrderId,Orders.OrderNo,Orders.CustomerNm,Orders.Mobile,Orders.OrderStatus,Orders.PayType,Orders.Label,Orders.SalesId,Orders.CrtDt"]}
[Wed, 15 Mar 17 17:07:41 +0800][DEBUG] operatorOrderListorder list get pages info done : 1489568861
[Wed, 15 Mar 17 17:07:42 +0800][DEBUG] operatorOrderListfindConditions : {"conditions":"(Orders.ProjectId = :projectId:) AND (Orders.DelFlg = 0)","bind":{"projectId":""},"columns":["Orders.Id as OrderId,Orders.OrderNo,Orders.CustomerNm,Orders.Mobile,Orders.OrderStatus,Orders.PayType,Orders.Label,Orders.SalesId,Orders.CrtDt"]}
[Wed, 15 Mar 17 17:07:42 +0800][DEBUG] operatorOrderListorder list get pages info done : 1489568862
[Wed, 15 Mar 17 17:07:42 +0800][DEBUG] operatorOrderListfindConditions : {"conditions":"(Orders.ProjectId = :projectId:) AND (Orders.DelFlg = 0)","bind":{"projectId":""},"columns":["Orders.Id as OrderId,Orders.OrderNo,Orders.CustomerNm,Orders.Mobile,Orders.OrderStatus,Orders.PayType,Orders.Label,Orders.SalesId,Orders.CrtDt"]}
[Wed, 15 Mar 17 17:07:42 +0800][DEBUG] operatorOrderListorder list get pages info done : 1489568862
[Wed, 15 Mar 17 17:07:42 +0800][DEBUG] operatorOrderListfindConditions : {"conditions":"(Orders.ProjectId = :projectId:) AND (Orders.DelFlg = 0)","bind":{"projectId":""},"columns":["Orders.Id as OrderId,Orders.OrderNo,Orders.CustomerNm,Orders.Mobile,Orders.OrderStatus,Orders.PayType,Orders.Label,Orders.SalesId,Orders.CrtDt"]}
[Wed, 15 Mar 17 17:07:42 +0800][DEBUG] operatorOrderListorder list get pages info done : 1489568862
[Wed, 15 Mar 17 17:07:52 +0800][DEBUG] operatorOrderListfindConditions : {"conditions":"(Orders.ProjectId = :projectId:) AND (Orders.DelFlg = 0)","bind":{"projectId":""},"columns":["Orders.Id as OrderId,Orders.OrderNo,Orders.CustomerNm,Orders.Mobile,Orders.OrderStatus,Orders.PayType,Orders.Label,Orders.SalesId,Orders.CrtDt"]}
[Wed, 15 Mar 17 17:07:52 +0800][DEBUG] operatorOrderListorder list get pages info done : 1489568872
[Wed, 15 Mar 17 17:07:53 +0800][DEBUG] operatorOrderListfindConditions : {"conditions":"(Orders.ProjectId = :projectId:) AND (Orders.DelFlg = 0)","bind":{"projectId":""},"columns":["Orders.Id as OrderId,Orders.OrderNo,Orders.CustomerNm,Orders.Mobile,Orders.OrderStatus,Orders.PayType,Orders.Label,Orders.SalesId,Orders.CrtDt"]}
[Wed, 15 Mar 17 17:07:53 +0800][DEBUG] operatorOrderListorder list get pages info done : 1489568873
[Wed, 15 Mar 17 17:07:53 +0800][DEBUG] operatorOrderListfindConditions : {"conditions":"(Orders.ProjectId = :projectId:) AND (Orders.DelFlg = 0)","bind":{"projectId":""},"columns":["Orders.Id as OrderId,Orders.OrderNo,Orders.CustomerNm,Orders.Mobile,Orders.OrderStatus,Orders.PayType,Orders.Label,Orders.SalesId,Orders.CrtDt"]}
[Wed, 15 Mar 17 17:07:53 +0800][DEBUG] operatorOrderListorder list get pages info done : 1489568873
[Wed, 15 Mar 17 17:07:53 +0800][DEBUG] operatorOrderListfindConditions : {"conditions":"(Orders.ProjectId = :projectId:) AND (Orders.DelFlg = 0)","bind":{"projectId":""},"columns":["Orders.Id as OrderId,Orders.OrderNo,Orders.CustomerNm,Orders.Mobile,Orders.OrderStatus,Orders.PayType,Orders.Label,Orders.SalesId,Orders.CrtDt"]}
[Wed, 15 Mar 17 17:07:53 +0800][DEBUG] operatorOrderListorder list get pages info done : 1489568873
[Wed, 15 Mar 17 17:07:53 +0800][DEBUG] operatorOrderListfindConditions : {"conditions":"(Orders.ProjectId = :projectId:) AND (Orders.DelFlg = 0)","bind":{"projectId":""},"columns":["Orders.Id as OrderId,Orders.OrderNo,Orders.CustomerNm,Orders.Mobile,Orders.OrderStatus,Orders.PayType,Orders.Label,Orders.SalesId,Orders.CrtDt"]}
[Wed, 15 Mar 17 17:07:53 +0800][DEBUG] operatorOrderListorder list get pages info done : 1489568873
[Wed, 15 Mar 17 17:07:53 +0800][DEBUG] operatorOrderListfindConditions : {"conditions":"(Orders.ProjectId = :projectId:) AND (Orders.DelFlg = 0)","bind":{"projectId":""},"columns":["Orders.Id as OrderId,Orders.OrderNo,Orders.CustomerNm,Orders.Mobile,Orders.OrderStatus,Orders.PayType,Orders.Label,Orders.SalesId,Orders.CrtDt"]}
[Wed, 15 Mar 17 17:07:53 +0800][DEBUG] operatorOrderListorder list get pages info done : 1489568873
[Wed, 15 Mar 17 17:07:53 +0800][DEBUG] operatorOrderListfindConditions : {"conditions":"(Orders.ProjectId = :projectId:) AND (Orders.DelFlg = 0)","bind":{"projectId":""},"columns":["Orders.Id as OrderId,Orders.OrderNo,Orders.CustomerNm,Orders.Mobile,Orders.OrderStatus,Orders.PayType,Orders.Label,Orders.SalesId,Orders.CrtDt"]}
[Wed, 15 Mar 17 17:07:53 +0800][DEBUG] operatorOrderListorder list get pages info done : 1489568873
[Wed, 15 Mar 17 17:07:54 +0800][DEBUG] operatorOrderListfindConditions : {"conditions":"(Orders.ProjectId = :projectId:) AND (Orders.DelFlg = 0)","bind":{"projectId":""},"columns":["Orders.Id as OrderId,Orders.OrderNo,Orders.CustomerNm,Orders.Mobile,Orders.OrderStatus,Orders.PayType,Orders.Label,Orders.SalesId,Orders.CrtDt"]}
[Wed, 15 Mar 17 17:07:54 +0800][DEBUG] operatorOrderListorder list get pages info done : 1489568874
[Wed, 15 Mar 17 17:08:03 +0800][DEBUG] salesOrderListfindConditions : {"conditions":"(Orders.SalesId = :salesId:) AND (Orders.DelFlg = 0)","bind":{"salesId":"5"},"columns":["Orders.Id as OrderId,Orders.OrderNo,Orders.CustomerNm,Orders.Mobile,Orders.OrderStatus,Orders.PayType,Orders.Label,Orders.SalesId,Orders.CrtDt"]}
[Wed, 15 Mar 17 17:08:03 +0800][DEBUG] salesOrderListorder list get pages info done : 1489568883
[Wed, 15 Mar 17 17:09:15 +0800][DEBUG] operatorOrderListfindConditions : {"conditions":"(Orders.ProjectId = :projectId:)","bind":{"projectId":""},"columns":["Orders.Id as OrderId,Orders.OrderNo,Orders.CustomerNm,Orders.Mobile,Orders.OrderStatus,Orders.PayType,Orders.Label,Orders.SalesId,Orders.CrtDt"]}
[Wed, 15 Mar 17 17:09:15 +0800][DEBUG] operatorOrderListorder list get pages info done : 1489568955
[Wed, 15 Mar 17 17:09:16 +0800][DEBUG] operatorOrderListfindConditions : {"conditions":"(Orders.ProjectId = :projectId:)","bind":{"projectId":""},"columns":["Orders.Id as OrderId,Orders.OrderNo,Orders.CustomerNm,Orders.Mobile,Orders.OrderStatus,Orders.PayType,Orders.Label,Orders.SalesId,Orders.CrtDt"]}
[Wed, 15 Mar 17 17:09:16 +0800][DEBUG] operatorOrderListorder list get pages info done : 1489568956
[Wed, 15 Mar 17 17:09:16 +0800][DEBUG] operatorOrderListfindConditions : {"conditions":"(Orders.ProjectId = :projectId:)","bind":{"projectId":""},"columns":["Orders.Id as OrderId,Orders.OrderNo,Orders.CustomerNm,Orders.Mobile,Orders.OrderStatus,Orders.PayType,Orders.Label,Orders.SalesId,Orders.CrtDt"]}
[Wed, 15 Mar 17 17:09:16 +0800][DEBUG] operatorOrderListorder list get pages info done : 1489568956
[Wed, 15 Mar 17 17:09:16 +0800][DEBUG] operatorOrderListfindConditions : {"conditions":"(Orders.ProjectId = :projectId:)","bind":{"projectId":""},"columns":["Orders.Id as OrderId,Orders.OrderNo,Orders.CustomerNm,Orders.Mobile,Orders.OrderStatus,Orders.PayType,Orders.Label,Orders.SalesId,Orders.CrtDt"]}
[Wed, 15 Mar 17 17:09:16 +0800][DEBUG] operatorOrderListorder list get pages info done : 1489568956
[Wed, 15 Mar 17 17:09:17 +0800][DEBUG] operatorOrderListfindConditions : {"conditions":"(Orders.ProjectId = :projectId:)","bind":{"projectId":""},"columns":["Orders.Id as OrderId,Orders.OrderNo,Orders.CustomerNm,Orders.Mobile,Orders.OrderStatus,Orders.PayType,Orders.Label,Orders.SalesId,Orders.CrtDt"]}
[Wed, 15 Mar 17 17:09:17 +0800][DEBUG] operatorOrderListorder list get pages info done : 1489568957
[Wed, 15 Mar 17 17:09:17 +0800][DEBUG] operatorOrderListfindConditions : {"conditions":"(Orders.ProjectId = :projectId:)","bind":{"projectId":""},"columns":["Orders.Id as OrderId,Orders.OrderNo,Orders.CustomerNm,Orders.Mobile,Orders.OrderStatus,Orders.PayType,Orders.Label,Orders.SalesId,Orders.CrtDt"]}
[Wed, 15 Mar 17 17:09:17 +0800][DEBUG] operatorOrderListorder list get pages info done : 1489568957
[Wed, 15 Mar 17 17:09:21 +0800][DEBUG] operatorOrderListfindConditions : {"conditions":"(Orders.ProjectId = :projectId:)","bind":{"projectId":""},"columns":["Orders.Id as OrderId,Orders.OrderNo,Orders.CustomerNm,Orders.Mobile,Orders.OrderStatus,Orders.PayType,Orders.Label,Orders.SalesId,Orders.CrtDt"]}
[Wed, 15 Mar 17 17:09:21 +0800][DEBUG] operatorOrderListorder list get pages info done : 1489568961
[Wed, 15 Mar 17 17:09:22 +0800][DEBUG] operatorOrderListfindConditions : {"conditions":"(Orders.ProjectId = :projectId:)","bind":{"projectId":""},"columns":["Orders.Id as OrderId,Orders.OrderNo,Orders.CustomerNm,Orders.Mobile,Orders.OrderStatus,Orders.PayType,Orders.Label,Orders.SalesId,Orders.CrtDt"]}
[Wed, 15 Mar 17 17:09:22 +0800][DEBUG] operatorOrderListorder list get pages info done : 1489568962
[Wed, 15 Mar 17 17:09:22 +0800][DEBUG] operatorOrderListfindConditions : {"conditions":"(Orders.ProjectId = :projectId:)","bind":{"projectId":""},"columns":["Orders.Id as OrderId,Orders.OrderNo,Orders.CustomerNm,Orders.Mobile,Orders.OrderStatus,Orders.PayType,Orders.Label,Orders.SalesId,Orders.CrtDt"]}
[Wed, 15 Mar 17 17:09:22 +0800][DEBUG] operatorOrderListorder list get pages info done : 1489568962
[Wed, 15 Mar 17 17:09:22 +0800][DEBUG] operatorOrderListfindConditions : {"conditions":"(Orders.ProjectId = :projectId:)","bind":{"projectId":""},"columns":["Orders.Id as OrderId,Orders.OrderNo,Orders.CustomerNm,Orders.Mobile,Orders.OrderStatus,Orders.PayType,Orders.Label,Orders.SalesId,Orders.CrtDt"]}
[Wed, 15 Mar 17 17:09:22 +0800][DEBUG] operatorOrderListorder list get pages info done : 1489568962
[Wed, 15 Mar 17 17:09:28 +0800][DEBUG] operatorOrderListfindConditions : {"conditions":"(Orders.ProjectId = :projectId:)","bind":{"projectId":""},"columns":["Orders.Id as OrderId,Orders.OrderNo,Orders.CustomerNm,Orders.Mobile,Orders.OrderStatus,Orders.PayType,Orders.Label,Orders.SalesId,Orders.CrtDt"]}
[Wed, 15 Mar 17 17:09:28 +0800][DEBUG] operatorOrderListorder list get pages info done : 1489568968
[Wed, 15 Mar 17 17:09:33 +0800][DEBUG] operatorOrderListfindConditions : {"conditions":"(Orders.ProjectId = :projectId:)","bind":{"projectId":""},"columns":["Orders.Id as OrderId,Orders.OrderNo,Orders.CustomerNm,Orders.Mobile,Orders.OrderStatus,Orders.PayType,Orders.Label,Orders.SalesId,Orders.CrtDt"]}
[Wed, 15 Mar 17 17:09:33 +0800][DEBUG] operatorOrderListorder list get pages info done : 1489568973
[Wed, 15 Mar 17 17:09:34 +0800][DEBUG] operatorOrderListfindConditions : {"conditions":"(Orders.ProjectId = :projectId:)","bind":{"projectId":""},"columns":["Orders.Id as OrderId,Orders.OrderNo,Orders.CustomerNm,Orders.Mobile,Orders.OrderStatus,Orders.PayType,Orders.Label,Orders.SalesId,Orders.CrtDt"]}
[Wed, 15 Mar 17 17:09:34 +0800][DEBUG] operatorOrderListorder list get pages info done : 1489568974
[Wed, 15 Mar 17 17:09:34 +0800][DEBUG] operatorOrderListfindConditions : {"conditions":"(Orders.ProjectId = :projectId:)","bind":{"projectId":""},"columns":["Orders.Id as OrderId,Orders.OrderNo,Orders.CustomerNm,Orders.Mobile,Orders.OrderStatus,Orders.PayType,Orders.Label,Orders.SalesId,Orders.CrtDt"]}
[Wed, 15 Mar 17 17:09:34 +0800][DEBUG] operatorOrderListorder list get pages info done : 1489568974
[Wed, 15 Mar 17 17:09:35 +0800][DEBUG] operatorOrderListfindConditions : {"conditions":"(Orders.ProjectId = :projectId:)","bind":{"projectId":""},"columns":["Orders.Id as OrderId,Orders.OrderNo,Orders.CustomerNm,Orders.Mobile,Orders.OrderStatus,Orders.PayType,Orders.Label,Orders.SalesId,Orders.CrtDt"]}
[Wed, 15 Mar 17 17:09:35 +0800][DEBUG] operatorOrderListorder list get pages info done : 1489568975
[Wed, 15 Mar 17 17:09:49 +0800][DEBUG] operatorOrderListfindConditions : {"conditions":"(Orders.ProjectId = :projectId:) AND (Orders.CustomerNm LIKE :customerNm:) OR (Orders.Mobile LIKE :mobile:) AND (Orders.OrderStatus = :orderStatus:) AND (Orders.PayType = :payType:)","bind":{"projectId":"20170306165833754724","customerNm":"%%","mobile":"%%","orderStatus":"0","payType":"0"},"columns":["Orders.Id as OrderId,Orders.OrderNo,Orders.CustomerNm,Orders.Mobile,Orders.OrderStatus,Orders.PayType,Orders.Label,Orders.SalesId,Orders.CrtDt"]}
[Wed, 15 Mar 17 17:09:49 +0800][DEBUG] operatorOrderListorder list get pages info done : 1489568989
[Wed, 15 Mar 17 17:10:19 +0800][DEBUG] salesOrderListfindConditions : {"conditions":"(Orders.SalesId = :salesId:) AND (Orders.DelFlg = 0)","bind":{"salesId":"5"},"columns":["Orders.Id as OrderId,Orders.OrderNo,Orders.CustomerNm,Orders.Mobile,Orders.OrderStatus,Orders.PayType,Orders.Label,Orders.SalesId,Orders.CrtDt"]}
[Wed, 15 Mar 17 17:10:19 +0800][DEBUG] salesOrderListorder list get pages info done : 1489569019
[Wed, 15 Mar 17 17:11:45 +0800][DEBUG] operatorOrderListfindConditions : {"conditions":"(Orders.ProjectId = :projectId:) AND (Orders.CustomerNm LIKE :customerNm:) OR (Orders.Mobile LIKE :mobile:) AND (Orders.OrderStatus = :orderStatus:) AND (Orders.PayType = :payType:)","bind":{"projectId":"20170306165833754724","customerNm":"%%","mobile":"%%","orderStatus":"0","payType":"0"},"columns":["Orders.Id as OrderId,Orders.OrderNo,Orders.CustomerNm,Orders.Mobile,Orders.OrderStatus,Orders.PayType,Orders.Label,Orders.SalesId,Orders.CrtDt"]}
[Wed, 15 Mar 17 17:11:45 +0800][DEBUG] operatorOrderListorder list get pages info done : 1489569105
[Wed, 15 Mar 17 17:11:46 +0800][DEBUG] operatorOrderListfindConditions : {"conditions":"(Orders.ProjectId = :projectId:) AND (Orders.CustomerNm LIKE :customerNm:) OR (Orders.Mobile LIKE :mobile:) AND (Orders.OrderStatus = :orderStatus:) AND (Orders.PayType = :payType:)","bind":{"projectId":"20170306165833754724","customerNm":"%%","mobile":"%%","orderStatus":"0","payType":"0"},"columns":["Orders.Id as OrderId,Orders.OrderNo,Orders.CustomerNm,Orders.Mobile,Orders.OrderStatus,Orders.PayType,Orders.Label,Orders.SalesId,Orders.CrtDt"]}
[Wed, 15 Mar 17 17:11:46 +0800][DEBUG] operatorOrderListorder list get pages info done : 1489569106
[Wed, 15 Mar 17 17:12:01 +0800][DEBUG] operatorOrderListfindConditions : {"conditions":"(Orders.ProjectId = :projectId:) AND (Orders.CustomerNm LIKE :customerNm:) OR (Orders.Mobile LIKE :mobile:) AND (Orders.OrderStatus = :orderStatus:) AND (Orders.PayType = :payType:)","bind":{"projectId":"20170306165833754724","customerNm":"%138%","mobile":"%138%","orderStatus":"0","payType":"0"},"columns":["Orders.Id as OrderId,Orders.OrderNo,Orders.CustomerNm,Orders.Mobile,Orders.OrderStatus,Orders.PayType,Orders.Label,Orders.SalesId,Orders.CrtDt"]}
[Wed, 15 Mar 17 17:12:01 +0800][DEBUG] operatorOrderListorder list get pages info done : 1489569121
[Wed, 15 Mar 17 17:12:09 +0800][DEBUG] operatorOrderListfindConditions : {"conditions":"(Orders.ProjectId = :projectId:) AND (Orders.CustomerNm LIKE :customerNm:) OR (Orders.Mobile LIKE :mobile:) AND (Orders.OrderStatus = :orderStatus:) AND (Orders.PayType = :payType:)","bind":{"projectId":"20170306165833754724","customerNm":"%%","mobile":"%%","orderStatus":"0","payType":"0"},"columns":["Orders.Id as OrderId,Orders.OrderNo,Orders.CustomerNm,Orders.Mobile,Orders.OrderStatus,Orders.PayType,Orders.Label,Orders.SalesId,Orders.CrtDt"]}
[Wed, 15 Mar 17 17:12:09 +0800][DEBUG] operatorOrderListorder list get pages info done : 1489569129
[Wed, 15 Mar 17 17:12:10 +0800][DEBUG] operatorOrderListfindConditions : {"conditions":"(Orders.ProjectId = :projectId:) AND (Orders.CustomerNm LIKE :customerNm:) OR (Orders.Mobile LIKE :mobile:) AND (Orders.OrderStatus = :orderStatus:) AND (Orders.PayType = :payType:)","bind":{"projectId":"20170306165833754724","customerNm":"%%","mobile":"%%","orderStatus":"0","payType":"0"},"columns":["Orders.Id as OrderId,Orders.OrderNo,Orders.CustomerNm,Orders.Mobile,Orders.OrderStatus,Orders.PayType,Orders.Label,Orders.SalesId,Orders.CrtDt"]}
[Wed, 15 Mar 17 17:12:10 +0800][DEBUG] operatorOrderListorder list get pages info done : 1489569130
[Wed, 15 Mar 17 17:12:10 +0800][DEBUG] operatorOrderListfindConditions : {"conditions":"(Orders.ProjectId = :projectId:) AND (Orders.CustomerNm LIKE :customerNm:) OR (Orders.Mobile LIKE :mobile:) AND (Orders.OrderStatus = :orderStatus:) AND (Orders.PayType = :payType:)","bind":{"projectId":"20170306165833754724","customerNm":"%%","mobile":"%%","orderStatus":"0","payType":"0"},"columns":["Orders.Id as OrderId,Orders.OrderNo,Orders.CustomerNm,Orders.Mobile,Orders.OrderStatus,Orders.PayType,Orders.Label,Orders.SalesId,Orders.CrtDt"]}
[Wed, 15 Mar 17 17:12:10 +0800][DEBUG] operatorOrderListorder list get pages info done : 1489569130
[Wed, 15 Mar 17 17:12:10 +0800][DEBUG] operatorOrderListfindConditions : {"conditions":"(Orders.ProjectId = :projectId:) AND (Orders.CustomerNm LIKE :customerNm:) OR (Orders.Mobile LIKE :mobile:) AND (Orders.OrderStatus = :orderStatus:) AND (Orders.PayType = :payType:)","bind":{"projectId":"20170306165833754724","customerNm":"%%","mobile":"%%","orderStatus":"0","payType":"0"},"columns":["Orders.Id as OrderId,Orders.OrderNo,Orders.CustomerNm,Orders.Mobile,Orders.OrderStatus,Orders.PayType,Orders.Label,Orders.SalesId,Orders.CrtDt"]}
[Wed, 15 Mar 17 17:12:10 +0800][DEBUG] operatorOrderListorder list get pages info done : 1489569130
[Wed, 15 Mar 17 17:12:19 +0800][DEBUG] operatorOrderListfindConditions : {"conditions":"(Orders.ProjectId = :projectId:)","bind":{"projectId":""},"columns":["Orders.Id as OrderId,Orders.OrderNo,Orders.CustomerNm,Orders.Mobile,Orders.OrderStatus,Orders.PayType,Orders.Label,Orders.SalesId,Orders.CrtDt"]}
[Wed, 15 Mar 17 17:12:19 +0800][DEBUG] operatorOrderListorder list get pages info done : 1489569139
[Wed, 15 Mar 17 17:12:19 +0800][DEBUG] operatorOrderListfindConditions : {"conditions":"(Orders.ProjectId = :projectId:)","bind":{"projectId":""},"columns":["Orders.Id as OrderId,Orders.OrderNo,Orders.CustomerNm,Orders.Mobile,Orders.OrderStatus,Orders.PayType,Orders.Label,Orders.SalesId,Orders.CrtDt"]}
[Wed, 15 Mar 17 17:12:19 +0800][DEBUG] operatorOrderListorder list get pages info done : 1489569139
[Wed, 15 Mar 17 17:12:20 +0800][DEBUG] operatorOrderListfindConditions : {"conditions":"(Orders.ProjectId = :projectId:)","bind":{"projectId":""},"columns":["Orders.Id as OrderId,Orders.OrderNo,Orders.CustomerNm,Orders.Mobile,Orders.OrderStatus,Orders.PayType,Orders.Label,Orders.SalesId,Orders.CrtDt"]}
[Wed, 15 Mar 17 17:12:20 +0800][DEBUG] operatorOrderListorder list get pages info done : 1489569140
[Wed, 15 Mar 17 17:12:20 +0800][DEBUG] operatorOrderListfindConditions : {"conditions":"(Orders.ProjectId = :projectId:)","bind":{"projectId":""},"columns":["Orders.Id as OrderId,Orders.OrderNo,Orders.CustomerNm,Orders.Mobile,Orders.OrderStatus,Orders.PayType,Orders.Label,Orders.SalesId,Orders.CrtDt"]}
[Wed, 15 Mar 17 17:12:20 +0800][DEBUG] operatorOrderListorder list get pages info done : 1489569140
[Wed, 15 Mar 17 17:12:20 +0800][DEBUG] operatorOrderListfindConditions : {"conditions":"(Orders.ProjectId = :projectId:)","bind":{"projectId":""},"columns":["Orders.Id as OrderId,Orders.OrderNo,Orders.CustomerNm,Orders.Mobile,Orders.OrderStatus,Orders.PayType,Orders.Label,Orders.SalesId,Orders.CrtDt"]}
[Wed, 15 Mar 17 17:12:20 +0800][DEBUG] operatorOrderListorder list get pages info done : 1489569140
[Wed, 15 Mar 17 17:12:20 +0800][DEBUG] operatorOrderListfindConditions : {"conditions":"(Orders.ProjectId = :projectId:)","bind":{"projectId":""},"columns":["Orders.Id as OrderId,Orders.OrderNo,Orders.CustomerNm,Orders.Mobile,Orders.OrderStatus,Orders.PayType,Orders.Label,Orders.SalesId,Orders.CrtDt"]}
[Wed, 15 Mar 17 17:12:20 +0800][DEBUG] operatorOrderListorder list get pages info done : 1489569140
[Wed, 15 Mar 17 17:12:21 +0800][DEBUG] operatorOrderListfindConditions : {"conditions":"(Orders.ProjectId = :projectId:)","bind":{"projectId":""},"columns":["Orders.Id as OrderId,Orders.OrderNo,Orders.CustomerNm,Orders.Mobile,Orders.OrderStatus,Orders.PayType,Orders.Label,Orders.SalesId,Orders.CrtDt"]}
[Wed, 15 Mar 17 17:12:21 +0800][DEBUG] operatorOrderListorder list get pages info done : 1489569141
[Wed, 15 Mar 17 17:12:21 +0800][DEBUG] operatorOrderListfindConditions : {"conditions":"(Orders.ProjectId = :projectId:)","bind":{"projectId":""},"columns":["Orders.Id as OrderId,Orders.OrderNo,Orders.CustomerNm,Orders.Mobile,Orders.OrderStatus,Orders.PayType,Orders.Label,Orders.SalesId,Orders.CrtDt"]}
[Wed, 15 Mar 17 17:12:21 +0800][DEBUG] operatorOrderListorder list get pages info done : 1489569141
[Wed, 15 Mar 17 17:12:24 +0800][DEBUG] operatorOrderListfindConditions : {"conditions":"(Orders.ProjectId = :projectId:) AND (Orders.CustomerNm LIKE :customerNm:) OR (Orders.Mobile LIKE :mobile:) AND (Orders.OrderStatus = :orderStatus:) AND (Orders.PayType = :payType:)","bind":{"projectId":"20170306165833754724","customerNm":"%%","mobile":"%%","orderStatus":"0","payType":"0"},"columns":["Orders.Id as OrderId,Orders.OrderNo,Orders.CustomerNm,Orders.Mobile,Orders.OrderStatus,Orders.PayType,Orders.Label,Orders.SalesId,Orders.CrtDt"]}
[Wed, 15 Mar 17 17:12:24 +0800][DEBUG] operatorOrderListorder list get pages info done : 1489569144
[Wed, 15 Mar 17 17:13:24 +0800][DEBUG] operatorOrderListfindConditions : {"conditions":"(Orders.ProjectId = :projectId:)","bind":{"projectId":""},"columns":["Orders.Id as OrderId,Orders.OrderNo,Orders.CustomerNm,Orders.Mobile,Orders.OrderStatus,Orders.PayType,Orders.Label,Orders.SalesId,Orders.CrtDt"]}
[Wed, 15 Mar 17 17:13:24 +0800][DEBUG] operatorOrderListorder list get pages info done : 1489569204
[Wed, 15 Mar 17 17:13:25 +0800][DEBUG] operatorOrderListfindConditions : {"conditions":"(Orders.ProjectId = :projectId:)","bind":{"projectId":""},"columns":["Orders.Id as OrderId,Orders.OrderNo,Orders.CustomerNm,Orders.Mobile,Orders.OrderStatus,Orders.PayType,Orders.Label,Orders.SalesId,Orders.CrtDt"]}
[Wed, 15 Mar 17 17:13:25 +0800][DEBUG] operatorOrderListorder list get pages info done : 1489569205
[Wed, 15 Mar 17 17:13:27 +0800][DEBUG] operatorOrderListfindConditions : {"conditions":"(Orders.ProjectId = :projectId:)","bind":{"projectId":""},"columns":["Orders.Id as OrderId,Orders.OrderNo,Orders.CustomerNm,Orders.Mobile,Orders.OrderStatus,Orders.PayType,Orders.Label,Orders.SalesId,Orders.CrtDt"]}
[Wed, 15 Mar 17 17:13:27 +0800][DEBUG] operatorOrderListorder list get pages info done : 1489569207
[Wed, 15 Mar 17 17:13:27 +0800][DEBUG] operatorOrderListfindConditions : {"conditions":"(Orders.ProjectId = :projectId:)","bind":{"projectId":""},"columns":["Orders.Id as OrderId,Orders.OrderNo,Orders.CustomerNm,Orders.Mobile,Orders.OrderStatus,Orders.PayType,Orders.Label,Orders.SalesId,Orders.CrtDt"]}
[Wed, 15 Mar 17 17:13:27 +0800][DEBUG] operatorOrderListorder list get pages info done : 1489569207
[Wed, 15 Mar 17 17:13:29 +0800][DEBUG] operatorOrderListfindConditions : {"conditions":"(Orders.ProjectId = :projectId:) AND (Orders.CustomerNm LIKE :customerNm:) OR (Orders.Mobile LIKE :mobile:) AND (Orders.OrderStatus = :orderStatus:) AND (Orders.PayType = :payType:)","bind":{"projectId":"20170306165833754724","customerNm":"%%","mobile":"%%","orderStatus":"0","payType":"0"},"columns":["Orders.Id as OrderId,Orders.OrderNo,Orders.CustomerNm,Orders.Mobile,Orders.OrderStatus,Orders.PayType,Orders.Label,Orders.SalesId,Orders.CrtDt"]}
[Wed, 15 Mar 17 17:13:29 +0800][DEBUG] operatorOrderListorder list get pages info done : 1489569209
[Wed, 15 Mar 17 17:13:48 +0800][DEBUG] salesOrderListfindConditions : {"conditions":"(Orders.SalesId = :salesId:) AND (Orders.DelFlg = 0)","bind":{"salesId":"5"},"columns":["Orders.Id as OrderId,Orders.OrderNo,Orders.CustomerNm,Orders.Mobile,Orders.OrderStatus,Orders.PayType,Orders.Label,Orders.SalesId,Orders.CrtDt"]}
[Wed, 15 Mar 17 17:13:48 +0800][DEBUG] salesOrderListorder list get pages info done : 1489569228
[Wed, 15 Mar 17 17:13:50 +0800][DEBUG] salesOrderListfindConditions : {"conditions":"(Orders.SalesId = :salesId:) AND (Orders.DelFlg = 0)","bind":{"salesId":"5"},"columns":["Orders.Id as OrderId,Orders.OrderNo,Orders.CustomerNm,Orders.Mobile,Orders.OrderStatus,Orders.PayType,Orders.Label,Orders.SalesId,Orders.CrtDt"]}
[Wed, 15 Mar 17 17:13:50 +0800][DEBUG] salesOrderListorder list get pages info done : 1489569230
[Wed, 15 Mar 17 17:14:48 +0800][DEBUG] salesOrderListfindConditions : {"conditions":"(Orders.SalesId = :salesId:) AND (Orders.DelFlg = 0)","bind":{"salesId":"5"},"columns":["Orders.Id as OrderId,Orders.OrderNo,Orders.CustomerNm,Orders.Mobile,Orders.OrderStatus,Orders.PayType,Orders.Label,Orders.SalesId,Orders.CrtDt"]}
[Wed, 15 Mar 17 17:14:48 +0800][DEBUG] salesOrderListorder list get pages info done : 1489569288
[Wed, 15 Mar 17 17:15:04 +0800][DEBUG] operatorOrderListfindConditions : {"conditions":"(Orders.ProjectId = :projectId:)","bind":{"projectId":""},"columns":["Orders.Id as OrderId,Orders.OrderNo,Orders.CustomerNm,Orders.Mobile,Orders.OrderStatus,Orders.PayType,Orders.Label,Orders.SalesId,Orders.CrtDt"]}
[Wed, 15 Mar 17 17:15:04 +0800][DEBUG] operatorOrderListorder list get pages info done : 1489569304
[Wed, 15 Mar 17 17:15:04 +0800][DEBUG] operatorOrderListfindConditions : {"conditions":"(Orders.ProjectId = :projectId:)","bind":{"projectId":""},"columns":["Orders.Id as OrderId,Orders.OrderNo,Orders.CustomerNm,Orders.Mobile,Orders.OrderStatus,Orders.PayType,Orders.Label,Orders.SalesId,Orders.CrtDt"]}
[Wed, 15 Mar 17 17:15:04 +0800][DEBUG] operatorOrderListorder list get pages info done : 1489569304
[Wed, 15 Mar 17 17:15:05 +0800][DEBUG] operatorOrderListfindConditions : {"conditions":"(Orders.ProjectId = :projectId:)","bind":{"projectId":""},"columns":["Orders.Id as OrderId,Orders.OrderNo,Orders.CustomerNm,Orders.Mobile,Orders.OrderStatus,Orders.PayType,Orders.Label,Orders.SalesId,Orders.CrtDt"]}
[Wed, 15 Mar 17 17:15:05 +0800][DEBUG] operatorOrderListorder list get pages info done : 1489569305
[Wed, 15 Mar 17 17:15:05 +0800][DEBUG] operatorOrderListfindConditions : {"conditions":"(Orders.ProjectId = :projectId:)","bind":{"projectId":""},"columns":["Orders.Id as OrderId,Orders.OrderNo,Orders.CustomerNm,Orders.Mobile,Orders.OrderStatus,Orders.PayType,Orders.Label,Orders.SalesId,Orders.CrtDt"]}
[Wed, 15 Mar 17 17:15:05 +0800][DEBUG] operatorOrderListorder list get pages info done : 1489569305
[Wed, 15 Mar 17 17:15:05 +0800][DEBUG] operatorOrderListfindConditions : {"conditions":"(Orders.ProjectId = :projectId:)","bind":{"projectId":""},"columns":["Orders.Id as OrderId,Orders.OrderNo,Orders.CustomerNm,Orders.Mobile,Orders.OrderStatus,Orders.PayType,Orders.Label,Orders.SalesId,Orders.CrtDt"]}
[Wed, 15 Mar 17 17:15:05 +0800][DEBUG] operatorOrderListorder list get pages info done : 1489569305
[Wed, 15 Mar 17 17:15:05 +0800][DEBUG] operatorOrderListfindConditions : {"conditions":"(Orders.ProjectId = :projectId:)","bind":{"projectId":""},"columns":["Orders.Id as OrderId,Orders.OrderNo,Orders.CustomerNm,Orders.Mobile,Orders.OrderStatus,Orders.PayType,Orders.Label,Orders.SalesId,Orders.CrtDt"]}
[Wed, 15 Mar 17 17:15:05 +0800][DEBUG] operatorOrderListorder list get pages info done : 1489569305
[Wed, 15 Mar 17 17:15:08 +0800][DEBUG] operatorOrderListfindConditions : {"conditions":"(Orders.ProjectId = :projectId:) AND (Orders.CustomerNm LIKE :customerNm:) OR (Orders.Mobile LIKE :mobile:) AND (Orders.OrderStatus = :orderStatus:) AND (Orders.PayType = :payType:)","bind":{"projectId":"20170306165833754724","customerNm":"%%","mobile":"%%","orderStatus":"0","payType":"0"},"columns":["Orders.Id as OrderId,Orders.OrderNo,Orders.CustomerNm,Orders.Mobile,Orders.OrderStatus,Orders.PayType,Orders.Label,Orders.SalesId,Orders.CrtDt"]}
[Wed, 15 Mar 17 17:15:08 +0800][DEBUG] operatorOrderListorder list get pages info done : 1489569308
[Wed, 15 Mar 17 17:15:22 +0800][DEBUG] operatorOrderListfindConditions : {"conditions":"(Orders.ProjectId = :projectId:) AND (Orders.CustomerNm LIKE :customerNm:) OR (Orders.Mobile LIKE :mobile:) AND (Orders.OrderStatus = :orderStatus:) AND (Orders.PayType = :payType:)","bind":{"projectId":"20170306165833754724","customerNm":"%%","mobile":"%%","orderStatus":"0","payType":"0"},"columns":["Orders.Id as OrderId,Orders.OrderNo,Orders.CustomerNm,Orders.Mobile,Orders.OrderStatus,Orders.PayType,Orders.Label,Orders.SalesId,Orders.CrtDt"]}
[Wed, 15 Mar 17 17:15:22 +0800][DEBUG] operatorOrderListorder list get pages info done : 1489569322
[Wed, 15 Mar 17 17:16:02 +0800][DEBUG] operatorOrderListfindConditions : {"conditions":"(Orders.ProjectId = :projectId:) AND (Orders.CustomerNm LIKE :customerNm:) OR (Orders.Mobile LIKE :mobile:) AND (Orders.OrderStatus = :orderStatus:) AND (Orders.PayType = :payType:)","bind":{"projectId":"20170306165833754724","customerNm":"%%","mobile":"%%","orderStatus":"0","payType":"0"},"columns":["Orders.Id as OrderId,Orders.OrderNo,Orders.CustomerNm,Orders.Mobile,Orders.OrderStatus,Orders.PayType,Orders.Label,Orders.SalesId,Orders.CrtDt"]}
[Wed, 15 Mar 17 17:16:02 +0800][DEBUG] operatorOrderListorder list get pages info done : 1489569362
[Wed, 15 Mar 17 17:16:03 +0800][DEBUG] operatorOrderListfindConditions : {"conditions":"(Orders.ProjectId = :projectId:) AND (Orders.CustomerNm LIKE :customerNm:) OR (Orders.Mobile LIKE :mobile:) AND (Orders.OrderStatus = :orderStatus:) AND (Orders.PayType = :payType:)","bind":{"projectId":"20170306165833754724","customerNm":"%%","mobile":"%%","orderStatus":"0","payType":"0"},"columns":["Orders.Id as OrderId,Orders.OrderNo,Orders.CustomerNm,Orders.Mobile,Orders.OrderStatus,Orders.PayType,Orders.Label,Orders.SalesId,Orders.CrtDt"]}
[Wed, 15 Mar 17 17:16:03 +0800][DEBUG] operatorOrderListorder list get pages info done : 1489569363
[Wed, 15 Mar 17 17:16:06 +0800][DEBUG] operatorOrderListfindConditions : {"conditions":"(Orders.ProjectId = :projectId:)","bind":{"projectId":""},"columns":["Orders.Id as OrderId,Orders.OrderNo,Orders.CustomerNm,Orders.Mobile,Orders.OrderStatus,Orders.PayType,Orders.Label,Orders.SalesId,Orders.CrtDt"]}
[Wed, 15 Mar 17 17:16:06 +0800][DEBUG] operatorOrderListorder list get pages info done : 1489569366
[Wed, 15 Mar 17 17:16:07 +0800][DEBUG] operatorOrderListfindConditions : {"conditions":"(Orders.ProjectId = :projectId:)","bind":{"projectId":""},"columns":["Orders.Id as OrderId,Orders.OrderNo,Orders.CustomerNm,Orders.Mobile,Orders.OrderStatus,Orders.PayType,Orders.Label,Orders.SalesId,Orders.CrtDt"]}
[Wed, 15 Mar 17 17:16:07 +0800][DEBUG] operatorOrderListorder list get pages info done : 1489569367
[Wed, 15 Mar 17 17:16:11 +0800][DEBUG] operatorOrderListfindConditions : {"conditions":"(Orders.ProjectId = :projectId:) AND (Orders.CustomerNm LIKE :customerNm:) OR (Orders.Mobile LIKE :mobile:) AND (Orders.OrderStatus = :orderStatus:) AND (Orders.PayType = :payType:)","bind":{"projectId":"20170306165833754724","customerNm":"%%","mobile":"%%","orderStatus":"0","payType":"0"},"columns":["Orders.Id as OrderId,Orders.OrderNo,Orders.CustomerNm,Orders.Mobile,Orders.OrderStatus,Orders.PayType,Orders.Label,Orders.SalesId,Orders.CrtDt"]}
[Wed, 15 Mar 17 17:16:11 +0800][DEBUG] operatorOrderListorder list get pages info done : 1489569371
[Wed, 15 Mar 17 17:17:27 +0800][DEBUG] operatorOrderListfindConditions : {"conditions":"(Orders.ProjectId = :projectId:) AND (Orders.CustomerNm LIKE :customerNm:) OR (Orders.Mobile LIKE :mobile:) AND (Orders.OrderStatus = :orderStatus:) AND (Orders.PayType = :payType:)","bind":{"projectId":"20170306165833754724","customerNm":"%%","mobile":"%%","orderStatus":"0","payType":"0"},"columns":["Orders.Id as OrderId,Orders.OrderNo,Orders.CustomerNm,Orders.Mobile,Orders.OrderStatus,Orders.PayType,Orders.Label,Orders.SalesId,Orders.CrtDt"]}
[Wed, 15 Mar 17 17:17:27 +0800][DEBUG] operatorOrderListorder list get pages info done : 1489569447
[Wed, 15 Mar 17 17:17:28 +0800][DEBUG] operatorOrderListfindConditions : {"conditions":"(Orders.ProjectId = :projectId:) AND (Orders.CustomerNm LIKE :customerNm:) OR (Orders.Mobile LIKE :mobile:) AND (Orders.OrderStatus = :orderStatus:) AND (Orders.PayType = :payType:)","bind":{"projectId":"20170306165833754724","customerNm":"%%","mobile":"%%","orderStatus":"0","payType":"0"},"columns":["Orders.Id as OrderId,Orders.OrderNo,Orders.CustomerNm,Orders.Mobile,Orders.OrderStatus,Orders.PayType,Orders.Label,Orders.SalesId,Orders.CrtDt"]}
[Wed, 15 Mar 17 17:17:28 +0800][DEBUG] operatorOrderListorder list get pages info done : 1489569448
[Wed, 15 Mar 17 17:17:30 +0800][DEBUG] operatorOrderListfindConditions : {"conditions":"(Orders.ProjectId = :projectId:)","bind":{"projectId":""},"columns":["Orders.Id as OrderId,Orders.OrderNo,Orders.CustomerNm,Orders.Mobile,Orders.OrderStatus,Orders.PayType,Orders.Label,Orders.SalesId,Orders.CrtDt"]}
[Wed, 15 Mar 17 17:17:30 +0800][DEBUG] operatorOrderListorder list get pages info done : 1489569450
[Wed, 15 Mar 17 17:17:30 +0800][DEBUG] operatorOrderListfindConditions : {"conditions":"(Orders.ProjectId = :projectId:)","bind":{"projectId":""},"columns":["Orders.Id as OrderId,Orders.OrderNo,Orders.CustomerNm,Orders.Mobile,Orders.OrderStatus,Orders.PayType,Orders.Label,Orders.SalesId,Orders.CrtDt"]}
[Wed, 15 Mar 17 17:17:30 +0800][DEBUG] operatorOrderListorder list get pages info done : 1489569450
[Wed, 15 Mar 17 17:17:33 +0800][DEBUG] operatorOrderListfindConditions : {"conditions":"(Orders.ProjectId = :projectId:) AND (Orders.CustomerNm LIKE :customerNm:) OR (Orders.Mobile LIKE :mobile:) AND (Orders.OrderStatus = :orderStatus:) AND (Orders.PayType = :payType:)","bind":{"projectId":"20170306165833754724","customerNm":"%%","mobile":"%%","orderStatus":"0","payType":"0"},"columns":["Orders.Id as OrderId,Orders.OrderNo,Orders.CustomerNm,Orders.Mobile,Orders.OrderStatus,Orders.PayType,Orders.Label,Orders.SalesId,Orders.CrtDt"]}
[Wed, 15 Mar 17 17:17:33 +0800][DEBUG] operatorOrderListorder list get pages info done : 1489569453
[Wed, 15 Mar 17 17:20:06 +0800][DEBUG] findConditions Conditions: "(Orders.ProjectId = :projectId:) AND (Orders.CustomerNm LIKE :customerNm:) OR (Orders.Mobile LIKE :mobile:) AND (Orders.OrderStatus = :orderStatus:) AND (Orders.PayType = :payType:)"
[Wed, 15 Mar 17 17:20:06 +0800][DEBUG] findConditions toBind: {"projectId":"20170306165833754724","customerNm":"%%","mobile":"%%","orderStatus":"0","payType":"0"}
[Wed, 15 Mar 17 17:20:06 +0800][DEBUG] operatorOrderListfindConditions : {"conditions":"(Orders.ProjectId = :projectId:) AND (Orders.CustomerNm LIKE :customerNm:) OR (Orders.Mobile LIKE :mobile:) AND (Orders.OrderStatus = :orderStatus:) AND (Orders.PayType = :payType:)","bind":{"projectId":"20170306165833754724","customerNm":"%%","mobile":"%%","orderStatus":"0","payType":"0"},"columns":["Orders.Id as OrderId,Orders.OrderNo,Orders.CustomerNm,Orders.Mobile,Orders.OrderStatus,Orders.PayType,Orders.Label,Orders.SalesId,Orders.CrtDt"]}
[Wed, 15 Mar 17 17:20:06 +0800][DEBUG] operatorOrderListorder list get pages info done : 1489569606
[Wed, 15 Mar 17 17:20:07 +0800][DEBUG] findConditions Conditions: "(Orders.ProjectId = :projectId:) AND (Orders.CustomerNm LIKE :customerNm:) OR (Orders.Mobile LIKE :mobile:) AND (Orders.OrderStatus = :orderStatus:) AND (Orders.PayType = :payType:)"
[Wed, 15 Mar 17 17:20:07 +0800][DEBUG] findConditions toBind: {"projectId":"20170306165833754724","customerNm":"%%","mobile":"%%","orderStatus":"0","payType":"0"}
[Wed, 15 Mar 17 17:20:07 +0800][DEBUG] operatorOrderListfindConditions : {"conditions":"(Orders.ProjectId = :projectId:) AND (Orders.CustomerNm LIKE :customerNm:) OR (Orders.Mobile LIKE :mobile:) AND (Orders.OrderStatus = :orderStatus:) AND (Orders.PayType = :payType:)","bind":{"projectId":"20170306165833754724","customerNm":"%%","mobile":"%%","orderStatus":"0","payType":"0"},"columns":["Orders.Id as OrderId,Orders.OrderNo,Orders.CustomerNm,Orders.Mobile,Orders.OrderStatus,Orders.PayType,Orders.Label,Orders.SalesId,Orders.CrtDt"]}
[Wed, 15 Mar 17 17:20:07 +0800][DEBUG] operatorOrderListorder list get pages info done : 1489569607
[Wed, 15 Mar 17 17:26:22 +0800][DEBUG] salesOrderListfindConditions : {"conditions":"(Orders.SalesId = :salesId:) AND (Orders.DelFlg = 0)","bind":{"salesId":"5"},"columns":["Orders.Id as OrderId,Orders.OrderNo,Orders.CustomerNm,Orders.Mobile,Orders.OrderStatus,Orders.PayType,Orders.Label,Orders.SalesId,Orders.CrtDt"]}
[Wed, 15 Mar 17 17:26:22 +0800][DEBUG] salesOrderListorder list get pages info done : 1489569982
[Wed, 15 Mar 17 17:28:24 +0800][DEBUG] salesOrderListfindConditions : {"conditions":"(Orders.SalesId = :salesId:) AND (Orders.DelFlg = 0)","bind":{"salesId":"5"},"columns":["Orders.Id as OrderId,Orders.OrderNo,Orders.CustomerNm,Orders.Mobile,Orders.OrderStatus,Orders.PayType,Orders.Label,Orders.SalesId,Orders.CrtDt"]}
[Wed, 15 Mar 17 17:28:24 +0800][DEBUG] salesOrderListorder list get pages info done : 1489570104
[Wed, 15 Mar 17 17:28:56 +0800][DEBUG] salesOrderListfindConditions : {"conditions":"(Orders.SalesId = :salesId:) AND (Orders.DelFlg = 0)","bind":{"salesId":"5"},"columns":["Orders.Id as OrderId,Orders.OrderNo,Orders.CustomerNm,Orders.Mobile,Orders.OrderStatus,Orders.PayType,Orders.Label,Orders.SalesId,Orders.CrtDt"]}
[Wed, 15 Mar 17 17:28:56 +0800][DEBUG] salesOrderListorder list get pages info done : 1489570136
[Wed, 15 Mar 17 17:30:19 +0800][DEBUG] salesOrderListfindConditions : {"conditions":"(Orders.SalesId = :salesId:) AND (Orders.DelFlg = 0)","bind":{"salesId":"5"},"columns":["Orders.Id as OrderId,Orders.OrderNo,Orders.CustomerNm,Orders.Mobile,Orders.OrderStatus,Orders.PayType,Orders.Label,Orders.SalesId,Orders.CrtDt"]}
[Wed, 15 Mar 17 17:30:19 +0800][DEBUG] salesOrderListorder list get pages info done : 1489570219
[Wed, 15 Mar 17 17:31:05 +0800][DEBUG] salesOrderListfindConditions : {"conditions":"(Orders.SalesId = :salesId:) AND (Orders.DelFlg = 0)","bind":{"salesId":"5"},"columns":["Orders.Id as OrderId,Orders.OrderNo,Orders.CustomerNm,Orders.Mobile,Orders.OrderStatus,Orders.PayType,Orders.Label,Orders.SalesId,Orders.CrtDt"]}
[Wed, 15 Mar 17 17:31:05 +0800][DEBUG] salesOrderListorder list get pages info done : 1489570265
[Wed, 15 Mar 17 17:38:59 +0800][DEBUG] salesOrderListfindConditions : {"conditions":"(Orders.SalesId = :salesId:) AND (Orders.DelFlg = 0) AND (Orders.CustomerNm LIKE :customerNm:) OR (Orders.Mobile LIKE :mobile:) AND (Orders.OrderStatus = :orderStatus:) AND (Orders.PayType = :payType:)","bind":{"salesId":"1","customerNm":"%%","mobile":"%%","orderStatus":"0","payType":"0"},"columns":["Orders.Id as OrderId,Orders.OrderNo,Orders.CustomerNm,Orders.RoomId,Orders.Mobile,Orders.OrderStatus,Orders.PayType,Orders.Label,Orders.SalesId,Orders.CrtDt"]}
[Wed, 15 Mar 17 17:38:59 +0800][DEBUG] salesOrderListorder list get pages info done : 1489570739
[Wed, 15 Mar 17 17:41:19 +0800][DEBUG] salesOrderListfindConditions : {"conditions":"(Orders.SalesId = :salesId:) AND (Orders.DelFlg = 0) AND (Orders.CustomerNm LIKE :customerNm:) OR (Orders.Mobile LIKE :mobile:) AND (Orders.OrderStatus = :orderStatus:) AND (Orders.PayType = :payType:)","bind":{"salesId":"1","customerNm":"%%","mobile":"%%","orderStatus":"0","payType":"0"},"columns":["Orders.Id as OrderId,Orders.OrderNo,Orders.CustomerNm,Orders.RoomId,Room.RoomNo,Orders.Mobile,Orders.OrderStatus,Orders.PayType,Orders.Label,Orders.SalesId,Orders.CrtDt"]}
[Wed, 15 Mar 17 17:41:19 +0800][DEBUG] salesOrderListorder list get pages info done : 1489570879
[Wed, 15 Mar 17 17:41:28 +0800][DEBUG] salesOrderListfindConditions : {"conditions":"(Orders.SalesId = :salesId:) AND (Orders.DelFlg = 0) AND (Orders.CustomerNm LIKE :customerNm:) OR (Orders.Mobile LIKE :mobile:) AND (Orders.OrderStatus = :orderStatus:) AND (Orders.PayType = :payType:)","bind":{"salesId":"1","customerNm":"%%","mobile":"%%","orderStatus":"0","payType":"0"},"columns":["Orders.Id as OrderId,Orders.OrderNo,Orders.CustomerNm,Orders.RoomId,Room.RoomNo,Orders.Mobile,Orders.OrderStatus,Orders.PayType,Orders.Label,Orders.SalesId,Orders.CrtDt"]}
[Wed, 15 Mar 17 17:41:28 +0800][DEBUG] salesOrderListorder list get pages info done : 1489570888
[Wed, 15 Mar 17 18:24:40 +0800][DEBUG] salesOrderListfindConditions : {"conditions":"(Orders.SalesId = :salesId:) AND (Orders.DelFlg = 0) AND (Orders.CustomerNm LIKE :customerNm:) OR (Orders.Mobile LIKE :mobile:) AND (Orders.OrderStatus = :orderStatus:) AND (Orders.PayType = :payType:)","bind":{"salesId":"1","customerNm":"%%","mobile":"%%","orderStatus":"0","payType":"0"},"columns":["Orders.Id as OrderId,Orders.OrderNo,Orders.CustomerNm,Orders.RoomId,Room.RoomNo,Orders.Mobile,Orders.OrderStatus,Orders.PayType,Orders.Label,Orders.SalesId,Orders.CrtDt"]}
[Wed, 15 Mar 17 18:24:40 +0800][DEBUG] salesOrderListorder list get pages info done : 1489573480
