[Tue, 14 Mar 17 14:00:20 +0800][DEBUG] generateUserAndProjectToken公司编码错误\n
[Tue, 14 Mar 17 15:50:42 +0800][DEBUG] generateUserToken no emp issue\n13817319050 123456
[Tue, 14 Mar 17 15:52:59 +0800][DEBUG] generateUserToken no emp issue\n138173190503 123456
[Tue, 14 Mar 17 16:02:34 +0800][DEBUG] orderListfindConditions : {"conditions":"(Orders.SalesId = :salesId:) AND (Orders.DelFlg = 0) AND (Orders.CustomerNm LIKE :customerNm:) OR (Orders.Mobile LIKE :mobile:) OR (Orders.Mobile2 LIKE :mobile2:) AND (Orders.OrderStatus = :orderStatus:) AND (Orders.PayType = :payType:)","bind":{"salesId":"2","customerNm":"%13666666666%","mobile":"%13666666666%","mobile2":"%13666666666%","orderStatus":"0","payType":"0"},"columns":["Orders.Id as OrderId,Orders.OrderNo,Orders.CustomerNm,Orders.Mobile,Orders.OrderStatus,Orders.PayType,Orders.Label,Orders.CrtDt,Orders.UptDt"]}
[Tue, 14 Mar 17 16:02:34 +0800][DEBUG] orderListorder list get pages info done : 1489478554
[Tue, 14 Mar 17 16:03:59 +0800][DEBUG] orderListfindConditions : {"conditions":"(Orders.SalesId = :salesId:) AND (Orders.DelFlg = 0) AND (Orders.CustomerNm LIKE :customerNm:) OR (Orders.Mobile LIKE :mobile:) OR (Orders.Mobile2 LIKE :mobile2:) AND (Orders.OrderStatus = :orderStatus:) AND (Orders.PayType = :payType:)","bind":{"salesId":"2","customerNm":"%13222222222%","mobile":"%13222222222%","mobile2":"%13222222222%","orderStatus":"0","payType":"0"},"columns":["Orders.Id as OrderId,Orders.OrderNo,Orders.CustomerNm,Orders.Mobile,Orders.OrderStatus,Orders.PayType,Orders.Label,Orders.CrtDt,Orders.UptDt"]}
[Tue, 14 Mar 17 16:03:59 +0800][DEBUG] orderListorder list get pages info done : 1489478639
[Tue, 14 Mar 17 16:04:13 +0800][DEBUG] generateUserAndProjectToken公司编码错误\n
[Tue, 14 Mar 17 16:04:18 +0800][DEBUG] generateUserAndProjectToken公司编码错误\n
[Tue, 14 Mar 17 16:04:22 +0800][DEBUG] generateUserAndProjectToken公司编码错误\n
[Tue, 14 Mar 17 16:04:53 +0800][DEBUG] orderListfindConditions : {"conditions":"(Orders.SalesId = :salesId:) AND (Orders.DelFlg = 0) AND (Orders.CustomerNm LIKE :customerNm:) OR (Orders.Mobile LIKE :mobile:) OR (Orders.Mobile2 LIKE :mobile2:) AND (Orders.OrderStatus = :orderStatus:) AND (Orders.PayType = :payType:)","bind":{"salesId":"1","customerNm":"%13222222222%","mobile":"%13222222222%","mobile2":"%13222222222%","orderStatus":"0","payType":"0"},"columns":["Orders.Id as OrderId,Orders.OrderNo,Orders.CustomerNm,Orders.Mobile,Orders.OrderStatus,Orders.PayType,Orders.Label,Orders.CrtDt,Orders.UptDt"]}
[Tue, 14 Mar 17 16:04:53 +0800][DEBUG] orderListorder list get pages info done : 1489478693
[Tue, 14 Mar 17 16:04:53 +0800][DEBUG] orderListfindConditions : {"conditions":"(Orders.SalesId = :salesId:) AND (Orders.DelFlg = 0) AND (Orders.CustomerNm LIKE :customerNm:) OR (Orders.Mobile LIKE :mobile:) OR (Orders.Mobile2 LIKE :mobile2:) AND (Orders.OrderStatus = :orderStatus:) AND (Orders.PayType = :payType:)","bind":{"salesId":"1","customerNm":"%13222222222%","mobile":"%13222222222%","mobile2":"%13222222222%","orderStatus":"0","payType":"0"},"columns":["Orders.Id as OrderId,Orders.OrderNo,Orders.CustomerNm,Orders.Mobile,Orders.OrderStatus,Orders.PayType,Orders.Label,Orders.CrtDt,Orders.UptDt"]}
[Tue, 14 Mar 17 16:04:53 +0800][DEBUG] orderListorder list get pages info done : 1489478693
[Tue, 14 Mar 17 16:05:01 +0800][DEBUG] orderListfindConditions : {"conditions":"(Orders.SalesId = :salesId:) AND (Orders.DelFlg = 0) AND (Orders.OrderStatus = :orderStatus:) AND (Orders.PayType = :payType:)","bind":{"salesId":"1","orderStatus":"0","payType":"0"},"columns":["Orders.Id as OrderId,Orders.OrderNo,Orders.CustomerNm,Orders.Mobile,Orders.OrderStatus,Orders.PayType,Orders.Label,Orders.CrtDt,Orders.UptDt"]}
[Tue, 14 Mar 17 16:05:01 +0800][DEBUG] orderListorder list get pages info done : 1489478701
[Tue, 14 Mar 17 16:05:09 +0800][DEBUG] orderListfindConditions : {"conditions":"(Orders.SalesId = :salesId:) AND (Orders.DelFlg = 0) AND (Orders.CustomerNm LIKE :customerNm:) OR (Orders.Mobile LIKE :mobile:) OR (Orders.Mobile2 LIKE :mobile2:) AND (Orders.OrderStatus = :orderStatus:) AND (Orders.PayType = :payType:)","bind":{"salesId":"1","customerNm":"%13222222222%","mobile":"%13222222222%","mobile2":"%13222222222%","orderStatus":"0","payType":"0"},"columns":["Orders.Id as OrderId,Orders.OrderNo,Orders.CustomerNm,Orders.Mobile,Orders.OrderStatus,Orders.PayType,Orders.Label,Orders.CrtDt,Orders.UptDt"]}
[Tue, 14 Mar 17 16:05:09 +0800][DEBUG] orderListorder list get pages info done : 1489478709
[Tue, 14 Mar 17 16:06:18 +0800][DEBUG] orderListfindConditions : {"conditions":"(Orders.SalesId = :salesId:) AND (Orders.DelFlg = 0) AND (Orders.CustomerNm LIKE :customerNm:) OR (Orders.Mobile LIKE :mobile:) OR (Orders.Mobile2 LIKE :mobile2:) AND (Orders.OrderStatus = :orderStatus:) AND (Orders.PayType = :payType:)","bind":{"salesId":"1","customerNm":"%13222222222%","mobile":"%13222222222%","mobile2":"%13222222222%","orderStatus":"0","payType":"0"},"columns":["Orders.Id as OrderId,Orders.OrderNo,Orders.CustomerNm,Orders.Mobile,Orders.OrderStatus,Orders.PayType,Orders.Label,Orders.CrtDt,Orders.UptDt"]}
[Tue, 14 Mar 17 16:06:18 +0800][DEBUG] orderListorder list get pages info done : 1489478778
[Tue, 14 Mar 17 16:06:55 +0800][DEBUG] orderListfindConditions : {"conditions":"(Orders.SalesId = :salesId:) AND (Orders.DelFlg = 0) AND (Orders.CustomerNm LIKE :customerNm:) OR (Orders.Mobile LIKE :mobile:) OR (Orders.Mobile2 LIKE :mobile2:) AND (Orders.OrderStatus = :orderStatus:) AND (Orders.PayType = :payType:)","bind":{"salesId":"1","customerNm":"%13222222222%","mobile":"%13222222222%","mobile2":"%13222222222%","orderStatus":"0","payType":"0"},"columns":["Orders.Id as OrderId,Orders.OrderNo,Orders.CustomerNm,Orders.Mobile,Orders.OrderStatus,Orders.PayType,Orders.Label,Orders.SalesId,Orders.CrtDt,Orders.UptDt"]}
[Tue, 14 Mar 17 16:06:55 +0800][DEBUG] orderListorder list get pages info done : 1489478815
[Tue, 14 Mar 17 16:07:13 +0800][DEBUG] orderListfindConditions : {"conditions":"(Orders.SalesId = :salesId:) AND (Orders.DelFlg = 0) AND (Orders.CustomerNm LIKE :customerNm:) OR (Orders.Mobile LIKE :mobile:) OR (Orders.Mobile2 LIKE :mobile2:) AND (Orders.OrderStatus = :orderStatus:) AND (Orders.PayType = :payType:)","bind":{"salesId":"1","customerNm":"%13222222222%","mobile":"%13222222222%","mobile2":"%13222222222%","orderStatus":"0","payType":"0"},"columns":["Orders.Id as OrderId,Orders.OrderNo,Orders.CustomerNm,Orders.Mobile,Orders.OrderStatus,Orders.PayType,Orders.Label,Orders.SalesId,Orders.CrtDt"]}
[Tue, 14 Mar 17 16:07:13 +0800][DEBUG] orderListorder list get pages info done : 1489478833
[Tue, 14 Mar 17 16:10:43 +0800][DEBUG] generateUserToken no emp issue\n1388888888 666666
[Tue, 14 Mar 17 16:10:54 +0800][DEBUG] generateUserAndProjectToken公司编码错误\n
[Tue, 14 Mar 17 16:11:18 +0800][DEBUG] generateUserAndProjectToken公司编码错误\n
[Tue, 14 Mar 17 16:36:33 +0800][DEBUG] orderListfindConditions : {"conditions":"(Orders.SalesId = :salesId:) AND (Orders.DelFlg = 0) AND (Orders.CustomerNm LIKE :customerNm:) OR (Orders.Mobile LIKE :mobile:) AND (Orders.OrderStatus = :orderStatus:) AND (Orders.PayType = :payType:)","bind":{"salesId":"1","customerNm":"%13222222222%","mobile":"%13222222222%","mobile2":"%13222222222%","orderStatus":"0","payType":"0"},"columns":["Orders.Id as OrderId,Orders.OrderNo,Orders.CustomerNm,Orders.Mobile,Orders.OrderStatus,Orders.PayType,Orders.Label,Orders.SalesId,Orders.CrtDt"]}
[Tue, 14 Mar 17 16:36:48 +0800][DEBUG] orderListfindConditions : {"conditions":"(Orders.SalesId = :salesId:) AND (Orders.DelFlg = 0) AND (Orders.CustomerNm LIKE :customerNm:) OR (Orders.Mobile LIKE :mobile:) AND (Orders.OrderStatus = :orderStatus:) AND (Orders.PayType = :payType:)","bind":{"salesId":"1","customerNm":"%13222222222%","mobile":"%13222222222%","orderStatus":"0","payType":"0"},"columns":["Orders.Id as OrderId,Orders.OrderNo,Orders.CustomerNm,Orders.Mobile,Orders.OrderStatus,Orders.PayType,Orders.Label,Orders.SalesId,Orders.CrtDt"]}
[Tue, 14 Mar 17 16:36:48 +0800][DEBUG] orderListorder list get pages info done : 1489480608
[Tue, 14 Mar 17 16:37:09 +0800][DEBUG] orderListfindConditions : {"conditions":"(Orders.SalesId = :salesId:) AND (Orders.DelFlg = 0) AND (Orders.CustomerNm LIKE :customerNm:) OR (Orders.Mobile LIKE :mobile:) AND (Orders.OrderStatus = :orderStatus:) AND (Orders.PayType = :payType:)","bind":{"salesId":"1","customerNm":"%周%","mobile":"%周%","orderStatus":"0","payType":"0"},"columns":["Orders.Id as OrderId,Orders.OrderNo,Orders.CustomerNm,Orders.Mobile,Orders.OrderStatus,Orders.PayType,Orders.Label,Orders.SalesId,Orders.CrtDt"]}
[Tue, 14 Mar 17 16:37:09 +0800][DEBUG] orderListorder list get pages info done : 1489480629
[Tue, 14 Mar 17 16:37:17 +0800][DEBUG] orderListfindConditions : {"conditions":"(Orders.SalesId = :salesId:) AND (Orders.DelFlg = 0) AND (Orders.CustomerNm LIKE :customerNm:) OR (Orders.Mobile LIKE :mobile:) AND (Orders.OrderStatus = :orderStatus:) AND (Orders.PayType = :payType:)","bind":{"salesId":"1","customerNm":"%周伯通%","mobile":"%周伯通%","orderStatus":"0","payType":"0"},"columns":["Orders.Id as OrderId,Orders.OrderNo,Orders.CustomerNm,Orders.Mobile,Orders.OrderStatus,Orders.PayType,Orders.Label,Orders.SalesId,Orders.CrtDt"]}
[Tue, 14 Mar 17 16:37:17 +0800][DEBUG] orderListorder list get pages info done : 1489480637
[Tue, 14 Mar 17 16:37:52 +0800][DEBUG] orderListfindConditions : {"conditions":"(Orders.SalesId = :salesId:) AND (Orders.DelFlg = 0) AND (Orders.CustomerNm LIKE :customerNm:) OR (Orders.Mobile LIKE :mobile:) AND (Orders.OrderStatus = :orderStatus:) AND (Orders.PayType = :payType:)","bind":{"salesId":"1","customerNm":"%13612345678%","mobile":"%13612345678%","orderStatus":"0","payType":"0"},"columns":["Orders.Id as OrderId,Orders.OrderNo,Orders.CustomerNm,Orders.Mobile,Orders.OrderStatus,Orders.PayType,Orders.Label,Orders.SalesId,Orders.CrtDt"]}
[Tue, 14 Mar 17 16:37:52 +0800][DEBUG] orderListorder list get pages info done : 1489480672
[Tue, 14 Mar 17 16:37:53 +0800][DEBUG] orderListfindConditions : {"conditions":"(Orders.SalesId = :salesId:) AND (Orders.DelFlg = 0) AND (Orders.CustomerNm LIKE :customerNm:) OR (Orders.Mobile LIKE :mobile:) AND (Orders.OrderStatus = :orderStatus:) AND (Orders.PayType = :payType:)","bind":{"salesId":"1","customerNm":"%13612345678%","mobile":"%13612345678%","orderStatus":"0","payType":"0"},"columns":["Orders.Id as OrderId,Orders.OrderNo,Orders.CustomerNm,Orders.Mobile,Orders.OrderStatus,Orders.PayType,Orders.Label,Orders.SalesId,Orders.CrtDt"]}
[Tue, 14 Mar 17 16:37:53 +0800][DEBUG] orderListorder list get pages info done : 1489480673
[Tue, 14 Mar 17 16:38:01 +0800][DEBUG] orderListfindConditions : {"conditions":"(Orders.SalesId = :salesId:) AND (Orders.DelFlg = 0) AND (Orders.CustomerNm LIKE :customerNm:) OR (Orders.Mobile LIKE :mobile:) AND (Orders.OrderStatus = :orderStatus:) AND (Orders.PayType = :payType:)","bind":{"salesId":"1","customerNm":"%13222222222%","mobile":"%13222222222%","orderStatus":"0","payType":"0"},"columns":["Orders.Id as OrderId,Orders.OrderNo,Orders.CustomerNm,Orders.Mobile,Orders.OrderStatus,Orders.PayType,Orders.Label,Orders.SalesId,Orders.CrtDt"]}
[Tue, 14 Mar 17 16:38:01 +0800][DEBUG] orderListorder list get pages info done : 1489480681
[Tue, 14 Mar 17 16:38:50 +0800][DEBUG] salesOrderListfindConditions : {"conditions":"(Orders.SalesId = :salesId:) AND (Orders.DelFlg = 0) AND (Orders.CustomerNm LIKE :customerNm:) OR (Orders.Mobile LIKE :mobile:) AND (Orders.OrderStatus = :orderStatus:) AND (Orders.PayType = :payType:)","bind":{"salesId":"1","customerNm":"%13222222222%","mobile":"%13222222222%","orderStatus":"0","payType":"0"},"columns":["Orders.Id as OrderId,Orders.OrderNo,Orders.CustomerNm,Orders.Mobile,Orders.OrderStatus,Orders.PayType,Orders.Label,Orders.SalesId,Orders.CrtDt"]}
[Tue, 14 Mar 17 16:38:50 +0800][DEBUG] salesOrderListorder list get pages info done : 1489480730
[Tue, 14 Mar 17 16:43:08 +0800][DEBUG] salesOrderListfindConditions : {"conditions":"(Orders.SalesId = :salesId:) AND (Orders.DelFlg = 0) AND (Orders.CustomerNm LIKE :customerNm:) OR (Orders.Mobile LIKE :mobile:) AND (Orders.OrderStatus = :orderStatus:) AND (Orders.PayType = :payType:)","bind":{"salesId":"1","customerNm":"%13222222222%","mobile":"%13222222222%","orderStatus":"0","payType":"0"},"columns":["Orders.Id as OrderId,Orders.OrderNo,Orders.CustomerNm,Orders.Mobile,Orders.OrderStatus,Orders.PayType,Orders.Label,Orders.SalesId,Orders.CrtDt"]}
[Tue, 14 Mar 17 16:43:08 +0800][DEBUG] salesOrderListorder list get pages info done : 1489480988
[Tue, 14 Mar 17 16:54:22 +0800][DEBUG] salesOrderListfindConditions : {"conditions":"(Orders.SalesId = :salesId:) AND (Orders.DelFlg = 0) AND (Orders.CustomerNm LIKE :customerNm:) OR (Orders.Mobile LIKE :mobile:) AND (Orders.OrderStatus = :orderStatus:) AND (Orders.PayType = :payType:)","bind":{"salesId":"1","customerNm":"%13222222222%","mobile":"%13222222222%","orderStatus":"0","payType":"0"},"columns":["Orders.Id as OrderId,Orders.OrderNo,Orders.CustomerNm,Orders.Mobile,Orders.OrderStatus,Orders.PayType,Orders.Label,Orders.SalesId,Orders.CrtDt"]}
[Tue, 14 Mar 17 16:54:22 +0800][DEBUG] salesOrderListorder list get pages info done : 1489481662
