[Wed, 10 May 17 14:50:05 +0800][DEBUG] generateUserAndProjectToken项目编码错误\n
[Wed, 10 May 17 14:50:10 +0800][DEBUG] generateUserAndProjectToken项目编码错误\n
[Wed, 10 May 17 14:50:21 +0800][DEBUG] generateUserAndProjectToken项目编码错误\n
[Wed, 10 May 17 14:58:54 +0800][DEBUG] findConditions Conditions: {"userToken":"5882d4a25a897c18fdb6ebf2a327c71539b930ea","projectId":"20170306165833754724","presellReferTime":"14","limitedReferTime":"12","loanReferTime":"8","prevueReferTime":"6","accountReferTime":"4","finishReferTime":"2"}
[Wed, 10 May 17 15:01:57 +0800][DEBUG] generateCondition  findConditions  :{"conditions":"(Operator.DelFlg = 0) ","bind":[],"columns":["Operator.Id as OperatorId","Operator.Name","Operator.Mobile","Operator.Status","Operator.CrtDt"],"order":"Operator.CrtDt DESC"}
[Wed, 10 May 17 15:06:17 +0800][DEBUG] salesOrderListfindConditions : {"conditions":"(Orders.DelFlg = 0) AND (Orders.SalesId = :salesId:)","bind":{"salesId":"45"},"columns":["Orders.Id as OrderId,Orders.OrderNo,Orders.CustomerNm,Orders.RoomId,Room.RoomNo,Orders.Mobile,Orders.OrderStatus,\n        Orders.PayType,Orders.Label,Orders.Release,Orders.SalesId,Orders.UptDt,Orders.CrtDt"]}
[Wed, 10 May 17 15:06:17 +0800][DEBUG] salesOrderListfindConditions : {"conditions":"(Orders.DelFlg = 0) AND (Orders.SalesId = :salesId:)","bind":{"salesId":"45"},"columns":["Orders.Id as OrderId,Orders.OrderNo,Orders.CustomerNm,Orders.RoomId,Room.RoomNo,Orders.Mobile,Orders.OrderStatus,\n        Orders.PayType,Orders.Label,Orders.Release,Orders.SalesId,Orders.UptDt,Orders.CrtDt"]}
[Wed, 10 May 17 15:06:17 +0800][DEBUG] salesOrderListorder list get pages info done : 1494399977
[Wed, 10 May 17 15:06:17 +0800][DEBUG] salesOrderListorder list get pages info done : 1494399977
[Wed, 10 May 17 17:07:35 +0800][DEBUG] generateCondition  findConditions  :{"conditions":"(Operator.DelFlg = 0) ","bind":[],"columns":["Operator.Id as OperatorId","Operator.Name","Operator.Mobile","Operator.Status","Operator.CrtDt"],"order":"Operator.CrtDt DESC"}
[Wed, 10 May 17 17:07:43 +0800][DEBUG] generateCondition  findConditions  :{"conditions":"(Operator.DelFlg = 0) ","bind":[],"columns":["Operator.Id as OperatorId","Operator.Name","Operator.Mobile","Operator.Status","Operator.CrtDt"],"order":"Operator.CrtDt DESC"}
[Wed, 10 May 17 17:08:15 +0800][DEBUG] salesOrderListfindConditions : {"conditions":"(Orders.DelFlg = 0) AND (Orders.SalesId = :salesId:)","bind":{"salesId":"9"},"columns":["Orders.Id as OrderId,Orders.OrderNo,Orders.CustomerNm,Orders.RoomId,Room.RoomNo,Orders.Mobile,Orders.OrderStatus,\n        Orders.PayType,Orders.Label,Orders.Release,Orders.SalesId,Orders.UptDt,Orders.CrtDt"]}
[Wed, 10 May 17 17:08:15 +0800][DEBUG] salesOrderListorder list get pages info done : 1494407295
[Wed, 10 May 17 17:08:15 +0800][DEBUG] salesOrderListfindConditions : {"conditions":"(Orders.DelFlg = 0) AND (Orders.SalesId = :salesId:)","bind":{"salesId":"9"},"columns":["Orders.Id as OrderId,Orders.OrderNo,Orders.CustomerNm,Orders.RoomId,Room.RoomNo,Orders.Mobile,Orders.OrderStatus,\n        Orders.PayType,Orders.Label,Orders.Release,Orders.SalesId,Orders.UptDt,Orders.CrtDt"]}
[Wed, 10 May 17 17:08:15 +0800][DEBUG] salesOrderListorder list get pages info done : 1494407295
[Wed, 10 May 17 17:08:21 +0800][DEBUG] salesOrderListfindConditions : {"conditions":"(Orders.DelFlg = 0) AND (Orders.SalesId = :salesId:)","bind":{"salesId":"9"},"columns":["Orders.Id as OrderId,Orders.OrderNo,Orders.CustomerNm,Orders.RoomId,Room.RoomNo,Orders.Mobile,Orders.OrderStatus,\n        Orders.PayType,Orders.Label,Orders.Release,Orders.SalesId,Orders.UptDt,Orders.CrtDt"]}
[Wed, 10 May 17 17:08:21 +0800][DEBUG] salesOrderListorder list get pages info done : 1494407301
[Wed, 10 May 17 17:08:21 +0800][DEBUG] salesOrderListfindConditions : {"conditions":"(Orders.DelFlg = 0) AND (Orders.SalesId = :salesId:)","bind":{"salesId":"9"},"columns":["Orders.Id as OrderId,Orders.OrderNo,Orders.CustomerNm,Orders.RoomId,Room.RoomNo,Orders.Mobile,Orders.OrderStatus,\n        Orders.PayType,Orders.Label,Orders.Release,Orders.SalesId,Orders.UptDt,Orders.CrtDt"]}
[Wed, 10 May 17 17:08:21 +0800][DEBUG] salesOrderListorder list get pages info done : 1494407301
[Wed, 10 May 17 20:51:43 +0800][DEBUG] salesOrderListfindConditions : {"conditions":"(Orders.DelFlg = 0) AND (Orders.SalesId = :salesId:)","bind":{"salesId":"9"},"columns":["Orders.Id as OrderId,Orders.OrderNo,Orders.CustomerNm,Orders.RoomId,Room.RoomNo,Orders.Mobile,Orders.OrderStatus,\n        Orders.PayType,Orders.Label,Orders.Release,Orders.SalesId,Orders.UptDt,Orders.CrtDt"]}
[Wed, 10 May 17 20:51:43 +0800][DEBUG] salesOrderListorder list get pages info done : 1494420703
[Wed, 10 May 17 20:51:43 +0800][DEBUG] salesOrderListfindConditions : {"conditions":"(Orders.DelFlg = 0) AND (Orders.SalesId = :salesId:)","bind":{"salesId":"9"},"columns":["Orders.Id as OrderId,Orders.OrderNo,Orders.CustomerNm,Orders.RoomId,Room.RoomNo,Orders.Mobile,Orders.OrderStatus,\n        Orders.PayType,Orders.Label,Orders.Release,Orders.SalesId,Orders.UptDt,Orders.CrtDt"]}
[Wed, 10 May 17 20:51:43 +0800][DEBUG] salesOrderListorder list get pages info done : 1494420703
[Wed, 10 May 17 20:51:49 +0800][DEBUG] salesOrderListfindConditions : {"conditions":"(Orders.DelFlg = 0) AND (Orders.SalesId = :salesId:)","bind":{"salesId":"9"},"columns":["Orders.Id as OrderId,Orders.OrderNo,Orders.CustomerNm,Orders.RoomId,Room.RoomNo,Orders.Mobile,Orders.OrderStatus,\n        Orders.PayType,Orders.Label,Orders.Release,Orders.SalesId,Orders.UptDt,Orders.CrtDt"]}
[Wed, 10 May 17 20:51:49 +0800][DEBUG] salesOrderListfindConditions : {"conditions":"(Orders.DelFlg = 0) AND (Orders.SalesId = :salesId:)","bind":{"salesId":"9"},"columns":["Orders.Id as OrderId,Orders.OrderNo,Orders.CustomerNm,Orders.RoomId,Room.RoomNo,Orders.Mobile,Orders.OrderStatus,\n        Orders.PayType,Orders.Label,Orders.Release,Orders.SalesId,Orders.UptDt,Orders.CrtDt"]}
[Wed, 10 May 17 20:51:49 +0800][DEBUG] salesOrderListorder list get pages info done : 1494420709
[Wed, 10 May 17 20:51:49 +0800][DEBUG] salesOrderListorder list get pages info done : 1494420709
[Wed, 10 May 17 20:51:52 +0800][DEBUG] salesOrderListfindConditions : {"conditions":"(Orders.DelFlg = 0) AND (Orders.SalesId = :salesId:)","bind":{"salesId":"9"},"columns":["Orders.Id as OrderId,Orders.OrderNo,Orders.CustomerNm,Orders.RoomId,Room.RoomNo,Orders.Mobile,Orders.OrderStatus,\n        Orders.PayType,Orders.Label,Orders.Release,Orders.SalesId,Orders.UptDt,Orders.CrtDt"]}
[Wed, 10 May 17 20:51:52 +0800][DEBUG] salesOrderListorder list get pages info done : 1494420712
[Wed, 10 May 17 20:51:52 +0800][DEBUG] salesOrderListfindConditions : {"conditions":"(Orders.DelFlg = 0) AND (Orders.SalesId = :salesId:)","bind":{"salesId":"9"},"columns":["Orders.Id as OrderId,Orders.OrderNo,Orders.CustomerNm,Orders.RoomId,Room.RoomNo,Orders.Mobile,Orders.OrderStatus,\n        Orders.PayType,Orders.Label,Orders.Release,Orders.SalesId,Orders.UptDt,Orders.CrtDt"]}
[Wed, 10 May 17 20:51:52 +0800][DEBUG] salesOrderListorder list get pages info done : 1494420712
[Wed, 10 May 17 20:51:56 +0800][DEBUG] salesOrderListfindConditions : {"conditions":"(Orders.DelFlg = 0) AND (Orders.SalesId = :salesId:)","bind":{"salesId":"9"},"columns":["Orders.Id as OrderId,Orders.OrderNo,Orders.CustomerNm,Orders.RoomId,Room.RoomNo,Orders.Mobile,Orders.OrderStatus,\n        Orders.PayType,Orders.Label,Orders.Release,Orders.SalesId,Orders.UptDt,Orders.CrtDt"]}
[Wed, 10 May 17 20:51:56 +0800][DEBUG] salesOrderListfindConditions : {"conditions":"(Orders.DelFlg = 0) AND (Orders.SalesId = :salesId:)","bind":{"salesId":"9"},"columns":["Orders.Id as OrderId,Orders.OrderNo,Orders.CustomerNm,Orders.RoomId,Room.RoomNo,Orders.Mobile,Orders.OrderStatus,\n        Orders.PayType,Orders.Label,Orders.Release,Orders.SalesId,Orders.UptDt,Orders.CrtDt"]}
[Wed, 10 May 17 20:51:56 +0800][DEBUG] salesOrderListorder list get pages info done : 1494420716
[Wed, 10 May 17 20:51:56 +0800][DEBUG] salesOrderListorder list get pages info done : 1494420716
[Wed, 10 May 17 20:52:02 +0800][DEBUG] salesOrderListfindConditions : {"conditions":"(Orders.DelFlg = 0) AND (Orders.SalesId = :salesId:)","bind":{"salesId":"9"},"columns":["Orders.Id as OrderId,Orders.OrderNo,Orders.CustomerNm,Orders.RoomId,Room.RoomNo,Orders.Mobile,Orders.OrderStatus,\n        Orders.PayType,Orders.Label,Orders.Release,Orders.SalesId,Orders.UptDt,Orders.CrtDt"]}
[Wed, 10 May 17 20:52:02 +0800][DEBUG] salesOrderListfindConditions : {"conditions":"(Orders.DelFlg = 0) AND (Orders.SalesId = :salesId:)","bind":{"salesId":"9"},"columns":["Orders.Id as OrderId,Orders.OrderNo,Orders.CustomerNm,Orders.RoomId,Room.RoomNo,Orders.Mobile,Orders.OrderStatus,\n        Orders.PayType,Orders.Label,Orders.Release,Orders.SalesId,Orders.UptDt,Orders.CrtDt"]}
[Wed, 10 May 17 20:52:02 +0800][DEBUG] salesOrderListorder list get pages info done : 1494420722
[Wed, 10 May 17 20:52:02 +0800][DEBUG] salesOrderListorder list get pages info done : 1494420722
[Wed, 10 May 17 20:52:08 +0800][DEBUG] salesOrderListfindConditions : {"conditions":"(Orders.DelFlg = 0) AND (Orders.SalesId = :salesId:)","bind":{"salesId":"9"},"columns":["Orders.Id as OrderId,Orders.OrderNo,Orders.CustomerNm,Orders.RoomId,Room.RoomNo,Orders.Mobile,Orders.OrderStatus,\n        Orders.PayType,Orders.Label,Orders.Release,Orders.SalesId,Orders.UptDt,Orders.CrtDt"]}
[Wed, 10 May 17 20:52:08 +0800][DEBUG] salesOrderListorder list get pages info done : 1494420728
[Wed, 10 May 17 20:52:08 +0800][DEBUG] salesOrderListfindConditions : {"conditions":"(Orders.DelFlg = 0) AND (Orders.SalesId = :salesId:)","bind":{"salesId":"9"},"columns":["Orders.Id as OrderId,Orders.OrderNo,Orders.CustomerNm,Orders.RoomId,Room.RoomNo,Orders.Mobile,Orders.OrderStatus,\n        Orders.PayType,Orders.Label,Orders.Release,Orders.SalesId,Orders.UptDt,Orders.CrtDt"]}
[Wed, 10 May 17 20:52:08 +0800][DEBUG] salesOrderListorder list get pages info done : 1494420728
[Wed, 10 May 17 20:52:12 +0800][DEBUG] salesOrderListfindConditions : {"conditions":"(Orders.DelFlg = 0) AND (Orders.SalesId = :salesId:)","bind":{"salesId":"9"},"columns":["Orders.Id as OrderId,Orders.OrderNo,Orders.CustomerNm,Orders.RoomId,Room.RoomNo,Orders.Mobile,Orders.OrderStatus,\n        Orders.PayType,Orders.Label,Orders.Release,Orders.SalesId,Orders.UptDt,Orders.CrtDt"]}
[Wed, 10 May 17 20:52:12 +0800][DEBUG] salesOrderListorder list get pages info done : 1494420732
[Wed, 10 May 17 20:52:12 +0800][DEBUG] salesOrderListfindConditions : {"conditions":"(Orders.DelFlg = 0) AND (Orders.SalesId = :salesId:)","bind":{"salesId":"9"},"columns":["Orders.Id as OrderId,Orders.OrderNo,Orders.CustomerNm,Orders.RoomId,Room.RoomNo,Orders.Mobile,Orders.OrderStatus,\n        Orders.PayType,Orders.Label,Orders.Release,Orders.SalesId,Orders.UptDt,Orders.CrtDt"]}
[Wed, 10 May 17 20:52:12 +0800][DEBUG] salesOrderListorder list get pages info done : 1494420732
[Wed, 10 May 17 20:52:25 +0800][DEBUG] salesOrderListfindConditions : {"conditions":"(Orders.DelFlg = 0) AND (Orders.SalesId = :salesId:)","bind":{"salesId":"9"},"columns":["Orders.Id as OrderId,Orders.OrderNo,Orders.CustomerNm,Orders.RoomId,Room.RoomNo,Orders.Mobile,Orders.OrderStatus,\n        Orders.PayType,Orders.Label,Orders.Release,Orders.SalesId,Orders.UptDt,Orders.CrtDt"]}
[Wed, 10 May 17 20:52:25 +0800][DEBUG] salesOrderListorder list get pages info done : 1494420745
[Wed, 10 May 17 20:52:25 +0800][DEBUG] salesOrderListfindConditions : {"conditions":"(Orders.DelFlg = 0) AND (Orders.SalesId = :salesId:)","bind":{"salesId":"9"},"columns":["Orders.Id as OrderId,Orders.OrderNo,Orders.CustomerNm,Orders.RoomId,Room.RoomNo,Orders.Mobile,Orders.OrderStatus,\n        Orders.PayType,Orders.Label,Orders.Release,Orders.SalesId,Orders.UptDt,Orders.CrtDt"]}
[Wed, 10 May 17 20:52:25 +0800][DEBUG] salesOrderListorder list get pages info done : 1494420745
[Wed, 10 May 17 20:52:32 +0800][DEBUG] salesOrderListfindConditions : {"conditions":"(Orders.DelFlg = 0) AND (Orders.SalesId = :salesId:)","bind":{"salesId":"9"},"columns":["Orders.Id as OrderId,Orders.OrderNo,Orders.CustomerNm,Orders.RoomId,Room.RoomNo,Orders.Mobile,Orders.OrderStatus,\n        Orders.PayType,Orders.Label,Orders.Release,Orders.SalesId,Orders.UptDt,Orders.CrtDt"]}
[Wed, 10 May 17 20:52:32 +0800][DEBUG] salesOrderListorder list get pages info done : 1494420752
[Wed, 10 May 17 20:52:32 +0800][DEBUG] salesOrderListfindConditions : {"conditions":"(Orders.DelFlg = 0) AND (Orders.SalesId = :salesId:)","bind":{"salesId":"9"},"columns":["Orders.Id as OrderId,Orders.OrderNo,Orders.CustomerNm,Orders.RoomId,Room.RoomNo,Orders.Mobile,Orders.OrderStatus,\n        Orders.PayType,Orders.Label,Orders.Release,Orders.SalesId,Orders.UptDt,Orders.CrtDt"]}
[Wed, 10 May 17 20:52:32 +0800][DEBUG] salesOrderListorder list get pages info done : 1494420752
