[Sun, 12 Mar 17 12:14:28 +0800][DEBUG] {closure} filter : {"keyword":"13666666666","orderStatus":"1","payType":"0"}
[Sun, 12 Mar 17 12:14:28 +0800][DEBUG] findConditions Conditions: "Orders.DelFlg = 0 AND (Orders.CustomerNm LIKE :customerNm:) OR (Orders.Mobile LIKE :mobile:) OR (Orders.Mobile2 LIKE :mobile2:) AND (Orders.OrderStatus = :orderStatus:) AND (Orders.PayType = :payType:)"
[Sun, 12 Mar 17 12:14:28 +0800][DEBUG] findConditions toBind: {"customerNm":"%13666666666%","mobile":"%13666666666%","mobile2":"%13666666666%","orderStatus":"1","payType":"0"}
[Sun, 12 Mar 17 12:14:28 +0800][DEBUG] orderListfindConditions : {"conditions":"Orders.DelFlg = 0 AND (Orders.CustomerNm LIKE :customerNm:) OR (Orders.Mobile LIKE :mobile:) OR (Orders.Mobile2 LIKE :mobile2:) AND (Orders.OrderStatus = :orderStatus:) AND (Orders.PayType = :payType:)","bind":{"customerNm":"%13666666666%","mobile":"%13666666666%","mobile2":"%13666666666%","orderStatus":"1","payType":"0"},"columns":["Orders.Id as OrderId,Orders.OrderNo,Orders.CustomerNm,Orders.Mobile,Orders.OrderStatus,Orders.PayType,Orders.Label,Orders.CrtDt,Orders.UptDt"]}
[Sun, 12 Mar 17 12:14:28 +0800][DEBUG] orderListorder list get pages info done : 1489292068
[Sun, 12 Mar 17 12:14:44 +0800][DEBUG] {closure} filter : {"keyword":"13222222222","orderStatus":"1","payType":"0"}
[Sun, 12 Mar 17 12:14:44 +0800][DEBUG] findConditions Conditions: "Orders.DelFlg = 0 AND (Orders.CustomerNm LIKE :customerNm:) OR (Orders.Mobile LIKE :mobile:) OR (Orders.Mobile2 LIKE :mobile2:) AND (Orders.OrderStatus = :orderStatus:) AND (Orders.PayType = :payType:)"
[Sun, 12 Mar 17 12:14:44 +0800][DEBUG] findConditions toBind: {"customerNm":"%13222222222%","mobile":"%13222222222%","mobile2":"%13222222222%","orderStatus":"1","payType":"0"}
[Sun, 12 Mar 17 12:14:44 +0800][DEBUG] orderListfindConditions : {"conditions":"Orders.DelFlg = 0 AND (Orders.CustomerNm LIKE :customerNm:) OR (Orders.Mobile LIKE :mobile:) OR (Orders.Mobile2 LIKE :mobile2:) AND (Orders.OrderStatus = :orderStatus:) AND (Orders.PayType = :payType:)","bind":{"customerNm":"%13222222222%","mobile":"%13222222222%","mobile2":"%13222222222%","orderStatus":"1","payType":"0"},"columns":["Orders.Id as OrderId,Orders.OrderNo,Orders.CustomerNm,Orders.Mobile,Orders.OrderStatus,Orders.PayType,Orders.Label,Orders.CrtDt,Orders.UptDt"]}
[Sun, 12 Mar 17 12:14:44 +0800][DEBUG] orderListorder list get pages info done : 1489292084
[Sun, 12 Mar 17 13:09:10 +0800][DEBUG] {closure} filter : {"keyword":"13222222222","orderStatus":"1","payType":"0"}
[Sun, 12 Mar 17 13:09:10 +0800][DEBUG] findConditions Conditions: "Orders.DelFlg = 0 AND (Orders.CustomerNm LIKE :customerNm:) OR (Orders.Mobile LIKE :mobile:) OR (Orders.Mobile2 LIKE :mobile2:) AND (Orders.OrderStatus = :orderStatus:) AND (Orders.PayType = :payType:)"
[Sun, 12 Mar 17 13:09:10 +0800][DEBUG] findConditions toBind: {"customerNm":"%13222222222%","mobile":"%13222222222%","mobile2":"%13222222222%","orderStatus":"1","payType":"0"}
[Sun, 12 Mar 17 13:09:10 +0800][DEBUG] orderListfindConditions : {"conditions":"Orders.DelFlg = 0 AND (Orders.CustomerNm LIKE :customerNm:) OR (Orders.Mobile LIKE :mobile:) OR (Orders.Mobile2 LIKE :mobile2:) AND (Orders.OrderStatus = :orderStatus:) AND (Orders.PayType = :payType:)","bind":{"customerNm":"%13222222222%","mobile":"%13222222222%","mobile2":"%13222222222%","orderStatus":"1","payType":"0"},"columns":["Orders.Id as OrderId,Orders.OrderNo,Orders.CustomerNm,Orders.Mobile,Orders.OrderStatus,Orders.PayType,Orders.Label,Orders.CrtDt,Orders.UptDt"]}
[Sun, 12 Mar 17 13:09:10 +0800][DEBUG] orderListorder list get pages info done : 1489295350
[Sun, 12 Mar 17 13:09:18 +0800][DEBUG] {closure} filter : {"keyword":"13222222222","orderStatus":"0","payType":"0"}
[Sun, 12 Mar 17 13:09:18 +0800][DEBUG] findConditions Conditions: "Orders.DelFlg = 0 AND (Orders.CustomerNm LIKE :customerNm:) OR (Orders.Mobile LIKE :mobile:) OR (Orders.Mobile2 LIKE :mobile2:) AND (Orders.OrderStatus = :orderStatus:) AND (Orders.PayType = :payType:)"
[Sun, 12 Mar 17 13:09:18 +0800][DEBUG] findConditions toBind: {"customerNm":"%13222222222%","mobile":"%13222222222%","mobile2":"%13222222222%","orderStatus":"0","payType":"0"}
[Sun, 12 Mar 17 13:09:18 +0800][DEBUG] orderListfindConditions : {"conditions":"Orders.DelFlg = 0 AND (Orders.CustomerNm LIKE :customerNm:) OR (Orders.Mobile LIKE :mobile:) OR (Orders.Mobile2 LIKE :mobile2:) AND (Orders.OrderStatus = :orderStatus:) AND (Orders.PayType = :payType:)","bind":{"customerNm":"%13222222222%","mobile":"%13222222222%","mobile2":"%13222222222%","orderStatus":"0","payType":"0"},"columns":["Orders.Id as OrderId,Orders.OrderNo,Orders.CustomerNm,Orders.Mobile,Orders.OrderStatus,Orders.PayType,Orders.Label,Orders.CrtDt,Orders.UptDt"]}
[Sun, 12 Mar 17 13:09:18 +0800][DEBUG] orderListorder list get pages info done : 1489295358
[Sun, 12 Mar 17 13:36:14 +0800][DEBUG] generateUserAndProjectToken公司编码错误\n
[Sun, 12 Mar 17 13:36:15 +0800][DEBUG] generateUserAndProjectToken公司编码错误\n
[Sun, 12 Mar 17 13:36:27 +0800][DEBUG] generateUserAndProjectToken公司编码错误\n
[Sun, 12 Mar 17 13:36:28 +0800][DEBUG] generateUserAndProjectToken公司编码错误\n
[Sun, 12 Mar 17 13:36:28 +0800][DEBUG] generateUserAndProjectToken公司编码错误\n
[Sun, 12 Mar 17 13:36:28 +0800][DEBUG] generateUserAndProjectToken公司编码错误\n
[Sun, 12 Mar 17 13:36:29 +0800][DEBUG] generateUserAndProjectToken公司编码错误\n
[Sun, 12 Mar 17 13:36:29 +0800][DEBUG] generateUserAndProjectToken公司编码错误\n
[Sun, 12 Mar 17 13:36:29 +0800][DEBUG] generateUserAndProjectToken公司编码错误\n
[Sun, 12 Mar 17 13:36:29 +0800][DEBUG] generateUserAndProjectToken公司编码错误\n
[Sun, 12 Mar 17 13:36:49 +0800][DEBUG] generateUserAndProjectToken公司编码错误\n
[Sun, 12 Mar 17 13:36:50 +0800][DEBUG] generateUserAndProjectToken公司编码错误\n
[Sun, 12 Mar 17 13:37:22 +0800][DEBUG] generateUserAndProjectToken公司编码错误\n
[Sun, 12 Mar 17 13:37:23 +0800][DEBUG] generateUserAndProjectToken公司编码错误\n
[Sun, 12 Mar 17 13:38:28 +0800][DEBUG] generateUserAndProjectToken公司编码错误\n
[Sun, 12 Mar 17 13:38:30 +0800][DEBUG] generateUserAndProjectToken公司编码错误\n
[Sun, 12 Mar 17 13:38:41 +0800][DEBUG] generateUserAndProjectToken公司编码错误\n
[Sun, 12 Mar 17 13:40:31 +0800][DEBUG] generateUserAndProjectToken公司编码错误\n
[Sun, 12 Mar 17 13:40:52 +0800][DEBUG] generateUserAndProjectToken公司编码错误\n
[Sun, 12 Mar 17 13:43:04 +0800][DEBUG] generateUserAndProjectToken公司编码错误\n
[Sun, 12 Mar 17 13:43:23 +0800][DEBUG] generateUserAndProjectToken公司编码错误\n
[Sun, 12 Mar 17 13:43:24 +0800][DEBUG] generateUserAndProjectToken公司编码错误\n
[Sun, 12 Mar 17 13:51:11 +0800][DEBUG] {closure} filter : {"keyword":"13222222222","orderStatus":"1","payType":"0"}
[Sun, 12 Mar 17 13:51:11 +0800][DEBUG] findConditions Conditions: "Orders.DelFlg = 0 AND (Orders.CustomerNm LIKE :customerNm:) OR (Orders.Mobile LIKE :mobile:) OR (Orders.Mobile2 LIKE :mobile2:) AND (Orders.OrderStatus = :orderStatus:) AND (Orders.PayType = :payType:)"
[Sun, 12 Mar 17 13:51:11 +0800][DEBUG] findConditions toBind: {"customerNm":"%13222222222%","mobile":"%13222222222%","mobile2":"%13222222222%","orderStatus":"1","payType":"0"}
[Sun, 12 Mar 17 13:51:11 +0800][DEBUG] orderListfindConditions : {"conditions":"Orders.DelFlg = 0 AND (Orders.CustomerNm LIKE :customerNm:) OR (Orders.Mobile LIKE :mobile:) OR (Orders.Mobile2 LIKE :mobile2:) AND (Orders.OrderStatus = :orderStatus:) AND (Orders.PayType = :payType:)","bind":{"customerNm":"%13222222222%","mobile":"%13222222222%","mobile2":"%13222222222%","orderStatus":"1","payType":"0"},"columns":["Orders.Id as OrderId,Orders.OrderNo,Orders.CustomerNm,Orders.Mobile,Orders.OrderStatus,Orders.PayType,Orders.Label,Orders.CrtDt,Orders.UptDt"]}
[Sun, 12 Mar 17 13:51:11 +0800][DEBUG] orderListorder list get pages info done : 1489297871
[Sun, 12 Mar 17 13:51:11 +0800][DEBUG] {closure} filter : {"keyword":"13222222222","orderStatus":"1","payType":"0"}
[Sun, 12 Mar 17 13:51:11 +0800][DEBUG] findConditions Conditions: "Orders.DelFlg = 0 AND (Orders.CustomerNm LIKE :customerNm:) OR (Orders.Mobile LIKE :mobile:) OR (Orders.Mobile2 LIKE :mobile2:) AND (Orders.OrderStatus = :orderStatus:) AND (Orders.PayType = :payType:)"
[Sun, 12 Mar 17 13:51:11 +0800][DEBUG] findConditions toBind: {"customerNm":"%13222222222%","mobile":"%13222222222%","mobile2":"%13222222222%","orderStatus":"1","payType":"0"}
[Sun, 12 Mar 17 13:51:11 +0800][DEBUG] orderListfindConditions : {"conditions":"Orders.DelFlg = 0 AND (Orders.CustomerNm LIKE :customerNm:) OR (Orders.Mobile LIKE :mobile:) OR (Orders.Mobile2 LIKE :mobile2:) AND (Orders.OrderStatus = :orderStatus:) AND (Orders.PayType = :payType:)","bind":{"customerNm":"%13222222222%","mobile":"%13222222222%","mobile2":"%13222222222%","orderStatus":"1","payType":"0"},"columns":["Orders.Id as OrderId,Orders.OrderNo,Orders.CustomerNm,Orders.Mobile,Orders.OrderStatus,Orders.PayType,Orders.Label,Orders.CrtDt,Orders.UptDt"]}
[Sun, 12 Mar 17 13:51:11 +0800][DEBUG] orderListorder list get pages info done : 1489297871
[Sun, 12 Mar 17 13:51:12 +0800][DEBUG] {closure} filter : {"keyword":"13222222222","orderStatus":"1","payType":"0"}
[Sun, 12 Mar 17 13:51:12 +0800][DEBUG] findConditions Conditions: "Orders.DelFlg = 0 AND (Orders.CustomerNm LIKE :customerNm:) OR (Orders.Mobile LIKE :mobile:) OR (Orders.Mobile2 LIKE :mobile2:) AND (Orders.OrderStatus = :orderStatus:) AND (Orders.PayType = :payType:)"
[Sun, 12 Mar 17 13:51:12 +0800][DEBUG] findConditions toBind: {"customerNm":"%13222222222%","mobile":"%13222222222%","mobile2":"%13222222222%","orderStatus":"1","payType":"0"}
[Sun, 12 Mar 17 13:51:12 +0800][DEBUG] orderListfindConditions : {"conditions":"Orders.DelFlg = 0 AND (Orders.CustomerNm LIKE :customerNm:) OR (Orders.Mobile LIKE :mobile:) OR (Orders.Mobile2 LIKE :mobile2:) AND (Orders.OrderStatus = :orderStatus:) AND (Orders.PayType = :payType:)","bind":{"customerNm":"%13222222222%","mobile":"%13222222222%","mobile2":"%13222222222%","orderStatus":"1","payType":"0"},"columns":["Orders.Id as OrderId,Orders.OrderNo,Orders.CustomerNm,Orders.Mobile,Orders.OrderStatus,Orders.PayType,Orders.Label,Orders.CrtDt,Orders.UptDt"]}
[Sun, 12 Mar 17 13:51:12 +0800][DEBUG] orderListorder list get pages info done : 1489297872
[Sun, 12 Mar 17 13:51:12 +0800][DEBUG] {closure} filter : {"keyword":"13222222222","orderStatus":"1","payType":"0"}
[Sun, 12 Mar 17 13:51:12 +0800][DEBUG] findConditions Conditions: "Orders.DelFlg = 0 AND (Orders.CustomerNm LIKE :customerNm:) OR (Orders.Mobile LIKE :mobile:) OR (Orders.Mobile2 LIKE :mobile2:) AND (Orders.OrderStatus = :orderStatus:) AND (Orders.PayType = :payType:)"
[Sun, 12 Mar 17 13:51:12 +0800][DEBUG] findConditions toBind: {"customerNm":"%13222222222%","mobile":"%13222222222%","mobile2":"%13222222222%","orderStatus":"1","payType":"0"}
[Sun, 12 Mar 17 13:51:12 +0800][DEBUG] orderListfindConditions : {"conditions":"Orders.DelFlg = 0 AND (Orders.CustomerNm LIKE :customerNm:) OR (Orders.Mobile LIKE :mobile:) OR (Orders.Mobile2 LIKE :mobile2:) AND (Orders.OrderStatus = :orderStatus:) AND (Orders.PayType = :payType:)","bind":{"customerNm":"%13222222222%","mobile":"%13222222222%","mobile2":"%13222222222%","orderStatus":"1","payType":"0"},"columns":["Orders.Id as OrderId,Orders.OrderNo,Orders.CustomerNm,Orders.Mobile,Orders.OrderStatus,Orders.PayType,Orders.Label,Orders.CrtDt,Orders.UptDt"]}
[Sun, 12 Mar 17 13:51:12 +0800][DEBUG] orderListorder list get pages info done : 1489297872
[Sun, 12 Mar 17 13:51:12 +0800][DEBUG] {closure} filter : {"keyword":"13222222222","orderStatus":"1","payType":"0"}
[Sun, 12 Mar 17 13:51:12 +0800][DEBUG] findConditions Conditions: "Orders.DelFlg = 0 AND (Orders.CustomerNm LIKE :customerNm:) OR (Orders.Mobile LIKE :mobile:) OR (Orders.Mobile2 LIKE :mobile2:) AND (Orders.OrderStatus = :orderStatus:) AND (Orders.PayType = :payType:)"
[Sun, 12 Mar 17 13:51:12 +0800][DEBUG] findConditions toBind: {"customerNm":"%13222222222%","mobile":"%13222222222%","mobile2":"%13222222222%","orderStatus":"1","payType":"0"}
[Sun, 12 Mar 17 13:51:12 +0800][DEBUG] orderListfindConditions : {"conditions":"Orders.DelFlg = 0 AND (Orders.CustomerNm LIKE :customerNm:) OR (Orders.Mobile LIKE :mobile:) OR (Orders.Mobile2 LIKE :mobile2:) AND (Orders.OrderStatus = :orderStatus:) AND (Orders.PayType = :payType:)","bind":{"customerNm":"%13222222222%","mobile":"%13222222222%","mobile2":"%13222222222%","orderStatus":"1","payType":"0"},"columns":["Orders.Id as OrderId,Orders.OrderNo,Orders.CustomerNm,Orders.Mobile,Orders.OrderStatus,Orders.PayType,Orders.Label,Orders.CrtDt,Orders.UptDt"]}
[Sun, 12 Mar 17 13:51:12 +0800][DEBUG] orderListorder list get pages info done : 1489297872
[Sun, 12 Mar 17 13:51:12 +0800][DEBUG] {closure} filter : {"keyword":"13222222222","orderStatus":"1","payType":"0"}
[Sun, 12 Mar 17 13:51:12 +0800][DEBUG] findConditions Conditions: "Orders.DelFlg = 0 AND (Orders.CustomerNm LIKE :customerNm:) OR (Orders.Mobile LIKE :mobile:) OR (Orders.Mobile2 LIKE :mobile2:) AND (Orders.OrderStatus = :orderStatus:) AND (Orders.PayType = :payType:)"
[Sun, 12 Mar 17 13:51:12 +0800][DEBUG] findConditions toBind: {"customerNm":"%13222222222%","mobile":"%13222222222%","mobile2":"%13222222222%","orderStatus":"1","payType":"0"}
[Sun, 12 Mar 17 13:51:12 +0800][DEBUG] orderListfindConditions : {"conditions":"Orders.DelFlg = 0 AND (Orders.CustomerNm LIKE :customerNm:) OR (Orders.Mobile LIKE :mobile:) OR (Orders.Mobile2 LIKE :mobile2:) AND (Orders.OrderStatus = :orderStatus:) AND (Orders.PayType = :payType:)","bind":{"customerNm":"%13222222222%","mobile":"%13222222222%","mobile2":"%13222222222%","orderStatus":"1","payType":"0"},"columns":["Orders.Id as OrderId,Orders.OrderNo,Orders.CustomerNm,Orders.Mobile,Orders.OrderStatus,Orders.PayType,Orders.Label,Orders.CrtDt,Orders.UptDt"]}
[Sun, 12 Mar 17 13:51:12 +0800][DEBUG] orderListorder list get pages info done : 1489297872
[Sun, 12 Mar 17 13:51:29 +0800][DEBUG] {closure} filter : {"keyword":"13222222222","orderStatus":"1","payType":"0"}
[Sun, 12 Mar 17 13:51:29 +0800][DEBUG] findConditions Conditions: "Orders.DelFlg = 0 AND (Orders.CustomerNm LIKE :customerNm:) OR (Orders.Mobile LIKE :mobile:) OR (Orders.Mobile2 LIKE :mobile2:) AND (Orders.OrderStatus = :orderStatus:) AND (Orders.PayType = :payType:)"
[Sun, 12 Mar 17 13:51:29 +0800][DEBUG] findConditions toBind: {"customerNm":"%13222222222%","mobile":"%13222222222%","mobile2":"%13222222222%","orderStatus":"1","payType":"0"}
[Sun, 12 Mar 17 13:51:29 +0800][DEBUG] orderListfindConditions : {"conditions":"Orders.DelFlg = 0 AND (Orders.CustomerNm LIKE :customerNm:) OR (Orders.Mobile LIKE :mobile:) OR (Orders.Mobile2 LIKE :mobile2:) AND (Orders.OrderStatus = :orderStatus:) AND (Orders.PayType = :payType:)","bind":{"customerNm":"%13222222222%","mobile":"%13222222222%","mobile2":"%13222222222%","orderStatus":"1","payType":"0"},"columns":["Orders.Id as OrderId,Orders.OrderNo,Orders.CustomerNm,Orders.Mobile,Orders.OrderStatus,Orders.PayType,Orders.Label,Orders.CrtDt,Orders.UptDt"]}
[Sun, 12 Mar 17 13:51:29 +0800][DEBUG] orderListorder list get pages info done : 1489297889
[Sun, 12 Mar 17 13:51:30 +0800][DEBUG] {closure} filter : {"keyword":"13222222222","orderStatus":"1","payType":"0"}
[Sun, 12 Mar 17 13:51:30 +0800][DEBUG] findConditions Conditions: "Orders.DelFlg = 0 AND (Orders.CustomerNm LIKE :customerNm:) OR (Orders.Mobile LIKE :mobile:) OR (Orders.Mobile2 LIKE :mobile2:) AND (Orders.OrderStatus = :orderStatus:) AND (Orders.PayType = :payType:)"
[Sun, 12 Mar 17 13:51:30 +0800][DEBUG] findConditions toBind: {"customerNm":"%13222222222%","mobile":"%13222222222%","mobile2":"%13222222222%","orderStatus":"1","payType":"0"}
[Sun, 12 Mar 17 13:51:30 +0800][DEBUG] orderListfindConditions : {"conditions":"Orders.DelFlg = 0 AND (Orders.CustomerNm LIKE :customerNm:) OR (Orders.Mobile LIKE :mobile:) OR (Orders.Mobile2 LIKE :mobile2:) AND (Orders.OrderStatus = :orderStatus:) AND (Orders.PayType = :payType:)","bind":{"customerNm":"%13222222222%","mobile":"%13222222222%","mobile2":"%13222222222%","orderStatus":"1","payType":"0"},"columns":["Orders.Id as OrderId,Orders.OrderNo,Orders.CustomerNm,Orders.Mobile,Orders.OrderStatus,Orders.PayType,Orders.Label,Orders.CrtDt,Orders.UptDt"]}
[Sun, 12 Mar 17 13:51:30 +0800][DEBUG] orderListorder list get pages info done : 1489297890
[Sun, 12 Mar 17 13:51:32 +0800][DEBUG] {closure} filter : {"keyword":"13222222222","orderStatus":"1","payType":"0"}
[Sun, 12 Mar 17 13:51:32 +0800][DEBUG] findConditions Conditions: "Orders.DelFlg = 0 AND (Orders.CustomerNm LIKE :customerNm:) OR (Orders.Mobile LIKE :mobile:) OR (Orders.Mobile2 LIKE :mobile2:) AND (Orders.OrderStatus = :orderStatus:) AND (Orders.PayType = :payType:)"
[Sun, 12 Mar 17 13:51:32 +0800][DEBUG] findConditions toBind: {"customerNm":"%13222222222%","mobile":"%13222222222%","mobile2":"%13222222222%","orderStatus":"1","payType":"0"}
[Sun, 12 Mar 17 13:51:32 +0800][DEBUG] orderListfindConditions : {"conditions":"Orders.DelFlg = 0 AND (Orders.CustomerNm LIKE :customerNm:) OR (Orders.Mobile LIKE :mobile:) OR (Orders.Mobile2 LIKE :mobile2:) AND (Orders.OrderStatus = :orderStatus:) AND (Orders.PayType = :payType:)","bind":{"customerNm":"%13222222222%","mobile":"%13222222222%","mobile2":"%13222222222%","orderStatus":"1","payType":"0"},"columns":["Orders.Id as OrderId,Orders.OrderNo,Orders.CustomerNm,Orders.Mobile,Orders.OrderStatus,Orders.PayType,Orders.Label,Orders.CrtDt,Orders.UptDt"]}
[Sun, 12 Mar 17 13:51:32 +0800][DEBUG] orderListorder list get pages info done : 1489297892
[Sun, 12 Mar 17 13:51:40 +0800][DEBUG] {closure} filter : {"keyword":"13222222222","orderStatus":"1","payType":"0"}
[Sun, 12 Mar 17 13:51:40 +0800][DEBUG] findConditions Conditions: "Orders.DelFlg = 0 AND (Orders.CustomerNm LIKE :customerNm:) OR (Orders.Mobile LIKE :mobile:) OR (Orders.Mobile2 LIKE :mobile2:) AND (Orders.OrderStatus = :orderStatus:) AND (Orders.PayType = :payType:)"
[Sun, 12 Mar 17 13:51:40 +0800][DEBUG] findConditions toBind: {"customerNm":"%13222222222%","mobile":"%13222222222%","mobile2":"%13222222222%","orderStatus":"1","payType":"0"}
[Sun, 12 Mar 17 13:51:40 +0800][DEBUG] orderListfindConditions : {"conditions":"Orders.DelFlg = 0 AND (Orders.CustomerNm LIKE :customerNm:) OR (Orders.Mobile LIKE :mobile:) OR (Orders.Mobile2 LIKE :mobile2:) AND (Orders.OrderStatus = :orderStatus:) AND (Orders.PayType = :payType:)","bind":{"customerNm":"%13222222222%","mobile":"%13222222222%","mobile2":"%13222222222%","orderStatus":"1","payType":"0"},"columns":["Orders.Id as OrderId,Orders.OrderNo,Orders.CustomerNm,Orders.Mobile,Orders.OrderStatus,Orders.PayType,Orders.Label,Orders.CrtDt,Orders.UptDt"]}
[Sun, 12 Mar 17 13:51:40 +0800][DEBUG] orderListorder list get pages info done : 1489297900
[Sun, 12 Mar 17 16:58:15 +0800][DEBUG] {closure} filter : {"keyword":"13222222222","orderStatus":"1","payType":"0"}
[Sun, 12 Mar 17 16:58:15 +0800][DEBUG] findConditions Conditions: "Orders.DelFlg = 0 AND (Orders.CustomerNm LIKE :customerNm:) OR (Orders.Mobile LIKE :mobile:) OR (Orders.Mobile2 LIKE :mobile2:) AND (Orders.OrderStatus = :orderStatus:) AND (Orders.PayType = :payType:)"
[Sun, 12 Mar 17 16:58:15 +0800][DEBUG] findConditions toBind: {"customerNm":"%13222222222%","mobile":"%13222222222%","mobile2":"%13222222222%","orderStatus":"1","payType":"0"}
[Sun, 12 Mar 17 16:58:15 +0800][DEBUG] orderListfindConditions : {"conditions":"Orders.DelFlg = 0 AND (Orders.CustomerNm LIKE :customerNm:) OR (Orders.Mobile LIKE :mobile:) OR (Orders.Mobile2 LIKE :mobile2:) AND (Orders.OrderStatus = :orderStatus:) AND (Orders.PayType = :payType:)","bind":{"customerNm":"%13222222222%","mobile":"%13222222222%","mobile2":"%13222222222%","orderStatus":"1","payType":"0"},"columns":["Orders.Id as OrderId,Orders.OrderNo,Orders.CustomerNm,Orders.Mobile,Orders.OrderStatus,Orders.PayType,Orders.Label,Orders.CrtDt,Orders.UptDt"]}
[Sun, 12 Mar 17 16:58:15 +0800][DEBUG] orderListorder list get pages info done : 1489309095
[Sun, 12 Mar 17 16:58:21 +0800][DEBUG] {closure} filter : {"keyword":"13222222222","orderStatus":"1","payType":"0"}
[Sun, 12 Mar 17 16:58:21 +0800][DEBUG] findConditions Conditions: "Orders.DelFlg = 0 AND (Orders.CustomerNm LIKE :customerNm:) OR (Orders.Mobile LIKE :mobile:) OR (Orders.Mobile2 LIKE :mobile2:) AND (Orders.OrderStatus = :orderStatus:) AND (Orders.PayType = :payType:)"
[Sun, 12 Mar 17 16:58:21 +0800][DEBUG] findConditions toBind: {"customerNm":"%13222222222%","mobile":"%13222222222%","mobile2":"%13222222222%","orderStatus":"1","payType":"0"}
[Sun, 12 Mar 17 16:58:21 +0800][DEBUG] orderListfindConditions : {"conditions":"Orders.DelFlg = 0 AND (Orders.CustomerNm LIKE :customerNm:) OR (Orders.Mobile LIKE :mobile:) OR (Orders.Mobile2 LIKE :mobile2:) AND (Orders.OrderStatus = :orderStatus:) AND (Orders.PayType = :payType:)","bind":{"customerNm":"%13222222222%","mobile":"%13222222222%","mobile2":"%13222222222%","orderStatus":"1","payType":"0"},"columns":["Orders.Id as OrderId,Orders.OrderNo,Orders.CustomerNm,Orders.Mobile,Orders.OrderStatus,Orders.PayType,Orders.Label,Orders.CrtDt,Orders.UptDt"]}
[Sun, 12 Mar 17 16:58:21 +0800][DEBUG] orderListorder list get pages info done : 1489309101
