[Sun, 30 Apr 17 16:59:42 +0800][DEBUG] {closure} clerk orderList filter: {"projectId":"20170421091504951435"}
[Sun, 30 Apr 17 16:59:42 +0800][DEBUG] clerkOrderListfindConditions : {"conditions":"(Orders.ClerkId = :clerkId:) AND (Orders.ProjectId = :projectId:)","bind":{"clerkId":"1","projectId":"20170421091504951435"},"columns":["Orders.Id as OrderId,Orders.OrderNo,Orders.CustomerNm,Orders.RoomId,Room.RoomNo,Orders.Mobile,\n         Orders.OrderStatus,Orders.UpdateStatus,Orders.Memo,Orders.PayType,Orders.Label,Orders.ClerkId,Orders.CrtDt"]}
[Sun, 30 Apr 17 16:59:42 +0800][DEBUG] {closure} clerk orderList filter: {"projectId":"20170421091504951435"}
[Sun, 30 Apr 17 16:59:42 +0800][DEBUG] clerkOrderListfindConditions : {"conditions":"(Orders.ClerkId = :clerkId:) AND (Orders.ProjectId = :projectId:)","bind":{"clerkId":"1","projectId":"20170421091504951435"},"columns":["Orders.Id as OrderId,Orders.OrderNo,Orders.CustomerNm,Orders.RoomId,Room.RoomNo,Orders.Mobile,\n         Orders.OrderStatus,Orders.UpdateStatus,Orders.Memo,Orders.PayType,Orders.Label,Orders.ClerkId,Orders.CrtDt"]}
[Sun, 30 Apr 17 16:59:42 +0800][DEBUG] clerkOrderListorder list get pages info done : 1493542782
[Sun, 30 Apr 17 16:59:42 +0800][DEBUG] clerkOrderListorder list get pages info done : 1493542782
[Sun, 30 Apr 17 16:59:47 +0800][DEBUG] {closure} clerk orderList filter: {"groupStatus":"3","projectId":"20170421091504951435"}
[Sun, 30 Apr 17 16:59:47 +0800][DEBUG] clerkOrderListfindConditions : {"conditions":"(Orders.ClerkId = :clerkId:) AND (Orders.ProjectId = :projectId:) AND (Orders.OrderStatus in ({orderStatus:array}))","bind":{"clerkId":"1","projectId":"20170421091504951435","orderStatus":["7","10","12","13","14","15"]},"columns":["Orders.Id as OrderId,Orders.OrderNo,Orders.CustomerNm,Orders.RoomId,Room.RoomNo,Orders.Mobile,\n         Orders.OrderStatus,Orders.UpdateStatus,Orders.Memo,Orders.PayType,Orders.Label,Orders.ClerkId,Orders.CrtDt"]}
[Sun, 30 Apr 17 16:59:47 +0800][DEBUG] clerkOrderListorder list get pages info done : 1493542787
[Sun, 30 Apr 17 16:59:52 +0800][DEBUG] {closure} clerk orderList filter: {"groupStatus":"6","projectId":"20170421091504951435"}
[Sun, 30 Apr 17 16:59:52 +0800][DEBUG] clerkOrderListfindConditions : {"conditions":"(Orders.ClerkId = :clerkId:) AND (Orders.ProjectId = :projectId:) AND (Orders.OrderStatus in ({orderStatus:array}))","bind":{"clerkId":"1","projectId":"20170421091504951435","orderStatus":["22","23","24","25"]},"columns":["Orders.Id as OrderId,Orders.OrderNo,Orders.CustomerNm,Orders.RoomId,Room.RoomNo,Orders.Mobile,\n         Orders.OrderStatus,Orders.UpdateStatus,Orders.Memo,Orders.PayType,Orders.Label,Orders.ClerkId,Orders.CrtDt"]}
[Sun, 30 Apr 17 16:59:52 +0800][DEBUG] clerkOrderListorder list get pages info done : 1493542792
[Sun, 30 Apr 17 16:59:57 +0800][DEBUG] {closure} clerk orderList filter: {"projectId":"20170421091504951435"}
[Sun, 30 Apr 17 16:59:57 +0800][DEBUG] {closure} clerk orderList filter: {"projectId":"20170421091504951435"}
[Sun, 30 Apr 17 16:59:57 +0800][DEBUG] clerkOrderListfindConditions : {"conditions":"(Orders.ClerkId = :clerkId:) AND (Orders.ProjectId = :projectId:)","bind":{"clerkId":"1","projectId":"20170421091504951435"},"columns":["Orders.Id as OrderId,Orders.OrderNo,Orders.CustomerNm,Orders.RoomId,Room.RoomNo,Orders.Mobile,\n         Orders.OrderStatus,Orders.UpdateStatus,Orders.Memo,Orders.PayType,Orders.Label,Orders.ClerkId,Orders.CrtDt"]}
[Sun, 30 Apr 17 16:59:57 +0800][DEBUG] clerkOrderListfindConditions : {"conditions":"(Orders.ClerkId = :clerkId:) AND (Orders.ProjectId = :projectId:)","bind":{"clerkId":"1","projectId":"20170421091504951435"},"columns":["Orders.Id as OrderId,Orders.OrderNo,Orders.CustomerNm,Orders.RoomId,Room.RoomNo,Orders.Mobile,\n         Orders.OrderStatus,Orders.UpdateStatus,Orders.Memo,Orders.PayType,Orders.Label,Orders.ClerkId,Orders.CrtDt"]}
[Sun, 30 Apr 17 16:59:57 +0800][DEBUG] clerkOrderListorder list get pages info done : 1493542797
[Sun, 30 Apr 17 16:59:57 +0800][DEBUG] clerkOrderListorder list get pages info done : 1493542797
[Sun, 30 Apr 17 17:00:07 +0800][DEBUG] {closure} clerk orderList filter: {"projectId":"20170424092517130008"}
[Sun, 30 Apr 17 17:00:07 +0800][DEBUG] clerkOrderListfindConditions : {"conditions":"(Orders.ClerkId = :clerkId:) AND (Orders.ProjectId = :projectId:)","bind":{"clerkId":"1","projectId":"20170424092517130008"},"columns":["Orders.Id as OrderId,Orders.OrderNo,Orders.CustomerNm,Orders.RoomId,Room.RoomNo,Orders.Mobile,\n         Orders.OrderStatus,Orders.UpdateStatus,Orders.Memo,Orders.PayType,Orders.Label,Orders.ClerkId,Orders.CrtDt"]}
[Sun, 30 Apr 17 17:00:07 +0800][DEBUG] clerkOrderListorder list get pages info done : 1493542807
[Sun, 30 Apr 17 17:00:17 +0800][DEBUG] {closure} clerk orderList filter: {"projectId":"20170424102036423314"}
[Sun, 30 Apr 17 17:00:17 +0800][DEBUG] clerkOrderListfindConditions : {"conditions":"(Orders.ClerkId = :clerkId:) AND (Orders.ProjectId = :projectId:)","bind":{"clerkId":"1","projectId":"20170424102036423314"},"columns":["Orders.Id as OrderId,Orders.OrderNo,Orders.CustomerNm,Orders.RoomId,Room.RoomNo,Orders.Mobile,\n         Orders.OrderStatus,Orders.UpdateStatus,Orders.Memo,Orders.PayType,Orders.Label,Orders.ClerkId,Orders.CrtDt"]}
[Sun, 30 Apr 17 17:00:17 +0800][DEBUG] clerkOrderListorder list get pages info done : 1493542817
[Sun, 30 Apr 17 17:02:40 +0800][DEBUG] {closure} clerk orderList filter: {"projectId":"20170424102036423314"}
[Sun, 30 Apr 17 17:02:40 +0800][DEBUG] clerkOrderListfindConditions : {"conditions":"(Orders.ClerkId = :clerkId:) AND (Orders.ProjectId = :projectId:)","bind":{"clerkId":"2","projectId":"20170424102036423314"},"columns":["Orders.Id as OrderId,Orders.OrderNo,Orders.CustomerNm,Orders.RoomId,Room.RoomNo,Orders.Mobile,\n         Orders.OrderStatus,Orders.UpdateStatus,Orders.Memo,Orders.PayType,Orders.Label,Orders.ClerkId,Orders.CrtDt"]}
[Sun, 30 Apr 17 17:02:40 +0800][DEBUG] clerkOrderListorder list get pages info done : 1493542960
[Sun, 30 Apr 17 17:02:40 +0800][DEBUG] {closure} clerk orderList filter: {"projectId":"20170424102036423314"}
[Sun, 30 Apr 17 17:02:40 +0800][DEBUG] clerkOrderListfindConditions : {"conditions":"(Orders.ClerkId = :clerkId:) AND (Orders.ProjectId = :projectId:)","bind":{"clerkId":"2","projectId":"20170424102036423314"},"columns":["Orders.Id as OrderId,Orders.OrderNo,Orders.CustomerNm,Orders.RoomId,Room.RoomNo,Orders.Mobile,\n         Orders.OrderStatus,Orders.UpdateStatus,Orders.Memo,Orders.PayType,Orders.Label,Orders.ClerkId,Orders.CrtDt"]}
[Sun, 30 Apr 17 17:02:40 +0800][DEBUG] clerkOrderListorder list get pages info done : 1493542960
[Sun, 30 Apr 17 17:02:40 +0800][DEBUG] {closure} clerk orderList filter: {"projectId":"20170421091504951435"}
[Sun, 30 Apr 17 17:02:40 +0800][DEBUG] clerkOrderListfindConditions : {"conditions":"(Orders.ClerkId = :clerkId:) AND (Orders.ProjectId = :projectId:)","bind":{"clerkId":"2","projectId":"20170421091504951435"},"columns":["Orders.Id as OrderId,Orders.OrderNo,Orders.CustomerNm,Orders.RoomId,Room.RoomNo,Orders.Mobile,\n         Orders.OrderStatus,Orders.UpdateStatus,Orders.Memo,Orders.PayType,Orders.Label,Orders.ClerkId,Orders.CrtDt"]}
[Sun, 30 Apr 17 17:02:40 +0800][DEBUG] clerkOrderListorder list get pages info done : 1493542960
[Sun, 30 Apr 17 17:02:40 +0800][DEBUG] {closure} clerk orderList filter: {"projectId":"20170421091504951435"}
[Sun, 30 Apr 17 17:02:40 +0800][DEBUG] clerkOrderListfindConditions : {"conditions":"(Orders.ClerkId = :clerkId:) AND (Orders.ProjectId = :projectId:)","bind":{"clerkId":"2","projectId":"20170421091504951435"},"columns":["Orders.Id as OrderId,Orders.OrderNo,Orders.CustomerNm,Orders.RoomId,Room.RoomNo,Orders.Mobile,\n         Orders.OrderStatus,Orders.UpdateStatus,Orders.Memo,Orders.PayType,Orders.Label,Orders.ClerkId,Orders.CrtDt"]}
[Sun, 30 Apr 17 17:02:40 +0800][DEBUG] clerkOrderListorder list get pages info done : 1493542960
[Sun, 30 Apr 17 17:02:44 +0800][DEBUG] {closure} clerk orderList filter: {"projectId":"20170424092517130008"}
[Sun, 30 Apr 17 17:02:44 +0800][DEBUG] clerkOrderListfindConditions : {"conditions":"(Orders.ClerkId = :clerkId:) AND (Orders.ProjectId = :projectId:)","bind":{"clerkId":"2","projectId":"20170424092517130008"},"columns":["Orders.Id as OrderId,Orders.OrderNo,Orders.CustomerNm,Orders.RoomId,Room.RoomNo,Orders.Mobile,\n         Orders.OrderStatus,Orders.UpdateStatus,Orders.Memo,Orders.PayType,Orders.Label,Orders.ClerkId,Orders.CrtDt"]}
[Sun, 30 Apr 17 17:02:44 +0800][DEBUG] clerkOrderListorder list get pages info done : 1493542964
[Sun, 30 Apr 17 17:02:49 +0800][DEBUG] {closure} clerk orderList filter: {"groupStatus":"3","orderStatus":"12","projectId":"20170424092517130008"}
[Sun, 30 Apr 17 17:02:49 +0800][DEBUG] clerkOrderListfindConditions : {"conditions":"(Orders.ClerkId = :clerkId:) AND (Orders.ProjectId = :projectId:) AND (Orders.OrderStatus = :orderStatus:)","bind":{"clerkId":"2","projectId":"20170424092517130008","orderStatus":"12"},"columns":["Orders.Id as OrderId,Orders.OrderNo,Orders.CustomerNm,Orders.RoomId,Room.RoomNo,Orders.Mobile,\n         Orders.OrderStatus,Orders.UpdateStatus,Orders.Memo,Orders.PayType,Orders.Label,Orders.ClerkId,Orders.CrtDt"]}
[Sun, 30 Apr 17 17:02:49 +0800][DEBUG] clerkOrderListorder list get pages info done : 1493542969
[Sun, 30 Apr 17 17:03:03 +0800][DEBUG] {closure} clerk orderList filter: {"groupStatus":"3","orderStatus":"12","projectId":"20170424092517130008"}
[Sun, 30 Apr 17 17:03:03 +0800][DEBUG] clerkOrderListfindConditions : {"conditions":"(Orders.ClerkId = :clerkId:) AND (Orders.ProjectId = :projectId:) AND (Orders.OrderStatus = :orderStatus:)","bind":{"clerkId":"4","projectId":"20170424092517130008","orderStatus":"12"},"columns":["Orders.Id as OrderId,Orders.OrderNo,Orders.CustomerNm,Orders.RoomId,Room.RoomNo,Orders.Mobile,\n         Orders.OrderStatus,Orders.UpdateStatus,Orders.Memo,Orders.PayType,Orders.Label,Orders.ClerkId,Orders.CrtDt"]}
[Sun, 30 Apr 17 17:03:03 +0800][DEBUG] clerkOrderListorder list get pages info done : 1493542983
[Sun, 30 Apr 17 17:03:03 +0800][DEBUG] {closure} clerk orderList filter: {"groupStatus":"3","orderStatus":"12","projectId":"20170424092517130008"}
[Sun, 30 Apr 17 17:03:03 +0800][DEBUG] clerkOrderListfindConditions : {"conditions":"(Orders.ClerkId = :clerkId:) AND (Orders.ProjectId = :projectId:) AND (Orders.OrderStatus = :orderStatus:)","bind":{"clerkId":"4","projectId":"20170424092517130008","orderStatus":"12"},"columns":["Orders.Id as OrderId,Orders.OrderNo,Orders.CustomerNm,Orders.RoomId,Room.RoomNo,Orders.Mobile,\n         Orders.OrderStatus,Orders.UpdateStatus,Orders.Memo,Orders.PayType,Orders.Label,Orders.ClerkId,Orders.CrtDt"]}
[Sun, 30 Apr 17 17:03:03 +0800][DEBUG] clerkOrderListorder list get pages info done : 1493542983
[Sun, 30 Apr 17 17:03:03 +0800][DEBUG] {closure} clerk orderList filter: {"groupStatus":"3","orderStatus":"12","projectId":"20170421091504951435"}
[Sun, 30 Apr 17 17:03:03 +0800][DEBUG] clerkOrderListfindConditions : {"conditions":"(Orders.ClerkId = :clerkId:) AND (Orders.ProjectId = :projectId:) AND (Orders.OrderStatus = :orderStatus:)","bind":{"clerkId":"4","projectId":"20170421091504951435","orderStatus":"12"},"columns":["Orders.Id as OrderId,Orders.OrderNo,Orders.CustomerNm,Orders.RoomId,Room.RoomNo,Orders.Mobile,\n         Orders.OrderStatus,Orders.UpdateStatus,Orders.Memo,Orders.PayType,Orders.Label,Orders.ClerkId,Orders.CrtDt"]}
[Sun, 30 Apr 17 17:03:03 +0800][DEBUG] clerkOrderListorder list get pages info done : 1493542983
[Sun, 30 Apr 17 17:03:03 +0800][DEBUG] {closure} clerk orderList filter: {"groupStatus":"3","orderStatus":"12","projectId":"20170421091504951435"}
[Sun, 30 Apr 17 17:03:03 +0800][DEBUG] clerkOrderListfindConditions : {"conditions":"(Orders.ClerkId = :clerkId:) AND (Orders.ProjectId = :projectId:) AND (Orders.OrderStatus = :orderStatus:)","bind":{"clerkId":"4","projectId":"20170421091504951435","orderStatus":"12"},"columns":["Orders.Id as OrderId,Orders.OrderNo,Orders.CustomerNm,Orders.RoomId,Room.RoomNo,Orders.Mobile,\n         Orders.OrderStatus,Orders.UpdateStatus,Orders.Memo,Orders.PayType,Orders.Label,Orders.ClerkId,Orders.CrtDt"]}
[Sun, 30 Apr 17 17:03:03 +0800][DEBUG] clerkOrderListorder list get pages info done : 1493542983
[Sun, 30 Apr 17 17:03:08 +0800][DEBUG] {closure} clerk orderList filter: {"groupStatus":"3","orderStatus":"12","projectId":"20170424092517130008"}
[Sun, 30 Apr 17 17:03:08 +0800][DEBUG] clerkOrderListfindConditions : {"conditions":"(Orders.ClerkId = :clerkId:) AND (Orders.ProjectId = :projectId:) AND (Orders.OrderStatus = :orderStatus:)","bind":{"clerkId":"4","projectId":"20170424092517130008","orderStatus":"12"},"columns":["Orders.Id as OrderId,Orders.OrderNo,Orders.CustomerNm,Orders.RoomId,Room.RoomNo,Orders.Mobile,\n         Orders.OrderStatus,Orders.UpdateStatus,Orders.Memo,Orders.PayType,Orders.Label,Orders.ClerkId,Orders.CrtDt"]}
[Sun, 30 Apr 17 17:03:08 +0800][DEBUG] clerkOrderListorder list get pages info done : 1493542988
[Sun, 30 Apr 17 17:03:12 +0800][DEBUG] {closure} clerk orderList filter: {"groupStatus":"3","orderStatus":"12","projectId":"20170424101953524207"}
[Sun, 30 Apr 17 17:03:12 +0800][DEBUG] clerkOrderListfindConditions : {"conditions":"(Orders.ClerkId = :clerkId:) AND (Orders.ProjectId = :projectId:) AND (Orders.OrderStatus = :orderStatus:)","bind":{"clerkId":"4","projectId":"20170424101953524207","orderStatus":"12"},"columns":["Orders.Id as OrderId,Orders.OrderNo,Orders.CustomerNm,Orders.RoomId,Room.RoomNo,Orders.Mobile,\n         Orders.OrderStatus,Orders.UpdateStatus,Orders.Memo,Orders.PayType,Orders.Label,Orders.ClerkId,Orders.CrtDt"]}
[Sun, 30 Apr 17 17:03:12 +0800][DEBUG] clerkOrderListorder list get pages info done : 1493542992
[Sun, 30 Apr 17 17:03:17 +0800][DEBUG] {closure} clerk orderList filter: {"groupStatus":"3","orderStatus":"12","projectId":"20170424101953524207"}
[Sun, 30 Apr 17 17:03:17 +0800][DEBUG] clerkOrderListfindConditions : {"conditions":"(Orders.ClerkId = :clerkId:) AND (Orders.ProjectId = :projectId:) AND (Orders.OrderStatus = :orderStatus:)","bind":{"clerkId":"4","projectId":"20170424101953524207","orderStatus":"12"},"columns":["Orders.Id as OrderId,Orders.OrderNo,Orders.CustomerNm,Orders.RoomId,Room.RoomNo,Orders.Mobile,\n         Orders.OrderStatus,Orders.UpdateStatus,Orders.Memo,Orders.PayType,Orders.Label,Orders.ClerkId,Orders.CrtDt"]}
[Sun, 30 Apr 17 17:03:17 +0800][DEBUG] clerkOrderListorder list get pages info done : 1493542997
[Sun, 30 Apr 17 17:03:19 +0800][DEBUG] {closure} clerk orderList filter: {"projectId":"20170424101953524207"}
[Sun, 30 Apr 17 17:03:19 +0800][DEBUG] clerkOrderListfindConditions : {"conditions":"(Orders.ClerkId = :clerkId:) AND (Orders.ProjectId = :projectId:)","bind":{"clerkId":"4","projectId":"20170424101953524207"},"columns":["Orders.Id as OrderId,Orders.OrderNo,Orders.CustomerNm,Orders.RoomId,Room.RoomNo,Orders.Mobile,\n         Orders.OrderStatus,Orders.UpdateStatus,Orders.Memo,Orders.PayType,Orders.Label,Orders.ClerkId,Orders.CrtDt"]}
[Sun, 30 Apr 17 17:03:19 +0800][DEBUG] clerkOrderListorder list get pages info done : 1493542999
[Sun, 30 Apr 17 17:03:24 +0800][DEBUG] {closure} clerk orderList filter: {"projectId":"20170424092517130008"}
[Sun, 30 Apr 17 17:03:24 +0800][DEBUG] clerkOrderListfindConditions : {"conditions":"(Orders.ClerkId = :clerkId:) AND (Orders.ProjectId = :projectId:)","bind":{"clerkId":"4","projectId":"20170424092517130008"},"columns":["Orders.Id as OrderId,Orders.OrderNo,Orders.CustomerNm,Orders.RoomId,Room.RoomNo,Orders.Mobile,\n         Orders.OrderStatus,Orders.UpdateStatus,Orders.Memo,Orders.PayType,Orders.Label,Orders.ClerkId,Orders.CrtDt"]}
[Sun, 30 Apr 17 17:03:24 +0800][DEBUG] clerkOrderListorder list get pages info done : 1493543004
[Sun, 30 Apr 17 17:03:27 +0800][DEBUG] {closure} clerk orderList filter: {"projectId":"20170421091504951435"}
[Sun, 30 Apr 17 17:03:27 +0800][DEBUG] clerkOrderListfindConditions : {"conditions":"(Orders.ClerkId = :clerkId:) AND (Orders.ProjectId = :projectId:)","bind":{"clerkId":"4","projectId":"20170421091504951435"},"columns":["Orders.Id as OrderId,Orders.OrderNo,Orders.CustomerNm,Orders.RoomId,Room.RoomNo,Orders.Mobile,\n         Orders.OrderStatus,Orders.UpdateStatus,Orders.Memo,Orders.PayType,Orders.Label,Orders.ClerkId,Orders.CrtDt"]}
[Sun, 30 Apr 17 17:03:27 +0800][DEBUG] {closure} clerk orderList filter: {"projectId":"20170421091504951435"}
[Sun, 30 Apr 17 17:03:27 +0800][DEBUG] clerkOrderListfindConditions : {"conditions":"(Orders.ClerkId = :clerkId:) AND (Orders.ProjectId = :projectId:)","bind":{"clerkId":"4","projectId":"20170421091504951435"},"columns":["Orders.Id as OrderId,Orders.OrderNo,Orders.CustomerNm,Orders.RoomId,Room.RoomNo,Orders.Mobile,\n         Orders.OrderStatus,Orders.UpdateStatus,Orders.Memo,Orders.PayType,Orders.Label,Orders.ClerkId,Orders.CrtDt"]}
[Sun, 30 Apr 17 17:03:27 +0800][DEBUG] clerkOrderListorder list get pages info done : 1493543007
[Sun, 30 Apr 17 17:03:27 +0800][DEBUG] clerkOrderListorder list get pages info done : 1493543007
[Sun, 30 Apr 17 17:03:34 +0800][DEBUG] {closure} clerk orderList filter: {"groupStatus":"6","projectId":"20170421091504951435"}
[Sun, 30 Apr 17 17:03:34 +0800][DEBUG] clerkOrderListfindConditions : {"conditions":"(Orders.ClerkId = :clerkId:) AND (Orders.ProjectId = :projectId:) AND (Orders.OrderStatus in ({orderStatus:array}))","bind":{"clerkId":"4","projectId":"20170421091504951435","orderStatus":["22","23","24","25"]},"columns":["Orders.Id as OrderId,Orders.OrderNo,Orders.CustomerNm,Orders.RoomId,Room.RoomNo,Orders.Mobile,\n         Orders.OrderStatus,Orders.UpdateStatus,Orders.Memo,Orders.PayType,Orders.Label,Orders.ClerkId,Orders.CrtDt"]}
[Sun, 30 Apr 17 17:03:34 +0800][DEBUG] clerkOrderListorder list get pages info done : 1493543014
[Sun, 30 Apr 17 17:03:37 +0800][DEBUG] {closure} clerk orderList filter: {"groupStatus":"6","orderStatus":"24","projectId":"20170421091504951435"}
[Sun, 30 Apr 17 17:03:37 +0800][DEBUG] clerkOrderListfindConditions : {"conditions":"(Orders.ClerkId = :clerkId:) AND (Orders.ProjectId = :projectId:) AND (Orders.OrderStatus = :orderStatus:)","bind":{"clerkId":"4","projectId":"20170421091504951435","orderStatus":"24"},"columns":["Orders.Id as OrderId,Orders.OrderNo,Orders.CustomerNm,Orders.RoomId,Room.RoomNo,Orders.Mobile,\n         Orders.OrderStatus,Orders.UpdateStatus,Orders.Memo,Orders.PayType,Orders.Label,Orders.ClerkId,Orders.CrtDt"]}
[Sun, 30 Apr 17 17:03:37 +0800][DEBUG] clerkOrderListorder list get pages info done : 1493543017
[Sun, 30 Apr 17 17:03:39 +0800][DEBUG] {closure} clerk orderList filter: {"groupStatus":"6","orderStatus":"23","projectId":"20170421091504951435"}
[Sun, 30 Apr 17 17:03:39 +0800][DEBUG] clerkOrderListfindConditions : {"conditions":"(Orders.ClerkId = :clerkId:) AND (Orders.ProjectId = :projectId:) AND (Orders.OrderStatus = :orderStatus:)","bind":{"clerkId":"4","projectId":"20170421091504951435","orderStatus":"23"},"columns":["Orders.Id as OrderId,Orders.OrderNo,Orders.CustomerNm,Orders.RoomId,Room.RoomNo,Orders.Mobile,\n         Orders.OrderStatus,Orders.UpdateStatus,Orders.Memo,Orders.PayType,Orders.Label,Orders.ClerkId,Orders.CrtDt"]}
[Sun, 30 Apr 17 17:03:39 +0800][DEBUG] clerkOrderListorder list get pages info done : 1493543019
[Sun, 30 Apr 17 17:03:54 +0800][DEBUG] {closure} clerk orderList filter: {"groupStatus":"6","orderStatus":"23","projectId":"20170421091504951435"}
[Sun, 30 Apr 17 17:03:54 +0800][DEBUG] clerkOrderListfindConditions : {"conditions":"(Orders.ClerkId = :clerkId:) AND (Orders.ProjectId = :projectId:) AND (Orders.OrderStatus = :orderStatus:)","bind":{"clerkId":"5","projectId":"20170421091504951435","orderStatus":"23"},"columns":["Orders.Id as OrderId,Orders.OrderNo,Orders.CustomerNm,Orders.RoomId,Room.RoomNo,Orders.Mobile,\n         Orders.OrderStatus,Orders.UpdateStatus,Orders.Memo,Orders.PayType,Orders.Label,Orders.ClerkId,Orders.CrtDt"]}
[Sun, 30 Apr 17 17:03:54 +0800][DEBUG] clerkOrderListorder list get pages info done : 1493543034
[Sun, 30 Apr 17 17:03:54 +0800][DEBUG] {closure} clerk orderList filter: {"groupStatus":"6","orderStatus":"23","projectId":"20170421091504951435"}
[Sun, 30 Apr 17 17:03:54 +0800][DEBUG] clerkOrderListfindConditions : {"conditions":"(Orders.ClerkId = :clerkId:) AND (Orders.ProjectId = :projectId:) AND (Orders.OrderStatus = :orderStatus:)","bind":{"clerkId":"5","projectId":"20170421091504951435","orderStatus":"23"},"columns":["Orders.Id as OrderId,Orders.OrderNo,Orders.CustomerNm,Orders.RoomId,Room.RoomNo,Orders.Mobile,\n         Orders.OrderStatus,Orders.UpdateStatus,Orders.Memo,Orders.PayType,Orders.Label,Orders.ClerkId,Orders.CrtDt"]}
[Sun, 30 Apr 17 17:03:54 +0800][DEBUG] clerkOrderListorder list get pages info done : 1493543034
[Sun, 30 Apr 17 17:03:54 +0800][DEBUG] {closure} clerk orderList filter: {"groupStatus":"6","orderStatus":"23","projectId":"20170421091504951435"}
[Sun, 30 Apr 17 17:03:54 +0800][DEBUG] clerkOrderListfindConditions : {"conditions":"(Orders.ClerkId = :clerkId:) AND (Orders.ProjectId = :projectId:) AND (Orders.OrderStatus = :orderStatus:)","bind":{"clerkId":"5","projectId":"20170421091504951435","orderStatus":"23"},"columns":["Orders.Id as OrderId,Orders.OrderNo,Orders.CustomerNm,Orders.RoomId,Room.RoomNo,Orders.Mobile,\n         Orders.OrderStatus,Orders.UpdateStatus,Orders.Memo,Orders.PayType,Orders.Label,Orders.ClerkId,Orders.CrtDt"]}
[Sun, 30 Apr 17 17:03:54 +0800][DEBUG] {closure} clerk orderList filter: {"groupStatus":"6","orderStatus":"23","projectId":"20170421091504951435"}
[Sun, 30 Apr 17 17:03:54 +0800][DEBUG] clerkOrderListfindConditions : {"conditions":"(Orders.ClerkId = :clerkId:) AND (Orders.ProjectId = :projectId:) AND (Orders.OrderStatus = :orderStatus:)","bind":{"clerkId":"5","projectId":"20170421091504951435","orderStatus":"23"},"columns":["Orders.Id as OrderId,Orders.OrderNo,Orders.CustomerNm,Orders.RoomId,Room.RoomNo,Orders.Mobile,\n         Orders.OrderStatus,Orders.UpdateStatus,Orders.Memo,Orders.PayType,Orders.Label,Orders.ClerkId,Orders.CrtDt"]}
[Sun, 30 Apr 17 17:03:54 +0800][DEBUG] clerkOrderListorder list get pages info done : 1493543034
[Sun, 30 Apr 17 17:03:54 +0800][DEBUG] clerkOrderListorder list get pages info done : 1493543034
[Sun, 30 Apr 17 17:03:56 +0800][DEBUG] {closure} clerk orderList filter: {"projectId":"20170421091504951435"}
[Sun, 30 Apr 17 17:03:56 +0800][DEBUG] clerkOrderListfindConditions : {"conditions":"(Orders.ClerkId = :clerkId:) AND (Orders.ProjectId = :projectId:)","bind":{"clerkId":"5","projectId":"20170421091504951435"},"columns":["Orders.Id as OrderId,Orders.OrderNo,Orders.CustomerNm,Orders.RoomId,Room.RoomNo,Orders.Mobile,\n         Orders.OrderStatus,Orders.UpdateStatus,Orders.Memo,Orders.PayType,Orders.Label,Orders.ClerkId,Orders.CrtDt"]}
[Sun, 30 Apr 17 17:03:56 +0800][DEBUG] clerkOrderListorder list get pages info done : 1493543036
[Sun, 30 Apr 17 17:04:05 +0800][DEBUG] {closure} clerk orderList filter: {"projectId":"20170424092517130008"}
[Sun, 30 Apr 17 17:04:05 +0800][DEBUG] clerkOrderListfindConditions : {"conditions":"(Orders.ClerkId = :clerkId:) AND (Orders.ProjectId = :projectId:)","bind":{"clerkId":"5","projectId":"20170424092517130008"},"columns":["Orders.Id as OrderId,Orders.OrderNo,Orders.CustomerNm,Orders.RoomId,Room.RoomNo,Orders.Mobile,\n         Orders.OrderStatus,Orders.UpdateStatus,Orders.Memo,Orders.PayType,Orders.Label,Orders.ClerkId,Orders.CrtDt"]}
[Sun, 30 Apr 17 17:04:05 +0800][DEBUG] clerkOrderListorder list get pages info done : 1493543045
[Sun, 30 Apr 17 17:04:10 +0800][DEBUG] {closure} clerk orderList filter: {"projectId":"20170424101953524207"}
[Sun, 30 Apr 17 17:04:10 +0800][DEBUG] clerkOrderListfindConditions : {"conditions":"(Orders.ClerkId = :clerkId:) AND (Orders.ProjectId = :projectId:)","bind":{"clerkId":"5","projectId":"20170424101953524207"},"columns":["Orders.Id as OrderId,Orders.OrderNo,Orders.CustomerNm,Orders.RoomId,Room.RoomNo,Orders.Mobile,\n         Orders.OrderStatus,Orders.UpdateStatus,Orders.Memo,Orders.PayType,Orders.Label,Orders.ClerkId,Orders.CrtDt"]}
[Sun, 30 Apr 17 17:04:10 +0800][DEBUG] clerkOrderListorder list get pages info done : 1493543050
[Sun, 30 Apr 17 17:04:14 +0800][DEBUG] {closure} clerk orderList filter: {"projectId":"20170424102145293376"}
[Sun, 30 Apr 17 17:04:14 +0800][DEBUG] clerkOrderListfindConditions : {"conditions":"(Orders.ClerkId = :clerkId:) AND (Orders.ProjectId = :projectId:)","bind":{"clerkId":"5","projectId":"20170424102145293376"},"columns":["Orders.Id as OrderId,Orders.OrderNo,Orders.CustomerNm,Orders.RoomId,Room.RoomNo,Orders.Mobile,\n         Orders.OrderStatus,Orders.UpdateStatus,Orders.Memo,Orders.PayType,Orders.Label,Orders.ClerkId,Orders.CrtDt"]}
[Sun, 30 Apr 17 17:04:14 +0800][DEBUG] clerkOrderListorder list get pages info done : 1493543054
[Sun, 30 Apr 17 17:05:03 +0800][DEBUG] {closure} clerk orderList filter: {"projectId":"20170424102145293376"}
[Sun, 30 Apr 17 17:05:03 +0800][DEBUG] clerkOrderListfindConditions : {"conditions":"(Orders.ClerkId = :clerkId:) AND (Orders.ProjectId = :projectId:)","bind":{"clerkId":"11","projectId":"20170424102145293376"},"columns":["Orders.Id as OrderId,Orders.OrderNo,Orders.CustomerNm,Orders.RoomId,Room.RoomNo,Orders.Mobile,\n         Orders.OrderStatus,Orders.UpdateStatus,Orders.Memo,Orders.PayType,Orders.Label,Orders.ClerkId,Orders.CrtDt"]}
[Sun, 30 Apr 17 17:05:03 +0800][DEBUG] clerkOrderListorder list get pages info done : 1493543103
[Sun, 30 Apr 17 17:05:03 +0800][DEBUG] {closure} clerk orderList filter: {"projectId":"20170424102145293376"}
[Sun, 30 Apr 17 17:05:03 +0800][DEBUG] clerkOrderListfindConditions : {"conditions":"(Orders.ClerkId = :clerkId:) AND (Orders.ProjectId = :projectId:)","bind":{"clerkId":"11","projectId":"20170424102145293376"},"columns":["Orders.Id as OrderId,Orders.OrderNo,Orders.CustomerNm,Orders.RoomId,Room.RoomNo,Orders.Mobile,\n         Orders.OrderStatus,Orders.UpdateStatus,Orders.Memo,Orders.PayType,Orders.Label,Orders.ClerkId,Orders.CrtDt"]}
[Sun, 30 Apr 17 17:05:03 +0800][DEBUG] clerkOrderListorder list get pages info done : 1493543103
[Sun, 30 Apr 17 17:05:03 +0800][DEBUG] {closure} clerk orderList filter: {"projectId":"20170421091504951435"}
[Sun, 30 Apr 17 17:05:03 +0800][DEBUG] {closure} clerk orderList filter: {"projectId":"20170421091504951435"}
[Sun, 30 Apr 17 17:05:03 +0800][DEBUG] clerkOrderListfindConditions : {"conditions":"(Orders.ClerkId = :clerkId:) AND (Orders.ProjectId = :projectId:)","bind":{"clerkId":"11","projectId":"20170421091504951435"},"columns":["Orders.Id as OrderId,Orders.OrderNo,Orders.CustomerNm,Orders.RoomId,Room.RoomNo,Orders.Mobile,\n         Orders.OrderStatus,Orders.UpdateStatus,Orders.Memo,Orders.PayType,Orders.Label,Orders.ClerkId,Orders.CrtDt"]}
[Sun, 30 Apr 17 17:05:03 +0800][DEBUG] clerkOrderListfindConditions : {"conditions":"(Orders.ClerkId = :clerkId:) AND (Orders.ProjectId = :projectId:)","bind":{"clerkId":"11","projectId":"20170421091504951435"},"columns":["Orders.Id as OrderId,Orders.OrderNo,Orders.CustomerNm,Orders.RoomId,Room.RoomNo,Orders.Mobile,\n         Orders.OrderStatus,Orders.UpdateStatus,Orders.Memo,Orders.PayType,Orders.Label,Orders.ClerkId,Orders.CrtDt"]}
[Sun, 30 Apr 17 17:05:03 +0800][DEBUG] clerkOrderListorder list get pages info done : 1493543103
[Sun, 30 Apr 17 17:05:03 +0800][DEBUG] clerkOrderListorder list get pages info done : 1493543103
[Sun, 30 Apr 17 17:05:07 +0800][DEBUG] {closure} clerk orderList filter: {"projectId":"20170424092517130008"}
[Sun, 30 Apr 17 17:05:07 +0800][DEBUG] clerkOrderListfindConditions : {"conditions":"(Orders.ClerkId = :clerkId:) AND (Orders.ProjectId = :projectId:)","bind":{"clerkId":"11","projectId":"20170424092517130008"},"columns":["Orders.Id as OrderId,Orders.OrderNo,Orders.CustomerNm,Orders.RoomId,Room.RoomNo,Orders.Mobile,\n         Orders.OrderStatus,Orders.UpdateStatus,Orders.Memo,Orders.PayType,Orders.Label,Orders.ClerkId,Orders.CrtDt"]}
[Sun, 30 Apr 17 17:05:07 +0800][DEBUG] clerkOrderListorder list get pages info done : 1493543107
[Sun, 30 Apr 17 17:05:16 +0800][DEBUG] {closure} clerk orderList filter: {"groupStatus":"3","projectId":"20170424092517130008"}
[Sun, 30 Apr 17 17:05:16 +0800][DEBUG] clerkOrderListfindConditions : {"conditions":"(Orders.ClerkId = :clerkId:) AND (Orders.ProjectId = :projectId:) AND (Orders.OrderStatus in ({orderStatus:array}))","bind":{"clerkId":"11","projectId":"20170424092517130008","orderStatus":["7","10","12","13","14","15"]},"columns":["Orders.Id as OrderId,Orders.OrderNo,Orders.CustomerNm,Orders.RoomId,Room.RoomNo,Orders.Mobile,\n         Orders.OrderStatus,Orders.UpdateStatus,Orders.Memo,Orders.PayType,Orders.Label,Orders.ClerkId,Orders.CrtDt"]}
[Sun, 30 Apr 17 17:05:16 +0800][DEBUG] clerkOrderListorder list get pages info done : 1493543116
[Sun, 30 Apr 17 17:05:22 +0800][DEBUG] {closure} clerk orderList filter: {"groupStatus":"6","projectId":"20170424092517130008"}
[Sun, 30 Apr 17 17:05:22 +0800][DEBUG] clerkOrderListfindConditions : {"conditions":"(Orders.ClerkId = :clerkId:) AND (Orders.ProjectId = :projectId:) AND (Orders.OrderStatus in ({orderStatus:array}))","bind":{"clerkId":"11","projectId":"20170424092517130008","orderStatus":["22","23","24","25"]},"columns":["Orders.Id as OrderId,Orders.OrderNo,Orders.CustomerNm,Orders.RoomId,Room.RoomNo,Orders.Mobile,\n         Orders.OrderStatus,Orders.UpdateStatus,Orders.Memo,Orders.PayType,Orders.Label,Orders.ClerkId,Orders.CrtDt"]}
[Sun, 30 Apr 17 17:05:22 +0800][DEBUG] clerkOrderListorder list get pages info done : 1493543122
[Sun, 30 Apr 17 17:05:57 +0800][DEBUG] {closure} clerk orderList filter: {"groupStatus":"6","projectId":"20170424101908164291"}
[Sun, 30 Apr 17 17:05:57 +0800][DEBUG] clerkOrderListfindConditions : {"conditions":"(Orders.ClerkId = :clerkId:) AND (Orders.ProjectId = :projectId:) AND (Orders.OrderStatus in ({orderStatus:array}))","bind":{"clerkId":"11","projectId":"20170424101908164291","orderStatus":["22","23","24","25"]},"columns":["Orders.Id as OrderId,Orders.OrderNo,Orders.CustomerNm,Orders.RoomId,Room.RoomNo,Orders.Mobile,\n         Orders.OrderStatus,Orders.UpdateStatus,Orders.Memo,Orders.PayType,Orders.Label,Orders.ClerkId,Orders.CrtDt"]}
[Sun, 30 Apr 17 17:05:57 +0800][DEBUG] clerkOrderListorder list get pages info done : 1493543157
[Sun, 30 Apr 17 17:05:59 +0800][DEBUG] {closure} clerk orderList filter: {"projectId":"20170424101908164291"}
[Sun, 30 Apr 17 17:05:59 +0800][DEBUG] clerkOrderListfindConditions : {"conditions":"(Orders.ClerkId = :clerkId:) AND (Orders.ProjectId = :projectId:)","bind":{"clerkId":"11","projectId":"20170424101908164291"},"columns":["Orders.Id as OrderId,Orders.OrderNo,Orders.CustomerNm,Orders.RoomId,Room.RoomNo,Orders.Mobile,\n         Orders.OrderStatus,Orders.UpdateStatus,Orders.Memo,Orders.PayType,Orders.Label,Orders.ClerkId,Orders.CrtDt"]}
[Sun, 30 Apr 17 17:05:59 +0800][DEBUG] clerkOrderListorder list get pages info done : 1493543159
[Sun, 30 Apr 17 17:06:04 +0800][DEBUG] {closure} clerk orderList filter: {"projectId":"20170424101908164291"}
[Sun, 30 Apr 17 17:06:04 +0800][DEBUG] clerkOrderListfindConditions : {"conditions":"(Orders.ClerkId = :clerkId:) AND (Orders.ProjectId = :projectId:)","bind":{"clerkId":"11","projectId":"20170424101908164291"},"columns":["Orders.Id as OrderId,Orders.OrderNo,Orders.CustomerNm,Orders.RoomId,Room.RoomNo,Orders.Mobile,\n         Orders.OrderStatus,Orders.UpdateStatus,Orders.Memo,Orders.PayType,Orders.Label,Orders.ClerkId,Orders.CrtDt"]}
[Sun, 30 Apr 17 17:06:04 +0800][DEBUG] clerkOrderListorder list get pages info done : 1493543164
[Sun, 30 Apr 17 17:06:08 +0800][DEBUG] {closure} clerk orderList filter: {"projectId":"20170424102145293376"}
[Sun, 30 Apr 17 17:06:08 +0800][DEBUG] clerkOrderListfindConditions : {"conditions":"(Orders.ClerkId = :clerkId:) AND (Orders.ProjectId = :projectId:)","bind":{"clerkId":"11","projectId":"20170424102145293376"},"columns":["Orders.Id as OrderId,Orders.OrderNo,Orders.CustomerNm,Orders.RoomId,Room.RoomNo,Orders.Mobile,\n         Orders.OrderStatus,Orders.UpdateStatus,Orders.Memo,Orders.PayType,Orders.Label,Orders.ClerkId,Orders.CrtDt"]}
[Sun, 30 Apr 17 17:06:08 +0800][DEBUG] clerkOrderListorder list get pages info done : 1493543168
[Sun, 30 Apr 17 17:06:18 +0800][DEBUG] {closure} clerk orderList filter: {"groupStatus":"3","projectId":"20170424102145293376"}
[Sun, 30 Apr 17 17:06:18 +0800][DEBUG] clerkOrderListfindConditions : {"conditions":"(Orders.ClerkId = :clerkId:) AND (Orders.ProjectId = :projectId:) AND (Orders.OrderStatus in ({orderStatus:array}))","bind":{"clerkId":"11","projectId":"20170424102145293376","orderStatus":["7","10","12","13","14","15"]},"columns":["Orders.Id as OrderId,Orders.OrderNo,Orders.CustomerNm,Orders.RoomId,Room.RoomNo,Orders.Mobile,\n         Orders.OrderStatus,Orders.UpdateStatus,Orders.Memo,Orders.PayType,Orders.Label,Orders.ClerkId,Orders.CrtDt"]}
[Sun, 30 Apr 17 17:06:18 +0800][DEBUG] clerkOrderListorder list get pages info done : 1493543178
[Sun, 30 Apr 17 17:09:41 +0800][DEBUG] {closure} clerk orderList filter: {"projectId":"20170421091504951435"}
[Sun, 30 Apr 17 17:09:41 +0800][DEBUG] clerkOrderListfindConditions : {"conditions":"(Orders.ClerkId = :clerkId:) AND (Orders.ProjectId = :projectId:)","bind":{"clerkId":"11","projectId":"20170421091504951435"},"columns":["Orders.Id as OrderId,Orders.OrderNo,Orders.CustomerNm,Orders.RoomId,Room.RoomNo,Orders.Mobile,\n         Orders.OrderStatus,Orders.UpdateStatus,Orders.Memo,Orders.PayType,Orders.Label,Orders.ClerkId,Orders.CrtDt"]}
[Sun, 30 Apr 17 17:09:41 +0800][DEBUG] clerkOrderListorder list get pages info done : 1493543381
[Sun, 30 Apr 17 17:09:41 +0800][DEBUG] {closure} clerk orderList filter: {"projectId":"20170421091504951435"}
[Sun, 30 Apr 17 17:09:41 +0800][DEBUG] clerkOrderListfindConditions : {"conditions":"(Orders.ClerkId = :clerkId:) AND (Orders.ProjectId = :projectId:)","bind":{"clerkId":"11","projectId":"20170421091504951435"},"columns":["Orders.Id as OrderId,Orders.OrderNo,Orders.CustomerNm,Orders.RoomId,Room.RoomNo,Orders.Mobile,\n         Orders.OrderStatus,Orders.UpdateStatus,Orders.Memo,Orders.PayType,Orders.Label,Orders.ClerkId,Orders.CrtDt"]}
[Sun, 30 Apr 17 17:09:41 +0800][DEBUG] clerkOrderListorder list get pages info done : 1493543381
[Sun, 30 Apr 17 17:09:48 +0800][DEBUG] {closure} clerk orderList filter: {"projectId":"20170424102145293376"}
[Sun, 30 Apr 17 17:09:48 +0800][DEBUG] clerkOrderListfindConditions : {"conditions":"(Orders.ClerkId = :clerkId:) AND (Orders.ProjectId = :projectId:)","bind":{"clerkId":"11","projectId":"20170424102145293376"},"columns":["Orders.Id as OrderId,Orders.OrderNo,Orders.CustomerNm,Orders.RoomId,Room.RoomNo,Orders.Mobile,\n         Orders.OrderStatus,Orders.UpdateStatus,Orders.Memo,Orders.PayType,Orders.Label,Orders.ClerkId,Orders.CrtDt"]}
[Sun, 30 Apr 17 17:09:48 +0800][DEBUG] clerkOrderListorder list get pages info done : 1493543388
[Sun, 30 Apr 17 17:09:52 +0800][DEBUG] {closure} clerk orderList filter: {"groupStatus":"3","projectId":"20170424102145293376"}
[Sun, 30 Apr 17 17:09:52 +0800][DEBUG] clerkOrderListfindConditions : {"conditions":"(Orders.ClerkId = :clerkId:) AND (Orders.ProjectId = :projectId:) AND (Orders.OrderStatus in ({orderStatus:array}))","bind":{"clerkId":"11","projectId":"20170424102145293376","orderStatus":["7","10","12","13","14","15"]},"columns":["Orders.Id as OrderId,Orders.OrderNo,Orders.CustomerNm,Orders.RoomId,Room.RoomNo,Orders.Mobile,\n         Orders.OrderStatus,Orders.UpdateStatus,Orders.Memo,Orders.PayType,Orders.Label,Orders.ClerkId,Orders.CrtDt"]}
[Sun, 30 Apr 17 17:09:52 +0800][DEBUG] clerkOrderListorder list get pages info done : 1493543392
[Sun, 30 Apr 17 17:12:09 +0800][DEBUG] {closure} clerk orderList filter: {"projectId":"20170421091504951435"}
[Sun, 30 Apr 17 17:12:09 +0800][DEBUG] clerkOrderListfindConditions : {"conditions":"(Orders.ClerkId = :clerkId:) AND (Orders.ProjectId = :projectId:)","bind":{"clerkId":"11","projectId":"20170421091504951435"},"columns":["Orders.Id as OrderId,Orders.OrderNo,Orders.CustomerNm,Orders.RoomId,Room.RoomNo,Orders.Mobile,\n         Orders.OrderStatus,Orders.UpdateStatus,Orders.Memo,Orders.PayType,Orders.Label,Orders.ClerkId,Orders.CrtDt"]}
[Sun, 30 Apr 17 17:12:09 +0800][DEBUG] clerkOrderListorder list get pages info done : 1493543529
[Sun, 30 Apr 17 17:12:09 +0800][DEBUG] {closure} clerk orderList filter: {"projectId":"20170421091504951435"}
[Sun, 30 Apr 17 17:12:09 +0800][DEBUG] clerkOrderListfindConditions : {"conditions":"(Orders.ClerkId = :clerkId:) AND (Orders.ProjectId = :projectId:)","bind":{"clerkId":"11","projectId":"20170421091504951435"},"columns":["Orders.Id as OrderId,Orders.OrderNo,Orders.CustomerNm,Orders.RoomId,Room.RoomNo,Orders.Mobile,\n         Orders.OrderStatus,Orders.UpdateStatus,Orders.Memo,Orders.PayType,Orders.Label,Orders.ClerkId,Orders.CrtDt"]}
[Sun, 30 Apr 17 17:12:09 +0800][DEBUG] clerkOrderListorder list get pages info done : 1493543529
[Sun, 30 Apr 17 17:12:14 +0800][DEBUG] {closure} clerk orderList filter: {"projectId":"20170424102145293376"}
[Sun, 30 Apr 17 17:12:14 +0800][DEBUG] clerkOrderListfindConditions : {"conditions":"(Orders.ClerkId = :clerkId:) AND (Orders.ProjectId = :projectId:)","bind":{"clerkId":"11","projectId":"20170424102145293376"},"columns":["Orders.Id as OrderId,Orders.OrderNo,Orders.CustomerNm,Orders.RoomId,Room.RoomNo,Orders.Mobile,\n         Orders.OrderStatus,Orders.UpdateStatus,Orders.Memo,Orders.PayType,Orders.Label,Orders.ClerkId,Orders.CrtDt"]}
[Sun, 30 Apr 17 17:12:14 +0800][DEBUG] clerkOrderListorder list get pages info done : 1493543534
[Sun, 30 Apr 17 17:12:20 +0800][DEBUG] {closure} clerk orderList filter: {"groupStatus":"3","projectId":"20170424102145293376"}
[Sun, 30 Apr 17 17:12:20 +0800][DEBUG] clerkOrderListfindConditions : {"conditions":"(Orders.ClerkId = :clerkId:) AND (Orders.ProjectId = :projectId:) AND (Orders.OrderStatus in ({orderStatus:array}))","bind":{"clerkId":"11","projectId":"20170424102145293376","orderStatus":["12","13","14","15"]},"columns":["Orders.Id as OrderId,Orders.OrderNo,Orders.CustomerNm,Orders.RoomId,Room.RoomNo,Orders.Mobile,\n         Orders.OrderStatus,Orders.UpdateStatus,Orders.Memo,Orders.PayType,Orders.Label,Orders.ClerkId,Orders.CrtDt"]}
[Sun, 30 Apr 17 17:12:20 +0800][DEBUG] clerkOrderListorder list get pages info done : 1493543540
[Sun, 30 Apr 17 17:12:27 +0800][DEBUG] {closure} clerk orderList filter: {"groupStatus":"6","projectId":"20170424102145293376"}
[Sun, 30 Apr 17 17:12:27 +0800][DEBUG] clerkOrderListfindConditions : {"conditions":"(Orders.ClerkId = :clerkId:) AND (Orders.ProjectId = :projectId:) AND (Orders.OrderStatus in ({orderStatus:array}))","bind":{"clerkId":"11","projectId":"20170424102145293376","orderStatus":["23","24","25"]},"columns":["Orders.Id as OrderId,Orders.OrderNo,Orders.CustomerNm,Orders.RoomId,Room.RoomNo,Orders.Mobile,\n         Orders.OrderStatus,Orders.UpdateStatus,Orders.Memo,Orders.PayType,Orders.Label,Orders.ClerkId,Orders.CrtDt"]}
[Sun, 30 Apr 17 17:12:27 +0800][DEBUG] clerkOrderListorder list get pages info done : 1493543547
[Sun, 30 Apr 17 17:12:29 +0800][DEBUG] {closure} clerk orderList filter: {"projectId":"20170424102145293376"}
[Sun, 30 Apr 17 17:12:29 +0800][DEBUG] clerkOrderListfindConditions : {"conditions":"(Orders.ClerkId = :clerkId:) AND (Orders.ProjectId = :projectId:)","bind":{"clerkId":"11","projectId":"20170424102145293376"},"columns":["Orders.Id as OrderId,Orders.OrderNo,Orders.CustomerNm,Orders.RoomId,Room.RoomNo,Orders.Mobile,\n         Orders.OrderStatus,Orders.UpdateStatus,Orders.Memo,Orders.PayType,Orders.Label,Orders.ClerkId,Orders.CrtDt"]}
[Sun, 30 Apr 17 17:12:29 +0800][DEBUG] clerkOrderListorder list get pages info done : 1493543549
[Sun, 30 Apr 17 17:12:38 +0800][DEBUG] {closure} clerk orderList filter: {"groupStatus":"3","projectId":"20170424102145293376"}
[Sun, 30 Apr 17 17:12:38 +0800][DEBUG] clerkOrderListfindConditions : {"conditions":"(Orders.ClerkId = :clerkId:) AND (Orders.ProjectId = :projectId:) AND (Orders.OrderStatus in ({orderStatus:array}))","bind":{"clerkId":"11","projectId":"20170424102145293376","orderStatus":["12","13","14","15"]},"columns":["Orders.Id as OrderId,Orders.OrderNo,Orders.CustomerNm,Orders.RoomId,Room.RoomNo,Orders.Mobile,\n         Orders.OrderStatus,Orders.UpdateStatus,Orders.Memo,Orders.PayType,Orders.Label,Orders.ClerkId,Orders.CrtDt"]}
[Sun, 30 Apr 17 17:12:38 +0800][DEBUG] clerkOrderListorder list get pages info done : 1493543558
[Sun, 30 Apr 17 17:12:42 +0800][DEBUG] {closure} clerk orderList filter: {"groupStatus":"3","orderStatus":"15","projectId":"20170424102145293376"}
[Sun, 30 Apr 17 17:12:42 +0800][DEBUG] clerkOrderListfindConditions : {"conditions":"(Orders.ClerkId = :clerkId:) AND (Orders.ProjectId = :projectId:) AND (Orders.OrderStatus = :orderStatus:)","bind":{"clerkId":"11","projectId":"20170424102145293376","orderStatus":"15"},"columns":["Orders.Id as OrderId,Orders.OrderNo,Orders.CustomerNm,Orders.RoomId,Room.RoomNo,Orders.Mobile,\n         Orders.OrderStatus,Orders.UpdateStatus,Orders.Memo,Orders.PayType,Orders.Label,Orders.ClerkId,Orders.CrtDt"]}
[Sun, 30 Apr 17 17:12:42 +0800][DEBUG] clerkOrderListorder list get pages info done : 1493543562
[Sun, 30 Apr 17 18:20:45 +0800][DEBUG] {closure} clerk orderList filter: {"projectId":"20170421091504951435"}
[Sun, 30 Apr 17 18:20:45 +0800][DEBUG] clerkOrderListfindConditions : {"conditions":"(Orders.ClerkId = :clerkId:) AND (Orders.ProjectId = :projectId:)","bind":{"clerkId":"11","projectId":"20170421091504951435"},"columns":["Orders.Id as OrderId,Orders.OrderNo,Orders.CustomerNm,Orders.RoomId,Room.RoomNo,Orders.Mobile,\n         Orders.OrderStatus,Orders.UpdateStatus,Orders.Memo,Orders.PayType,Orders.Label,Orders.ClerkId,Orders.CrtDt"]}
[Sun, 30 Apr 17 18:20:45 +0800][DEBUG] clerkOrderListorder list get pages info done : 1493547645
[Sun, 30 Apr 17 18:21:07 +0800][DEBUG] {closure} clerk orderList filter: {"projectId":"20170421091504951435"}
[Sun, 30 Apr 17 18:21:07 +0800][DEBUG] clerkOrderListfindConditions : {"conditions":"(Orders.ClerkId = :clerkId:) AND (Orders.ProjectId = :projectId:)","bind":{"clerkId":"11","projectId":"20170421091504951435"},"columns":["Orders.Id as OrderId,Orders.OrderNo,Orders.CustomerNm,Orders.RoomId,Room.RoomNo,Orders.Mobile,\n         Orders.OrderStatus,Orders.UpdateStatus,Orders.Memo,Orders.PayType,Orders.Label,Orders.ClerkId,Orders.CrtDt"]}
[Sun, 30 Apr 17 18:21:07 +0800][DEBUG] clerkOrderListorder list get pages info done : 1493547667
[Sun, 30 Apr 17 18:21:36 +0800][DEBUG] {closure} clerk orderList filter: {"projectId":"20170424101953524207"}
[Sun, 30 Apr 17 18:21:36 +0800][DEBUG] clerkOrderListfindConditions : {"conditions":"(Orders.ClerkId = :clerkId:) AND (Orders.ProjectId = :projectId:)","bind":{"clerkId":"11","projectId":"20170424101953524207"},"columns":["Orders.Id as OrderId,Orders.OrderNo,Orders.CustomerNm,Orders.RoomId,Room.RoomNo,Orders.Mobile,\n         Orders.OrderStatus,Orders.UpdateStatus,Orders.Memo,Orders.PayType,Orders.Label,Orders.ClerkId,Orders.CrtDt"]}
[Sun, 30 Apr 17 18:21:36 +0800][DEBUG] clerkOrderListorder list get pages info done : 1493547696
[Sun, 30 Apr 17 18:21:43 +0800][DEBUG] {closure} clerk orderList filter: {"projectId":"20170424102145293376"}
[Sun, 30 Apr 17 18:21:43 +0800][DEBUG] clerkOrderListfindConditions : {"conditions":"(Orders.ClerkId = :clerkId:) AND (Orders.ProjectId = :projectId:)","bind":{"clerkId":"11","projectId":"20170424102145293376"},"columns":["Orders.Id as OrderId,Orders.OrderNo,Orders.CustomerNm,Orders.RoomId,Room.RoomNo,Orders.Mobile,\n         Orders.OrderStatus,Orders.UpdateStatus,Orders.Memo,Orders.PayType,Orders.Label,Orders.ClerkId,Orders.CrtDt"]}
[Sun, 30 Apr 17 18:21:43 +0800][DEBUG] clerkOrderListorder list get pages info done : 1493547703
[Sun, 30 Apr 17 18:22:00 +0800][DEBUG] {closure} clerk orderList filter: {"groupStatus":"3","projectId":"20170424102145293376"}
[Sun, 30 Apr 17 18:22:00 +0800][DEBUG] clerkOrderListfindConditions : {"conditions":"(Orders.ClerkId = :clerkId:) AND (Orders.ProjectId = :projectId:) AND (Orders.OrderStatus in ({orderStatus:array}))","bind":{"clerkId":"11","projectId":"20170424102145293376","orderStatus":["12","13","14","15"]},"columns":["Orders.Id as OrderId,Orders.OrderNo,Orders.CustomerNm,Orders.RoomId,Room.RoomNo,Orders.Mobile,\n         Orders.OrderStatus,Orders.UpdateStatus,Orders.Memo,Orders.PayType,Orders.Label,Orders.ClerkId,Orders.CrtDt"]}
[Sun, 30 Apr 17 18:22:00 +0800][DEBUG] clerkOrderListorder list get pages info done : 1493547720
[Sun, 30 Apr 17 18:22:10 +0800][DEBUG] {closure} clerk orderList filter: {"groupStatus":"6","projectId":"20170424102145293376"}
[Sun, 30 Apr 17 18:22:10 +0800][DEBUG] clerkOrderListfindConditions : {"conditions":"(Orders.ClerkId = :clerkId:) AND (Orders.ProjectId = :projectId:) AND (Orders.OrderStatus in ({orderStatus:array}))","bind":{"clerkId":"11","projectId":"20170424102145293376","orderStatus":["23","24","25"]},"columns":["Orders.Id as OrderId,Orders.OrderNo,Orders.CustomerNm,Orders.RoomId,Room.RoomNo,Orders.Mobile,\n         Orders.OrderStatus,Orders.UpdateStatus,Orders.Memo,Orders.PayType,Orders.Label,Orders.ClerkId,Orders.CrtDt"]}
[Sun, 30 Apr 17 18:22:10 +0800][DEBUG] clerkOrderListorder list get pages info done : 1493547730
[Sun, 30 Apr 17 18:22:19 +0800][DEBUG] {closure} clerk orderList filter: {"groupStatus":"6","orderStatus":"25","projectId":"20170424102145293376"}
[Sun, 30 Apr 17 18:22:19 +0800][DEBUG] clerkOrderListfindConditions : {"conditions":"(Orders.ClerkId = :clerkId:) AND (Orders.ProjectId = :projectId:) AND (Orders.OrderStatus = :orderStatus:)","bind":{"clerkId":"11","projectId":"20170424102145293376","orderStatus":"25"},"columns":["Orders.Id as OrderId,Orders.OrderNo,Orders.CustomerNm,Orders.RoomId,Room.RoomNo,Orders.Mobile,\n         Orders.OrderStatus,Orders.UpdateStatus,Orders.Memo,Orders.PayType,Orders.Label,Orders.ClerkId,Orders.CrtDt"]}
[Sun, 30 Apr 17 18:22:19 +0800][DEBUG] clerkOrderListorder list get pages info done : 1493547739
[Sun, 30 Apr 17 18:22:22 +0800][DEBUG] {closure} clerk orderList filter: {"groupStatus":"6","orderStatus":"23","projectId":"20170424102145293376"}
[Sun, 30 Apr 17 18:22:22 +0800][DEBUG] clerkOrderListfindConditions : {"conditions":"(Orders.ClerkId = :clerkId:) AND (Orders.ProjectId = :projectId:) AND (Orders.OrderStatus = :orderStatus:)","bind":{"clerkId":"11","projectId":"20170424102145293376","orderStatus":"23"},"columns":["Orders.Id as OrderId,Orders.OrderNo,Orders.CustomerNm,Orders.RoomId,Room.RoomNo,Orders.Mobile,\n         Orders.OrderStatus,Orders.UpdateStatus,Orders.Memo,Orders.PayType,Orders.Label,Orders.ClerkId,Orders.CrtDt"]}
[Sun, 30 Apr 17 18:22:22 +0800][DEBUG] clerkOrderListorder list get pages info done : 1493547742
[Sun, 30 Apr 17 18:22:28 +0800][DEBUG] {closure} clerk orderList filter: {"groupStatus":"3","orderStatus":"14","projectId":"20170424102145293376"}
[Sun, 30 Apr 17 18:22:28 +0800][DEBUG] clerkOrderListfindConditions : {"conditions":"(Orders.ClerkId = :clerkId:) AND (Orders.ProjectId = :projectId:) AND (Orders.OrderStatus = :orderStatus:)","bind":{"clerkId":"11","projectId":"20170424102145293376","orderStatus":"14"},"columns":["Orders.Id as OrderId,Orders.OrderNo,Orders.CustomerNm,Orders.RoomId,Room.RoomNo,Orders.Mobile,\n         Orders.OrderStatus,Orders.UpdateStatus,Orders.Memo,Orders.PayType,Orders.Label,Orders.ClerkId,Orders.CrtDt"]}
[Sun, 30 Apr 17 18:22:28 +0800][DEBUG] clerkOrderListorder list get pages info done : 1493547748
[Sun, 30 Apr 17 18:22:51 +0800][DEBUG] {closure} clerk orderList filter: {"groupStatus":"3","orderStatus":"15","projectId":"20170424102145293376"}
[Sun, 30 Apr 17 18:22:51 +0800][DEBUG] clerkOrderListfindConditions : {"conditions":"(Orders.ClerkId = :clerkId:) AND (Orders.ProjectId = :projectId:) AND (Orders.OrderStatus = :orderStatus:)","bind":{"clerkId":"11","projectId":"20170424102145293376","orderStatus":"15"},"columns":["Orders.Id as OrderId,Orders.OrderNo,Orders.CustomerNm,Orders.RoomId,Room.RoomNo,Orders.Mobile,\n         Orders.OrderStatus,Orders.UpdateStatus,Orders.Memo,Orders.PayType,Orders.Label,Orders.ClerkId,Orders.CrtDt"]}
[Sun, 30 Apr 17 18:22:51 +0800][DEBUG] clerkOrderListorder list get pages info done : 1493547771
[Sun, 30 Apr 17 22:22:29 +0800][DEBUG] operatorOrderListfindConditions : {"conditions":"(Orders.ProjectId = :projectId:) AND (Orders.QueryOperatorId = :operatorId: OR Orders.PrevueOperatorId = :operatorId: OR Orders.LoanOperatorId = :operatorId: OR Orders.FinishOperatorId = :operatorId:)","bind":{"operatorId":"10","projectId":""},"columns":["Orders.Id as OrderId,Orders.ProjectId,Orders.OrderNo,Orders.CustomerNm,Orders.RoomId,Room.RoomNo,Orders.Release,\n        Orders.Mobile,Orders.OrderStatus,Orders.QueryOperatorId,Orders.PrevueOperatorId,Orders.LoanOperatorId,Orders.FinishOperatorId,Orders.UpdateStatus,Orders.Memo,Orders.PayType,Orders.Label,Orders.SalesId,Orders.UptDt"]}
[Sun, 30 Apr 17 22:22:29 +0800][DEBUG] operatorOrderListfindConditions : {"conditions":"(Orders.ProjectId = :projectId:) AND (Orders.QueryOperatorId = :operatorId: OR Orders.PrevueOperatorId = :operatorId: OR Orders.LoanOperatorId = :operatorId: OR Orders.FinishOperatorId = :operatorId:)","bind":{"operatorId":"10","projectId":""},"columns":["Orders.Id as OrderId,Orders.ProjectId,Orders.OrderNo,Orders.CustomerNm,Orders.RoomId,Room.RoomNo,Orders.Release,\n        Orders.Mobile,Orders.OrderStatus,Orders.QueryOperatorId,Orders.PrevueOperatorId,Orders.LoanOperatorId,Orders.FinishOperatorId,Orders.UpdateStatus,Orders.Memo,Orders.PayType,Orders.Label,Orders.SalesId,Orders.UptDt"]}
[Sun, 30 Apr 17 22:22:29 +0800][DEBUG] operatorOrderListfindConditions : {"conditions":"(Orders.ProjectId = :projectId:) AND (Orders.OrderStatus in ({oStatus:array})) AND (Orders.QueryOperatorId = :operatorId: OR Orders.PrevueOperatorId = :operatorId: OR Orders.LoanOperatorId = :operatorId: OR Orders.FinishOperatorId  = :operatorId:)","bind":{"oStatus":["14","16","17","18","7","10","16","17","18","7","10","16","17","18","7","10","16","17","18","7","10","16","17","18"],"operatorId":"10","projectId":"20170421093438151893"},"columns":["Orders.Id as OrderId,Orders.ProjectId,Orders.OrderNo,Orders.CustomerNm,Orders.RoomId,Room.RoomNo,Orders.Release,\n        Orders.Mobile,Orders.OrderStatus,Orders.QueryOperatorId,Orders.PrevueOperatorId,Orders.LoanOperatorId,Orders.FinishOperatorId,Orders.UpdateStatus,Orders.Memo,Orders.PayType,Orders.Label,Orders.SalesId,Orders.UptDt"]}
[Sun, 30 Apr 17 22:22:29 +0800][DEBUG] operatorOrderListfindConditions : {"conditions":"(Orders.ProjectId = :projectId:) AND (Orders.OrderStatus in ({oStatus:array})) AND (Orders.QueryOperatorId = :operatorId: OR Orders.PrevueOperatorId = :operatorId: OR Orders.LoanOperatorId = :operatorId: OR Orders.FinishOperatorId  = :operatorId:)","bind":{"oStatus":["14","16","17","18","7","10","16","17","18","7","10","16","17","18","7","10","16","17","18","7","10","16","17","18"],"operatorId":"10","projectId":"20170421093438151893"},"columns":["Orders.Id as OrderId,Orders.ProjectId,Orders.OrderNo,Orders.CustomerNm,Orders.RoomId,Room.RoomNo,Orders.Release,\n        Orders.Mobile,Orders.OrderStatus,Orders.QueryOperatorId,Orders.PrevueOperatorId,Orders.LoanOperatorId,Orders.FinishOperatorId,Orders.UpdateStatus,Orders.Memo,Orders.PayType,Orders.Label,Orders.SalesId,Orders.UptDt"]}
[Sun, 30 Apr 17 22:22:34 +0800][DEBUG] operatorOrderListfindConditions : {"conditions":"(Orders.ProjectId = :projectId:) AND (Orders.OrderStatus in ({oStatus:array})) AND (Orders.QueryOperatorId = :operatorId: OR Orders.PrevueOperatorId = :operatorId: OR Orders.LoanOperatorId = :operatorId: OR Orders.FinishOperatorId  = :operatorId:)","bind":{"oStatus":["14","16","17","18","7","10","16","17","18","7","10","16","17","18","7","10","16","17","18","7","10","16","17","18"],"operatorId":"10","projectId":"20170421093438151893"},"columns":["Orders.Id as OrderId,Orders.ProjectId,Orders.OrderNo,Orders.CustomerNm,Orders.RoomId,Room.RoomNo,Orders.Release,\n        Orders.Mobile,Orders.OrderStatus,Orders.QueryOperatorId,Orders.PrevueOperatorId,Orders.LoanOperatorId,Orders.FinishOperatorId,Orders.UpdateStatus,Orders.Memo,Orders.PayType,Orders.Label,Orders.SalesId,Orders.UptDt"]}
[Sun, 30 Apr 17 22:22:41 +0800][DEBUG] operatorOrderListfindConditions : {"conditions":"(Orders.ProjectId = :projectId:) AND (Orders.QueryOperatorId = :operatorId: OR Orders.PrevueOperatorId = :operatorId: OR Orders.LoanOperatorId = :operatorId: OR Orders.FinishOperatorId = :operatorId:) AND (Orders.OrderStatus in ({oStatus:array}))","bind":{"operatorId":"10","projectId":"20170421093438151893","oStatus":["14","16","17","18","7","10","16","17","18","7","10","16","17","18","7","10","16","17","18","7","10","16","17","18"]},"columns":["Orders.Id as OrderId,Orders.ProjectId,Orders.OrderNo,Orders.CustomerNm,Orders.RoomId,Room.RoomNo,Orders.Release,\n        Orders.Mobile,Orders.OrderStatus,Orders.QueryOperatorId,Orders.PrevueOperatorId,Orders.LoanOperatorId,Orders.FinishOperatorId,Orders.UpdateStatus,Orders.Memo,Orders.PayType,Orders.Label,Orders.SalesId,Orders.UptDt"]}
[Sun, 30 Apr 17 22:22:55 +0800][DEBUG] operatorOrderListfindConditions : {"conditions":"(Orders.ProjectId = :projectId:) AND (Orders.QueryOperatorId = :operatorId: OR Orders.PrevueOperatorId = :operatorId: OR Orders.LoanOperatorId = :operatorId: OR Orders.FinishOperatorId = :operatorId:) AND (Orders.OrderStatus in ({oStatus:array})) AND (Orders.OrderStatus in ({orderStatus:array})) AND (Orders.PayType = :payType:)","bind":{"operatorId":"10","projectId":"20170421093438151893","oStatus":[0],"orderStatus":["5"],"payType":"2"},"columns":["Orders.Id as OrderId,Orders.ProjectId,Orders.OrderNo,Orders.CustomerNm,Orders.RoomId,Room.RoomNo,Orders.Release,\n        Orders.Mobile,Orders.OrderStatus,Orders.QueryOperatorId,Orders.PrevueOperatorId,Orders.LoanOperatorId,Orders.FinishOperatorId,Orders.UpdateStatus,Orders.Memo,Orders.PayType,Orders.Label,Orders.SalesId,Orders.UptDt"]}
[Sun, 30 Apr 17 22:23:00 +0800][DEBUG] operatorOrderListfindConditions : {"conditions":"(Orders.ProjectId = :projectId:) AND (Orders.QueryOperatorId = :operatorId: OR Orders.PrevueOperatorId = :operatorId: OR Orders.LoanOperatorId = :operatorId: OR Orders.FinishOperatorId = :operatorId:) AND (Orders.OrderStatus in ({oStatus:array})) AND (Orders.OrderStatus in ({orderStatus:array})) AND (Orders.PayType = :payType:)","bind":{"operatorId":"10","projectId":"20170421093438151893","oStatus":["14","16","17","18","7","10","16","17","18","7","10","16","17","18","7","10","16","17","18","7","10","16","17","18"],"orderStatus":["17"],"payType":"1"},"columns":["Orders.Id as OrderId,Orders.ProjectId,Orders.OrderNo,Orders.CustomerNm,Orders.RoomId,Room.RoomNo,Orders.Release,\n        Orders.Mobile,Orders.OrderStatus,Orders.QueryOperatorId,Orders.PrevueOperatorId,Orders.LoanOperatorId,Orders.FinishOperatorId,Orders.UpdateStatus,Orders.Memo,Orders.PayType,Orders.Label,Orders.SalesId,Orders.UptDt"]}
[Sun, 30 Apr 17 22:23:02 +0800][DEBUG] operatorOrderListfindConditions : {"conditions":"(Orders.ProjectId = :projectId:) AND (Orders.QueryOperatorId = :operatorId: OR Orders.PrevueOperatorId = :operatorId: OR Orders.LoanOperatorId = :operatorId: OR Orders.FinishOperatorId = :operatorId:) AND (Orders.OrderStatus in ({oStatus:array})) AND (Orders.OrderStatus in ({orderStatus:array})) AND (Orders.PayType = :payType:)","bind":{"operatorId":"10","projectId":"20170421093438151893","oStatus":["14","16","17","18","7","10","16","17","18","7","10","16","17","18","7","10","16","17","18","7","10","16","17","18"],"orderStatus":["16"],"payType":"1"},"columns":["Orders.Id as OrderId,Orders.ProjectId,Orders.OrderNo,Orders.CustomerNm,Orders.RoomId,Room.RoomNo,Orders.Release,\n        Orders.Mobile,Orders.OrderStatus,Orders.QueryOperatorId,Orders.PrevueOperatorId,Orders.LoanOperatorId,Orders.FinishOperatorId,Orders.UpdateStatus,Orders.Memo,Orders.PayType,Orders.Label,Orders.SalesId,Orders.UptDt"]}
[Sun, 30 Apr 17 22:23:36 +0800][DEBUG] salesOrderListfindConditions : {"conditions":"(Orders.DelFlg = 0) AND (Orders.SalesId = :salesId:)","bind":{"salesId":"9"},"columns":["Orders.Id as OrderId,Orders.OrderNo,Orders.CustomerNm,Orders.RoomId,Room.RoomNo,Orders.Mobile,Orders.OrderStatus,\n        Orders.PayType,Orders.Label,Orders.Release,Orders.SalesId,Orders.UptDt"]}
[Sun, 30 Apr 17 22:23:36 +0800][DEBUG] salesOrderListorder list get pages info done : 1493562216
[Sun, 30 Apr 17 22:23:36 +0800][DEBUG] salesOrderListfindConditions : {"conditions":"(Orders.DelFlg = 0) AND (Orders.SalesId = :salesId:)","bind":{"salesId":"9"},"columns":["Orders.Id as OrderId,Orders.OrderNo,Orders.CustomerNm,Orders.RoomId,Room.RoomNo,Orders.Mobile,Orders.OrderStatus,\n        Orders.PayType,Orders.Label,Orders.Release,Orders.SalesId,Orders.UptDt"]}
[Sun, 30 Apr 17 22:23:36 +0800][DEBUG] salesOrderListorder list get pages info done : 1493562216
[Sun, 30 Apr 17 22:23:41 +0800][DEBUG] salesOrderListfindConditions : {"conditions":"(Orders.DelFlg = 0) AND (Orders.SalesId = :salesId:) AND (Orders.PayType = :payType:)","bind":{"salesId":"9","payType":"2"},"columns":["Orders.Id as OrderId,Orders.OrderNo,Orders.CustomerNm,Orders.RoomId,Room.RoomNo,Orders.Mobile,Orders.OrderStatus,\n        Orders.PayType,Orders.Label,Orders.Release,Orders.SalesId,Orders.UptDt"]}
[Sun, 30 Apr 17 22:23:41 +0800][DEBUG] salesOrderListorder list get pages info done : 1493562221
[Sun, 30 Apr 17 22:23:50 +0800][DEBUG] salesOrderListfindConditions : {"conditions":"(Orders.DelFlg = 0) AND (Orders.SalesId = :salesId:) AND (Orders.OrderStatus in ({orderStatus:array})) AND (Orders.PayType = :payType:)","bind":{"salesId":"9","orderStatus":["6"],"payType":"2"},"columns":["Orders.Id as OrderId,Orders.OrderNo,Orders.CustomerNm,Orders.RoomId,Room.RoomNo,Orders.Mobile,Orders.OrderStatus,\n        Orders.PayType,Orders.Label,Orders.Release,Orders.SalesId,Orders.UptDt"]}
[Sun, 30 Apr 17 22:23:50 +0800][DEBUG] salesOrderListorder list get pages info done : 1493562230
[Sun, 30 Apr 17 22:23:53 +0800][DEBUG] salesOrderListfindConditions : {"conditions":"(Orders.DelFlg = 0) AND (Orders.SalesId = :salesId:) AND (Orders.OrderStatus in ({orderStatus:array})) AND (Orders.PayType = :payType:)","bind":{"salesId":"9","orderStatus":["5"],"payType":"2"},"columns":["Orders.Id as OrderId,Orders.OrderNo,Orders.CustomerNm,Orders.RoomId,Room.RoomNo,Orders.Mobile,Orders.OrderStatus,\n        Orders.PayType,Orders.Label,Orders.Release,Orders.SalesId,Orders.UptDt"]}
[Sun, 30 Apr 17 22:23:53 +0800][DEBUG] salesOrderListorder list get pages info done : 1493562233
[Sun, 30 Apr 17 22:23:56 +0800][DEBUG] salesOrderListfindConditions : {"conditions":"(Orders.DelFlg = 0) AND (Orders.SalesId = :salesId:) AND (Orders.OrderStatus in ({orderStatus:array})) AND (Orders.PayType = :payType:)","bind":{"salesId":"9","orderStatus":["7","10"],"payType":"2"},"columns":["Orders.Id as OrderId,Orders.OrderNo,Orders.CustomerNm,Orders.RoomId,Room.RoomNo,Orders.Mobile,Orders.OrderStatus,\n        Orders.PayType,Orders.Label,Orders.Release,Orders.SalesId,Orders.UptDt"]}
[Sun, 30 Apr 17 22:23:56 +0800][DEBUG] salesOrderListorder list get pages info done : 1493562236
[Sun, 30 Apr 17 22:24:01 +0800][DEBUG] salesOrderListfindConditions : {"conditions":"(Orders.DelFlg = 0) AND (Orders.SalesId = :salesId:) AND (Orders.PayType = :payType:)","bind":{"salesId":"9","payType":"1"},"columns":["Orders.Id as OrderId,Orders.OrderNo,Orders.CustomerNm,Orders.RoomId,Room.RoomNo,Orders.Mobile,Orders.OrderStatus,\n        Orders.PayType,Orders.Label,Orders.Release,Orders.SalesId,Orders.UptDt"]}
[Sun, 30 Apr 17 22:24:01 +0800][DEBUG] salesOrderListorder list get pages info done : 1493562241
[Sun, 30 Apr 17 22:24:07 +0800][DEBUG] salesOrderListfindConditions : {"conditions":"(Orders.DelFlg = 0) AND (Orders.SalesId = :salesId:) AND (Orders.OrderStatus in ({orderStatus:array})) AND (Orders.PayType = :payType:)","bind":{"salesId":"9","orderStatus":["1"],"payType":"1"},"columns":["Orders.Id as OrderId,Orders.OrderNo,Orders.CustomerNm,Orders.RoomId,Room.RoomNo,Orders.Mobile,Orders.OrderStatus,\n        Orders.PayType,Orders.Label,Orders.Release,Orders.SalesId,Orders.UptDt"]}
[Sun, 30 Apr 17 22:24:07 +0800][DEBUG] salesOrderListorder list get pages info done : 1493562247
