[Sat, 08 Apr 17 11:45:02 +0800][DEBUG] findConditions Conditions: "(Orders.ProjectId = :projectId:) AND (Orders.DelFlg = 0)  AND (Orders.OrderStatus = 2)"
[Sat, 08 Apr 17 11:45:02 +0800][DEBUG] findConditions toBind: {"projectId":"20170307100555823955"}
[Sat, 08 Apr 17 11:45:05 +0800][DEBUG] findConditions Conditions: "(Orders.ProjectId = :projectId:) AND (Orders.DelFlg = 0)  AND (Orders.OrderStatus = 2)"
[Sat, 08 Apr 17 11:45:05 +0800][DEBUG] findConditions toBind: {"projectId":"20170307100555823955"}
[Sat, 08 Apr 17 11:45:15 +0800][DEBUG] findConditions Conditions: "(Orders.ProjectId = :projectId:) AND (Orders.DelFlg = 0)  AND (Orders.OrderStatus = 2)"
[Sat, 08 Apr 17 11:45:15 +0800][DEBUG] findConditions toBind: {"projectId":"20170307100555823955"}
[Sat, 08 Apr 17 12:17:52 +0800][DEBUG] findConditions Conditions: "(Orders.ProjectId = :projectId:) AND (Orders.DelFlg = 0)  AND (Orders.OrderStatus = 2)"
[Sat, 08 Apr 17 12:17:52 +0800][DEBUG] findConditions toBind: {"projectId":"20170307100555823955"}
[Sat, 08 Apr 17 12:23:14 +0800][DEBUG] findConditions Conditions: "(Orders.ProjectId = :projectId:) AND (Orders.DelFlg = 0)  AND (Orders.OrderStatus = 2)"
[Sat, 08 Apr 17 12:23:14 +0800][DEBUG] findConditions toBind: {"projectId":"20170307100555823955"}
[Sat, 08 Apr 17 12:23:18 +0800][DEBUG] findConditions Conditions: "(Orders.ProjectId = :projectId:) AND (Orders.DelFlg = 0)  AND (Orders.OrderStatus = 2)"
[Sat, 08 Apr 17 12:23:18 +0800][DEBUG] findConditions toBind: {"projectId":"20170307100555823955"}
[Sat, 08 Apr 17 12:26:33 +0800][DEBUG] findConditions Conditions: "(Orders.ProjectId = :projectId:) AND (Orders.DelFlg = 0)  AND (Orders.OrderStatus = 2)"
[Sat, 08 Apr 17 12:26:33 +0800][DEBUG] findConditions toBind: {"projectId":"20170307100555823955"}
[Sat, 08 Apr 17 12:28:51 +0800][DEBUG] findConditions Conditions: "(Orders.ProjectId = :projectId:) AND (Orders.DelFlg = 0)  AND (Orders.OrderStatus = 2)"
[Sat, 08 Apr 17 12:28:51 +0800][DEBUG] findConditions toBind: {"projectId":"20170307100555823955"}
[Sat, 08 Apr 17 12:32:00 +0800][DEBUG] findConditions Conditions: "(Orders.ProjectId = :projectId:) AND (Orders.DelFlg = 0)  AND (Orders.OrderStatus = 2)"
[Sat, 08 Apr 17 12:32:00 +0800][DEBUG] findConditions toBind: {"projectId":"20170307100555823955"}
[Sat, 08 Apr 17 12:32:02 +0800][DEBUG] findConditions Conditions: "(Orders.ProjectId = :projectId:) AND (Orders.DelFlg = 0)  AND (Orders.OrderStatus = 2)"
[Sat, 08 Apr 17 12:32:02 +0800][DEBUG] findConditions toBind: {"projectId":"20170307100555823955"}
[Sat, 08 Apr 17 12:32:06 +0800][DEBUG] findConditions Conditions: "(Orders.ProjectId = :projectId:) AND (Orders.DelFlg = 0)  AND (Orders.OrderStatus = 2)"
[Sat, 08 Apr 17 12:32:06 +0800][DEBUG] findConditions toBind: {"projectId":"20170307100555823955"}
[Sat, 08 Apr 17 12:32:59 +0800][DEBUG] findConditions Conditions: "(Orders.ProjectId = :projectId:) AND (Orders.DelFlg = 0)  AND (Orders.OrderStatus = 2)"
[Sat, 08 Apr 17 12:32:59 +0800][DEBUG] findConditions toBind: {"projectId":"20170307100555823955"}
[Sat, 08 Apr 17 12:33:02 +0800][DEBUG] findConditions Conditions: "(Orders.ProjectId = :projectId:) AND (Orders.DelFlg = 0)  AND (Orders.OrderStatus = 2)"
[Sat, 08 Apr 17 12:33:02 +0800][DEBUG] findConditions toBind: {"projectId":"20170307100555823955"}
[Sat, 08 Apr 17 12:33:05 +0800][DEBUG] findConditions Conditions: "(Orders.ProjectId = :projectId:) AND (Orders.DelFlg = 0)  AND (Orders.OrderStatus = 2)"
[Sat, 08 Apr 17 12:33:05 +0800][DEBUG] findConditions toBind: {"projectId":"20170307100555823955"}
[Sat, 08 Apr 17 12:37:59 +0800][DEBUG] generateCondition  findConditions  :{"conditions":"(Operator.DelFlg = 0)","bind":[],"columns":["Operator.Id as OperatorId","Operator.Name","Operator.Mobile","Operator.Status"]}
[Sat, 08 Apr 17 12:38:01 +0800][DEBUG] generateCondition  findConditions  :{"conditions":"(Operator.DelFlg = 0)","bind":[],"columns":["Operator.Id as OperatorId","Operator.Name","Operator.Mobile","Operator.Status"]}
[Sat, 08 Apr 17 12:39:29 +0800][DEBUG] generateCondition  findConditions  :{"conditions":"(Operator.DelFlg = 0)","bind":[],"columns":["Operator.Id as OperatorId","Operator.Name","Operator.Mobile","Operator.Status"]}
[Sat, 08 Apr 17 12:39:31 +0800][DEBUG] generateCondition  findConditions  :{"conditions":"(Operator.DelFlg = 0)","bind":[],"columns":["Operator.Id as OperatorId","Operator.Name","Operator.Mobile","Operator.Status"]}
[Sat, 08 Apr 17 12:44:52 +0800][DEBUG] generateCondition  findConditions  :{"conditions":"(Operator.DelFlg = 0)","bind":[],"columns":["Operator.Id as OperatorId","Operator.Name","Operator.Mobile","Operator.Status"]}
[Sat, 08 Apr 17 12:44:54 +0800][DEBUG] generateCondition  findConditions  :{"conditions":"(Operator.DelFlg = 0)","bind":[],"columns":["Operator.Id as OperatorId","Operator.Name","Operator.Mobile","Operator.Status"]}
[Sat, 08 Apr 17 12:45:26 +0800][DEBUG] generateUserToken no emp issue\n13298309294 a12345
[Sat, 08 Apr 17 12:45:29 +0800][DEBUG] clerkOrderListfindConditions : {"conditions":"(Orders.ClerkId = :clerkId:) AND (Orders.ProjectId = :projectId:) AND (Orders.OrderStatus in ({orderStatus:array}))","bind":{"clerkId":"8","projectId":"","orderStatus":[7,10,12,13,14,15,22,23,24,25]},"columns":["Orders.Id as OrderId,Orders.OrderNo,Orders.CustomerNm,Orders.RoomId,Room.RoomNo,Orders.Mobile,\n                            Orders.OrderStatus,Orders.UpdateStatus,Orders.Memo,Orders.PayType,Orders.Label,Orders.ClerkId,Orders.CrtDt"]}
[Sat, 08 Apr 17 12:45:29 +0800][DEBUG] clerkOrderListorder list get pages info done : 1491626729
[Sat, 08 Apr 17 12:45:29 +0800][DEBUG] clerkOrderListfindConditions : {"conditions":"(Orders.ClerkId = :clerkId:) AND (Orders.ProjectId = :projectId:) AND (Orders.OrderStatus in ({orderStatus:array}))","bind":{"clerkId":"8","projectId":"20170307100555823955","orderStatus":[7,10,12,13,14,15,22,23,24,25]},"columns":["Orders.Id as OrderId,Orders.OrderNo,Orders.CustomerNm,Orders.RoomId,Room.RoomNo,Orders.Mobile,\n                            Orders.OrderStatus,Orders.UpdateStatus,Orders.Memo,Orders.PayType,Orders.Label,Orders.ClerkId,Orders.CrtDt"]}
[Sat, 08 Apr 17 12:45:29 +0800][DEBUG] clerkOrderListorder list get pages info done : 1491626729
[Sat, 08 Apr 17 12:45:29 +0800][DEBUG] clerkOrderListfindConditions : {"conditions":"(Orders.ClerkId = :clerkId:) AND (Orders.ProjectId = :projectId:) AND (Orders.OrderStatus in ({orderStatus:array}))","bind":{"clerkId":"8","projectId":"20170307100555823955","orderStatus":[7,10,12,13,14,15,22,23,24,25]},"columns":["Orders.Id as OrderId,Orders.OrderNo,Orders.CustomerNm,Orders.RoomId,Room.RoomNo,Orders.Mobile,\n                            Orders.OrderStatus,Orders.UpdateStatus,Orders.Memo,Orders.PayType,Orders.Label,Orders.ClerkId,Orders.CrtDt"]}
[Sat, 08 Apr 17 12:45:29 +0800][DEBUG] clerkOrderListorder list get pages info done : 1491626729
[Sat, 08 Apr 17 12:45:34 +0800][DEBUG] clerkOrderListfindConditions : {"conditions":"(Orders.ClerkId = :clerkId:) AND (Orders.ProjectId = :projectId:) AND (Orders.OrderStatus in ({orderStatus:array}))","bind":{"clerkId":"8","projectId":"20170307100555823955","orderStatus":[7,10,12,13,14,15,22,23,24,25]},"columns":["Orders.Id as OrderId,Orders.OrderNo,Orders.CustomerNm,Orders.RoomId,Room.RoomNo,Orders.Mobile,\n                            Orders.OrderStatus,Orders.UpdateStatus,Orders.Memo,Orders.PayType,Orders.Label,Orders.ClerkId,Orders.CrtDt"]}
[Sat, 08 Apr 17 12:45:34 +0800][DEBUG] clerkOrderListorder list get pages info done : 1491626734
[Sat, 08 Apr 17 12:45:40 +0800][DEBUG] clerkOrderListfindConditions : {"conditions":"(Orders.ClerkId = :clerkId:) AND (Orders.ProjectId = :projectId:) AND (Orders.OrderStatus in ({orderStatus:array}))","bind":{"clerkId":"8","projectId":"20170307100555823955","orderStatus":[7,10,12,13,14,15,22,23,24,25]},"columns":["Orders.Id as OrderId,Orders.OrderNo,Orders.CustomerNm,Orders.RoomId,Room.RoomNo,Orders.Mobile,\n                            Orders.OrderStatus,Orders.UpdateStatus,Orders.Memo,Orders.PayType,Orders.Label,Orders.ClerkId,Orders.CrtDt"]}
[Sat, 08 Apr 17 12:45:40 +0800][DEBUG] clerkOrderListfindConditions : {"conditions":"(Orders.ClerkId = :clerkId:) AND (Orders.ProjectId = :projectId:) AND (Orders.OrderStatus in ({orderStatus:array}))","bind":{"clerkId":"8","projectId":"20170307100555823955","orderStatus":[7,10,12,13,14,15,22,23,24,25]},"columns":["Orders.Id as OrderId,Orders.OrderNo,Orders.CustomerNm,Orders.RoomId,Room.RoomNo,Orders.Mobile,\n                            Orders.OrderStatus,Orders.UpdateStatus,Orders.Memo,Orders.PayType,Orders.Label,Orders.ClerkId,Orders.CrtDt"]}
[Sat, 08 Apr 17 12:45:40 +0800][DEBUG] clerkOrderListorder list get pages info done : 1491626740
[Sat, 08 Apr 17 12:45:40 +0800][DEBUG] clerkOrderListorder list get pages info done : 1491626740
[Sat, 08 Apr 17 12:45:57 +0800][DEBUG] clerkOrderListfindConditions : {"conditions":"(Orders.ClerkId = :clerkId:) AND (Orders.ProjectId = :projectId:) AND (Orders.OrderStatus in ({orderStatus:array}))","bind":{"clerkId":"8","projectId":"20170327112654147970","orderStatus":[7,10,12,13,14,15,22,23,24,25]},"columns":["Orders.Id as OrderId,Orders.OrderNo,Orders.CustomerNm,Orders.RoomId,Room.RoomNo,Orders.Mobile,\n                            Orders.OrderStatus,Orders.UpdateStatus,Orders.Memo,Orders.PayType,Orders.Label,Orders.ClerkId,Orders.CrtDt"]}
[Sat, 08 Apr 17 12:45:57 +0800][DEBUG] clerkOrderListorder list get pages info done : 1491626757
[Sat, 08 Apr 17 12:46:00 +0800][DEBUG] clerkOrderListfindConditions : {"conditions":"(Orders.ClerkId = :clerkId:) AND (Orders.ProjectId = :projectId:) AND (Orders.OrderStatus in ({orderStatus:array}))","bind":{"clerkId":"8","projectId":"20170307100555823955","orderStatus":[7,10,12,13,14,15,22,23,24,25]},"columns":["Orders.Id as OrderId,Orders.OrderNo,Orders.CustomerNm,Orders.RoomId,Room.RoomNo,Orders.Mobile,\n                            Orders.OrderStatus,Orders.UpdateStatus,Orders.Memo,Orders.PayType,Orders.Label,Orders.ClerkId,Orders.CrtDt"]}
[Sat, 08 Apr 17 12:46:00 +0800][DEBUG] clerkOrderListorder list get pages info done : 1491626760
[Sat, 08 Apr 17 12:46:02 +0800][DEBUG] clerkOrderListfindConditions : {"conditions":"(Orders.ClerkId = :clerkId:) AND (Orders.ProjectId = :projectId:) AND (Orders.OrderStatus = :orderStatus:)","bind":{"clerkId":"8","projectId":"20170307100555823955","orderStatus":"12"},"columns":["Orders.Id as OrderId,Orders.OrderNo,Orders.CustomerNm,Orders.RoomId,Room.RoomNo,Orders.Mobile,\n                            Orders.OrderStatus,Orders.UpdateStatus,Orders.Memo,Orders.PayType,Orders.Label,Orders.ClerkId,Orders.CrtDt"]}
[Sat, 08 Apr 17 12:46:02 +0800][DEBUG] clerkOrderListorder list get pages info done : 1491626762
[Sat, 08 Apr 17 12:46:04 +0800][DEBUG] clerkOrderListfindConditions : {"conditions":"(Orders.ClerkId = :clerkId:) AND (Orders.ProjectId = :projectId:) AND (Orders.OrderStatus in ({orderStatus:array}))","bind":{"clerkId":"8","projectId":"20170307100555823955","orderStatus":[7,10,12,13,14,15,22,23,24,25]},"columns":["Orders.Id as OrderId,Orders.OrderNo,Orders.CustomerNm,Orders.RoomId,Room.RoomNo,Orders.Mobile,\n                            Orders.OrderStatus,Orders.UpdateStatus,Orders.Memo,Orders.PayType,Orders.Label,Orders.ClerkId,Orders.CrtDt"]}
[Sat, 08 Apr 17 12:46:04 +0800][DEBUG] clerkOrderListorder list get pages info done : 1491626764
[Sat, 08 Apr 17 12:46:05 +0800][DEBUG] clerkOrderListfindConditions : {"conditions":"(Orders.ClerkId = :clerkId:) AND (Orders.ProjectId = :projectId:) AND (Orders.OrderStatus in ({orderStatus:array}))","bind":{"clerkId":"8","projectId":"20170307100555823955","orderStatus":[7,10,12,13,14,15,22,23,24,25]},"columns":["Orders.Id as OrderId,Orders.OrderNo,Orders.CustomerNm,Orders.RoomId,Room.RoomNo,Orders.Mobile,\n                            Orders.OrderStatus,Orders.UpdateStatus,Orders.Memo,Orders.PayType,Orders.Label,Orders.ClerkId,Orders.CrtDt"]}
[Sat, 08 Apr 17 12:46:05 +0800][DEBUG] clerkOrderListorder list get pages info done : 1491626765
[Sat, 08 Apr 17 12:46:12 +0800][DEBUG] clerkOrderListfindConditions : {"conditions":"(Orders.ClerkId = :clerkId:) AND (Orders.ProjectId = :projectId:) AND (Orders.OrderStatus in ({orderStatus:array}))","bind":{"clerkId":"8","projectId":"20170307100555823955","orderStatus":[7,10,12,13,14,15,22,23,24,25]},"columns":["Orders.Id as OrderId,Orders.OrderNo,Orders.CustomerNm,Orders.RoomId,Room.RoomNo,Orders.Mobile,\n                            Orders.OrderStatus,Orders.UpdateStatus,Orders.Memo,Orders.PayType,Orders.Label,Orders.ClerkId,Orders.CrtDt"]}
[Sat, 08 Apr 17 12:46:12 +0800][DEBUG] clerkOrderListorder list get pages info done : 1491626772
[Sat, 08 Apr 17 12:46:16 +0800][DEBUG] clerkOrderListfindConditions : {"conditions":"(Orders.ClerkId = :clerkId:) AND (Orders.ProjectId = :projectId:) AND (Orders.OrderStatus in ({orderStatus:array}))","bind":{"clerkId":"8","projectId":"20170307100555823955","orderStatus":[7,10,12,13,14,15,22,23,24,25]},"columns":["Orders.Id as OrderId,Orders.OrderNo,Orders.CustomerNm,Orders.RoomId,Room.RoomNo,Orders.Mobile,\n                            Orders.OrderStatus,Orders.UpdateStatus,Orders.Memo,Orders.PayType,Orders.Label,Orders.ClerkId,Orders.CrtDt"]}
[Sat, 08 Apr 17 12:46:16 +0800][DEBUG] clerkOrderListorder list get pages info done : 1491626776
[Sat, 08 Apr 17 12:46:18 +0800][DEBUG] clerkOrderListfindConditions : {"conditions":"(Orders.ClerkId = :clerkId:) AND (Orders.ProjectId = :projectId:) AND (Orders.OrderStatus = :orderStatus:)","bind":{"clerkId":"8","projectId":"20170307100555823955","orderStatus":"12"},"columns":["Orders.Id as OrderId,Orders.OrderNo,Orders.CustomerNm,Orders.RoomId,Room.RoomNo,Orders.Mobile,\n                            Orders.OrderStatus,Orders.UpdateStatus,Orders.Memo,Orders.PayType,Orders.Label,Orders.ClerkId,Orders.CrtDt"]}
[Sat, 08 Apr 17 12:46:18 +0800][DEBUG] clerkOrderListorder list get pages info done : 1491626778
[Sat, 08 Apr 17 12:46:20 +0800][DEBUG] clerkOrderListfindConditions : {"conditions":"(Orders.ClerkId = :clerkId:) AND (Orders.ProjectId = :projectId:) AND (Orders.OrderStatus = :orderStatus:)","bind":{"clerkId":"8","projectId":"20170307100555823955","orderStatus":"13"},"columns":["Orders.Id as OrderId,Orders.OrderNo,Orders.CustomerNm,Orders.RoomId,Room.RoomNo,Orders.Mobile,\n                            Orders.OrderStatus,Orders.UpdateStatus,Orders.Memo,Orders.PayType,Orders.Label,Orders.ClerkId,Orders.CrtDt"]}
[Sat, 08 Apr 17 12:46:20 +0800][DEBUG] clerkOrderListorder list get pages info done : 1491626780
[Sat, 08 Apr 17 12:46:22 +0800][DEBUG] clerkOrderListfindConditions : {"conditions":"(Orders.ClerkId = :clerkId:) AND (Orders.ProjectId = :projectId:) AND (Orders.OrderStatus in ({orderStatus:array}))","bind":{"clerkId":"8","projectId":"20170307100555823955","orderStatus":[7,10,12,13,14,15,22,23,24,25]},"columns":["Orders.Id as OrderId,Orders.OrderNo,Orders.CustomerNm,Orders.RoomId,Room.RoomNo,Orders.Mobile,\n                            Orders.OrderStatus,Orders.UpdateStatus,Orders.Memo,Orders.PayType,Orders.Label,Orders.ClerkId,Orders.CrtDt"]}
[Sat, 08 Apr 17 12:46:22 +0800][DEBUG] clerkOrderListorder list get pages info done : 1491626782
[Sat, 08 Apr 17 12:46:25 +0800][DEBUG] clerkOrderListfindConditions : {"conditions":"(Orders.ClerkId = :clerkId:) AND (Orders.ProjectId = :projectId:) AND (Orders.OrderStatus in ({orderStatus:array}))","bind":{"clerkId":"8","projectId":"20170307100555823955","orderStatus":[7,10,12,13,14,15,22,23,24,25]},"columns":["Orders.Id as OrderId,Orders.OrderNo,Orders.CustomerNm,Orders.RoomId,Room.RoomNo,Orders.Mobile,\n                            Orders.OrderStatus,Orders.UpdateStatus,Orders.Memo,Orders.PayType,Orders.Label,Orders.ClerkId,Orders.CrtDt"]}
[Sat, 08 Apr 17 12:46:25 +0800][DEBUG] clerkOrderListorder list get pages info done : 1491626785
[Sat, 08 Apr 17 12:46:27 +0800][DEBUG] clerkOrderListfindConditions : {"conditions":"(Orders.ClerkId = :clerkId:) AND (Orders.ProjectId = :projectId:) AND (Orders.OrderStatus in ({orderStatus:array}))","bind":{"clerkId":"8","projectId":"20170307100555823955","orderStatus":[7,10,12,13,14,15,22,23,24,25]},"columns":["Orders.Id as OrderId,Orders.OrderNo,Orders.CustomerNm,Orders.RoomId,Room.RoomNo,Orders.Mobile,\n                            Orders.OrderStatus,Orders.UpdateStatus,Orders.Memo,Orders.PayType,Orders.Label,Orders.ClerkId,Orders.CrtDt"]}
[Sat, 08 Apr 17 12:46:27 +0800][DEBUG] clerkOrderListorder list get pages info done : 1491626787
[Sat, 08 Apr 17 12:46:29 +0800][DEBUG] clerkOrderListfindConditions : {"conditions":"(Orders.ClerkId = :clerkId:) AND (Orders.ProjectId = :projectId:) AND (Orders.OrderStatus = :orderStatus:)","bind":{"clerkId":"8","projectId":"20170307100555823955","orderStatus":"24"},"columns":["Orders.Id as OrderId,Orders.OrderNo,Orders.CustomerNm,Orders.RoomId,Room.RoomNo,Orders.Mobile,\n                            Orders.OrderStatus,Orders.UpdateStatus,Orders.Memo,Orders.PayType,Orders.Label,Orders.ClerkId,Orders.CrtDt"]}
[Sat, 08 Apr 17 12:46:29 +0800][DEBUG] clerkOrderListorder list get pages info done : 1491626789
[Sat, 08 Apr 17 12:46:31 +0800][DEBUG] clerkOrderListfindConditions : {"conditions":"(Orders.ClerkId = :clerkId:) AND (Orders.ProjectId = :projectId:) AND (Orders.OrderStatus in ({orderStatus:array}))","bind":{"clerkId":"8","projectId":"20170307100555823955","orderStatus":[7,10,12,13,14,15,22,23,24,25]},"columns":["Orders.Id as OrderId,Orders.OrderNo,Orders.CustomerNm,Orders.RoomId,Room.RoomNo,Orders.Mobile,\n                            Orders.OrderStatus,Orders.UpdateStatus,Orders.Memo,Orders.PayType,Orders.Label,Orders.ClerkId,Orders.CrtDt"]}
[Sat, 08 Apr 17 12:46:31 +0800][DEBUG] clerkOrderListorder list get pages info done : 1491626791
[Sat, 08 Apr 17 13:14:56 +0800][DEBUG] generateManagerAndProjectToken项目编码错误\n
[Sat, 08 Apr 17 13:15:03 +0800][DEBUG] generateManagerAndProjectToken项目编码错误\n
[Sat, 08 Apr 17 13:15:08 +0800][DEBUG] generateManagerAndProjectToken项目编码错误\n
[Sat, 08 Apr 17 13:15:13 +0800][DEBUG] generateManagerAndProjectToken项目编码错误\n
[Sat, 08 Apr 17 13:15:20 +0800][DEBUG] findConditions Conditions: "(Orders.ProjectId = :projectId:) AND (Orders.DelFlg = 0)   AND (Orders.CrtDt > :minDt:) AND (Orders.OrderStatus = 2)"
[Sat, 08 Apr 17 13:15:20 +0800][DEBUG] findConditions toBind: {"projectId":"20170307100555823955","minDt":0}
[Sat, 08 Apr 17 13:15:32 +0800][DEBUG] findConditions Conditions: "(Orders.ProjectId = :projectId:) AND (Orders.DelFlg = 0)  AND (Orders.CrtDt >= :minDt:) AND (Orders.CrtDt <= :maxDt:) AND (Orders.OrderStatus = 2)"
[Sat, 08 Apr 17 13:15:32 +0800][DEBUG] findConditions toBind: {"projectId":"20170307100555823955","minDt":"2017-04-07","maxDt":"2017-04-08"}
[Sat, 08 Apr 17 13:16:12 +0800][DEBUG] allOrderStatisticsorder list get pages info done : 1491628572
[Sat, 08 Apr 17 13:16:16 +0800][DEBUG] findConditions Conditions: "(Orders.ProjectId = :projectId:) AND (Orders.DelFlg = 0)  AND (Orders.CrtDt >= :minDt:) AND (Orders.CrtDt <= :maxDt:) AND (Orders.OrderStatus = 2)"
[Sat, 08 Apr 17 13:16:16 +0800][DEBUG] findConditions toBind: {"projectId":"20170307100555823955","minDt":"2017-04-07","maxDt":"2017-04-08"}
[Sat, 08 Apr 17 13:17:02 +0800][DEBUG] allOrderStatisticsorder list get pages info done : 1491628622
[Sat, 08 Apr 17 13:18:55 +0800][DEBUG] allOrderStatisticsorder list get pages info done : 1491628735
[Sat, 08 Apr 17 13:19:55 +0800][DEBUG] allOrderStatisticsorder list get pages info done : 1491628795
