[Sun, 16 Apr 17 16:47:55 +0800][DEBUG] findConditions Conditions: "(Orders.ProjectId = :projectId:) AND (Orders.DelFlg = 0)   AND (Orders.CrtDt >= :minDt:) AND (Orders.OrderStatus = 2)"
[Sun, 16 Apr 17 16:47:55 +0800][DEBUG] findConditions toBind: {"projectId":"20170413151934182959","minDt":0}
[Sun, 16 Apr 17 16:48:03 +0800][DEBUG] findConditions Conditions: "(Orders.ProjectId = :projectId:) AND (Orders.DelFlg = 0)  AND (Orders.CrtDt >= :minDt:) AND (Orders.CrtDt < :maxDt:) AND (Orders.OrderStatus = 2)"
[Sun, 16 Apr 17 16:48:03 +0800][DEBUG] findConditions toBind: {"projectId":"20170413151934182959","minDt":"2017-04-15","maxDt":"2017-04-16"}
[Sun, 16 Apr 17 16:48:06 +0800][DEBUG] findConditions Conditions: "(Orders.ProjectId = :projectId:) AND (Orders.DelFlg = 0)  AND (Orders.CrtDt >= :minDt:) AND (Orders.CrtDt < :maxDt:) AND (Orders.OrderStatus = 2)"
[Sun, 16 Apr 17 16:48:06 +0800][DEBUG] findConditions toBind: {"projectId":"20170413151934182959","minDt":"2017-04-13","maxDt":"2017-04-16"}
[Sun, 16 Apr 17 16:48:13 +0800][DEBUG] findConditions Conditions: "(Orders.ProjectId = :projectId:) AND (Orders.DelFlg = 0)  AND (Orders.CrtDt >= :minDt:) AND (Orders.CrtDt < :maxDt:) AND (Orders.OrderStatus = 2)"
[Sun, 16 Apr 17 16:48:13 +0800][DEBUG] findConditions toBind: {"projectId":"20170413151934182959","minDt":"2017-04-09","maxDt":"2017-04-16"}
[Sun, 16 Apr 17 16:48:16 +0800][DEBUG] findConditions Conditions: "(Orders.ProjectId = :projectId:) AND (Orders.DelFlg = 0)  AND (Orders.CrtDt >= :minDt:) AND (Orders.CrtDt < :maxDt:) AND (Orders.OrderStatus = 2)"
[Sun, 16 Apr 17 16:48:16 +0800][DEBUG] findConditions toBind: {"projectId":"20170413151934182959","minDt":"2017-03-17","maxDt":"2017-04-16"}
[Sun, 16 Apr 17 16:48:23 +0800][DEBUG] findConditions Conditions: "(Orders.DelFlg = 0) AND (Orders.SalesId = :salesId:)"
[Sun, 16 Apr 17 16:48:23 +0800][DEBUG] findConditions toBind: {"salesId":"2"}
[Sun, 16 Apr 17 16:48:23 +0800][DEBUG] salesOrderListfindConditions : {"conditions":"(Orders.DelFlg = 0) AND (Orders.SalesId = :salesId:)","bind":{"salesId":"2"},"columns":["Orders.Id as OrderId,Orders.OrderNo,Orders.CustomerNm,Orders.RoomId,Room.RoomNo,Orders.Mobile,Orders.OrderStatus,\n        Orders.PayType,Orders.Label,Orders.Release,Orders.SalesId,Orders.UptDt"]}
[Sun, 16 Apr 17 16:48:23 +0800][DEBUG] salesOrderListorder list get pages info done : 1492332503
[Sun, 16 Apr 17 16:48:23 +0800][DEBUG] findConditions Conditions: "(Orders.DelFlg = 0) AND (Orders.SalesId = :salesId:)"
[Sun, 16 Apr 17 16:48:23 +0800][DEBUG] findConditions toBind: {"salesId":"2"}
[Sun, 16 Apr 17 16:48:23 +0800][DEBUG] salesOrderListfindConditions : {"conditions":"(Orders.DelFlg = 0) AND (Orders.SalesId = :salesId:)","bind":{"salesId":"2"},"columns":["Orders.Id as OrderId,Orders.OrderNo,Orders.CustomerNm,Orders.RoomId,Room.RoomNo,Orders.Mobile,Orders.OrderStatus,\n        Orders.PayType,Orders.Label,Orders.Release,Orders.SalesId,Orders.UptDt"]}
[Sun, 16 Apr 17 16:48:23 +0800][DEBUG] salesOrderListorder list get pages info done : 1492332503
[Sun, 16 Apr 17 16:48:26 +0800][DEBUG] findConditions Conditions: "(Orders.DelFlg = 0) AND (Orders.SalesId = :salesId:)"
[Sun, 16 Apr 17 16:48:26 +0800][DEBUG] findConditions toBind: {"salesId":"2"}
[Sun, 16 Apr 17 16:48:26 +0800][DEBUG] salesOrderListfindConditions : {"conditions":"(Orders.DelFlg = 0) AND (Orders.SalesId = :salesId:)","bind":{"salesId":"2"},"columns":["Orders.Id as OrderId,Orders.OrderNo,Orders.CustomerNm,Orders.RoomId,Room.RoomNo,Orders.Mobile,Orders.OrderStatus,\n        Orders.PayType,Orders.Label,Orders.Release,Orders.SalesId,Orders.UptDt"]}
[Sun, 16 Apr 17 16:48:26 +0800][DEBUG] salesOrderListorder list get pages info done : 1492332506
[Sun, 16 Apr 17 16:48:26 +0800][DEBUG] findConditions Conditions: "(Orders.DelFlg = 0) AND (Orders.SalesId = :salesId:)"
[Sun, 16 Apr 17 16:48:26 +0800][DEBUG] findConditions toBind: {"salesId":"2"}
[Sun, 16 Apr 17 16:48:26 +0800][DEBUG] salesOrderListfindConditions : {"conditions":"(Orders.DelFlg = 0) AND (Orders.SalesId = :salesId:)","bind":{"salesId":"2"},"columns":["Orders.Id as OrderId,Orders.OrderNo,Orders.CustomerNm,Orders.RoomId,Room.RoomNo,Orders.Mobile,Orders.OrderStatus,\n        Orders.PayType,Orders.Label,Orders.Release,Orders.SalesId,Orders.UptDt"]}
[Sun, 16 Apr 17 16:48:26 +0800][DEBUG] salesOrderListorder list get pages info done : 1492332506
[Sun, 16 Apr 17 16:48:40 +0800][DEBUG] {closure} sales edit order data: {"payType":"2","orderId":"13","projectId":"20170413151934182959","customerNm":"果料哥","mobile":"13661666666","roomId":"5","address":"啊实打实的","unit":"148","salePrice":"1232112","contractAmount":"2312312213","ensureAmount":"2312","paymentAmount":"23213","userToken":"73e9edc90b29be103f8c814c655b971153ce2740"}
[Sun, 16 Apr 17 16:48:40 +0800][DEBUG] findConditions Conditions: "(Orders.DelFlg = 0) AND (Orders.SalesId = :salesId:)"
[Sun, 16 Apr 17 16:48:40 +0800][DEBUG] findConditions toBind: {"salesId":"2"}
[Sun, 16 Apr 17 16:48:40 +0800][DEBUG] salesOrderListfindConditions : {"conditions":"(Orders.DelFlg = 0) AND (Orders.SalesId = :salesId:)","bind":{"salesId":"2"},"columns":["Orders.Id as OrderId,Orders.OrderNo,Orders.CustomerNm,Orders.RoomId,Room.RoomNo,Orders.Mobile,Orders.OrderStatus,\n        Orders.PayType,Orders.Label,Orders.Release,Orders.SalesId,Orders.UptDt"]}
[Sun, 16 Apr 17 16:48:40 +0800][DEBUG] findConditions Conditions: "(Orders.DelFlg = 0) AND (Orders.SalesId = :salesId:)"
[Sun, 16 Apr 17 16:48:40 +0800][DEBUG] findConditions toBind: {"salesId":"2"}
[Sun, 16 Apr 17 16:48:40 +0800][DEBUG] salesOrderListfindConditions : {"conditions":"(Orders.DelFlg = 0) AND (Orders.SalesId = :salesId:)","bind":{"salesId":"2"},"columns":["Orders.Id as OrderId,Orders.OrderNo,Orders.CustomerNm,Orders.RoomId,Room.RoomNo,Orders.Mobile,Orders.OrderStatus,\n        Orders.PayType,Orders.Label,Orders.Release,Orders.SalesId,Orders.UptDt"]}
[Sun, 16 Apr 17 16:48:40 +0800][DEBUG] salesOrderListorder list get pages info done : 1492332520
[Sun, 16 Apr 17 16:48:40 +0800][DEBUG] salesOrderListorder list get pages info done : 1492332520
[Sun, 16 Apr 17 16:48:40 +0800][DEBUG] findConditions Conditions: "(Orders.DelFlg = 0) AND (Orders.SalesId = :salesId:)"
[Sun, 16 Apr 17 16:48:40 +0800][DEBUG] findConditions toBind: {"salesId":"2"}
[Sun, 16 Apr 17 16:48:40 +0800][DEBUG] salesOrderListfindConditions : {"conditions":"(Orders.DelFlg = 0) AND (Orders.SalesId = :salesId:)","bind":{"salesId":"2"},"columns":["Orders.Id as OrderId,Orders.OrderNo,Orders.CustomerNm,Orders.RoomId,Room.RoomNo,Orders.Mobile,Orders.OrderStatus,\n        Orders.PayType,Orders.Label,Orders.Release,Orders.SalesId,Orders.UptDt"]}
[Sun, 16 Apr 17 16:48:40 +0800][DEBUG] salesOrderListorder list get pages info done : 1492332520
[Sun, 16 Apr 17 16:48:49 +0800][DEBUG] findConditions Conditions: "(Orders.DelFlg = 0) AND (Orders.SalesId = :salesId:)"
[Sun, 16 Apr 17 16:48:49 +0800][DEBUG] findConditions toBind: {"salesId":"2"}
[Sun, 16 Apr 17 16:48:49 +0800][DEBUG] salesOrderListfindConditions : {"conditions":"(Orders.DelFlg = 0) AND (Orders.SalesId = :salesId:)","bind":{"salesId":"2"},"columns":["Orders.Id as OrderId,Orders.OrderNo,Orders.CustomerNm,Orders.RoomId,Room.RoomNo,Orders.Mobile,Orders.OrderStatus,\n        Orders.PayType,Orders.Label,Orders.Release,Orders.SalesId,Orders.UptDt"]}
[Sun, 16 Apr 17 16:48:49 +0800][DEBUG] salesOrderListorder list get pages info done : 1492332529
[Sun, 16 Apr 17 16:48:58 +0800][DEBUG] findConditions Conditions: "(Orders.DelFlg = 0) AND (Orders.SalesId = :salesId:)"
[Sun, 16 Apr 17 16:48:58 +0800][DEBUG] findConditions toBind: {"salesId":"2"}
[Sun, 16 Apr 17 16:48:58 +0800][DEBUG] salesOrderListfindConditions : {"conditions":"(Orders.DelFlg = 0) AND (Orders.SalesId = :salesId:)","bind":{"salesId":"2"},"columns":["Orders.Id as OrderId,Orders.OrderNo,Orders.CustomerNm,Orders.RoomId,Room.RoomNo,Orders.Mobile,Orders.OrderStatus,\n        Orders.PayType,Orders.Label,Orders.Release,Orders.SalesId,Orders.UptDt"]}
[Sun, 16 Apr 17 16:48:58 +0800][DEBUG] salesOrderListorder list get pages info done : 1492332538
[Sun, 16 Apr 17 16:50:04 +0800][DEBUG] checkAllotQueryOrderByOperatorIdorderList count : [{"Count":0,"OperatorId":"3"},{"Count":1,"OperatorId":"20"},{"Count":4,"OperatorId":"5"},{"Count":4,"OperatorId":"88"}]
[Sun, 16 Apr 17 16:50:04 +0800][DEBUG] addOrder add orders operator Info :{"Count":4,"OperatorId":"5"}
[Sun, 16 Apr 17 16:50:04 +0800][DEBUG] findConditions Conditions: "(Orders.DelFlg = 0) AND (Orders.SalesId = :salesId:)"
[Sun, 16 Apr 17 16:50:04 +0800][DEBUG] findConditions toBind: {"salesId":"2"}
[Sun, 16 Apr 17 16:50:04 +0800][DEBUG] salesOrderListfindConditions : {"conditions":"(Orders.DelFlg = 0) AND (Orders.SalesId = :salesId:)","bind":{"salesId":"2"},"columns":["Orders.Id as OrderId,Orders.OrderNo,Orders.CustomerNm,Orders.RoomId,Room.RoomNo,Orders.Mobile,Orders.OrderStatus,\n        Orders.PayType,Orders.Label,Orders.Release,Orders.SalesId,Orders.UptDt"]}
[Sun, 16 Apr 17 16:50:04 +0800][DEBUG] findConditions Conditions: "(Orders.DelFlg = 0) AND (Orders.SalesId = :salesId:)"
[Sun, 16 Apr 17 16:50:04 +0800][DEBUG] findConditions toBind: {"salesId":"2"}
[Sun, 16 Apr 17 16:50:04 +0800][DEBUG] salesOrderListfindConditions : {"conditions":"(Orders.DelFlg = 0) AND (Orders.SalesId = :salesId:)","bind":{"salesId":"2"},"columns":["Orders.Id as OrderId,Orders.OrderNo,Orders.CustomerNm,Orders.RoomId,Room.RoomNo,Orders.Mobile,Orders.OrderStatus,\n        Orders.PayType,Orders.Label,Orders.Release,Orders.SalesId,Orders.UptDt"]}
[Sun, 16 Apr 17 16:50:04 +0800][DEBUG] salesOrderListorder list get pages info done : 1492332604
[Sun, 16 Apr 17 16:50:04 +0800][DEBUG] salesOrderListorder list get pages info done : 1492332604
[Sun, 16 Apr 17 16:50:04 +0800][DEBUG] findConditions Conditions: "(Orders.DelFlg = 0) AND (Orders.SalesId = :salesId:)"
[Sun, 16 Apr 17 16:50:04 +0800][DEBUG] findConditions toBind: {"salesId":"2"}
[Sun, 16 Apr 17 16:50:04 +0800][DEBUG] salesOrderListfindConditions : {"conditions":"(Orders.DelFlg = 0) AND (Orders.SalesId = :salesId:)","bind":{"salesId":"2"},"columns":["Orders.Id as OrderId,Orders.OrderNo,Orders.CustomerNm,Orders.RoomId,Room.RoomNo,Orders.Mobile,Orders.OrderStatus,\n        Orders.PayType,Orders.Label,Orders.Release,Orders.SalesId,Orders.UptDt"]}
[Sun, 16 Apr 17 16:50:04 +0800][DEBUG] salesOrderListorder list get pages info done : 1492332604
