[Sun, 23 Apr 17 00:18:06 +0800][DEBUG] generateCondition  findConditions  :{"conditions":"(Operator.DelFlg = 0)","bind":[],"columns":["Operator.Id as OperatorId","Operator.Name","Operator.Mobile","Operator.Status"]}
[Sun, 23 Apr 17 00:18:27 +0800][DEBUG] {closure} assignPendingOperatorAction data: {"orderIds":"81","projectId":"20170421093438151893","operatorId":"12","roleId":"2","userToken":"bc2d37c7707bea382c0aab4572779f7f96454c10"}
[Sun, 23 Apr 17 00:18:39 +0800][DEBUG] {closure} assignPendingOperatorAction data: {"orderIds":"81","projectId":"20170421093438151893","operatorId":"12","roleId":"2","userToken":"bc2d37c7707bea382c0aab4572779f7f96454c10"}
[Sun, 23 Apr 17 00:18:40 +0800][DEBUG] {closure} assignPendingOperatorAction data: {"orderIds":"81","projectId":"20170421093438151893","operatorId":"12","roleId":"2","userToken":"bc2d37c7707bea382c0aab4572779f7f96454c10"}
[Sun, 23 Apr 17 00:28:25 +0800][DEBUG] {closure} assignPendingOperatorAction data: {"orderIds":"81","projectId":"20170421093438151893","operatorId":"1","roleId":"2","userToken":"bc2d37c7707bea382c0aab4572779f7f96454c10"}
[Sun, 23 Apr 17 00:38:16 +0800][DEBUG] {closure} assignPendingOperatorAction data: {"orderIds":"81","projectId":"20170421093438151893","operatorId":"3","roleId":"2","userToken":"aae508375f2ecb85f23ac542367214f54a145229"}
[Sun, 23 Apr 17 12:49:30 +0800][DEBUG] findConditions Conditions: "(Orders.DelFlg = 0) AND (Orders.SalesId = :salesId:)"
[Sun, 23 Apr 17 12:49:30 +0800][DEBUG] findConditions toBind: {"salesId":"9"}
[Sun, 23 Apr 17 12:49:30 +0800][DEBUG] salesOrderListorder list get pages info done : 1492922970
[Sun, 23 Apr 17 12:49:30 +0800][DEBUG] findConditions Conditions: "(Orders.DelFlg = 0) AND (Orders.SalesId = :salesId:)"
[Sun, 23 Apr 17 12:49:30 +0800][DEBUG] findConditions toBind: {"salesId":"9"}
[Sun, 23 Apr 17 12:49:30 +0800][DEBUG] salesOrderListorder list get pages info done : 1492922970
[Sun, 23 Apr 17 12:49:36 +0800][DEBUG] findConditions Conditions: "(Orders.DelFlg = 0) AND (Orders.SalesId = :salesId:)"
[Sun, 23 Apr 17 12:49:36 +0800][DEBUG] findConditions toBind: {"salesId":"9"}
[Sun, 23 Apr 17 12:49:36 +0800][DEBUG] salesOrderListorder list get pages info done : 1492922976
[Sun, 23 Apr 17 12:49:36 +0800][DEBUG] findConditions Conditions: "(Orders.DelFlg = 0) AND (Orders.SalesId = :salesId:)"
[Sun, 23 Apr 17 12:49:36 +0800][DEBUG] findConditions toBind: {"salesId":"9"}
[Sun, 23 Apr 17 12:49:36 +0800][DEBUG] salesOrderListorder list get pages info done : 1492922976
[Sun, 23 Apr 17 12:49:54 +0800][DEBUG] {closure}add order action data : {"payType":"4","projectId":"20170421093438151893","customerNm":"你好","mobile":"13423742984","roomId":"79","roomNo":"234","unit":"2342","userToken":"a1e33e4cb5de863d21c25fe95663493b365af47e"}
[Sun, 23 Apr 17 12:49:54 +0800][DEBUG] checkAllotQueryOrderByOperatorIdorderList count :  query operatorIds ["12","13","14"][{"Count":2,"OperatorId":"12"},{"Count":2,"OperatorId":"13"},{"Count":2,"OperatorId":"14"}] orderList index 0: {"Count":2,"OperatorId":"12"}
[Sun, 23 Apr 17 12:49:54 +0800][DEBUG] addOrder add orders operator Info :{"Count":2,"OperatorId":"12"}
[Sun, 23 Apr 17 12:49:55 +0800][DEBUG] findConditions Conditions: "(Orders.DelFlg = 0) AND (Orders.SalesId = :salesId:)"
[Sun, 23 Apr 17 12:49:55 +0800][DEBUG] findConditions toBind: {"salesId":"9"}
[Sun, 23 Apr 17 12:49:55 +0800][DEBUG] salesOrderListorder list get pages info done : 1492922995
[Sun, 23 Apr 17 12:49:55 +0800][DEBUG] findConditions Conditions: "(Orders.DelFlg = 0) AND (Orders.SalesId = :salesId:)"
[Sun, 23 Apr 17 12:49:55 +0800][DEBUG] findConditions toBind: {"salesId":"9"}
[Sun, 23 Apr 17 12:49:55 +0800][DEBUG] findConditions Conditions: "(Orders.DelFlg = 0) AND (Orders.SalesId = :salesId:)"
[Sun, 23 Apr 17 12:49:55 +0800][DEBUG] findConditions toBind: {"salesId":"9"}
[Sun, 23 Apr 17 12:49:55 +0800][DEBUG] salesOrderListorder list get pages info done : 1492922995
[Sun, 23 Apr 17 12:49:55 +0800][DEBUG] salesOrderListorder list get pages info done : 1492922995
[Sun, 23 Apr 17 12:50:09 +0800][DEBUG] findConditions Conditions: "(Orders.DelFlg = 0) AND (Orders.SalesId = :salesId:)"
[Sun, 23 Apr 17 12:50:09 +0800][DEBUG] findConditions toBind: {"salesId":"9"}
[Sun, 23 Apr 17 12:50:09 +0800][DEBUG] salesOrderListorder list get pages info done : 1492923009
[Sun, 23 Apr 17 12:50:22 +0800][DEBUG] {closure}add order action data : {"payType":"2","projectId":"20170421093438151893","customerNm":"双方尽快将离开","mobile":"13234242342","roomId":"154","roomNo":"2222","unit":"222","userToken":"a1e33e4cb5de863d21c25fe95663493b365af47e"}
[Sun, 23 Apr 17 12:50:22 +0800][DEBUG] checkAllotQueryOrderByOperatorIdorderList count :  query operatorIds ["12","13","14"][{"Count":3,"OperatorId":"12"},{"Count":2,"OperatorId":"13"},{"Count":2,"OperatorId":"14"}] orderList index 0: {"Count":3,"OperatorId":"12"}
[Sun, 23 Apr 17 12:50:22 +0800][DEBUG] addOrder add orders operator Info :{"Count":2,"OperatorId":"13"}
[Sun, 23 Apr 17 12:50:22 +0800][DEBUG] findConditions Conditions: "(Orders.DelFlg = 0) AND (Orders.SalesId = :salesId:)"
[Sun, 23 Apr 17 12:50:22 +0800][DEBUG] findConditions toBind: {"salesId":"9"}
[Sun, 23 Apr 17 12:50:22 +0800][DEBUG] salesOrderListorder list get pages info done : 1492923022
[Sun, 23 Apr 17 12:50:23 +0800][DEBUG] findConditions Conditions: "(Orders.DelFlg = 0) AND (Orders.SalesId = :salesId:)"
[Sun, 23 Apr 17 12:50:23 +0800][DEBUG] findConditions Conditions: "(Orders.DelFlg = 0) AND (Orders.SalesId = :salesId:)"
[Sun, 23 Apr 17 12:50:23 +0800][DEBUG] findConditions toBind: {"salesId":"9"}
[Sun, 23 Apr 17 12:50:23 +0800][DEBUG] findConditions toBind: {"salesId":"9"}
[Sun, 23 Apr 17 12:50:23 +0800][DEBUG] salesOrderListorder list get pages info done : 1492923023
[Sun, 23 Apr 17 12:50:23 +0800][DEBUG] salesOrderListorder list get pages info done : 1492923023
[Sun, 23 Apr 17 12:50:27 +0800][DEBUG] findConditions Conditions: "(Orders.DelFlg = 0) AND (Orders.SalesId = :salesId:)"
[Sun, 23 Apr 17 12:50:27 +0800][DEBUG] findConditions toBind: {"salesId":"9"}
[Sun, 23 Apr 17 12:50:27 +0800][DEBUG] salesOrderListorder list get pages info done : 1492923027
[Sun, 23 Apr 17 12:50:39 +0800][DEBUG] {closure}add order action data : {"payType":"3","projectId":"20170421093438151893","customerNm":"受到法律数据库","mobile":"13234234234","roomId":"155","roomNo":"3333","unit":"333","userToken":"a1e33e4cb5de863d21c25fe95663493b365af47e"}
[Sun, 23 Apr 17 12:50:39 +0800][DEBUG] checkAllotQueryOrderByOperatorIdorderList count :  query operatorIds ["12","13","14"][{"Count":3,"OperatorId":"12"},{"Count":3,"OperatorId":"13"},{"Count":2,"OperatorId":"14"}] orderList index 0: {"Count":3,"OperatorId":"12"}
[Sun, 23 Apr 17 12:50:39 +0800][DEBUG] addOrder add orders operator Info :{"Count":2,"OperatorId":"14"}
[Sun, 23 Apr 17 12:50:39 +0800][DEBUG] findConditions Conditions: "(Orders.DelFlg = 0) AND (Orders.SalesId = :salesId:)"
[Sun, 23 Apr 17 12:50:39 +0800][DEBUG] findConditions toBind: {"salesId":"9"}
[Sun, 23 Apr 17 12:50:39 +0800][DEBUG] salesOrderListorder list get pages info done : 1492923039
[Sun, 23 Apr 17 12:50:39 +0800][DEBUG] findConditions Conditions: "(Orders.DelFlg = 0) AND (Orders.SalesId = :salesId:)"
[Sun, 23 Apr 17 12:50:39 +0800][DEBUG] findConditions toBind: {"salesId":"9"}
[Sun, 23 Apr 17 12:50:39 +0800][DEBUG] findConditions Conditions: "(Orders.DelFlg = 0) AND (Orders.SalesId = :salesId:)"
[Sun, 23 Apr 17 12:50:39 +0800][DEBUG] findConditions toBind: {"salesId":"9"}
[Sun, 23 Apr 17 12:50:39 +0800][DEBUG] salesOrderListorder list get pages info done : 1492923039
[Sun, 23 Apr 17 12:50:39 +0800][DEBUG] salesOrderListorder list get pages info done : 1492923039
[Sun, 23 Apr 17 12:51:03 +0800][DEBUG] findConditions Conditions: "(Orders.DelFlg = 0) AND (Orders.SalesId = :salesId:)"
[Sun, 23 Apr 17 12:51:03 +0800][DEBUG] findConditions toBind: {"salesId":"9"}
[Sun, 23 Apr 17 12:51:03 +0800][DEBUG] salesOrderListorder list get pages info done : 1492923063
[Sun, 23 Apr 17 12:51:20 +0800][DEBUG] {closure} sales edit order data: {"payType":"3","orderId":"87","projectId":"20170421093438151893","customerNm":"受到法律数据库","mobile":"13234234234","roomId":"155","address":"适当放松法","unit":"333","salePrice":"12312","contractAmount":"23123122","ensureAmount":"231221","paymentAmount":"2321312","fundsAmount":"231212","userToken":"a1e33e4cb5de863d21c25fe95663493b365af47e"}
[Sun, 23 Apr 17 12:51:20 +0800][DEBUG] findConditions Conditions: "(Orders.DelFlg = 0) AND (Orders.SalesId = :salesId:)"
[Sun, 23 Apr 17 12:51:20 +0800][DEBUG] findConditions toBind: {"salesId":"9"}
[Sun, 23 Apr 17 12:51:20 +0800][DEBUG] salesOrderListorder list get pages info done : 1492923080
[Sun, 23 Apr 17 12:51:20 +0800][DEBUG] findConditions Conditions: "(Orders.DelFlg = 0) AND (Orders.SalesId = :salesId:)"
[Sun, 23 Apr 17 12:51:20 +0800][DEBUG] findConditions toBind: {"salesId":"9"}
[Sun, 23 Apr 17 12:51:20 +0800][DEBUG] findConditions Conditions: "(Orders.DelFlg = 0) AND (Orders.SalesId = :salesId:)"
[Sun, 23 Apr 17 12:51:20 +0800][DEBUG] findConditions toBind: {"salesId":"9"}
[Sun, 23 Apr 17 12:51:20 +0800][DEBUG] salesOrderListorder list get pages info done : 1492923080
[Sun, 23 Apr 17 12:51:20 +0800][DEBUG] salesOrderListorder list get pages info done : 1492923080
[Sun, 23 Apr 17 12:51:24 +0800][DEBUG] findConditions Conditions: "(Orders.DelFlg = 0) AND (Orders.SalesId = :salesId:)"
[Sun, 23 Apr 17 12:51:24 +0800][DEBUG] findConditions toBind: {"salesId":"9"}
[Sun, 23 Apr 17 12:51:24 +0800][DEBUG] salesOrderListorder list get pages info done : 1492923084
[Sun, 23 Apr 17 12:52:30 +0800][DEBUG] operatorOrderListfindConditions : {"conditions":"(Orders.ProjectId = :projectId:) AND (Orders.QueryOperatorId = :operatorId: OR Orders.PrevueOperatorId = :operatorId: OR Orders.LoanOperatorId = :operatorId: OR Orders.FinishOperatorId = :operatorId:)","bind":{"operatorId":"14","projectId":""},"columns":["Orders.Id as OrderId,Orders.ProjectId,Orders.OrderNo,Orders.CustomerNm,Orders.RoomId,Room.RoomNo,Orders.Release,\n        Orders.Mobile,Orders.OrderStatus,Orders.QueryOperatorId,Orders.PrevueOperatorId,Orders.LoanOperatorId,Orders.FinishOperatorId,Orders.UpdateStatus,Orders.Memo,Orders.PayType,Orders.Label,Orders.SalesId,Orders.UptDt"]}
[Sun, 23 Apr 17 12:52:30 +0800][DEBUG] operatorOrderListorder list get pages info done : 1492923150
[Sun, 23 Apr 17 12:52:30 +0800][DEBUG] operatorOrderListfindConditions : {"conditions":"(Orders.ProjectId = :projectId:) AND (Orders.QueryOperatorId = :operatorId: OR Orders.PrevueOperatorId = :operatorId: OR Orders.LoanOperatorId = :operatorId: OR Orders.FinishOperatorId = :operatorId:)","bind":{"operatorId":"14","projectId":""},"columns":["Orders.Id as OrderId,Orders.ProjectId,Orders.OrderNo,Orders.CustomerNm,Orders.RoomId,Room.RoomNo,Orders.Release,\n        Orders.Mobile,Orders.OrderStatus,Orders.QueryOperatorId,Orders.PrevueOperatorId,Orders.LoanOperatorId,Orders.FinishOperatorId,Orders.UpdateStatus,Orders.Memo,Orders.PayType,Orders.Label,Orders.SalesId,Orders.UptDt"]}
[Sun, 23 Apr 17 12:52:30 +0800][DEBUG] operatorOrderListorder list get pages info done : 1492923150
[Sun, 23 Apr 17 12:52:30 +0800][DEBUG] operatorOrderListfindConditions : {"conditions":"(Orders.ProjectId = :projectId: AND Orders.OrderStatus in ({oStatus:array})) AND (Orders.QueryOperatorId = :operatorId: OR Orders.PrevueOperatorId = :operatorId: OR Orders.LoanOperatorId = :operatorId: OR Orders.FinishOperatorId  = :operatorId:)","bind":{"oStatus":["2","5","6","7","8","9","10","11","14","16","17","18","2","5","6","7","8","9","10","11","7","10","16","17","18","2","5","6","7","8","9","10","11","7","10","16","17","18","2","5","6","7","8","9","10","11","7","10","16","17","18","2","5","6","7","8","9","10","11","7","10","16","17","18"],"operatorId":"14","projectId":"20170421093438151893"},"columns":["Orders.Id as OrderId,Orders.ProjectId,Orders.OrderNo,Orders.CustomerNm,Orders.RoomId,Room.RoomNo,Orders.Release,\n        Orders.Mobile,Orders.OrderStatus,Orders.QueryOperatorId,Orders.PrevueOperatorId,Orders.LoanOperatorId,Orders.FinishOperatorId,Orders.UpdateStatus,Orders.Memo,Orders.PayType,Orders.Label,Orders.SalesId,Orders.UptDt"]}
[Sun, 23 Apr 17 12:52:30 +0800][DEBUG] operatorOrderListorder list get pages info done : 1492923150
[Sun, 23 Apr 17 12:52:30 +0800][DEBUG] operatorOrderListfindConditions : {"conditions":"(Orders.ProjectId = :projectId: AND Orders.OrderStatus in ({oStatus:array})) AND (Orders.QueryOperatorId = :operatorId: OR Orders.PrevueOperatorId = :operatorId: OR Orders.LoanOperatorId = :operatorId: OR Orders.FinishOperatorId  = :operatorId:)","bind":{"oStatus":["2","5","6","7","8","9","10","11","14","16","17","18","2","5","6","7","8","9","10","11","7","10","16","17","18","2","5","6","7","8","9","10","11","7","10","16","17","18","2","5","6","7","8","9","10","11","7","10","16","17","18","2","5","6","7","8","9","10","11","7","10","16","17","18"],"operatorId":"14","projectId":"20170421093438151893"},"columns":["Orders.Id as OrderId,Orders.ProjectId,Orders.OrderNo,Orders.CustomerNm,Orders.RoomId,Room.RoomNo,Orders.Release,\n        Orders.Mobile,Orders.OrderStatus,Orders.QueryOperatorId,Orders.PrevueOperatorId,Orders.LoanOperatorId,Orders.FinishOperatorId,Orders.UpdateStatus,Orders.Memo,Orders.PayType,Orders.Label,Orders.SalesId,Orders.UptDt"]}
[Sun, 23 Apr 17 12:52:30 +0800][DEBUG] operatorOrderListorder list get pages info done : 1492923150
[Sun, 23 Apr 17 12:52:35 +0800][DEBUG] operatorOrderListfindConditions : {"conditions":"(Orders.ProjectId = :projectId: AND Orders.OrderStatus in ({oStatus:array})) AND (Orders.QueryOperatorId = :operatorId: OR Orders.PrevueOperatorId = :operatorId: OR Orders.LoanOperatorId = :operatorId: OR Orders.FinishOperatorId  = :operatorId:)","bind":{"oStatus":["2","5","6","7","8","9","10","11","14","16","17","18","2","5","6","7","8","9","10","11","7","10","16","17","18","2","5","6","7","8","9","10","11","7","10","16","17","18","2","5","6","7","8","9","10","11","7","10","16","17","18","2","5","6","7","8","9","10","11","7","10","16","17","18"],"operatorId":"14","projectId":"20170421093438151893"},"columns":["Orders.Id as OrderId,Orders.ProjectId,Orders.OrderNo,Orders.CustomerNm,Orders.RoomId,Room.RoomNo,Orders.Release,\n        Orders.Mobile,Orders.OrderStatus,Orders.QueryOperatorId,Orders.PrevueOperatorId,Orders.LoanOperatorId,Orders.FinishOperatorId,Orders.UpdateStatus,Orders.Memo,Orders.PayType,Orders.Label,Orders.SalesId,Orders.UptDt"]}
[Sun, 23 Apr 17 12:52:35 +0800][DEBUG] operatorOrderListorder list get pages info done : 1492923155
[Sun, 23 Apr 17 12:52:39 +0800][DEBUG] operatorOrderListfindConditions : {"conditions":"(Orders.ProjectId = :projectId: AND Orders.OrderStatus in ({oStatus:array})) AND (Orders.QueryOperatorId = :operatorId: OR Orders.PrevueOperatorId = :operatorId: OR Orders.LoanOperatorId = :operatorId: OR Orders.FinishOperatorId  = :operatorId:)","bind":{"oStatus":["2","5","6","7","8","9","10","11","14","16","17","18","2","5","6","7","8","9","10","11","7","10","16","17","18","2","5","6","7","8","9","10","11","7","10","16","17","18","2","5","6","7","8","9","10","11","7","10","16","17","18","2","5","6","7","8","9","10","11","7","10","16","17","18"],"operatorId":"14","projectId":"20170421093438151893"},"columns":["Orders.Id as OrderId,Orders.ProjectId,Orders.OrderNo,Orders.CustomerNm,Orders.RoomId,Room.RoomNo,Orders.Release,\n        Orders.Mobile,Orders.OrderStatus,Orders.QueryOperatorId,Orders.PrevueOperatorId,Orders.LoanOperatorId,Orders.FinishOperatorId,Orders.UpdateStatus,Orders.Memo,Orders.PayType,Orders.Label,Orders.SalesId,Orders.UptDt"]}
[Sun, 23 Apr 17 12:52:39 +0800][DEBUG] operatorOrderListorder list get pages info done : 1492923159
[Sun, 23 Apr 17 12:52:43 +0800][DEBUG] operatorOrderListfindConditions : {"conditions":"(Orders.ProjectId = :projectId: AND Orders.OrderStatus in ({oStatus:array})) AND (Orders.QueryOperatorId = :operatorId: OR Orders.PrevueOperatorId = :operatorId: OR Orders.LoanOperatorId = :operatorId: OR Orders.FinishOperatorId  = :operatorId:)","bind":{"oStatus":["2","5","6","7","8","9","10","11","14","16","17","18","2","5","6","7","8","9","10","11","7","10","16","17","18","2","5","6","7","8","9","10","11","7","10","16","17","18","2","5","6","7","8","9","10","11","7","10","16","17","18","2","5","6","7","8","9","10","11","7","10","16","17","18"],"operatorId":"14","projectId":"20170421093438151893"},"columns":["Orders.Id as OrderId,Orders.ProjectId,Orders.OrderNo,Orders.CustomerNm,Orders.RoomId,Room.RoomNo,Orders.Release,\n        Orders.Mobile,Orders.OrderStatus,Orders.QueryOperatorId,Orders.PrevueOperatorId,Orders.LoanOperatorId,Orders.FinishOperatorId,Orders.UpdateStatus,Orders.Memo,Orders.PayType,Orders.Label,Orders.SalesId,Orders.UptDt"]}
[Sun, 23 Apr 17 12:52:43 +0800][DEBUG] operatorOrderListorder list get pages info done : 1492923163
[Sun, 23 Apr 17 12:52:47 +0800][DEBUG] operatorOrderListfindConditions : {"conditions":"(Orders.ProjectId = :projectId: AND Orders.OrderStatus in ({oStatus:array})) AND (Orders.QueryOperatorId = :operatorId: OR Orders.PrevueOperatorId = :operatorId: OR Orders.LoanOperatorId = :operatorId: OR Orders.FinishOperatorId  = :operatorId:)","bind":{"oStatus":["2","5","6","7","8","9","10","11","14","16","17","18","2","5","6","7","8","9","10","11","7","10","16","17","18","2","5","6","7","8","9","10","11","7","10","16","17","18","2","5","6","7","8","9","10","11","7","10","16","17","18","2","5","6","7","8","9","10","11","7","10","16","17","18"],"operatorId":"14","projectId":"20170421093438151893"},"columns":["Orders.Id as OrderId,Orders.ProjectId,Orders.OrderNo,Orders.CustomerNm,Orders.RoomId,Room.RoomNo,Orders.Release,\n        Orders.Mobile,Orders.OrderStatus,Orders.QueryOperatorId,Orders.PrevueOperatorId,Orders.LoanOperatorId,Orders.FinishOperatorId,Orders.UpdateStatus,Orders.Memo,Orders.PayType,Orders.Label,Orders.SalesId,Orders.UptDt"]}
[Sun, 23 Apr 17 12:52:47 +0800][DEBUG] operatorOrderListorder list get pages info done : 1492923167
[Sun, 23 Apr 17 12:53:10 +0800][DEBUG] operatorOrderListfindConditions : {"conditions":"(Orders.ProjectId = :projectId: AND Orders.OrderStatus in ({oStatus:array})) AND (Orders.QueryOperatorId = :operatorId: OR Orders.PrevueOperatorId = :operatorId: OR Orders.LoanOperatorId = :operatorId: OR Orders.FinishOperatorId  = :operatorId:)","bind":{"oStatus":["2","5","6","7","8","9","10","11","14","16","17","18","2","5","6","7","8","9","10","11","7","10","16","17","18","2","5","6","7","8","9","10","11","7","10","16","17","18","2","5","6","7","8","9","10","11","7","10","16","17","18","2","5","6","7","8","9","10","11","7","10","16","17","18"],"operatorId":"14","projectId":"20170421093438151893"},"columns":["Orders.Id as OrderId,Orders.ProjectId,Orders.OrderNo,Orders.CustomerNm,Orders.RoomId,Room.RoomNo,Orders.Release,\n        Orders.Mobile,Orders.OrderStatus,Orders.QueryOperatorId,Orders.PrevueOperatorId,Orders.LoanOperatorId,Orders.FinishOperatorId,Orders.UpdateStatus,Orders.Memo,Orders.PayType,Orders.Label,Orders.SalesId,Orders.UptDt"]}
[Sun, 23 Apr 17 12:53:10 +0800][DEBUG] operatorOrderListorder list get pages info done : 1492923190
[Sun, 23 Apr 17 12:53:13 +0800][DEBUG] operatorOrderListfindConditions : {"conditions":"(Orders.ProjectId = :projectId: AND Orders.OrderStatus in ({oStatus:array})) AND (Orders.QueryOperatorId = :operatorId: OR Orders.PrevueOperatorId = :operatorId: OR Orders.LoanOperatorId = :operatorId: OR Orders.FinishOperatorId  = :operatorId:)","bind":{"oStatus":["2","5","6","7","8","9","10","11","14","16","17","18","2","5","6","7","8","9","10","11","7","10","16","17","18","2","5","6","7","8","9","10","11","7","10","16","17","18","2","5","6","7","8","9","10","11","7","10","16","17","18","2","5","6","7","8","9","10","11","7","10","16","17","18"],"operatorId":"14","projectId":"20170421093438151893"},"columns":["Orders.Id as OrderId,Orders.ProjectId,Orders.OrderNo,Orders.CustomerNm,Orders.RoomId,Room.RoomNo,Orders.Release,\n        Orders.Mobile,Orders.OrderStatus,Orders.QueryOperatorId,Orders.PrevueOperatorId,Orders.LoanOperatorId,Orders.FinishOperatorId,Orders.UpdateStatus,Orders.Memo,Orders.PayType,Orders.Label,Orders.SalesId,Orders.UptDt"]}
[Sun, 23 Apr 17 12:53:13 +0800][DEBUG] operatorOrderListorder list get pages info done : 1492923193
[Sun, 23 Apr 17 12:53:17 +0800][DEBUG] operatorOrderListfindConditions : {"conditions":"(Orders.ProjectId = :projectId: AND Orders.OrderStatus in ({oStatus:array})) AND (Orders.QueryOperatorId = :operatorId: OR Orders.PrevueOperatorId = :operatorId: OR Orders.LoanOperatorId = :operatorId: OR Orders.FinishOperatorId  = :operatorId:)","bind":{"oStatus":["2","5","6","7","8","9","10","11","14","16","17","18","2","5","6","7","8","9","10","11","7","10","16","17","18","2","5","6","7","8","9","10","11","7","10","16","17","18","2","5","6","7","8","9","10","11","7","10","16","17","18","2","5","6","7","8","9","10","11","7","10","16","17","18"],"operatorId":"14","projectId":"20170421093438151893"},"columns":["Orders.Id as OrderId,Orders.ProjectId,Orders.OrderNo,Orders.CustomerNm,Orders.RoomId,Room.RoomNo,Orders.Release,\n        Orders.Mobile,Orders.OrderStatus,Orders.QueryOperatorId,Orders.PrevueOperatorId,Orders.LoanOperatorId,Orders.FinishOperatorId,Orders.UpdateStatus,Orders.Memo,Orders.PayType,Orders.Label,Orders.SalesId,Orders.UptDt"]}
[Sun, 23 Apr 17 12:53:17 +0800][DEBUG] operatorOrderListorder list get pages info done : 1492923197
[Sun, 23 Apr 17 12:53:28 +0800][DEBUG] operatorOrderListfindConditions : {"conditions":"(Orders.ProjectId = :projectId: AND Orders.OrderStatus in ({oStatus:array})) AND (Orders.QueryOperatorId = :operatorId: OR Orders.PrevueOperatorId = :operatorId: OR Orders.LoanOperatorId = :operatorId: OR Orders.FinishOperatorId  = :operatorId:)","bind":{"oStatus":["2","5","6","7","8","9","10","11","14","16","17","18","2","5","6","7","8","9","10","11","7","10","16","17","18","2","5","6","7","8","9","10","11","7","10","16","17","18","2","5","6","7","8","9","10","11","7","10","16","17","18","2","5","6","7","8","9","10","11","7","10","16","17","18"],"operatorId":"14","projectId":"20170421093438151893"},"columns":["Orders.Id as OrderId,Orders.ProjectId,Orders.OrderNo,Orders.CustomerNm,Orders.RoomId,Room.RoomNo,Orders.Release,\n        Orders.Mobile,Orders.OrderStatus,Orders.QueryOperatorId,Orders.PrevueOperatorId,Orders.LoanOperatorId,Orders.FinishOperatorId,Orders.UpdateStatus,Orders.Memo,Orders.PayType,Orders.Label,Orders.SalesId,Orders.UptDt"]}
[Sun, 23 Apr 17 12:53:28 +0800][DEBUG] operatorOrderListorder list get pages info done : 1492923208
[Sun, 23 Apr 17 12:53:28 +0800][DEBUG] operatorOrderListfindConditions : {"conditions":"(Orders.ProjectId = :projectId: AND Orders.OrderStatus in ({oStatus:array})) AND (Orders.QueryOperatorId = :operatorId: OR Orders.PrevueOperatorId = :operatorId: OR Orders.LoanOperatorId = :operatorId: OR Orders.FinishOperatorId  = :operatorId:)","bind":{"oStatus":["2","5","6","7","8","9","10","11","14","16","17","18","2","5","6","7","8","9","10","11","7","10","16","17","18","2","5","6","7","8","9","10","11","7","10","16","17","18","2","5","6","7","8","9","10","11","7","10","16","17","18","2","5","6","7","8","9","10","11","7","10","16","17","18"],"operatorId":"14","projectId":"20170421093438151893"},"columns":["Orders.Id as OrderId,Orders.ProjectId,Orders.OrderNo,Orders.CustomerNm,Orders.RoomId,Room.RoomNo,Orders.Release,\n        Orders.Mobile,Orders.OrderStatus,Orders.QueryOperatorId,Orders.PrevueOperatorId,Orders.LoanOperatorId,Orders.FinishOperatorId,Orders.UpdateStatus,Orders.Memo,Orders.PayType,Orders.Label,Orders.SalesId,Orders.UptDt"]}
[Sun, 23 Apr 17 12:53:28 +0800][DEBUG] operatorOrderListorder list get pages info done : 1492923208
[Sun, 23 Apr 17 12:56:27 +0800][DEBUG] operatorOrderListfindConditions : {"conditions":"(Orders.ProjectId = :projectId: AND Orders.OrderStatus in ({oStatus:array})) AND (Orders.QueryOperatorId = :operatorId: OR Orders.PrevueOperatorId = :operatorId: OR Orders.LoanOperatorId = :operatorId: OR Orders.FinishOperatorId  = :operatorId:)","bind":{"oStatus":["2","5","6","7","8","9","10","11","14","16","17","18","2","5","6","7","8","9","10","11","7","10","16","17","18","2","5","6","7","8","9","10","11","7","10","16","17","18","2","5","6","7","8","9","10","11","7","10","16","17","18","2","5","6","7","8","9","10","11","7","10","16","17","18"],"operatorId":"14","projectId":"20170421093438151893"},"columns":["Orders.Id as OrderId,Orders.ProjectId,Orders.OrderNo,Orders.CustomerNm,Orders.RoomId,Room.RoomNo,Orders.Release,\n        Orders.Mobile,Orders.OrderStatus,Orders.QueryOperatorId,Orders.PrevueOperatorId,Orders.LoanOperatorId,Orders.FinishOperatorId,Orders.UpdateStatus,Orders.Memo,Orders.PayType,Orders.Label,Orders.SalesId,Orders.UptDt"]}
[Sun, 23 Apr 17 12:56:27 +0800][DEBUG] operatorOrderListorder list get pages info done : 1492923387
[Sun, 23 Apr 17 12:56:27 +0800][DEBUG] operatorOrderListfindConditions : {"conditions":"(Orders.ProjectId = :projectId: AND Orders.OrderStatus in ({oStatus:array})) AND (Orders.QueryOperatorId = :operatorId: OR Orders.PrevueOperatorId = :operatorId: OR Orders.LoanOperatorId = :operatorId: OR Orders.FinishOperatorId  = :operatorId:)","bind":{"oStatus":["2","5","6","7","8","9","10","11","14","16","17","18","2","5","6","7","8","9","10","11","7","10","16","17","18","2","5","6","7","8","9","10","11","7","10","16","17","18","2","5","6","7","8","9","10","11","7","10","16","17","18","2","5","6","7","8","9","10","11","7","10","16","17","18"],"operatorId":"14","projectId":"20170421093438151893"},"columns":["Orders.Id as OrderId,Orders.ProjectId,Orders.OrderNo,Orders.CustomerNm,Orders.RoomId,Room.RoomNo,Orders.Release,\n        Orders.Mobile,Orders.OrderStatus,Orders.QueryOperatorId,Orders.PrevueOperatorId,Orders.LoanOperatorId,Orders.FinishOperatorId,Orders.UpdateStatus,Orders.Memo,Orders.PayType,Orders.Label,Orders.SalesId,Orders.UptDt"]}
[Sun, 23 Apr 17 12:56:27 +0800][DEBUG] operatorOrderListorder list get pages info done : 1492923387
[Sun, 23 Apr 17 12:56:31 +0800][DEBUG] operatorOrderListfindConditions : {"conditions":"(Orders.ProjectId = :projectId: AND Orders.OrderStatus in ({oStatus:array})) AND (Orders.QueryOperatorId = :operatorId: OR Orders.PrevueOperatorId = :operatorId: OR Orders.LoanOperatorId = :operatorId: OR Orders.FinishOperatorId  = :operatorId:)","bind":{"oStatus":["2","5","6","7","8","9","10","11","14","16","17","18","2","5","6","7","8","9","10","11","7","10","16","17","18","2","5","6","7","8","9","10","11","7","10","16","17","18","2","5","6","7","8","9","10","11","7","10","16","17","18","2","5","6","7","8","9","10","11","7","10","16","17","18"],"operatorId":"14","projectId":"20170421093438151893"},"columns":["Orders.Id as OrderId,Orders.ProjectId,Orders.OrderNo,Orders.CustomerNm,Orders.RoomId,Room.RoomNo,Orders.Release,\n        Orders.Mobile,Orders.OrderStatus,Orders.QueryOperatorId,Orders.PrevueOperatorId,Orders.LoanOperatorId,Orders.FinishOperatorId,Orders.UpdateStatus,Orders.Memo,Orders.PayType,Orders.Label,Orders.SalesId,Orders.UptDt"]}
[Sun, 23 Apr 17 12:56:31 +0800][DEBUG] operatorOrderListorder list get pages info done : 1492923391
[Sun, 23 Apr 17 12:56:35 +0800][DEBUG] operatorOrderListfindConditions : {"conditions":"(Orders.ProjectId = :projectId: AND Orders.OrderStatus in ({oStatus:array})) AND (Orders.QueryOperatorId = :operatorId: OR Orders.PrevueOperatorId = :operatorId: OR Orders.LoanOperatorId = :operatorId: OR Orders.FinishOperatorId  = :operatorId:)","bind":{"oStatus":["2","5","6","7","8","9","10","11","14","16","17","18","2","5","6","7","8","9","10","11","7","10","16","17","18","2","5","6","7","8","9","10","11","7","10","16","17","18","2","5","6","7","8","9","10","11","7","10","16","17","18","2","5","6","7","8","9","10","11","7","10","16","17","18"],"operatorId":"14","projectId":"20170421093438151893"},"columns":["Orders.Id as OrderId,Orders.ProjectId,Orders.OrderNo,Orders.CustomerNm,Orders.RoomId,Room.RoomNo,Orders.Release,\n        Orders.Mobile,Orders.OrderStatus,Orders.QueryOperatorId,Orders.PrevueOperatorId,Orders.LoanOperatorId,Orders.FinishOperatorId,Orders.UpdateStatus,Orders.Memo,Orders.PayType,Orders.Label,Orders.SalesId,Orders.UptDt"]}
[Sun, 23 Apr 17 12:56:35 +0800][DEBUG] operatorOrderListorder list get pages info done : 1492923395
[Sun, 23 Apr 17 12:57:15 +0800][DEBUG] operatorOrderListfindConditions : {"conditions":"(Orders.ProjectId = :projectId: AND Orders.OrderStatus in ({oStatus:array})) AND (Orders.QueryOperatorId = :operatorId: OR Orders.PrevueOperatorId = :operatorId: OR Orders.LoanOperatorId = :operatorId: OR Orders.FinishOperatorId  = :operatorId:)","bind":{"oStatus":["18","19","20","21","22","25","26","30","18","25","26","30","18","25","26","30","18","25","26","30","18","27","28","29","30"],"operatorId":"11","projectId":"20170421093438151893"},"columns":["Orders.Id as OrderId,Orders.ProjectId,Orders.OrderNo,Orders.CustomerNm,Orders.RoomId,Room.RoomNo,Orders.Release,\n        Orders.Mobile,Orders.OrderStatus,Orders.QueryOperatorId,Orders.PrevueOperatorId,Orders.LoanOperatorId,Orders.FinishOperatorId,Orders.UpdateStatus,Orders.Memo,Orders.PayType,Orders.Label,Orders.SalesId,Orders.UptDt"]}
[Sun, 23 Apr 17 12:57:15 +0800][DEBUG] operatorOrderListorder list get pages info done : 1492923435
[Sun, 23 Apr 17 12:57:15 +0800][DEBUG] operatorOrderListfindConditions : {"conditions":"(Orders.ProjectId = :projectId: AND Orders.OrderStatus in ({oStatus:array})) AND (Orders.QueryOperatorId = :operatorId: OR Orders.PrevueOperatorId = :operatorId: OR Orders.LoanOperatorId = :operatorId: OR Orders.FinishOperatorId  = :operatorId:)","bind":{"oStatus":["18","19","20","21","22","25","26","30","18","25","26","30","18","25","26","30","18","25","26","30","18","27","28","29","30"],"operatorId":"11","projectId":"20170421093438151893"},"columns":["Orders.Id as OrderId,Orders.ProjectId,Orders.OrderNo,Orders.CustomerNm,Orders.RoomId,Room.RoomNo,Orders.Release,\n        Orders.Mobile,Orders.OrderStatus,Orders.QueryOperatorId,Orders.PrevueOperatorId,Orders.LoanOperatorId,Orders.FinishOperatorId,Orders.UpdateStatus,Orders.Memo,Orders.PayType,Orders.Label,Orders.SalesId,Orders.UptDt"]}
[Sun, 23 Apr 17 12:57:15 +0800][DEBUG] operatorOrderListorder list get pages info done : 1492923435
[Sun, 23 Apr 17 12:57:15 +0800][DEBUG] operatorOrderListfindConditions : {"conditions":"(Orders.ProjectId = :projectId: AND Orders.OrderStatus in ({oStatus:array})) AND (Orders.QueryOperatorId = :operatorId: OR Orders.PrevueOperatorId = :operatorId: OR Orders.LoanOperatorId = :operatorId: OR Orders.FinishOperatorId  = :operatorId:)","bind":{"oStatus":["18","19","20","21","22","25","26","30","18","25","26","30","18","25","26","30","18","25","26","30","18","27","28","29","30"],"operatorId":"11","projectId":"20170421093438151893"},"columns":["Orders.Id as OrderId,Orders.ProjectId,Orders.OrderNo,Orders.CustomerNm,Orders.RoomId,Room.RoomNo,Orders.Release,\n        Orders.Mobile,Orders.OrderStatus,Orders.QueryOperatorId,Orders.PrevueOperatorId,Orders.LoanOperatorId,Orders.FinishOperatorId,Orders.UpdateStatus,Orders.Memo,Orders.PayType,Orders.Label,Orders.SalesId,Orders.UptDt"]}
[Sun, 23 Apr 17 12:57:15 +0800][DEBUG] operatorOrderListfindConditions : {"conditions":"(Orders.ProjectId = :projectId: AND Orders.OrderStatus in ({oStatus:array})) AND (Orders.QueryOperatorId = :operatorId: OR Orders.PrevueOperatorId = :operatorId: OR Orders.LoanOperatorId = :operatorId: OR Orders.FinishOperatorId  = :operatorId:)","bind":{"oStatus":["18","19","20","21","22","25","26","30","18","25","26","30","18","25","26","30","18","25","26","30","18","27","28","29","30"],"operatorId":"11","projectId":"20170421093438151893"},"columns":["Orders.Id as OrderId,Orders.ProjectId,Orders.OrderNo,Orders.CustomerNm,Orders.RoomId,Room.RoomNo,Orders.Release,\n        Orders.Mobile,Orders.OrderStatus,Orders.QueryOperatorId,Orders.PrevueOperatorId,Orders.LoanOperatorId,Orders.FinishOperatorId,Orders.UpdateStatus,Orders.Memo,Orders.PayType,Orders.Label,Orders.SalesId,Orders.UptDt"]}
[Sun, 23 Apr 17 12:57:15 +0800][DEBUG] operatorOrderListorder list get pages info done : 1492923435
[Sun, 23 Apr 17 12:57:15 +0800][DEBUG] operatorOrderListorder list get pages info done : 1492923435
[Sun, 23 Apr 17 12:57:17 +0800][DEBUG] operatorOrderListfindConditions : {"conditions":"(Orders.ProjectId = :projectId: AND Orders.OrderStatus in ({oStatus:array})) AND (Orders.QueryOperatorId = :operatorId: OR Orders.PrevueOperatorId = :operatorId: OR Orders.LoanOperatorId = :operatorId: OR Orders.FinishOperatorId  = :operatorId:)","bind":{"oStatus":["18","19","20","21","22","25","26","30","18","25","26","30","18","25","26","30","18","25","26","30","18","27","28","29","30"],"operatorId":"11","projectId":"20170421093438151893"},"columns":["Orders.Id as OrderId,Orders.ProjectId,Orders.OrderNo,Orders.CustomerNm,Orders.RoomId,Room.RoomNo,Orders.Release,\n        Orders.Mobile,Orders.OrderStatus,Orders.QueryOperatorId,Orders.PrevueOperatorId,Orders.LoanOperatorId,Orders.FinishOperatorId,Orders.UpdateStatus,Orders.Memo,Orders.PayType,Orders.Label,Orders.SalesId,Orders.UptDt"]}
[Sun, 23 Apr 17 12:57:17 +0800][DEBUG] operatorOrderListorder list get pages info done : 1492923437
[Sun, 23 Apr 17 12:57:30 +0800][DEBUG] operatorOrderListfindConditions : {"conditions":"(Orders.ProjectId = :projectId: AND Orders.OrderStatus in ({oStatus:array})) AND (Orders.QueryOperatorId = :operatorId: OR Orders.PrevueOperatorId = :operatorId: OR Orders.LoanOperatorId = :operatorId: OR Orders.FinishOperatorId  = :operatorId:)","bind":{"oStatus":["18","19","20","21","22","25","26","30","18","25","26","30","18","25","26","30","18","25","26","30","18","27","28","29","30"],"operatorId":"11","projectId":"20170421093438151893"},"columns":["Orders.Id as OrderId,Orders.ProjectId,Orders.OrderNo,Orders.CustomerNm,Orders.RoomId,Room.RoomNo,Orders.Release,\n        Orders.Mobile,Orders.OrderStatus,Orders.QueryOperatorId,Orders.PrevueOperatorId,Orders.LoanOperatorId,Orders.FinishOperatorId,Orders.UpdateStatus,Orders.Memo,Orders.PayType,Orders.Label,Orders.SalesId,Orders.UptDt"]}
[Sun, 23 Apr 17 12:57:30 +0800][DEBUG] operatorOrderListorder list get pages info done : 1492923450
[Sun, 23 Apr 17 12:57:34 +0800][DEBUG] operatorOrderListfindConditions : {"conditions":"(Orders.ProjectId = :projectId: AND Orders.OrderStatus in ({oStatus:array})) AND (Orders.QueryOperatorId = :operatorId: OR Orders.PrevueOperatorId = :operatorId: OR Orders.LoanOperatorId = :operatorId: OR Orders.FinishOperatorId  = :operatorId:)","bind":{"oStatus":["18","19","20","21","22","25","26","30","18","25","26","30","18","25","26","30","18","25","26","30","18","27","28","29","30"],"operatorId":"11","projectId":"20170421093438151893"},"columns":["Orders.Id as OrderId,Orders.ProjectId,Orders.OrderNo,Orders.CustomerNm,Orders.RoomId,Room.RoomNo,Orders.Release,\n        Orders.Mobile,Orders.OrderStatus,Orders.QueryOperatorId,Orders.PrevueOperatorId,Orders.LoanOperatorId,Orders.FinishOperatorId,Orders.UpdateStatus,Orders.Memo,Orders.PayType,Orders.Label,Orders.SalesId,Orders.UptDt"]}
[Sun, 23 Apr 17 12:57:34 +0800][DEBUG] operatorOrderListorder list get pages info done : 1492923454
