[Sat, 18 Mar 17 10:00:07 +0800][DEBUG] generateCondition  findConditions  :{"conditions":"(Operator.DelFlg = 0) AND (Operator.Name LIKE :name:) OR (Operator.Mobile LIKE :mobile:)","bind":{"name":"%%","mobile":"%%"},"columns":["Operator.Id as OperatorId","Operator.Name","Operator.Mobile","Operator.Status"]}
[Sat, 18 Mar 17 10:04:58 +0800][DEBUG] generateCondition  findConditions  :{"conditions":"(Operator.DelFlg = 0) AND (Operator.Name LIKE :name:) OR (Operator.Mobile LIKE :mobile:)","bind":{"name":"%%","mobile":"%%"},"columns":["Operator.Id as OperatorId","Operator.Name","Operator.Mobile","Operator.Status"]}
[Sat, 18 Mar 17 10:23:42 +0800][DEBUG] generateCondition  findConditions  :{"conditions":"(Operator.DelFlg = 0) AND (Operator.Name LIKE :name:) OR (Operator.Mobile LIKE :mobile:)","bind":{"name":"%%","mobile":"%%"},"columns":["Operator.Id as OperatorId","Operator.Name","Operator.Mobile","Operator.Status"]}
[Sat, 18 Mar 17 10:38:09 +0800][DEBUG] generateCondition  findConditions  :{"conditions":"(Operator.DelFlg <1) AND (Operator.Name LIKE :name:) OR (Operator.Mobile LIKE :mobile:)","bind":{"name":"%%","mobile":"%%"},"columns":["Operator.Id as OperatorId","Operator.Name","Operator.Mobile","Operator.Status"]}
[Sat, 18 Mar 17 10:41:20 +0800][DEBUG] generateCondition  findConditions  :{"conditions":"Operator.DelFlg = 0 AND (Operator.Name LIKE :name:) OR (Operator.Mobile LIKE :mobile:)","bind":{"name":"%%","mobile":"%%"},"columns":["Operator.Id as OperatorId","Operator.Name","Operator.Mobile","Operator.Status"]}
[Sat, 18 Mar 17 10:43:33 +0800][DEBUG] generateCondition  findConditions  :{"conditions":"Operator.DelFlg = 0 AND (Operator.Name LIKE :name:) OR (Operator.Mobile LIKE :mobile:)","bind":{"name":"%%","mobile":"%%"},"columns":["Operator.Id as OperatorId","Operator.Name","Operator.Mobile","Operator.Status"]}
[Sat, 18 Mar 17 10:43:47 +0800][DEBUG] generateCondition  findConditions  :{"conditions":"Operator.DelFlg = 0 AND (Operator.Name LIKE :name:) OR (Operator.Mobile LIKE :mobile:)","bind":{"name":"%%","mobile":"%%"},"columns":["Operator.Id as OperatorId","Operator.Name","Operator.Mobile","Operator.Status"]}
[Sat, 18 Mar 17 10:43:55 +0800][DEBUG] generateCondition  findConditions  :{"conditions":"Operator.DelFlg = 0 AND (Operator.Name LIKE :name:) OR (Operator.Mobile LIKE :mobile:)","bind":{"name":"%%","mobile":"%%"},"columns":["Operator.Id as OperatorId","Operator.Name","Operator.Mobile","Operator.Status"]}
[Sat, 18 Mar 17 10:45:23 +0800][DEBUG] generateCondition  findConditions  :{"conditions":"Operator.DelFlg = 0 AND (Operator.Name LIKE :name:) OR (Operator.Mobile LIKE :mobile:)","bind":{"name":"%%","mobile":"%%"},"columns":["Operator.Id as OperatorId","Operator.Name","Operator.Mobile","Operator.Status"]}
[Sat, 18 Mar 17 10:45:27 +0800][DEBUG] generateCondition  findConditions  :{"conditions":"Operator.DelFlg = 0 AND (Operator.Name LIKE :name:) OR (Operator.Mobile LIKE :mobile:)","bind":{"name":"%%","mobile":"%%"},"columns":["Operator.Id as OperatorId","Operator.Name","Operator.Mobile","Operator.Status"]}
[Sat, 18 Mar 17 10:45:54 +0800][DEBUG] generateCondition  findConditions  :{"conditions":"Operator.DelFlg = 0 AND (Operator.Name LIKE :name:) OR (Operator.Mobile LIKE :mobile:)","bind":{"name":"%%","mobile":"%%"},"columns":["Operator.Id as OperatorId","Operator.Name","Operator.Mobile","Operator.Status"]}
[Sat, 18 Mar 17 10:46:07 +0800][DEBUG] generateCondition  findConditions  :{"conditions":"Operator.DelFlg = 0 AND (Operator.Name LIKE :name:) OR (Operator.Mobile LIKE :mobile:)","bind":{"name":"%%","mobile":"%%"},"columns":["Operator.Id as OperatorId","Operator.Name","Operator.Mobile","Operator.Status"]}
[Sat, 18 Mar 17 10:46:11 +0800][DEBUG] generateCondition  findConditions  :{"conditions":"Operator.DelFlg = 0 AND (Operator.Name LIKE :name:) OR (Operator.Mobile LIKE :mobile:)","bind":{"name":"%%","mobile":"%%"},"columns":["Operator.Id as OperatorId","Operator.Name","Operator.Mobile","Operator.Status"]}
[Sat, 18 Mar 17 10:46:28 +0800][DEBUG] generateCondition  findConditions  :{"conditions":"Operator.DelFlg = 0 AND (Operator.Name LIKE :name:) OR (Operator.Mobile LIKE :mobile:)","bind":{"name":"%%","mobile":"%%"},"columns":["Operator.Id as OperatorId","Operator.Name","Operator.Mobile","Operator.Status"]}
[Sat, 18 Mar 17 10:46:56 +0800][DEBUG] generateCondition  findConditions  :{"conditions":"Operator.DelFlg = 0 AND (Operator.Name LIKE :name:) OR (Operator.Mobile LIKE :mobile:)","bind":{"name":"%%","mobile":"%%"},"columns":["Operator.Id as OperatorId","Operator.Name","Operator.Mobile","Operator.Status"]}
[Sat, 18 Mar 17 10:46:56 +0800][DEBUG] generateCondition  findConditions  :{"conditions":"Operator.DelFlg = 0 AND (Operator.Name LIKE :name:) OR (Operator.Mobile LIKE :mobile:)","bind":{"name":"%%","mobile":"%%"},"columns":["Operator.Id as OperatorId","Operator.Name","Operator.Mobile","Operator.Status"]}
[Sat, 18 Mar 17 10:47:07 +0800][DEBUG] generateCondition  findConditions  :{"conditions":"Operator.DelFlg = 0 AND (Operator.Name LIKE :name:) OR (Operator.Mobile LIKE :mobile:)","bind":{"name":"%%","mobile":"%%"},"columns":["Operator.Id as OperatorId","Operator.Name","Operator.Mobile","Operator.Status"]}
[Sat, 18 Mar 17 10:47:16 +0800][DEBUG] generateCondition  findConditions  :{"conditions":"Operator.DelFlg = 0 AND (Operator.Name LIKE :name:) OR (Operator.Mobile LIKE :mobile:)","bind":{"name":"%%","mobile":"%%"},"columns":["Operator.Id as OperatorId","Operator.Name","Operator.Mobile","Operator.Status"]}
[Sat, 18 Mar 17 10:47:33 +0800][DEBUG] generateCondition  findConditions  :{"conditions":"Operator.DelFlg = 0 AND (Operator.Name LIKE :name:) OR (Operator.Mobile LIKE :mobile:)","bind":{"name":"%%","mobile":"%%"},"columns":["Operator.Id as OperatorId","Operator.Name","Operator.Mobile","Operator.Status"]}
[Sat, 18 Mar 17 10:47:51 +0800][DEBUG] generateCondition  findConditions  :{"conditions":"Operator.DelFlg = 0 AND (Operator.Name LIKE :name:) OR (Operator.Mobile LIKE :mobile:)","bind":{"name":"%%","mobile":"%%"},"columns":["Operator.Id as OperatorId","Operator.Name","Operator.Mobile","Operator.Status"]}
[Sat, 18 Mar 17 10:50:08 +0800][DEBUG] generateCondition  findConditions  :{"conditions":"Operator.DelFlg = 0 AND (Operator.Name LIKE :name:) OR (Operator.Mobile LIKE :mobile:)","bind":{"name":"%%","mobile":"%%"},"columns":["Operator.Id as OperatorId","Operator.Name","Operator.Mobile","Operator.Status"]}
[Sat, 18 Mar 17 10:50:32 +0800][DEBUG] generateCondition  findConditions  :{"conditions":"Operator.DelFlg = 0 AND (Operator.Name LIKE :name:) OR (Operator.Mobile LIKE :mobile:)","bind":{"name":"%%","mobile":"%%"},"columns":["Operator.Id as OperatorId","Operator.Name","Operator.Mobile","Operator.Status"]}
[Sat, 18 Mar 17 10:52:02 +0800][DEBUG] generateCondition  findConditions  :{"conditions":"Operator.DelFlg = 0 AND (Operator.Name LIKE :name:) OR (Operator.Mobile LIKE :mobile:)","bind":{"name":"%%","mobile":"%%"},"columns":["Operator.Id as OperatorId","Operator.Name","Operator.Mobile","Operator.Status"]}
[Sat, 18 Mar 17 10:52:49 +0800][DEBUG] generateCondition  findConditions  :{"conditions":"Operator.DelFlg = 0 AND (Operator.Name LIKE :name:) OR (Operator.Mobile LIKE :mobile:)","bind":{"name":"%%","mobile":"%%"},"columns":["Operator.Id as OperatorId","Operator.Name","Operator.Mobile","Operator.Status"]}
[Sat, 18 Mar 17 10:53:14 +0800][DEBUG] generateCondition  findConditions  :{"conditions":"Operator.DelFlg = 0 AND (Operator.Name LIKE :name:) OR (Operator.Mobile LIKE :mobile:)","bind":{"name":"%%","mobile":"%%"},"columns":["Operator.Id as OperatorId","Operator.Name","Operator.Mobile","Operator.Status"]}
[Sat, 18 Mar 17 10:53:39 +0800][DEBUG] generateCondition  findConditions  :{"conditions":"Operator.DelFlg = 0 AND (Operator.Name LIKE :name:) OR (Operator.Mobile LIKE :mobile:)","bind":{"name":"%%","mobile":"%%"},"columns":["Operator.Id as OperatorId","Operator.Name","Operator.Mobile","Operator.Status"]}
[Sat, 18 Mar 17 10:53:56 +0800][DEBUG] generateCondition  findConditions  :{"conditions":"Operator.DelFlg = 0 AND (Operator.Name LIKE :name:) OR (Operator.Mobile LIKE :mobile:)","bind":{"name":"%%","mobile":"%%"},"columns":["Operator.Id as OperatorId","Operator.Name","Operator.Mobile","Operator.Status"]}
[Sat, 18 Mar 17 10:54:17 +0800][DEBUG] generateCondition  findConditions  :{"conditions":"Operator.DelFlg = 0 AND (Operator.Name LIKE :name:) OR (Operator.Mobile LIKE :mobile:)","bind":{"name":"%%","mobile":"%%"},"columns":["Operator.Id as OperatorId","Operator.Name","Operator.Mobile","Operator.Status"]}
[Sat, 18 Mar 17 10:54:45 +0800][DEBUG] generateCondition  findConditions  :{"conditions":"Operator.DelFlg = 0 AND (Operator.Name LIKE :name:) OR (Operator.Mobile LIKE :mobile:)","bind":{"name":"%%","mobile":"%%"},"columns":["Operator.Id as OperatorId","Operator.Name","Operator.Mobile","Operator.Status"]}
[Sat, 18 Mar 17 10:55:01 +0800][DEBUG] generateCondition  findConditions  :{"conditions":"Operator.DelFlg = 0 AND (Operator.Name LIKE :name:) OR (Operator.Mobile LIKE :mobile:)","bind":{"name":"%%","mobile":"%%"},"columns":["Operator.Id as OperatorId","Operator.Name","Operator.Mobile","Operator.Status"]}
[Sat, 18 Mar 17 10:55:20 +0800][DEBUG] generateCondition  findConditions  :{"conditions":"Operator.DelFlg = 0 AND (Operator.Name LIKE :name:) OR (Operator.Mobile LIKE :mobile:)","bind":{"name":"%%","mobile":"%%"},"columns":["Operator.Id as OperatorId","Operator.Name","Operator.Mobile","Operator.Status"]}
[Sat, 18 Mar 17 10:56:22 +0800][DEBUG] generateCondition  findConditions  :{"conditions":"Operator.DelFlg = 0 AND (Operator.Name LIKE :name:) OR (Operator.Mobile LIKE :mobile:)","bind":{"name":"%%","mobile":"%%"},"columns":["Operator.Id as OperatorId","Operator.Name","Operator.Mobile","Operator.Status"]}
[Sat, 18 Mar 17 10:56:24 +0800][DEBUG] generateCondition  findConditions  :{"conditions":"Operator.DelFlg = 0 AND (Operator.Name LIKE :name:) OR (Operator.Mobile LIKE :mobile:)","bind":{"name":"%%","mobile":"%%"},"columns":["Operator.Id as OperatorId","Operator.Name","Operator.Mobile","Operator.Status"]}
[Sat, 18 Mar 17 10:56:27 +0800][DEBUG] generateCondition  findConditions  :{"conditions":"Operator.DelFlg = 0 AND (Operator.Name LIKE :name:) OR (Operator.Mobile LIKE :mobile:)","bind":{"name":"%%","mobile":"%%"},"columns":["Operator.Id as OperatorId","Operator.Name","Operator.Mobile","Operator.Status"]}
[Sat, 18 Mar 17 10:56:29 +0800][DEBUG] generateCondition  findConditions  :{"conditions":"Operator.DelFlg = 0 AND (Operator.Name LIKE :name:) OR (Operator.Mobile LIKE :mobile:)","bind":{"name":"%%","mobile":"%%"},"columns":["Operator.Id as OperatorId","Operator.Name","Operator.Mobile","Operator.Status"]}
[Sat, 18 Mar 17 10:56:30 +0800][DEBUG] generateCondition  findConditions  :{"conditions":"Operator.DelFlg = 0 AND (Operator.Name LIKE :name:) OR (Operator.Mobile LIKE :mobile:)","bind":{"name":"%%","mobile":"%%"},"columns":["Operator.Id as OperatorId","Operator.Name","Operator.Mobile","Operator.Status"]}
[Sat, 18 Mar 17 10:56:31 +0800][DEBUG] generateCondition  findConditions  :{"conditions":"Operator.DelFlg = 0 AND (Operator.Name LIKE :name:) OR (Operator.Mobile LIKE :mobile:)","bind":{"name":"%%","mobile":"%%"},"columns":["Operator.Id as OperatorId","Operator.Name","Operator.Mobile","Operator.Status"]}
[Sat, 18 Mar 17 10:56:32 +0800][DEBUG] generateCondition  findConditions  :{"conditions":"Operator.DelFlg = 0 AND (Operator.Name LIKE :name:) OR (Operator.Mobile LIKE :mobile:)","bind":{"name":"%%","mobile":"%%"},"columns":["Operator.Id as OperatorId","Operator.Name","Operator.Mobile","Operator.Status"]}
[Sat, 18 Mar 17 10:56:32 +0800][DEBUG] generateCondition  findConditions  :{"conditions":"Operator.DelFlg = 0 AND (Operator.Name LIKE :name:) OR (Operator.Mobile LIKE :mobile:)","bind":{"name":"%%","mobile":"%%"},"columns":["Operator.Id as OperatorId","Operator.Name","Operator.Mobile","Operator.Status"]}
[Sat, 18 Mar 17 10:56:33 +0800][DEBUG] generateCondition  findConditions  :{"conditions":"Operator.DelFlg = 0 AND (Operator.Name LIKE :name:) OR (Operator.Mobile LIKE :mobile:)","bind":{"name":"%%","mobile":"%%"},"columns":["Operator.Id as OperatorId","Operator.Name","Operator.Mobile","Operator.Status"]}
[Sat, 18 Mar 17 10:56:33 +0800][DEBUG] generateCondition  findConditions  :{"conditions":"Operator.DelFlg = 0 AND (Operator.Name LIKE :name:) OR (Operator.Mobile LIKE :mobile:)","bind":{"name":"%%","mobile":"%%"},"columns":["Operator.Id as OperatorId","Operator.Name","Operator.Mobile","Operator.Status"]}
[Sat, 18 Mar 17 10:56:33 +0800][DEBUG] generateCondition  findConditions  :{"conditions":"Operator.DelFlg = 0 AND (Operator.Name LIKE :name:) OR (Operator.Mobile LIKE :mobile:)","bind":{"name":"%%","mobile":"%%"},"columns":["Operator.Id as OperatorId","Operator.Name","Operator.Mobile","Operator.Status"]}
[Sat, 18 Mar 17 10:56:33 +0800][DEBUG] generateCondition  findConditions  :{"conditions":"Operator.DelFlg = 0 AND (Operator.Name LIKE :name:) OR (Operator.Mobile LIKE :mobile:)","bind":{"name":"%%","mobile":"%%"},"columns":["Operator.Id as OperatorId","Operator.Name","Operator.Mobile","Operator.Status"]}
[Sat, 18 Mar 17 10:56:34 +0800][DEBUG] generateCondition  findConditions  :{"conditions":"Operator.DelFlg = 0 AND (Operator.Name LIKE :name:) OR (Operator.Mobile LIKE :mobile:)","bind":{"name":"%%","mobile":"%%"},"columns":["Operator.Id as OperatorId","Operator.Name","Operator.Mobile","Operator.Status"]}
[Sat, 18 Mar 17 10:56:34 +0800][DEBUG] generateCondition  findConditions  :{"conditions":"Operator.DelFlg = 0 AND (Operator.Name LIKE :name:) OR (Operator.Mobile LIKE :mobile:)","bind":{"name":"%%","mobile":"%%"},"columns":["Operator.Id as OperatorId","Operator.Name","Operator.Mobile","Operator.Status"]}
[Sat, 18 Mar 17 10:56:34 +0800][DEBUG] generateCondition  findConditions  :{"conditions":"Operator.DelFlg = 0 AND (Operator.Name LIKE :name:) OR (Operator.Mobile LIKE :mobile:)","bind":{"name":"%%","mobile":"%%"},"columns":["Operator.Id as OperatorId","Operator.Name","Operator.Mobile","Operator.Status"]}
[Sat, 18 Mar 17 10:56:35 +0800][DEBUG] generateCondition  findConditions  :{"conditions":"Operator.DelFlg = 0 AND (Operator.Name LIKE :name:) OR (Operator.Mobile LIKE :mobile:)","bind":{"name":"%%","mobile":"%%"},"columns":["Operator.Id as OperatorId","Operator.Name","Operator.Mobile","Operator.Status"]}
[Sat, 18 Mar 17 10:56:35 +0800][DEBUG] generateCondition  findConditions  :{"conditions":"Operator.DelFlg = 0 AND (Operator.Name LIKE :name:) OR (Operator.Mobile LIKE :mobile:)","bind":{"name":"%%","mobile":"%%"},"columns":["Operator.Id as OperatorId","Operator.Name","Operator.Mobile","Operator.Status"]}
[Sat, 18 Mar 17 10:56:35 +0800][DEBUG] generateCondition  findConditions  :{"conditions":"Operator.DelFlg = 0 AND (Operator.Name LIKE :name:) OR (Operator.Mobile LIKE :mobile:)","bind":{"name":"%%","mobile":"%%"},"columns":["Operator.Id as OperatorId","Operator.Name","Operator.Mobile","Operator.Status"]}
[Sat, 18 Mar 17 10:56:35 +0800][DEBUG] generateCondition  findConditions  :{"conditions":"Operator.DelFlg = 0 AND (Operator.Name LIKE :name:) OR (Operator.Mobile LIKE :mobile:)","bind":{"name":"%%","mobile":"%%"},"columns":["Operator.Id as OperatorId","Operator.Name","Operator.Mobile","Operator.Status"]}
[Sat, 18 Mar 17 10:56:36 +0800][DEBUG] generateCondition  findConditions  :{"conditions":"Operator.DelFlg = 0 AND (Operator.Name LIKE :name:) OR (Operator.Mobile LIKE :mobile:)","bind":{"name":"%%","mobile":"%%"},"columns":["Operator.Id as OperatorId","Operator.Name","Operator.Mobile","Operator.Status"]}
[Sat, 18 Mar 17 10:56:36 +0800][DEBUG] generateCondition  findConditions  :{"conditions":"Operator.DelFlg = 0 AND (Operator.Name LIKE :name:) OR (Operator.Mobile LIKE :mobile:)","bind":{"name":"%%","mobile":"%%"},"columns":["Operator.Id as OperatorId","Operator.Name","Operator.Mobile","Operator.Status"]}
[Sat, 18 Mar 17 10:56:37 +0800][DEBUG] generateCondition  findConditions  :{"conditions":"Operator.DelFlg = 0 AND (Operator.Name LIKE :name:) OR (Operator.Mobile LIKE :mobile:)","bind":{"name":"%%","mobile":"%%"},"columns":["Operator.Id as OperatorId","Operator.Name","Operator.Mobile","Operator.Status"]}
[Sat, 18 Mar 17 10:56:38 +0800][DEBUG] generateCondition  findConditions  :{"conditions":"Operator.DelFlg = 0 AND (Operator.Name LIKE :name:) OR (Operator.Mobile LIKE :mobile:)","bind":{"name":"%%","mobile":"%%"},"columns":["Operator.Id as OperatorId","Operator.Name","Operator.Mobile","Operator.Status"]}
[Sat, 18 Mar 17 10:56:41 +0800][DEBUG] generateCondition  findConditions  :{"conditions":"Operator.DelFlg = 0 AND (Operator.Name LIKE :name:) OR (Operator.Mobile LIKE :mobile:)","bind":{"name":"%%","mobile":"%%"},"columns":["Operator.Id as OperatorId","Operator.Name","Operator.Mobile","Operator.Status"]}
[Sat, 18 Mar 17 10:56:51 +0800][DEBUG] generateCondition  findConditions  :{"conditions":"Operator.DelFlg = 0 AND (Operator.Name LIKE :name:) OR (Operator.Mobile LIKE :mobile:)","bind":{"name":"%%","mobile":"%%"},"columns":["Operator.Id as OperatorId","Operator.Name","Operator.Mobile","Operator.Status"]}
[Sat, 18 Mar 17 10:58:41 +0800][DEBUG] generateCondition  findConditions  :{"conditions":"Operator.DelFlg = 0 AND (Operator.Name LIKE :name:) OR (Operator.Mobile LIKE :mobile:)","bind":{"name":"%%","mobile":"%%"},"columns":["Operator.Id as OperatorId","Operator.Name","Operator.Mobile","Operator.Status"]}
[Sat, 18 Mar 17 10:59:54 +0800][DEBUG] generateCondition  findConditions  :{"conditions":"Operator.DelFlg = 0 AND (Operator.Name LIKE :name:) OR (Operator.Mobile LIKE :mobile:)","bind":{"name":"%%","mobile":"%%"},"columns":["Operator.Id as OperatorId","Operator.Name","Operator.Mobile","Operator.Status"]}
[Sat, 18 Mar 17 10:59:54 +0800][DEBUG] generateCondition  findConditions  :{"conditions":"Operator.DelFlg = 0 AND (Operator.Name LIKE :name:) OR (Operator.Mobile LIKE :mobile:)","bind":{"name":"%%","mobile":"%%"},"columns":["Operator.Id as OperatorId","Operator.Name","Operator.Mobile","Operator.Status"]}
[Sat, 18 Mar 17 10:59:55 +0800][DEBUG] generateCondition  findConditions  :{"conditions":"Operator.DelFlg = 0 AND (Operator.Name LIKE :name:) OR (Operator.Mobile LIKE :mobile:)","bind":{"name":"%%","mobile":"%%"},"columns":["Operator.Id as OperatorId","Operator.Name","Operator.Mobile","Operator.Status"]}
[Sat, 18 Mar 17 10:59:55 +0800][DEBUG] generateCondition  findConditions  :{"conditions":"Operator.DelFlg = 0 AND (Operator.Name LIKE :name:) OR (Operator.Mobile LIKE :mobile:)","bind":{"name":"%%","mobile":"%%"},"columns":["Operator.Id as OperatorId","Operator.Name","Operator.Mobile","Operator.Status"]}
[Sat, 18 Mar 17 10:59:55 +0800][DEBUG] generateCondition  findConditions  :{"conditions":"Operator.DelFlg = 0 AND (Operator.Name LIKE :name:) OR (Operator.Mobile LIKE :mobile:)","bind":{"name":"%%","mobile":"%%"},"columns":["Operator.Id as OperatorId","Operator.Name","Operator.Mobile","Operator.Status"]}
[Sat, 18 Mar 17 10:59:55 +0800][DEBUG] generateCondition  findConditions  :{"conditions":"Operator.DelFlg = 0 AND (Operator.Name LIKE :name:) OR (Operator.Mobile LIKE :mobile:)","bind":{"name":"%%","mobile":"%%"},"columns":["Operator.Id as OperatorId","Operator.Name","Operator.Mobile","Operator.Status"]}
[Sat, 18 Mar 17 10:59:55 +0800][DEBUG] generateCondition  findConditions  :{"conditions":"Operator.DelFlg = 0 AND (Operator.Name LIKE :name:) OR (Operator.Mobile LIKE :mobile:)","bind":{"name":"%%","mobile":"%%"},"columns":["Operator.Id as OperatorId","Operator.Name","Operator.Mobile","Operator.Status"]}
[Sat, 18 Mar 17 10:59:56 +0800][DEBUG] generateCondition  findConditions  :{"conditions":"Operator.DelFlg = 0 AND (Operator.Name LIKE :name:) OR (Operator.Mobile LIKE :mobile:)","bind":{"name":"%%","mobile":"%%"},"columns":["Operator.Id as OperatorId","Operator.Name","Operator.Mobile","Operator.Status"]}
[Sat, 18 Mar 17 10:59:56 +0800][DEBUG] generateCondition  findConditions  :{"conditions":"Operator.DelFlg = 0 AND (Operator.Name LIKE :name:) OR (Operator.Mobile LIKE :mobile:)","bind":{"name":"%%","mobile":"%%"},"columns":["Operator.Id as OperatorId","Operator.Name","Operator.Mobile","Operator.Status"]}
[Sat, 18 Mar 17 11:00:01 +0800][DEBUG] generateCondition  findConditions  :{"conditions":"Operator.DelFlg = 0 AND (Operator.Name LIKE :name:) OR (Operator.Mobile LIKE :mobile:)","bind":{"name":"%%","mobile":"%%"},"columns":["Operator.Id as OperatorId","Operator.Name","Operator.Mobile","Operator.Status"]}
[Sat, 18 Mar 17 11:00:03 +0800][DEBUG] generateCondition  findConditions  :{"conditions":"Operator.DelFlg = 0 AND (Operator.Name LIKE :name:) OR (Operator.Mobile LIKE :mobile:)","bind":{"name":"%%","mobile":"%%"},"columns":["Operator.Id as OperatorId","Operator.Name","Operator.Mobile","Operator.Status"]}
[Sat, 18 Mar 17 11:00:06 +0800][DEBUG] generateCondition  findConditions  :{"conditions":"Operator.DelFlg = 0 AND (Operator.Name LIKE :name:) OR (Operator.Mobile LIKE :mobile:)","bind":{"name":"%%","mobile":"%%"},"columns":["Operator.Id as OperatorId","Operator.Name","Operator.Mobile","Operator.Status"]}
[Sat, 18 Mar 17 11:00:06 +0800][DEBUG] generateCondition  findConditions  :{"conditions":"Operator.DelFlg = 0 AND (Operator.Name LIKE :name:) OR (Operator.Mobile LIKE :mobile:)","bind":{"name":"%%","mobile":"%%"},"columns":["Operator.Id as OperatorId","Operator.Name","Operator.Mobile","Operator.Status"]}
[Sat, 18 Mar 17 11:00:07 +0800][DEBUG] generateCondition  findConditions  :{"conditions":"Operator.DelFlg = 0 AND (Operator.Name LIKE :name:) OR (Operator.Mobile LIKE :mobile:)","bind":{"name":"%%","mobile":"%%"},"columns":["Operator.Id as OperatorId","Operator.Name","Operator.Mobile","Operator.Status"]}
[Sat, 18 Mar 17 11:00:07 +0800][DEBUG] generateCondition  findConditions  :{"conditions":"Operator.DelFlg = 0 AND (Operator.Name LIKE :name:) OR (Operator.Mobile LIKE :mobile:)","bind":{"name":"%%","mobile":"%%"},"columns":["Operator.Id as OperatorId","Operator.Name","Operator.Mobile","Operator.Status"]}
[Sat, 18 Mar 17 11:00:07 +0800][DEBUG] generateCondition  findConditions  :{"conditions":"Operator.DelFlg = 0 AND (Operator.Name LIKE :name:) OR (Operator.Mobile LIKE :mobile:)","bind":{"name":"%%","mobile":"%%"},"columns":["Operator.Id as OperatorId","Operator.Name","Operator.Mobile","Operator.Status"]}
[Sat, 18 Mar 17 11:00:07 +0800][DEBUG] generateCondition  findConditions  :{"conditions":"Operator.DelFlg = 0 AND (Operator.Name LIKE :name:) OR (Operator.Mobile LIKE :mobile:)","bind":{"name":"%%","mobile":"%%"},"columns":["Operator.Id as OperatorId","Operator.Name","Operator.Mobile","Operator.Status"]}
[Sat, 18 Mar 17 11:00:08 +0800][DEBUG] generateCondition  findConditions  :{"conditions":"Operator.DelFlg = 0 AND (Operator.Name LIKE :name:) OR (Operator.Mobile LIKE :mobile:)","bind":{"name":"%%","mobile":"%%"},"columns":["Operator.Id as OperatorId","Operator.Name","Operator.Mobile","Operator.Status"]}
[Sat, 18 Mar 17 11:00:08 +0800][DEBUG] generateCondition  findConditions  :{"conditions":"Operator.DelFlg = 0 AND (Operator.Name LIKE :name:) OR (Operator.Mobile LIKE :mobile:)","bind":{"name":"%%","mobile":"%%"},"columns":["Operator.Id as OperatorId","Operator.Name","Operator.Mobile","Operator.Status"]}
[Sat, 18 Mar 17 11:00:08 +0800][DEBUG] generateCondition  findConditions  :{"conditions":"Operator.DelFlg = 0 AND (Operator.Name LIKE :name:) OR (Operator.Mobile LIKE :mobile:)","bind":{"name":"%%","mobile":"%%"},"columns":["Operator.Id as OperatorId","Operator.Name","Operator.Mobile","Operator.Status"]}
[Sat, 18 Mar 17 11:00:08 +0800][DEBUG] generateCondition  findConditions  :{"conditions":"Operator.DelFlg = 0 AND (Operator.Name LIKE :name:) OR (Operator.Mobile LIKE :mobile:)","bind":{"name":"%%","mobile":"%%"},"columns":["Operator.Id as OperatorId","Operator.Name","Operator.Mobile","Operator.Status"]}
[Sat, 18 Mar 17 11:00:09 +0800][DEBUG] generateCondition  findConditions  :{"conditions":"Operator.DelFlg = 0 AND (Operator.Name LIKE :name:) OR (Operator.Mobile LIKE :mobile:)","bind":{"name":"%%","mobile":"%%"},"columns":["Operator.Id as OperatorId","Operator.Name","Operator.Mobile","Operator.Status"]}
[Sat, 18 Mar 17 11:00:09 +0800][DEBUG] generateCondition  findConditions  :{"conditions":"Operator.DelFlg = 0 AND (Operator.Name LIKE :name:) OR (Operator.Mobile LIKE :mobile:)","bind":{"name":"%%","mobile":"%%"},"columns":["Operator.Id as OperatorId","Operator.Name","Operator.Mobile","Operator.Status"]}
[Sat, 18 Mar 17 11:00:09 +0800][DEBUG] generateCondition  findConditions  :{"conditions":"Operator.DelFlg = 0 AND (Operator.Name LIKE :name:) OR (Operator.Mobile LIKE :mobile:)","bind":{"name":"%%","mobile":"%%"},"columns":["Operator.Id as OperatorId","Operator.Name","Operator.Mobile","Operator.Status"]}
[Sat, 18 Mar 17 11:00:10 +0800][DEBUG] generateCondition  findConditions  :{"conditions":"Operator.DelFlg = 0 AND (Operator.Name LIKE :name:) OR (Operator.Mobile LIKE :mobile:)","bind":{"name":"%%","mobile":"%%"},"columns":["Operator.Id as OperatorId","Operator.Name","Operator.Mobile","Operator.Status"]}
[Sat, 18 Mar 17 11:00:10 +0800][DEBUG] generateCondition  findConditions  :{"conditions":"Operator.DelFlg = 0 AND (Operator.Name LIKE :name:) OR (Operator.Mobile LIKE :mobile:)","bind":{"name":"%%","mobile":"%%"},"columns":["Operator.Id as OperatorId","Operator.Name","Operator.Mobile","Operator.Status"]}
[Sat, 18 Mar 17 11:00:10 +0800][DEBUG] generateCondition  findConditions  :{"conditions":"Operator.DelFlg = 0 AND (Operator.Name LIKE :name:) OR (Operator.Mobile LIKE :mobile:)","bind":{"name":"%%","mobile":"%%"},"columns":["Operator.Id as OperatorId","Operator.Name","Operator.Mobile","Operator.Status"]}
[Sat, 18 Mar 17 11:00:11 +0800][DEBUG] generateCondition  findConditions  :{"conditions":"Operator.DelFlg = 0 AND (Operator.Name LIKE :name:) OR (Operator.Mobile LIKE :mobile:)","bind":{"name":"%%","mobile":"%%"},"columns":["Operator.Id as OperatorId","Operator.Name","Operator.Mobile","Operator.Status"]}
[Sat, 18 Mar 17 11:00:11 +0800][DEBUG] generateCondition  findConditions  :{"conditions":"Operator.DelFlg = 0 AND (Operator.Name LIKE :name:) OR (Operator.Mobile LIKE :mobile:)","bind":{"name":"%%","mobile":"%%"},"columns":["Operator.Id as OperatorId","Operator.Name","Operator.Mobile","Operator.Status"]}
[Sat, 18 Mar 17 11:00:12 +0800][DEBUG] generateCondition  findConditions  :{"conditions":"Operator.DelFlg = 0 AND (Operator.Name LIKE :name:) OR (Operator.Mobile LIKE :mobile:)","bind":{"name":"%%","mobile":"%%"},"columns":["Operator.Id as OperatorId","Operator.Name","Operator.Mobile","Operator.Status"]}
[Sat, 18 Mar 17 11:00:16 +0800][DEBUG] generateCondition  findConditions  :{"conditions":"Operator.DelFlg = 0 AND (Operator.Name LIKE :name:) OR (Operator.Mobile LIKE :mobile:)","bind":{"name":"%%","mobile":"%%"},"columns":["Operator.Id as OperatorId","Operator.Name","Operator.Mobile","Operator.Status"]}
[Sat, 18 Mar 17 11:02:09 +0800][DEBUG] generateCondition  findConditions  :{"conditions":"(Operator.DelFlg = 0) AND (Operator.Name LIKE :name:) OR (Operator.Mobile LIKE :mobile:)","bind":{"name":"%%","mobile":"%%"},"columns":["Operator.Id as OperatorId","Operator.Name","Operator.Mobile","Operator.Status"]}
[Sat, 18 Mar 17 11:02:59 +0800][DEBUG] generateCondition  findConditions  :{"conditions":"(Operator.Id > 0) AND (Operator.DelFlg = 0) AND (Operator.Name LIKE :name:) OR (Operator.Mobile LIKE :mobile:)","bind":{"name":"%%","mobile":"%%"},"columns":["Operator.Id as OperatorId","Operator.Name","Operator.Mobile","Operator.Status"]}
[Sat, 18 Mar 17 11:03:00 +0800][DEBUG] generateCondition  findConditions  :{"conditions":"(Operator.Id > 0) AND (Operator.DelFlg = 0) AND (Operator.Name LIKE :name:) OR (Operator.Mobile LIKE :mobile:)","bind":{"name":"%%","mobile":"%%"},"columns":["Operator.Id as OperatorId","Operator.Name","Operator.Mobile","Operator.Status"]}
[Sat, 18 Mar 17 11:03:00 +0800][DEBUG] generateCondition  findConditions  :{"conditions":"(Operator.Id > 0) AND (Operator.DelFlg = 0) AND (Operator.Name LIKE :name:) OR (Operator.Mobile LIKE :mobile:)","bind":{"name":"%%","mobile":"%%"},"columns":["Operator.Id as OperatorId","Operator.Name","Operator.Mobile","Operator.Status"]}
[Sat, 18 Mar 17 11:03:00 +0800][DEBUG] generateCondition  findConditions  :{"conditions":"(Operator.Id > 0) AND (Operator.DelFlg = 0) AND (Operator.Name LIKE :name:) OR (Operator.Mobile LIKE :mobile:)","bind":{"name":"%%","mobile":"%%"},"columns":["Operator.Id as OperatorId","Operator.Name","Operator.Mobile","Operator.Status"]}
[Sat, 18 Mar 17 11:03:01 +0800][DEBUG] generateCondition  findConditions  :{"conditions":"(Operator.Id > 0) AND (Operator.DelFlg = 0) AND (Operator.Name LIKE :name:) OR (Operator.Mobile LIKE :mobile:)","bind":{"name":"%%","mobile":"%%"},"columns":["Operator.Id as OperatorId","Operator.Name","Operator.Mobile","Operator.Status"]}
[Sat, 18 Mar 17 11:03:14 +0800][DEBUG] generateCondition  findConditions  :{"conditions":"(Operator.Id > 0) AND (Operator.DelFlg = 0) AND (Operator.Name LIKE :name:) OR (Operator.Mobile LIKE :mobile:)","bind":{"name":"%%","mobile":"%%"},"columns":["Operator.Id as OperatorId","Operator.Name","Operator.Mobile","Operator.Status"]}
[Sat, 18 Mar 17 11:03:22 +0800][DEBUG] generateCondition  findConditions  :{"conditions":"(Operator.Id > 0) AND (Operator.DelFlg = 0)","bind":[],"columns":["Operator.Id as OperatorId","Operator.Name","Operator.Mobile","Operator.Status"]}
[Sat, 18 Mar 17 11:03:23 +0800][DEBUG] generateCondition  findConditions  :{"conditions":"(Operator.Id > 0) AND (Operator.DelFlg = 0)","bind":[],"columns":["Operator.Id as OperatorId","Operator.Name","Operator.Mobile","Operator.Status"]}
[Sat, 18 Mar 17 11:03:26 +0800][DEBUG] generateCondition  findConditions  :{"conditions":"(Operator.Id > 0) AND (Operator.DelFlg = 0) AND (Operator.Name LIKE :name:) OR (Operator.Mobile LIKE :mobile:)","bind":{"name":"%%","mobile":"%%"},"columns":["Operator.Id as OperatorId","Operator.Name","Operator.Mobile","Operator.Status"]}
[Sat, 18 Mar 17 11:03:31 +0800][DEBUG] generateCondition  findConditions  :{"conditions":"(Operator.Id > 0) AND (Operator.DelFlg = 0)","bind":[],"columns":["Operator.Id as OperatorId","Operator.Name","Operator.Mobile","Operator.Status"]}
[Sat, 18 Mar 17 11:03:38 +0800][DEBUG] generateCondition  findConditions  :{"conditions":"(Operator.Id > 0) AND (Operator.DelFlg = 0)","bind":[],"columns":["Operator.Id as OperatorId","Operator.Name","Operator.Mobile","Operator.Status"]}
[Sat, 18 Mar 17 11:03:49 +0800][DEBUG] generateCondition  findConditions  :{"conditions":"(Operator.Id > 0) AND (Operator.DelFlg = 0) AND (Operator.Name LIKE :name:) OR (Operator.Mobile LIKE :mobile:)","bind":{"name":"%%","mobile":"%%"},"columns":["Operator.Id as OperatorId","Operator.Name","Operator.Mobile","Operator.Status"]}
[Sat, 18 Mar 17 11:04:19 +0800][DEBUG] generateCondition  findConditions  :{"conditions":"(Operator.DelFlg = 0) AND (Operator.Name LIKE :name:) OR (Operator.Mobile LIKE :mobile:)","bind":{"name":"%%","mobile":"%%"},"columns":["Operator.Id as OperatorId","Operator.Name","Operator.Mobile","Operator.Status"]}
[Sat, 18 Mar 17 11:04:51 +0800][DEBUG] generateCondition  findConditions  :{"conditions":"(Operator.DelFlg = 0) AND (Operator.Name LIKE :name:) OR (Operator.Mobile LIKE :mobile:)","bind":{"name":"%%","mobile":"%%"},"columns":["Operator.Id as OperatorId","Operator.Name","Operator.Mobile","Operator.Status"]}
[Sat, 18 Mar 17 11:04:56 +0800][DEBUG] generateCondition  findConditions  :{"conditions":"(Operator.DelFlg = 0)","bind":[],"columns":["Operator.Id as OperatorId","Operator.Name","Operator.Mobile","Operator.Status"]}
[Sat, 18 Mar 17 11:05:06 +0800][DEBUG] generateCondition  findConditions  :{"conditions":"(Operator.DelFlg = 0) AND (Operator.Name LIKE :name:) OR (Operator.Mobile LIKE :mobile:)","bind":{"name":"%%","mobile":"%%"},"columns":["Operator.Id as OperatorId","Operator.Name","Operator.Mobile","Operator.Status"]}
[Sat, 18 Mar 17 11:05:10 +0800][DEBUG] generateCondition  findConditions  :{"conditions":"(Operator.DelFlg = 0)","bind":[],"columns":["Operator.Id as OperatorId","Operator.Name","Operator.Mobile","Operator.Status"]}
[Sat, 18 Mar 17 11:06:23 +0800][DEBUG] generateCondition  findConditions  :{"conditions":"(Operator.DelFlg = 0)","bind":[],"columns":["Operator.Id as OperatorId","Operator.Name","Operator.Mobile","Operator.Status"]}
[Sat, 18 Mar 17 11:06:36 +0800][DEBUG] generateCondition  findConditions  :{"conditions":"(Operator.DelFlg = 0)","bind":[],"columns":["Operator.Id as OperatorId","Operator.Name","Operator.Mobile","Operator.Status"]}
[Sat, 18 Mar 17 11:07:24 +0800][DEBUG] generateCondition  findConditions  :{"conditions":"(Operator.DelFlg = 0)","bind":[],"columns":["Operator.Id as OperatorId","Operator.Name","Operator.Mobile","Operator.Status"]}
[Sat, 18 Mar 17 11:08:13 +0800][DEBUG] generateCondition  findConditions  :{"conditions":"(Operator.DelFlg = 0)","bind":[],"columns":["Operator.Id as OperatorId","Operator.Name","Operator.Mobile","Operator.Status"]}
[Sat, 18 Mar 17 11:08:15 +0800][DEBUG] generateCondition  findConditions  :{"conditions":"(Operator.DelFlg = 0)","bind":[],"columns":["Operator.Id as OperatorId","Operator.Name","Operator.Mobile","Operator.Status"]}
[Sat, 18 Mar 17 11:08:49 +0800][DEBUG] generateCondition  findConditions  :{"conditions":"(Operator.DelFlg = 0)","bind":[],"columns":["Operator.Id as OperatorId","Operator.Name","Operator.Mobile","Operator.Status"]}
[Sat, 18 Mar 17 11:08:52 +0800][DEBUG] generateCondition  findConditions  :{"conditions":"(Operator.DelFlg = 0)","bind":[],"columns":["Operator.Id as OperatorId","Operator.Name","Operator.Mobile","Operator.Status"]}
[Sat, 18 Mar 17 11:08:54 +0800][DEBUG] generateCondition  findConditions  :{"conditions":"(Operator.DelFlg = 0)","bind":[],"columns":["Operator.Id as OperatorId","Operator.Name","Operator.Mobile","Operator.Status"]}
[Sat, 18 Mar 17 11:09:28 +0800][DEBUG] generateCondition  findConditions  :{"conditions":"(Operator.DelFlg = 0)","bind":[],"columns":["Operator.Id as OperatorId","Operator.Name","Operator.Mobile","Operator.Status"]}
[Sat, 18 Mar 17 11:09:51 +0800][DEBUG] generateCondition  findConditions  :{"conditions":"(Operator.DelFlg = 0)","bind":[],"columns":["Operator.Id as OperatorId","Operator.Name","Operator.Mobile","Operator.Status"]}
[Sat, 18 Mar 17 11:10:15 +0800][DEBUG] salesOrderListfindConditions : {"conditions":"(Orders.SalesId = :salesId:) AND (Orders.DelFlg = 0) AND (Orders.CustomerNm LIKE :customerNm:) OR (Orders.Mobile LIKE :mobile:) AND (Orders.OrderStatus = :orderStatus:) AND (Orders.PayType = :payType:)","bind":{"salesId":"1","customerNm":"%%","mobile":"%%","orderStatus":"0","payType":"0"},"columns":["Orders.Id as OrderId,Orders.OrderNo,Orders.CustomerNm,Orders.RoomId,Room.RoomNo,Orders.Mobile,Orders.OrderStatus,\n                        Orders.PayType,Orders.Label,Orders.Release,Orders.SalesId,Orders.CrtDt"]}
[Sat, 18 Mar 17 11:10:15 +0800][DEBUG] salesOrderListorder list get pages info done : 1489806615
[Sat, 18 Mar 17 11:10:22 +0800][DEBUG] salesOrderListfindConditions : {"conditions":"(Orders.SalesId = :salesId:) AND (Orders.DelFlg = 0) AND (Orders.CustomerNm LIKE :customerNm:) OR (Orders.Mobile LIKE :mobile:) AND (Orders.OrderStatus = :orderStatus:) AND (Orders.PayType = :payType:)","bind":{"salesId":"1","customerNm":"%%","mobile":"%%","orderStatus":"1","payType":"1"},"columns":["Orders.Id as OrderId,Orders.OrderNo,Orders.CustomerNm,Orders.RoomId,Room.RoomNo,Orders.Mobile,Orders.OrderStatus,\n                        Orders.PayType,Orders.Label,Orders.Release,Orders.SalesId,Orders.CrtDt"]}
[Sat, 18 Mar 17 11:10:22 +0800][DEBUG] salesOrderListorder list get pages info done : 1489806622
[Sat, 18 Mar 17 11:10:33 +0800][DEBUG] salesOrderListfindConditions : {"conditions":"(Orders.SalesId = :salesId:) AND (Orders.DelFlg = 0) AND (Orders.CustomerNm LIKE :customerNm:) OR (Orders.Mobile LIKE :mobile:) AND (Orders.OrderStatus = :orderStatus:) AND (Orders.PayType = :payType:)","bind":{"salesId":"1","customerNm":"%%","mobile":"%%","orderStatus":"1","payType":"1"},"columns":["Orders.Id as OrderId,Orders.OrderNo,Orders.CustomerNm,Orders.RoomId,Room.RoomNo,Orders.Mobile,Orders.OrderStatus,\n                        Orders.PayType,Orders.Label,Orders.Release,Orders.SalesId,Orders.CrtDt"]}
[Sat, 18 Mar 17 11:10:41 +0800][DEBUG] salesOrderListfindConditions : {"conditions":"(Orders.SalesId = :salesId:) AND (Orders.DelFlg = 0) AND (Orders.CustomerNm LIKE :customerNm:) OR (Orders.Mobile LIKE :mobile:) AND (Orders.OrderStatus = :orderStatus:) AND (Orders.PayType = :payType:)","bind":{"salesId":"1","customerNm":"%%","mobile":"%%","orderStatus":"1","payType":"1"},"columns":["Orders.Id as OrderId,Orders.OrderNo,Orders.CustomerNm,Orders.RoomId,Room.RoomNo,Orders.Mobile,Orders.OrderStatus,\n                        Orders.PayType,Orders.Label,Orders.Release,Orders.SalesId,Orders.CrtDt"]}
[Sat, 18 Mar 17 11:10:41 +0800][DEBUG] salesOrderListorder list get pages info done : 1489806641
[Sat, 18 Mar 17 11:10:52 +0800][DEBUG] generateCondition  findConditions  :{"conditions":"(Operator.DelFlg = 0)","bind":[],"columns":["Operator.Id as OperatorId","Operator.Name","Operator.Mobile","Operator.Status"]}
[Sat, 18 Mar 17 11:11:22 +0800][DEBUG] generateCondition  findConditions  :{"conditions":"(Operator.DelFlg = 0)","bind":[],"columns":["Operator.Id as OperatorId","Operator.Name","Operator.Mobile","Operator.Status"]}
[Sat, 18 Mar 17 11:11:28 +0800][DEBUG] findConditions Conditions: "(Orders.ProjectId = :projectId:) AND (Orders.CustomerNm LIKE :customerNm:) OR (Orders.Mobile LIKE :mobile:) AND (Orders.OrderStatus = :orderStatus:) AND (Orders.PayType = :payType:)"
[Sat, 18 Mar 17 11:11:28 +0800][DEBUG] findConditions toBind: {"projectId":"20170306165833754724","customerNm":"%%","mobile":"%%","orderStatus":"0","payType":"0"}
[Sat, 18 Mar 17 11:11:28 +0800][DEBUG] operatorOrderListfindConditions : {"conditions":"(Orders.ProjectId = :projectId:) AND (Orders.CustomerNm LIKE :customerNm:) OR (Orders.Mobile LIKE :mobile:) AND (Orders.OrderStatus = :orderStatus:) AND (Orders.PayType = :payType:)","bind":{"projectId":"20170306165833754724","customerNm":"%%","mobile":"%%","orderStatus":"0","payType":"0"},"columns":["Orders.Id as OrderId,Orders.OrderNo,Orders.CustomerNm,Orders.RoomId,Room.RoomNo,Role.StatusGroups,Orders.Mobile,Orders.OrderStatus,Orders.PayType,Orders.Label,Orders.SalesId,Orders.CrtDt"]}
[Sat, 18 Mar 17 11:11:28 +0800][DEBUG] operatorOrderListorder list get pages info done : 1489806688
[Sat, 18 Mar 17 11:11:56 +0800][DEBUG] generateCondition  findConditions  :{"conditions":"(Operator.DelFlg = 0)","bind":[],"columns":["Operator.Id as OperatorId","Operator.Name","Operator.Mobile","Operator.Status"]}
[Sat, 18 Mar 17 11:12:05 +0800][DEBUG] generateCondition  findConditions  :{"conditions":"(Operator.DelFlg = 0)","bind":[],"columns":["Operator.Id as OperatorId","Operator.Name","Operator.Mobile","Operator.Status"]}
[Sat, 18 Mar 17 11:12:06 +0800][DEBUG] generateCondition  findConditions  :{"conditions":"(Operator.DelFlg = 0)","bind":[],"columns":["Operator.Id as OperatorId","Operator.Name","Operator.Mobile","Operator.Status"]}
[Sat, 18 Mar 17 11:12:07 +0800][DEBUG] generateCondition  findConditions  :{"conditions":"(Operator.DelFlg = 0)","bind":[],"columns":["Operator.Id as OperatorId","Operator.Name","Operator.Mobile","Operator.Status"]}
[Sat, 18 Mar 17 11:12:08 +0800][DEBUG] generateCondition  findConditions  :{"conditions":"(Operator.DelFlg = 0)","bind":[],"columns":["Operator.Id as OperatorId","Operator.Name","Operator.Mobile","Operator.Status"]}
[Sat, 18 Mar 17 11:12:08 +0800][DEBUG] generateCondition  findConditions  :{"conditions":"(Operator.DelFlg = 0)","bind":[],"columns":["Operator.Id as OperatorId","Operator.Name","Operator.Mobile","Operator.Status"]}
[Sat, 18 Mar 17 11:12:09 +0800][DEBUG] generateCondition  findConditions  :{"conditions":"(Operator.DelFlg = 0)","bind":[],"columns":["Operator.Id as OperatorId","Operator.Name","Operator.Mobile","Operator.Status"]}
[Sat, 18 Mar 17 11:12:09 +0800][DEBUG] generateCondition  findConditions  :{"conditions":"(Operator.DelFlg = 0)","bind":[],"columns":["Operator.Id as OperatorId","Operator.Name","Operator.Mobile","Operator.Status"]}
[Sat, 18 Mar 17 11:12:29 +0800][DEBUG] generateUserToken no emp issue\n13817319050 123456
[Sat, 18 Mar 17 11:12:51 +0800][DEBUG] generateUserToken no emp issue\n13817319050 123456
[Sat, 18 Mar 17 11:13:46 +0800][DEBUG] generateCondition  findConditions  :{"conditions":"(Operator.DelFlg = 0)","bind":[],"columns":["Operator.Id as OperatorId","Operator.Name","Operator.Mobile","Operator.Status"]}
[Sat, 18 Mar 17 11:13:48 +0800][DEBUG] generateCondition  findConditions  :{"conditions":"(Operator.DelFlg = 0)","bind":[],"columns":["Operator.Id as OperatorId","Operator.Name","Operator.Mobile","Operator.Status"]}
[Sat, 18 Mar 17 11:14:03 +0800][DEBUG] findConditions Conditions: "(Orders.ProjectId = :projectId:) AND (Orders.CustomerNm LIKE :customerNm:) OR (Orders.Mobile LIKE :mobile:) AND (Orders.OrderStatus = :orderStatus:) AND (Orders.PayType = :payType:)"
[Sat, 18 Mar 17 11:14:03 +0800][DEBUG] findConditions toBind: {"projectId":"20170306165833754724","customerNm":"%%","mobile":"%%","orderStatus":"0","payType":"0"}
[Sat, 18 Mar 17 11:14:03 +0800][DEBUG] operatorOrderListfindConditions : {"conditions":"(Orders.ProjectId = :projectId:) AND (Orders.CustomerNm LIKE :customerNm:) OR (Orders.Mobile LIKE :mobile:) AND (Orders.OrderStatus = :orderStatus:) AND (Orders.PayType = :payType:)","bind":{"projectId":"20170306165833754724","customerNm":"%%","mobile":"%%","orderStatus":"0","payType":"0"},"columns":["Orders.Id as OrderId,Orders.OrderNo,Orders.CustomerNm,Orders.RoomId,Room.RoomNo,Role.StatusGroups,Orders.Mobile,Orders.OrderStatus,Orders.PayType,Orders.Label,Orders.SalesId,Orders.CrtDt"]}
[Sat, 18 Mar 17 11:14:03 +0800][DEBUG] operatorOrderListorder list get pages info done : 1489806843
[Sat, 18 Mar 17 11:14:05 +0800][DEBUG] generateCondition  findConditions  :{"conditions":"(Operator.DelFlg = 0)","bind":[],"columns":["Operator.Id as OperatorId","Operator.Name","Operator.Mobile","Operator.Status"]}
[Sat, 18 Mar 17 11:14:07 +0800][DEBUG] generateCondition  findConditions  :{"conditions":"(Operator.DelFlg = 0)","bind":[],"columns":["Operator.Id as OperatorId","Operator.Name","Operator.Mobile","Operator.Status"]}
[Sat, 18 Mar 17 11:14:08 +0800][DEBUG] findConditions Conditions: "(Orders.ProjectId = :projectId:) AND (Orders.CustomerNm LIKE :customerNm:) OR (Orders.Mobile LIKE :mobile:) AND (Orders.OrderStatus = :orderStatus:) AND (Orders.PayType = :payType:)"
[Sat, 18 Mar 17 11:14:08 +0800][DEBUG] findConditions toBind: {"projectId":"20170306165833754724","customerNm":"%%","mobile":"%%","orderStatus":"0","payType":"0"}
[Sat, 18 Mar 17 11:14:08 +0800][DEBUG] operatorOrderListfindConditions : {"conditions":"(Orders.ProjectId = :projectId:) AND (Orders.CustomerNm LIKE :customerNm:) OR (Orders.Mobile LIKE :mobile:) AND (Orders.OrderStatus = :orderStatus:) AND (Orders.PayType = :payType:)","bind":{"projectId":"20170306165833754724","customerNm":"%%","mobile":"%%","orderStatus":"0","payType":"0"},"columns":["Orders.Id as OrderId,Orders.OrderNo,Orders.CustomerNm,Orders.RoomId,Room.RoomNo,Role.StatusGroups,Orders.Mobile,Orders.OrderStatus,Orders.PayType,Orders.Label,Orders.SalesId,Orders.CrtDt"]}
[Sat, 18 Mar 17 11:14:12 +0800][DEBUG] findConditions Conditions: "(Orders.ProjectId = :projectId:) AND (Orders.CustomerNm LIKE :customerNm:) OR (Orders.Mobile LIKE :mobile:) AND (Orders.OrderStatus = :orderStatus:) AND (Orders.PayType = :payType:)"
[Sat, 18 Mar 17 11:14:12 +0800][DEBUG] findConditions toBind: {"projectId":"20170306165833754724","customerNm":"%%","mobile":"%%","orderStatus":"0","payType":"0"}
[Sat, 18 Mar 17 11:14:12 +0800][DEBUG] operatorOrderListfindConditions : {"conditions":"(Orders.ProjectId = :projectId:) AND (Orders.CustomerNm LIKE :customerNm:) OR (Orders.Mobile LIKE :mobile:) AND (Orders.OrderStatus = :orderStatus:) AND (Orders.PayType = :payType:)","bind":{"projectId":"20170306165833754724","customerNm":"%%","mobile":"%%","orderStatus":"0","payType":"0"},"columns":["Orders.Id as OrderId,Orders.OrderNo,Orders.CustomerNm,Orders.RoomId,Room.RoomNo,Role.StatusGroups,Orders.Mobile,Orders.OrderStatus,Orders.PayType,Orders.Label,Orders.SalesId,Orders.CrtDt"]}
[Sat, 18 Mar 17 11:14:12 +0800][DEBUG] operatorOrderListorder list get pages info done : 1489806852
[Sat, 18 Mar 17 11:14:16 +0800][DEBUG] generateCondition  findConditions  :{"conditions":"(Operator.DelFlg = 0)","bind":[],"columns":["Operator.Id as OperatorId","Operator.Name","Operator.Mobile","Operator.Status"]}
[Sat, 18 Mar 17 11:14:51 +0800][DEBUG] generateCondition  findConditions  :{"conditions":"(Operator.DelFlg = 0)","bind":[],"columns":["Operator.Id as OperatorId","Operator.Name","Operator.Mobile","Operator.Status"]}
[Sat, 18 Mar 17 11:14:51 +0800][DEBUG] generateCondition  findConditions  :{"conditions":"(Operator.DelFlg = 0)","bind":[],"columns":["Operator.Id as OperatorId","Operator.Name","Operator.Mobile","Operator.Status"]}
[Sat, 18 Mar 17 11:14:51 +0800][DEBUG] generateCondition  findConditions  :{"conditions":"(Operator.DelFlg = 0)","bind":[],"columns":["Operator.Id as OperatorId","Operator.Name","Operator.Mobile","Operator.Status"]}
[Sat, 18 Mar 17 11:14:52 +0800][DEBUG] generateCondition  findConditions  :{"conditions":"(Operator.DelFlg = 0)","bind":[],"columns":["Operator.Id as OperatorId","Operator.Name","Operator.Mobile","Operator.Status"]}
[Sat, 18 Mar 17 11:14:52 +0800][DEBUG] generateCondition  findConditions  :{"conditions":"(Operator.DelFlg = 0)","bind":[],"columns":["Operator.Id as OperatorId","Operator.Name","Operator.Mobile","Operator.Status"]}
[Sat, 18 Mar 17 11:14:53 +0800][DEBUG] generateCondition  findConditions  :{"conditions":"(Operator.DelFlg = 0)","bind":[],"columns":["Operator.Id as OperatorId","Operator.Name","Operator.Mobile","Operator.Status"]}
[Sat, 18 Mar 17 11:14:54 +0800][DEBUG] generateCondition  findConditions  :{"conditions":"(Operator.DelFlg = 0)","bind":[],"columns":["Operator.Id as OperatorId","Operator.Name","Operator.Mobile","Operator.Status"]}
[Sat, 18 Mar 17 11:14:55 +0800][DEBUG] generateCondition  findConditions  :{"conditions":"(Operator.DelFlg = 0)","bind":[],"columns":["Operator.Id as OperatorId","Operator.Name","Operator.Mobile","Operator.Status"]}
[Sat, 18 Mar 17 11:14:57 +0800][DEBUG] generateCondition  findConditions  :{"conditions":"(Operator.DelFlg = 0)","bind":[],"columns":["Operator.Id as OperatorId","Operator.Name","Operator.Mobile","Operator.Status"]}
[Sat, 18 Mar 17 11:15:15 +0800][DEBUG] generateCondition  findConditions  :{"conditions":"(Operator.DelFlg = 0)","bind":[],"columns":["Operator.Id as OperatorId","Operator.Name","Operator.Mobile","Operator.Status"]}
[Sat, 18 Mar 17 11:15:23 +0800][DEBUG] generateCondition  findConditions  :{"conditions":"(Operator.DelFlg = 0)","bind":[],"columns":["Operator.Id as OperatorId","Operator.Name","Operator.Mobile","Operator.Status"]}
[Sat, 18 Mar 17 11:15:47 +0800][DEBUG] generateCondition  findConditions  :{"conditions":"(Operator.DelFlg = 0)","bind":[],"columns":["Operator.Id as OperatorId","Operator.Name","Operator.Mobile","Operator.Status"]}
[Sat, 18 Mar 17 11:15:58 +0800][DEBUG] generateCondition  findConditions  :{"conditions":"(Operator.DelFlg = 0)","bind":[],"columns":["Operator.Id as OperatorId","Operator.Name","Operator.Mobile","Operator.Status"]}
[Sat, 18 Mar 17 11:16:00 +0800][DEBUG] generateCondition  findConditions  :{"conditions":"(Operator.DelFlg = 0)","bind":[],"columns":["Operator.Id as OperatorId","Operator.Name","Operator.Mobile","Operator.Status"]}
[Sat, 18 Mar 17 11:16:03 +0800][DEBUG] generateCondition  findConditions  :{"conditions":"(Operator.DelFlg = 0)","bind":[],"columns":["Operator.Id as OperatorId","Operator.Name","Operator.Mobile","Operator.Status"]}
[Sat, 18 Mar 17 11:16:06 +0800][DEBUG] generateCondition  findConditions  :{"conditions":"(Operator.DelFlg = 0)","bind":[],"columns":["Operator.Id as OperatorId","Operator.Name","Operator.Mobile","Operator.Status"]}
[Sat, 18 Mar 17 11:16:15 +0800][DEBUG] generateCondition  findConditions  :{"conditions":"(Operator.DelFlg = 0)","bind":[],"columns":["Operator.Id as OperatorId","Operator.Name","Operator.Mobile","Operator.Status"]}
[Sat, 18 Mar 17 11:17:14 +0800][DEBUG] generateCondition  findConditions  :{"conditions":"(Operator.DelFlg = 0)","bind":[],"columns":["Operator.Id as OperatorId","Operator.Name","Operator.Mobile","Operator.Status"]}
[Sat, 18 Mar 17 11:17:15 +0800][DEBUG] generateCondition  findConditions  :{"conditions":"(Operator.DelFlg = 0)","bind":[],"columns":["Operator.Id as OperatorId","Operator.Name","Operator.Mobile","Operator.Status"]}
[Sat, 18 Mar 17 11:19:52 +0800][DEBUG] generateCondition  findConditions  :{"conditions":"(Operator.DelFlg = 0)","bind":[],"columns":["Operator.Id as OperatorId","Operator.Name","Operator.Mobile","Operator.Status"]}
[Sat, 18 Mar 17 11:20:38 +0800][DEBUG] generateCondition  findConditions  :{"conditions":"(Operator.DelFlg = 0)","bind":[],"columns":["Operator.Id as OperatorId","Operator.Name","Operator.Mobile","Operator.Status"]}
[Sat, 18 Mar 17 11:20:40 +0800][DEBUG] generateCondition  findConditions  :{"conditions":"(Operator.DelFlg = 0)","bind":[],"columns":["Operator.Id as OperatorId","Operator.Name","Operator.Mobile","Operator.Status"]}
[Sat, 18 Mar 17 11:20:42 +0800][DEBUG] generateCondition  findConditions  :{"conditions":"(Operator.DelFlg = 0)","bind":[],"columns":["Operator.Id as OperatorId","Operator.Name","Operator.Mobile","Operator.Status"]}
[Sat, 18 Mar 17 11:20:44 +0800][DEBUG] generateCondition  findConditions  :{"conditions":"(Operator.DelFlg = 0)","bind":[],"columns":["Operator.Id as OperatorId","Operator.Name","Operator.Mobile","Operator.Status"]}
[Sat, 18 Mar 17 11:20:45 +0800][DEBUG] generateCondition  findConditions  :{"conditions":"(Operator.DelFlg = 0)","bind":[],"columns":["Operator.Id as OperatorId","Operator.Name","Operator.Mobile","Operator.Status"]}
[Sat, 18 Mar 17 11:20:46 +0800][DEBUG] generateCondition  findConditions  :{"conditions":"(Operator.DelFlg = 0)","bind":[],"columns":["Operator.Id as OperatorId","Operator.Name","Operator.Mobile","Operator.Status"]}
[Sat, 18 Mar 17 11:20:48 +0800][DEBUG] generateCondition  findConditions  :{"conditions":"(Operator.DelFlg = 0)","bind":[],"columns":["Operator.Id as OperatorId","Operator.Name","Operator.Mobile","Operator.Status"]}
[Sat, 18 Mar 17 11:22:02 +0800][DEBUG] generateCondition  findConditions  :{"conditions":"(Operator.DelFlg = 0) AND (Operator.Name LIKE :name:) OR (Operator.Mobile LIKE :mobile:)","bind":{"name":"%%","mobile":"%%"},"columns":["Operator.Id as OperatorId","Operator.Name","Operator.Mobile","Operator.Status"]}
[Sat, 18 Mar 17 11:25:28 +0800][DEBUG] generateCondition  findConditions  :{"conditions":"(Operator.DelFlg = 0) AND (Operator.Name LIKE :name:) OR (Operator.Mobile LIKE :mobile:)","bind":{"name":"%%","mobile":"%%"},"columns":["Operator.Id as OperatorId","Operator.Name","Operator.Mobile","Operator.Status"]}
[Sat, 18 Mar 17 11:31:40 +0800][DEBUG] generateCondition  findConditions  :{"conditions":"(Operator.DelFlg = 0) AND (Operator.Name LIKE :name:) OR (Operator.Mobile LIKE :mobile:)","bind":{"name":"%%","mobile":"%%"},"columns":["Operator.Id as OperatorId","Operator.Name","Operator.Mobile","Operator.Status"]}
[Sat, 18 Mar 17 12:16:27 +0800][DEBUG] generateCondition  findConditions  :{"conditions":"(Operator.DelFlg = 0) AND (Operator.Name LIKE :name:) OR (Operator.Mobile LIKE :mobile:)","bind":{"name":"%%","mobile":"%%"},"columns":["Operator.Id as OperatorId","Operator.Name","Operator.Mobile","Operator.Status"]}
[Sat, 18 Mar 17 12:16:32 +0800][DEBUG] generateCondition  findConditions  :{"conditions":"(Operator.DelFlg = 0) AND (Operator.Name LIKE :name:) OR (Operator.Mobile LIKE :mobile:)","bind":{"name":"%%","mobile":"%%"},"columns":["Operator.Id as OperatorId","Operator.Name","Operator.Mobile","Operator.Status"]}
[Sat, 18 Mar 17 12:16:34 +0800][DEBUG] generateCondition  findConditions  :{"conditions":"(Operator.DelFlg = 0) AND (Operator.Name LIKE :name:) OR (Operator.Mobile LIKE :mobile:)","bind":{"name":"%%","mobile":"%%"},"columns":["Operator.Id as OperatorId","Operator.Name","Operator.Mobile","Operator.Status"]}
[Sat, 18 Mar 17 12:24:04 +0800][DEBUG] generateCondition  findConditions  :{"conditions":"(Operator.DelFlg = 0)","bind":[],"columns":["Operator.Id as OperatorId","Operator.Name","Operator.Mobile","Operator.Status"]}
[Sat, 18 Mar 17 15:11:22 +0800][DEBUG] generateCondition  findConditions  :{"conditions":"(Operator.DelFlg = 0)","bind":[],"columns":["Operator.Id as OperatorId","Operator.Name","Operator.Mobile","Operator.Status"]}
[Sat, 18 Mar 17 15:11:26 +0800][DEBUG] generateCondition  findConditions  :{"conditions":"(Operator.DelFlg = 0)","bind":[],"columns":["Operator.Id as OperatorId","Operator.Name","Operator.Mobile","Operator.Status"]}
[Sat, 18 Mar 17 15:11:47 +0800][DEBUG] generateCondition  findConditions  :{"conditions":"(Operator.DelFlg = 0)","bind":[],"columns":["Operator.Id as OperatorId","Operator.Name","Operator.Mobile","Operator.Status"]}
[Sat, 18 Mar 17 15:11:52 +0800][DEBUG] generateCondition  findConditions  :{"conditions":"(Operator.DelFlg = 0)","bind":[],"columns":["Operator.Id as OperatorId","Operator.Name","Operator.Mobile","Operator.Status"]}
[Sat, 18 Mar 17 15:12:18 +0800][DEBUG] generateCondition  findConditions  :{"conditions":"(Operator.DelFlg = 0)","bind":[],"columns":["Operator.Id as OperatorId","Operator.Name","Operator.Mobile","Operator.Status"]}
[Sat, 18 Mar 17 15:12:46 +0800][DEBUG] generateCondition  findConditions  :{"conditions":"(Operator.DelFlg = 0)","bind":[],"columns":["Operator.Id as OperatorId","Operator.Name","Operator.Mobile","Operator.Status"]}
[Sat, 18 Mar 17 16:38:50 +0800][DEBUG] salesOrderListfindConditions : {"conditions":"(Orders.SalesId = :salesId:) AND (Orders.DelFlg = 0)","bind":{"salesId":"5"},"columns":["Orders.Id as OrderId,Orders.OrderNo,Orders.CustomerNm,Orders.RoomId,Room.RoomNo,Orders.Mobile,Orders.OrderStatus,\n                        Orders.PayType,Orders.Label,Orders.Release,Orders.SalesId,Orders.CrtDt"]}
[Sat, 18 Mar 17 16:38:50 +0800][DEBUG] salesOrderListorder list get pages info done : 1489826330
[Sat, 18 Mar 17 16:44:41 +0800][DEBUG] generateCondition  findConditions  :{"conditions":"(Operator.DelFlg = 0)","bind":[],"columns":["Operator.Id as OperatorId","Operator.Name","Operator.Mobile","Operator.Status"]}
[Sat, 18 Mar 17 16:44:53 +0800][DEBUG] salesOrderListfindConditions : {"conditions":"(Orders.SalesId = :salesId:) AND (Orders.DelFlg = 0)","bind":{"salesId":"5"},"columns":["Orders.Id as OrderId,Orders.OrderNo,Orders.CustomerNm,Orders.RoomId,Room.RoomNo,Orders.Mobile,Orders.OrderStatus,\n                        Orders.PayType,Orders.Label,Orders.Release,Orders.SalesId,Orders.CrtDt"]}
[Sat, 18 Mar 17 16:44:53 +0800][DEBUG] salesOrderListorder list get pages info done : 1489826693
[Sat, 18 Mar 17 16:45:30 +0800][DEBUG] salesOrderListfindConditions : {"conditions":"(Orders.SalesId = :salesId:) AND (Orders.DelFlg = 0)","bind":{"salesId":"5"},"columns":["Orders.Id as OrderId,Orders.OrderNo,Orders.CustomerNm,Orders.RoomId,Room.RoomNo,Orders.Mobile,Orders.OrderStatus,\n                        Orders.PayType,Orders.Label,Orders.Release,Orders.SalesId,Orders.CrtDt"]}
[Sat, 18 Mar 17 16:45:30 +0800][DEBUG] salesOrderListorder list get pages info done : 1489826730
[Sat, 18 Mar 17 16:45:33 +0800][DEBUG] salesOrderListfindConditions : {"conditions":"(Orders.SalesId = :salesId:) AND (Orders.DelFlg = 0)","bind":{"salesId":"5"},"columns":["Orders.Id as OrderId,Orders.OrderNo,Orders.CustomerNm,Orders.RoomId,Room.RoomNo,Orders.Mobile,Orders.OrderStatus,\n                        Orders.PayType,Orders.Label,Orders.Release,Orders.SalesId,Orders.CrtDt"]}
[Sat, 18 Mar 17 16:45:33 +0800][DEBUG] salesOrderListorder list get pages info done : 1489826733
[Sat, 18 Mar 17 16:45:40 +0800][DEBUG] salesOrderListfindConditions : {"conditions":"(Orders.SalesId = :salesId:) AND (Orders.DelFlg = 0)","bind":{"salesId":"5"},"columns":["Orders.Id as OrderId,Orders.OrderNo,Orders.CustomerNm,Orders.RoomId,Room.RoomNo,Orders.Mobile,Orders.OrderStatus,\n                        Orders.PayType,Orders.Label,Orders.Release,Orders.SalesId,Orders.CrtDt"]}
[Sat, 18 Mar 17 16:45:40 +0800][DEBUG] salesOrderListorder list get pages info done : 1489826740
[Sat, 18 Mar 17 16:50:09 +0800][DEBUG] salesOrderListfindConditions : {"conditions":"(Orders.SalesId = :salesId:) AND (Orders.DelFlg = 0)","bind":{"salesId":"5"},"columns":["Orders.Id as OrderId,Orders.OrderNo,Orders.CustomerNm,Orders.RoomId,Room.RoomNo,Orders.Mobile,Orders.OrderStatus,\n                        Orders.PayType,Orders.Label,Orders.Release,Orders.SalesId,Orders.CrtDt"]}
[Sat, 18 Mar 17 16:50:09 +0800][DEBUG] salesOrderListorder list get pages info done : 1489827009
[Sat, 18 Mar 17 16:54:36 +0800][DEBUG] salesOrderListfindConditions : {"conditions":"(Orders.SalesId = :salesId:) AND (Orders.DelFlg = 0)","bind":{"salesId":"5"},"columns":["Orders.Id as OrderId,Orders.OrderNo,Orders.CustomerNm,Orders.RoomId,Room.RoomNo,Orders.Mobile,Orders.OrderStatus,\n                        Orders.PayType,Orders.Label,Orders.Release,Orders.SalesId,Orders.CrtDt"]}
[Sat, 18 Mar 17 16:54:36 +0800][DEBUG] salesOrderListorder list get pages info done : 1489827276
[Sat, 18 Mar 17 16:55:29 +0800][DEBUG] generateCondition  findConditions  :{"conditions":"(Operator.DelFlg = 0)","bind":[],"columns":["Operator.Id as OperatorId","Operator.Name","Operator.Mobile","Operator.Status"]}
[Sat, 18 Mar 17 17:00:32 +0800][DEBUG] salesOrderListfindConditions : {"conditions":"(Orders.SalesId = :salesId:) AND (Orders.DelFlg = 0)","bind":{"salesId":"5"},"columns":["Orders.Id as OrderId,Orders.OrderNo,Orders.CustomerNm,Orders.RoomId,Room.RoomNo,Orders.Mobile,Orders.OrderStatus,\n                        Orders.PayType,Orders.Label,Orders.Release,Orders.SalesId,Orders.CrtDt"]}
[Sat, 18 Mar 17 17:00:32 +0800][DEBUG] salesOrderListorder list get pages info done : 1489827632
[Sat, 18 Mar 17 17:01:06 +0800][DEBUG] generateCondition  findConditions  :{"conditions":"(Operator.DelFlg = 0)","bind":[],"columns":["Operator.Id as OperatorId","Operator.Name","Operator.Mobile","Operator.Status"]}
[Sat, 18 Mar 17 17:01:08 +0800][DEBUG] generateCondition  findConditions  :{"conditions":"(Operator.DelFlg = 0)","bind":[],"columns":["Operator.Id as OperatorId","Operator.Name","Operator.Mobile","Operator.Status"]}
[Sat, 18 Mar 17 17:03:05 +0800][DEBUG] generateCondition  findConditions  :{"conditions":"(Operator.DelFlg = 0)","bind":[],"columns":["Operator.Id as OperatorId","Operator.Name","Operator.Mobile","Operator.Status"]}
[Sat, 18 Mar 17 17:04:25 +0800][DEBUG] salesOrderListfindConditions : {"conditions":"(Orders.SalesId = :salesId:) AND (Orders.DelFlg = 0)","bind":{"salesId":"5"},"columns":["Orders.Id as OrderId,Orders.OrderNo,Orders.CustomerNm,Orders.RoomId,Room.RoomNo,Orders.Mobile,Orders.OrderStatus,\n                        Orders.PayType,Orders.Label,Orders.Release,Orders.SalesId,Orders.CrtDt"]}
[Sat, 18 Mar 17 17:04:25 +0800][DEBUG] salesOrderListorder list get pages info done : 1489827865
[Sat, 18 Mar 17 17:04:28 +0800][DEBUG] salesOrderListfindConditions : {"conditions":"(Orders.SalesId = :salesId:) AND (Orders.DelFlg = 0)","bind":{"salesId":"5"},"columns":["Orders.Id as OrderId,Orders.OrderNo,Orders.CustomerNm,Orders.RoomId,Room.RoomNo,Orders.Mobile,Orders.OrderStatus,\n                        Orders.PayType,Orders.Label,Orders.Release,Orders.SalesId,Orders.CrtDt"]}
[Sat, 18 Mar 17 17:04:28 +0800][DEBUG] salesOrderListorder list get pages info done : 1489827868
[Sat, 18 Mar 17 17:05:09 +0800][DEBUG] generateCondition  findConditions  :{"conditions":"(Operator.DelFlg = 0)","bind":[],"columns":["Operator.Id as OperatorId","Operator.Name","Operator.Mobile","Operator.Status"]}
[Sat, 18 Mar 17 17:05:39 +0800][DEBUG] generateCondition  findConditions  :{"conditions":"(Operator.DelFlg = 0)","bind":[],"columns":["Operator.Id as OperatorId","Operator.Name","Operator.Mobile","Operator.Status"]}
[Sat, 18 Mar 17 17:06:08 +0800][DEBUG] salesOrderListfindConditions : {"conditions":"(Orders.SalesId = :salesId:) AND (Orders.DelFlg = 0)","bind":{"salesId":"5"},"columns":["Orders.Id as OrderId,Orders.OrderNo,Orders.CustomerNm,Orders.RoomId,Room.RoomNo,Orders.Mobile,Orders.OrderStatus,\n                        Orders.PayType,Orders.Label,Orders.Release,Orders.SalesId,Orders.CrtDt"]}
[Sat, 18 Mar 17 17:06:08 +0800][DEBUG] salesOrderListorder list get pages info done : 1489827968
[Sat, 18 Mar 17 17:09:52 +0800][DEBUG] salesOrderListfindConditions : {"conditions":"(Orders.SalesId = :salesId:) AND (Orders.DelFlg = 0)","bind":{"salesId":"5"},"columns":["Orders.Id as OrderId,Orders.OrderNo,Orders.CustomerNm,Orders.RoomId,Room.RoomNo,Orders.Mobile,Orders.OrderStatus,\n                        Orders.PayType,Orders.Label,Orders.Release,Orders.SalesId,Orders.CrtDt"]}
[Sat, 18 Mar 17 17:09:52 +0800][DEBUG] salesOrderListorder list get pages info done : 1489828192
[Sat, 18 Mar 17 17:11:04 +0800][DEBUG] salesOrderListfindConditions : {"conditions":"(Orders.SalesId = :salesId:) AND (Orders.DelFlg = 0)","bind":{"salesId":"5"},"columns":["Orders.Id as OrderId,Orders.OrderNo,Orders.CustomerNm,Orders.RoomId,Room.RoomNo,Orders.Mobile,Orders.OrderStatus,\n                        Orders.PayType,Orders.Label,Orders.Release,Orders.SalesId,Orders.CrtDt"]}
[Sat, 18 Mar 17 17:11:04 +0800][DEBUG] salesOrderListorder list get pages info done : 1489828264
[Sat, 18 Mar 17 17:11:20 +0800][DEBUG] salesOrderListfindConditions : {"conditions":"(Orders.SalesId = :salesId:) AND (Orders.DelFlg = 0)","bind":{"salesId":"5"},"columns":["Orders.Id as OrderId,Orders.OrderNo,Orders.CustomerNm,Orders.RoomId,Room.RoomNo,Orders.Mobile,Orders.OrderStatus,\n                        Orders.PayType,Orders.Label,Orders.Release,Orders.SalesId,Orders.CrtDt"]}
[Sat, 18 Mar 17 17:11:20 +0800][DEBUG] salesOrderListorder list get pages info done : 1489828280
[Sat, 18 Mar 17 17:13:59 +0800][DEBUG] salesOrderListfindConditions : {"conditions":"(Orders.SalesId = :salesId:) AND (Orders.DelFlg = 0)","bind":{"salesId":"5"},"columns":["Orders.Id as OrderId,Orders.OrderNo,Orders.CustomerNm,Orders.RoomId,Room.RoomNo,Orders.Mobile,Orders.OrderStatus,\n                        Orders.PayType,Orders.Label,Orders.Release,Orders.SalesId,Orders.CrtDt"]}
[Sat, 18 Mar 17 17:13:59 +0800][DEBUG] salesOrderListorder list get pages info done : 1489828439
[Sat, 18 Mar 17 17:14:12 +0800][DEBUG] salesOrderListfindConditions : {"conditions":"(Orders.SalesId = :salesId:) AND (Orders.DelFlg = 0)","bind":{"salesId":"5"},"columns":["Orders.Id as OrderId,Orders.OrderNo,Orders.CustomerNm,Orders.RoomId,Room.RoomNo,Orders.Mobile,Orders.OrderStatus,\n                        Orders.PayType,Orders.Label,Orders.Release,Orders.SalesId,Orders.CrtDt"]}
[Sat, 18 Mar 17 17:14:12 +0800][DEBUG] salesOrderListorder list get pages info done : 1489828452
[Sat, 18 Mar 17 17:15:03 +0800][DEBUG] salesOrderListfindConditions : {"conditions":"(Orders.SalesId = :salesId:) AND (Orders.DelFlg = 0)","bind":{"salesId":"5"},"columns":["Orders.Id as OrderId,Orders.OrderNo,Orders.CustomerNm,Orders.RoomId,Room.RoomNo,Orders.Mobile,Orders.OrderStatus,\n                        Orders.PayType,Orders.Label,Orders.Release,Orders.SalesId,Orders.CrtDt"]}
[Sat, 18 Mar 17 17:15:03 +0800][DEBUG] salesOrderListorder list get pages info done : 1489828503
[Sat, 18 Mar 17 17:15:52 +0800][DEBUG] salesOrderListfindConditions : {"conditions":"(Orders.SalesId = :salesId:) AND (Orders.DelFlg = 0)","bind":{"salesId":"5"},"columns":["Orders.Id as OrderId,Orders.OrderNo,Orders.CustomerNm,Orders.RoomId,Room.RoomNo,Orders.Mobile,Orders.OrderStatus,\n                        Orders.PayType,Orders.Label,Orders.Release,Orders.SalesId,Orders.CrtDt"]}
[Sat, 18 Mar 17 17:15:52 +0800][DEBUG] salesOrderListorder list get pages info done : 1489828552
[Sat, 18 Mar 17 17:19:14 +0800][DEBUG] salesOrderListfindConditions : {"conditions":"(Orders.SalesId = :salesId:) AND (Orders.DelFlg = 0)","bind":{"salesId":"5"},"columns":["Orders.Id as OrderId,Orders.OrderNo,Orders.CustomerNm,Orders.RoomId,Room.RoomNo,Orders.Mobile,Orders.OrderStatus,\n                        Orders.PayType,Orders.Label,Orders.Release,Orders.SalesId,Orders.CrtDt"]}
[Sat, 18 Mar 17 17:19:14 +0800][DEBUG] salesOrderListorder list get pages info done : 1489828754
[Sat, 18 Mar 17 17:19:18 +0800][DEBUG] salesOrderListfindConditions : {"conditions":"(Orders.SalesId = :salesId:) AND (Orders.DelFlg = 0)","bind":{"salesId":"5"},"columns":["Orders.Id as OrderId,Orders.OrderNo,Orders.CustomerNm,Orders.RoomId,Room.RoomNo,Orders.Mobile,Orders.OrderStatus,\n                        Orders.PayType,Orders.Label,Orders.Release,Orders.SalesId,Orders.CrtDt"]}
[Sat, 18 Mar 17 17:19:18 +0800][DEBUG] salesOrderListorder list get pages info done : 1489828758
[Sat, 18 Mar 17 17:20:09 +0800][DEBUG] salesOrderListfindConditions : {"conditions":"(Orders.SalesId = :salesId:) AND (Orders.DelFlg = 0)","bind":{"salesId":"5"},"columns":["Orders.Id as OrderId,Orders.OrderNo,Orders.CustomerNm,Orders.RoomId,Room.RoomNo,Orders.Mobile,Orders.OrderStatus,\n                        Orders.PayType,Orders.Label,Orders.Release,Orders.SalesId,Orders.CrtDt"]}
[Sat, 18 Mar 17 17:20:09 +0800][DEBUG] salesOrderListorder list get pages info done : 1489828809
[Sat, 18 Mar 17 17:20:47 +0800][DEBUG] salesOrderListfindConditions : {"conditions":"(Orders.SalesId = :salesId:) AND (Orders.DelFlg = 0)","bind":{"salesId":"5"},"columns":["Orders.Id as OrderId,Orders.OrderNo,Orders.CustomerNm,Orders.RoomId,Room.RoomNo,Orders.Mobile,Orders.OrderStatus,\n                        Orders.PayType,Orders.Label,Orders.Release,Orders.SalesId,Orders.CrtDt"]}
[Sat, 18 Mar 17 17:20:47 +0800][DEBUG] salesOrderListorder list get pages info done : 1489828847
[Sat, 18 Mar 17 17:21:08 +0800][DEBUG] salesOrderListfindConditions : {"conditions":"(Orders.SalesId = :salesId:) AND (Orders.DelFlg = 0)","bind":{"salesId":"5"},"columns":["Orders.Id as OrderId,Orders.OrderNo,Orders.CustomerNm,Orders.RoomId,Room.RoomNo,Orders.Mobile,Orders.OrderStatus,\n                        Orders.PayType,Orders.Label,Orders.Release,Orders.SalesId,Orders.CrtDt"]}
[Sat, 18 Mar 17 17:21:08 +0800][DEBUG] salesOrderListorder list get pages info done : 1489828868
[Sat, 18 Mar 17 17:21:33 +0800][DEBUG] salesOrderListfindConditions : {"conditions":"(Orders.SalesId = :salesId:) AND (Orders.DelFlg = 0)","bind":{"salesId":"5"},"columns":["Orders.Id as OrderId,Orders.OrderNo,Orders.CustomerNm,Orders.RoomId,Room.RoomNo,Orders.Mobile,Orders.OrderStatus,\n                        Orders.PayType,Orders.Label,Orders.Release,Orders.SalesId,Orders.CrtDt"]}
[Sat, 18 Mar 17 17:21:33 +0800][DEBUG] salesOrderListorder list get pages info done : 1489828893
[Sat, 18 Mar 17 17:21:38 +0800][DEBUG] salesOrderListfindConditions : {"conditions":"(Orders.SalesId = :salesId:) AND (Orders.DelFlg = 0)","bind":{"salesId":"5"},"columns":["Orders.Id as OrderId,Orders.OrderNo,Orders.CustomerNm,Orders.RoomId,Room.RoomNo,Orders.Mobile,Orders.OrderStatus,\n                        Orders.PayType,Orders.Label,Orders.Release,Orders.SalesId,Orders.CrtDt"]}
[Sat, 18 Mar 17 17:21:38 +0800][DEBUG] salesOrderListorder list get pages info done : 1489828898
[Sat, 18 Mar 17 17:21:44 +0800][DEBUG] salesOrderListfindConditions : {"conditions":"(Orders.SalesId = :salesId:) AND (Orders.DelFlg = 0)","bind":{"salesId":"5"},"columns":["Orders.Id as OrderId,Orders.OrderNo,Orders.CustomerNm,Orders.RoomId,Room.RoomNo,Orders.Mobile,Orders.OrderStatus,\n                        Orders.PayType,Orders.Label,Orders.Release,Orders.SalesId,Orders.CrtDt"]}
[Sat, 18 Mar 17 17:21:44 +0800][DEBUG] salesOrderListorder list get pages info done : 1489828904
[Sat, 18 Mar 17 17:21:52 +0800][DEBUG] salesOrderListfindConditions : {"conditions":"(Orders.SalesId = :salesId:) AND (Orders.DelFlg = 0)","bind":{"salesId":"5"},"columns":["Orders.Id as OrderId,Orders.OrderNo,Orders.CustomerNm,Orders.RoomId,Room.RoomNo,Orders.Mobile,Orders.OrderStatus,\n                        Orders.PayType,Orders.Label,Orders.Release,Orders.SalesId,Orders.CrtDt"]}
[Sat, 18 Mar 17 17:21:52 +0800][DEBUG] salesOrderListorder list get pages info done : 1489828912
[Sat, 18 Mar 17 17:22:01 +0800][DEBUG] salesOrderListfindConditions : {"conditions":"(Orders.SalesId = :salesId:) AND (Orders.DelFlg = 0)","bind":{"salesId":"5"},"columns":["Orders.Id as OrderId,Orders.OrderNo,Orders.CustomerNm,Orders.RoomId,Room.RoomNo,Orders.Mobile,Orders.OrderStatus,\n                        Orders.PayType,Orders.Label,Orders.Release,Orders.SalesId,Orders.CrtDt"]}
[Sat, 18 Mar 17 17:22:01 +0800][DEBUG] salesOrderListorder list get pages info done : 1489828921
[Sat, 18 Mar 17 17:22:04 +0800][DEBUG] salesOrderListfindConditions : {"conditions":"(Orders.SalesId = :salesId:) AND (Orders.DelFlg = 0)","bind":{"salesId":"5"},"columns":["Orders.Id as OrderId,Orders.OrderNo,Orders.CustomerNm,Orders.RoomId,Room.RoomNo,Orders.Mobile,Orders.OrderStatus,\n                        Orders.PayType,Orders.Label,Orders.Release,Orders.SalesId,Orders.CrtDt"]}
[Sat, 18 Mar 17 17:22:04 +0800][DEBUG] salesOrderListorder list get pages info done : 1489828924
[Sat, 18 Mar 17 17:22:17 +0800][DEBUG] salesOrderListfindConditions : {"conditions":"(Orders.SalesId = :salesId:) AND (Orders.DelFlg = 0)","bind":{"salesId":"5"},"columns":["Orders.Id as OrderId,Orders.OrderNo,Orders.CustomerNm,Orders.RoomId,Room.RoomNo,Orders.Mobile,Orders.OrderStatus,\n                        Orders.PayType,Orders.Label,Orders.Release,Orders.SalesId,Orders.CrtDt"]}
[Sat, 18 Mar 17 17:22:17 +0800][DEBUG] salesOrderListorder list get pages info done : 1489828937
[Sat, 18 Mar 17 17:25:56 +0800][DEBUG] salesOrderListfindConditions : {"conditions":"(Orders.SalesId = :salesId:) AND (Orders.DelFlg = 0)","bind":{"salesId":"5"},"columns":["Orders.Id as OrderId,Orders.OrderNo,Orders.CustomerNm,Orders.RoomId,Room.RoomNo,Orders.Mobile,Orders.OrderStatus,\n                        Orders.PayType,Orders.Label,Orders.Release,Orders.SalesId,Orders.CrtDt"]}
[Sat, 18 Mar 17 17:25:56 +0800][DEBUG] salesOrderListorder list get pages info done : 1489829156
[Sat, 18 Mar 17 17:26:10 +0800][DEBUG] salesOrderListfindConditions : {"conditions":"(Orders.SalesId = :salesId:) AND (Orders.DelFlg = 0)","bind":{"salesId":"5"},"columns":["Orders.Id as OrderId,Orders.OrderNo,Orders.CustomerNm,Orders.RoomId,Room.RoomNo,Orders.Mobile,Orders.OrderStatus,\n                        Orders.PayType,Orders.Label,Orders.Release,Orders.SalesId,Orders.CrtDt"]}
[Sat, 18 Mar 17 17:26:10 +0800][DEBUG] salesOrderListorder list get pages info done : 1489829170
[Sat, 18 Mar 17 17:40:13 +0800][DEBUG] generateCondition  findConditions  :{"conditions":"(Operator.DelFlg = 0)","bind":[],"columns":["Operator.Id as OperatorId","Operator.Name","Operator.Mobile","Operator.Status"]}
[Sat, 18 Mar 17 17:40:14 +0800][DEBUG] generateCondition  findConditions  :{"conditions":"(Operator.DelFlg = 0)","bind":[],"columns":["Operator.Id as OperatorId","Operator.Name","Operator.Mobile","Operator.Status"]}
[Sat, 18 Mar 17 17:41:58 +0800][DEBUG] salesOrderListfindConditions : {"conditions":"(Orders.SalesId = :salesId:) AND (Orders.DelFlg = 0)","bind":{"salesId":"5"},"columns":["Orders.Id as OrderId,Orders.OrderNo,Orders.CustomerNm,Orders.RoomId,Room.RoomNo,Orders.Mobile,Orders.OrderStatus,\n                        Orders.PayType,Orders.Label,Orders.Release,Orders.SalesId,Orders.CrtDt"]}
[Sat, 18 Mar 17 17:41:58 +0800][DEBUG] salesOrderListorder list get pages info done : 1489830118
[Sat, 18 Mar 17 17:42:30 +0800][DEBUG] salesOrderListfindConditions : {"conditions":"(Orders.SalesId = :salesId:) AND (Orders.DelFlg = 0)","bind":{"salesId":"5"},"columns":["Orders.Id as OrderId,Orders.OrderNo,Orders.CustomerNm,Orders.RoomId,Room.RoomNo,Orders.Mobile,Orders.OrderStatus,\n                        Orders.PayType,Orders.Label,Orders.Release,Orders.SalesId,Orders.CrtDt"]}
[Sat, 18 Mar 17 17:42:30 +0800][DEBUG] salesOrderListorder list get pages info done : 1489830150
