[Sun, 26 Mar 17 00:07:17 +0800][DEBUG] generateCondition  findConditions  :{"conditions":"(Operator.DelFlg = 0)","bind":[],"columns":["Operator.Id as OperatorId","Operator.Name","Operator.Mobile","Operator.Status"]}
[Sun, 26 Mar 17 00:09:26 +0800][DEBUG] generateCondition  findConditions  :{"conditions":"(Operator.DelFlg = 0)","bind":[],"columns":["Operator.Id as OperatorId","Operator.Name","Operator.Mobile","Operator.Status"]}
[Sun, 26 Mar 17 00:10:07 +0800][DEBUG] generateCondition  findConditions  :{"conditions":"(Operator.DelFlg = 0)","bind":[],"columns":["Operator.Id as OperatorId","Operator.Name","Operator.Mobile","Operator.Status"]}
[Sun, 26 Mar 17 00:51:56 +0800][DEBUG] generateCondition  findConditions  :{"conditions":"(Operator.DelFlg = 0)","bind":[],"columns":["Operator.Id as OperatorId","Operator.Name","Operator.Mobile","Operator.Status"]}
[Sun, 26 Mar 17 10:58:43 +0800][DEBUG] generateCondition  findConditions  :{"conditions":"(Operator.DelFlg = 0)","bind":[],"columns":["Operator.Id as OperatorId","Operator.Name","Operator.Mobile","Operator.Status"]}
[Sun, 26 Mar 17 12:05:19 +0800][DEBUG] generateUserAndProjectToken项目编码错误\n
[Sun, 26 Mar 17 12:05:19 +0800][DEBUG] generateUserAndProjectToken项目编码错误\n
[Sun, 26 Mar 17 12:05:29 +0800][DEBUG] findConditions Conditions: "(Orders.SalesId = :salesId:) AND (Orders.DelFlg = 0)"
[Sun, 26 Mar 17 12:05:29 +0800][DEBUG] findConditions toBind: {"salesId":"1"}
[Sun, 26 Mar 17 12:05:29 +0800][DEBUG] salesOrderListfindConditions : {"conditions":"(Orders.SalesId = :salesId:) AND (Orders.DelFlg = 0)","bind":{"salesId":"1"},"columns":["Orders.Id as OrderId,Orders.OrderNo,Orders.CustomerNm,Orders.RoomId,Room.RoomNo,Orders.Mobile,Orders.OrderStatus,\n                        Orders.PayType,Orders.Label,Orders.Release,Orders.SalesId,Orders.UptDt"]}
[Sun, 26 Mar 17 12:05:29 +0800][DEBUG] salesOrderListorder list get pages info done : 1490501129
[Sun, 26 Mar 17 12:05:37 +0800][DEBUG] findConditions Conditions: "(Orders.SalesId = :salesId:) AND (Orders.DelFlg = 0)"
[Sun, 26 Mar 17 12:05:37 +0800][DEBUG] findConditions toBind: {"salesId":"1"}
[Sun, 26 Mar 17 12:05:37 +0800][DEBUG] salesOrderListfindConditions : {"conditions":"(Orders.SalesId = :salesId:) AND (Orders.DelFlg = 0)","bind":{"salesId":"1"},"columns":["Orders.Id as OrderId,Orders.OrderNo,Orders.CustomerNm,Orders.RoomId,Room.RoomNo,Orders.Mobile,Orders.OrderStatus,\n                        Orders.PayType,Orders.Label,Orders.Release,Orders.SalesId,Orders.UptDt"]}
[Sun, 26 Mar 17 12:05:42 +0800][DEBUG] findConditions Conditions: "(Orders.SalesId = :salesId:) AND (Orders.DelFlg = 0)"
[Sun, 26 Mar 17 12:05:42 +0800][DEBUG] findConditions toBind: {"salesId":"1"}
[Sun, 26 Mar 17 12:05:42 +0800][DEBUG] salesOrderListfindConditions : {"conditions":"(Orders.SalesId = :salesId:) AND (Orders.DelFlg = 0)","bind":{"salesId":"1"},"columns":["Orders.Id as OrderId,Orders.OrderNo,Orders.CustomerNm,Orders.RoomId,Room.RoomNo,Orders.Mobile,Orders.OrderStatus,\n                        Orders.PayType,Orders.Label,Orders.Release,Orders.SalesId,Orders.UptDt"]}
[Sun, 26 Mar 17 12:05:43 +0800][DEBUG] findConditions Conditions: "(Orders.SalesId = :salesId:) AND (Orders.DelFlg = 0)"
[Sun, 26 Mar 17 12:05:43 +0800][DEBUG] findConditions toBind: {"salesId":"1"}
[Sun, 26 Mar 17 12:05:43 +0800][DEBUG] salesOrderListfindConditions : {"conditions":"(Orders.SalesId = :salesId:) AND (Orders.DelFlg = 0)","bind":{"salesId":"1"},"columns":["Orders.Id as OrderId,Orders.OrderNo,Orders.CustomerNm,Orders.RoomId,Room.RoomNo,Orders.Mobile,Orders.OrderStatus,\n                        Orders.PayType,Orders.Label,Orders.Release,Orders.SalesId,Orders.UptDt"]}
[Sun, 26 Mar 17 12:19:08 +0800][DEBUG] findConditions Conditions: "(Orders.SalesId = :salesId:) AND (Orders.DelFlg = 0)"
[Sun, 26 Mar 17 12:19:08 +0800][DEBUG] findConditions toBind: {"salesId":"1"}
[Sun, 26 Mar 17 12:19:08 +0800][DEBUG] salesOrderListfindConditions : {"conditions":"(Orders.SalesId = :salesId:) AND (Orders.DelFlg = 0)","bind":{"salesId":"1"},"columns":["Orders.Id as OrderId,Orders.OrderNo,Orders.CustomerNm,Orders.RoomId,Room.RoomNo,Orders.Mobile,Orders.OrderStatus,\n                        Orders.PayType,Orders.Label,Orders.Release,Orders.SalesId,Orders.UptDt"]}
[Sun, 26 Mar 17 12:19:08 +0800][DEBUG] salesOrderListorder list get pages info done : 1490501948
[Sun, 26 Mar 17 12:23:06 +0800][DEBUG] findConditions Conditions: "(Orders.SalesId = :salesId:) AND (Orders.DelFlg = 0)"
[Sun, 26 Mar 17 12:23:06 +0800][DEBUG] findConditions toBind: {"salesId":"1"}
[Sun, 26 Mar 17 12:23:06 +0800][DEBUG] salesOrderListfindConditions : {"conditions":"(Orders.SalesId = :salesId:) AND (Orders.DelFlg = 0)","bind":{"salesId":"1"},"columns":["Orders.Id as OrderId,Orders.OrderNo,Orders.CustomerNm,Orders.RoomId,Room.RoomNo,Orders.Mobile,Orders.OrderStatus,\n                        Orders.PayType,Orders.Label,Orders.Release,Orders.SalesId,Orders.UptDt"]}
[Sun, 26 Mar 17 12:23:06 +0800][DEBUG] salesOrderListorder list get pages info done : 1490502186
[Sun, 26 Mar 17 12:24:55 +0800][DEBUG] findConditions Conditions: "(Orders.SalesId = :salesId:) AND (Orders.DelFlg = 0)"
[Sun, 26 Mar 17 12:24:55 +0800][DEBUG] findConditions toBind: {"salesId":"1"}
[Sun, 26 Mar 17 12:24:55 +0800][DEBUG] salesOrderListfindConditions : {"conditions":"(Orders.SalesId = :salesId:) AND (Orders.DelFlg = 0)","bind":{"salesId":"1"},"columns":["Orders.Id as OrderId,Orders.OrderNo,Orders.CustomerNm,Orders.RoomId,Room.RoomNo,Orders.Mobile,Orders.OrderStatus,\n                        Orders.PayType,Orders.Label,Orders.Release,Orders.SalesId,Orders.UptDt"]}
[Sun, 26 Mar 17 12:24:55 +0800][DEBUG] salesOrderListorder list get pages info done : 1490502295
[Sun, 26 Mar 17 12:24:56 +0800][DEBUG] findConditions Conditions: "(Orders.SalesId = :salesId:) AND (Orders.DelFlg = 0)"
[Sun, 26 Mar 17 12:24:56 +0800][DEBUG] findConditions toBind: {"salesId":"1"}
[Sun, 26 Mar 17 12:24:56 +0800][DEBUG] salesOrderListfindConditions : {"conditions":"(Orders.SalesId = :salesId:) AND (Orders.DelFlg = 0)","bind":{"salesId":"1"},"columns":["Orders.Id as OrderId,Orders.OrderNo,Orders.CustomerNm,Orders.RoomId,Room.RoomNo,Orders.Mobile,Orders.OrderStatus,\n                        Orders.PayType,Orders.Label,Orders.Release,Orders.SalesId,Orders.UptDt"]}
[Sun, 26 Mar 17 12:24:56 +0800][DEBUG] salesOrderListorder list get pages info done : 1490502296
[Sun, 26 Mar 17 12:25:15 +0800][DEBUG] findConditions Conditions: "(Orders.SalesId = :salesId:) AND (Orders.DelFlg = 0)"
[Sun, 26 Mar 17 12:25:15 +0800][DEBUG] findConditions toBind: {"salesId":"1"}
[Sun, 26 Mar 17 12:25:15 +0800][DEBUG] salesOrderListfindConditions : {"conditions":"(Orders.SalesId = :salesId:) AND (Orders.DelFlg = 0)","bind":{"salesId":"1"},"columns":["Orders.Id as OrderId,Orders.OrderNo,Orders.CustomerNm,Orders.RoomId,Room.RoomNo,Orders.Mobile,Orders.OrderStatus,\n                        Orders.PayType,Orders.Label,Orders.Release,Orders.SalesId,Orders.UptDt"]}
[Sun, 26 Mar 17 12:26:59 +0800][DEBUG] findConditions Conditions: "(Orders.SalesId = :salesId:) AND (Orders.DelFlg = 0)"
[Sun, 26 Mar 17 12:26:59 +0800][DEBUG] findConditions toBind: {"salesId":"1"}
[Sun, 26 Mar 17 12:26:59 +0800][DEBUG] salesOrderListfindConditions : {"conditions":"(Orders.SalesId = :salesId:) AND (Orders.DelFlg = 0)","bind":{"salesId":"1"},"columns":["Orders.Id as OrderId,Orders.OrderNo,Orders.CustomerNm,Orders.RoomId,Room.RoomNo,Orders.Mobile,Orders.OrderStatus,\n                        Orders.PayType,Orders.Label,Orders.Release,Orders.SalesId,Orders.UptDt"]}
[Sun, 26 Mar 17 12:26:59 +0800][DEBUG] salesOrderListorder list get pages info done : 1490502419
[Sun, 26 Mar 17 12:27:12 +0800][DEBUG] findConditions Conditions: "(Orders.SalesId = :salesId:) AND (Orders.DelFlg = 0)"
[Sun, 26 Mar 17 12:27:12 +0800][DEBUG] findConditions toBind: {"salesId":"1"}
[Sun, 26 Mar 17 12:27:12 +0800][DEBUG] salesOrderListfindConditions : {"conditions":"(Orders.SalesId = :salesId:) AND (Orders.DelFlg = 0)","bind":{"salesId":"1"},"columns":["Orders.Id as OrderId,Orders.OrderNo,Orders.CustomerNm,Orders.RoomId,Room.RoomNo,Orders.Mobile,Orders.OrderStatus,\n                        Orders.PayType,Orders.Label,Orders.Release,Orders.SalesId,Orders.UptDt"]}
[Sun, 26 Mar 17 12:27:54 +0800][DEBUG] findConditions Conditions: "(Orders.SalesId = :salesId:) AND (Orders.DelFlg = 0)"
[Sun, 26 Mar 17 12:27:54 +0800][DEBUG] findConditions toBind: {"salesId":"1"}
[Sun, 26 Mar 17 12:27:54 +0800][DEBUG] salesOrderListfindConditions : {"conditions":"(Orders.SalesId = :salesId:) AND (Orders.DelFlg = 0)","bind":{"salesId":"1"},"columns":["Orders.Id as OrderId,Orders.OrderNo,Orders.CustomerNm,Orders.RoomId,Room.RoomNo,Orders.Mobile,Orders.OrderStatus,\n                        Orders.PayType,Orders.Label,Orders.Release,Orders.SalesId,Orders.UptDt"]}
[Sun, 26 Mar 17 12:27:54 +0800][DEBUG] salesOrderListorder list get pages info done : 1490502474
[Sun, 26 Mar 17 12:27:57 +0800][DEBUG] findConditions Conditions: "(Orders.SalesId = :salesId:) AND (Orders.DelFlg = 0)"
[Sun, 26 Mar 17 12:27:57 +0800][DEBUG] findConditions toBind: {"salesId":"1"}
[Sun, 26 Mar 17 12:27:57 +0800][DEBUG] salesOrderListfindConditions : {"conditions":"(Orders.SalesId = :salesId:) AND (Orders.DelFlg = 0)","bind":{"salesId":"1"},"columns":["Orders.Id as OrderId,Orders.OrderNo,Orders.CustomerNm,Orders.RoomId,Room.RoomNo,Orders.Mobile,Orders.OrderStatus,\n                        Orders.PayType,Orders.Label,Orders.Release,Orders.SalesId,Orders.UptDt"]}
[Sun, 26 Mar 17 12:27:57 +0800][DEBUG] salesOrderListorder list get pages info done : 1490502477
[Sun, 26 Mar 17 12:28:03 +0800][DEBUG] findConditions Conditions: "(Orders.SalesId = :salesId:) AND (Orders.DelFlg = 0)"
[Sun, 26 Mar 17 12:28:03 +0800][DEBUG] findConditions toBind: {"salesId":"1"}
[Sun, 26 Mar 17 12:28:03 +0800][DEBUG] salesOrderListfindConditions : {"conditions":"(Orders.SalesId = :salesId:) AND (Orders.DelFlg = 0)","bind":{"salesId":"1"},"columns":["Orders.Id as OrderId,Orders.OrderNo,Orders.CustomerNm,Orders.RoomId,Room.RoomNo,Orders.Mobile,Orders.OrderStatus,\n                        Orders.PayType,Orders.Label,Orders.Release,Orders.SalesId,Orders.UptDt"]}
[Sun, 26 Mar 17 12:28:03 +0800][DEBUG] salesOrderListorder list get pages info done : 1490502483
[Sun, 26 Mar 17 12:28:27 +0800][DEBUG] findConditions Conditions: "(Orders.SalesId = :salesId:) AND (Orders.DelFlg = 0)"
[Sun, 26 Mar 17 12:28:27 +0800][DEBUG] findConditions toBind: {"salesId":"1"}
[Sun, 26 Mar 17 12:28:27 +0800][DEBUG] salesOrderListfindConditions : {"conditions":"(Orders.SalesId = :salesId:) AND (Orders.DelFlg = 0)","bind":{"salesId":"1"},"columns":["Orders.Id as OrderId,Orders.OrderNo,Orders.CustomerNm,Orders.RoomId,Room.RoomNo,Orders.Mobile,Orders.OrderStatus,\n                        Orders.PayType,Orders.Label,Orders.Release,Orders.SalesId,Orders.UptDt"]}
[Sun, 26 Mar 17 12:28:29 +0800][DEBUG] findConditions Conditions: "(Orders.SalesId = :salesId:) AND (Orders.DelFlg = 0)"
[Sun, 26 Mar 17 12:28:29 +0800][DEBUG] findConditions toBind: {"salesId":"1"}
[Sun, 26 Mar 17 12:28:29 +0800][DEBUG] salesOrderListfindConditions : {"conditions":"(Orders.SalesId = :salesId:) AND (Orders.DelFlg = 0)","bind":{"salesId":"1"},"columns":["Orders.Id as OrderId,Orders.OrderNo,Orders.CustomerNm,Orders.RoomId,Room.RoomNo,Orders.Mobile,Orders.OrderStatus,\n                        Orders.PayType,Orders.Label,Orders.Release,Orders.SalesId,Orders.UptDt"]}
[Sun, 26 Mar 17 12:54:13 +0800][DEBUG] findConditions Conditions: "(Orders.SalesId = :salesId:) AND (Orders.DelFlg = 0)"
[Sun, 26 Mar 17 12:54:13 +0800][DEBUG] findConditions toBind: {"salesId":"1"}
[Sun, 26 Mar 17 12:54:13 +0800][DEBUG] salesOrderListfindConditions : {"conditions":"(Orders.SalesId = :salesId:) AND (Orders.DelFlg = 0)","bind":{"salesId":"1"},"columns":["Orders.Id as OrderId,Orders.OrderNo,Orders.CustomerNm,Orders.RoomId,Room.RoomNo,Orders.Mobile,Orders.OrderStatus,\n                        Orders.PayType,Orders.Label,Orders.Release,Orders.SalesId,Orders.UptDt"]}
[Sun, 26 Mar 17 12:54:13 +0800][DEBUG] salesOrderListorder list get pages info done : 1490504053
[Sun, 26 Mar 17 12:58:56 +0800][DEBUG] findConditions Conditions: "(Orders.SalesId = :salesId:) AND (Orders.DelFlg = 0)"
[Sun, 26 Mar 17 12:58:56 +0800][DEBUG] findConditions toBind: {"salesId":"1"}
[Sun, 26 Mar 17 12:58:56 +0800][DEBUG] salesOrderListfindConditions : {"conditions":"(Orders.SalesId = :salesId:) AND (Orders.DelFlg = 0)","bind":{"salesId":"1"},"columns":["Orders.Id as OrderId,Orders.OrderNo,Orders.CustomerNm,Orders.RoomId,Room.RoomNo,Orders.Mobile,Orders.OrderStatus,\n                        Orders.PayType,Orders.Label,Orders.Release,Orders.SalesId,Orders.UptDt"]}
[Sun, 26 Mar 17 12:58:56 +0800][DEBUG] salesOrderListorder list get pages info done : 1490504336
[Sun, 26 Mar 17 13:04:47 +0800][DEBUG] findConditions Conditions: "(Orders.SalesId = :salesId:) AND (Orders.DelFlg = 0)"
[Sun, 26 Mar 17 13:04:47 +0800][DEBUG] findConditions toBind: {"salesId":"1"}
[Sun, 26 Mar 17 13:04:47 +0800][DEBUG] salesOrderListfindConditions : {"conditions":"(Orders.SalesId = :salesId:) AND (Orders.DelFlg = 0)","bind":{"salesId":"1"},"columns":["Orders.Id as OrderId,Orders.OrderNo,Orders.CustomerNm,Orders.RoomId,Room.RoomNo,Orders.Mobile,Orders.OrderStatus,\n                        Orders.PayType,Orders.Label,Orders.Release,Orders.SalesId,Orders.UptDt"]}
[Sun, 26 Mar 17 13:04:47 +0800][DEBUG] salesOrderListorder list get pages info done : 1490504687
[Sun, 26 Mar 17 13:08:53 +0800][DEBUG] findConditions Conditions: "(Orders.SalesId = :salesId:) AND (Orders.DelFlg = 0)"
[Sun, 26 Mar 17 13:08:53 +0800][DEBUG] findConditions toBind: {"salesId":"1"}
[Sun, 26 Mar 17 13:08:53 +0800][DEBUG] salesOrderListfindConditions : {"conditions":"(Orders.SalesId = :salesId:) AND (Orders.DelFlg = 0)","bind":{"salesId":"1"},"columns":["Orders.Id as OrderId,Orders.OrderNo,Orders.CustomerNm,Orders.RoomId,Room.RoomNo,Orders.Mobile,Orders.OrderStatus,\n                        Orders.PayType,Orders.Label,Orders.Release,Orders.SalesId,Orders.UptDt"]}
[Sun, 26 Mar 17 13:08:53 +0800][DEBUG] salesOrderListorder list get pages info done : 1490504933
[Sun, 26 Mar 17 13:08:58 +0800][DEBUG] findConditions Conditions: "(Orders.SalesId = :salesId:) AND (Orders.DelFlg = 0)"
[Sun, 26 Mar 17 13:08:58 +0800][DEBUG] findConditions toBind: {"salesId":"1"}
[Sun, 26 Mar 17 13:08:58 +0800][DEBUG] salesOrderListfindConditions : {"conditions":"(Orders.SalesId = :salesId:) AND (Orders.DelFlg = 0)","bind":{"salesId":"1"},"columns":["Orders.Id as OrderId,Orders.OrderNo,Orders.CustomerNm,Orders.RoomId,Room.RoomNo,Orders.Mobile,Orders.OrderStatus,\n                        Orders.PayType,Orders.Label,Orders.Release,Orders.SalesId,Orders.UptDt"]}
[Sun, 26 Mar 17 13:08:58 +0800][DEBUG] salesOrderListorder list get pages info done : 1490504938
[Sun, 26 Mar 17 13:09:07 +0800][DEBUG] findConditions Conditions: "(Orders.SalesId = :salesId:) AND (Orders.DelFlg = 0)"
[Sun, 26 Mar 17 13:09:07 +0800][DEBUG] findConditions toBind: {"salesId":"1"}
[Sun, 26 Mar 17 13:09:07 +0800][DEBUG] salesOrderListfindConditions : {"conditions":"(Orders.SalesId = :salesId:) AND (Orders.DelFlg = 0)","bind":{"salesId":"1"},"columns":["Orders.Id as OrderId,Orders.OrderNo,Orders.CustomerNm,Orders.RoomId,Room.RoomNo,Orders.Mobile,Orders.OrderStatus,\n                        Orders.PayType,Orders.Label,Orders.Release,Orders.SalesId,Orders.UptDt"]}
[Sun, 26 Mar 17 13:09:55 +0800][DEBUG] findConditions Conditions: "(Orders.SalesId = :salesId:) AND (Orders.DelFlg = 0)"
[Sun, 26 Mar 17 13:09:55 +0800][DEBUG] findConditions toBind: {"salesId":"1"}
[Sun, 26 Mar 17 13:09:55 +0800][DEBUG] salesOrderListfindConditions : {"conditions":"(Orders.SalesId = :salesId:) AND (Orders.DelFlg = 0)","bind":{"salesId":"1"},"columns":["Orders.Id as OrderId,Orders.OrderNo,Orders.CustomerNm,Orders.RoomId,Room.RoomNo,Orders.Mobile,Orders.OrderStatus,\n                        Orders.PayType,Orders.Label,Orders.Release,Orders.SalesId,Orders.UptDt"]}
[Sun, 26 Mar 17 13:09:55 +0800][DEBUG] salesOrderListorder list get pages info done : 1490504995
[Sun, 26 Mar 17 13:10:29 +0800][DEBUG] findConditions Conditions: "(Orders.SalesId = :salesId:) AND (Orders.DelFlg = 0)"
[Sun, 26 Mar 17 13:10:29 +0800][DEBUG] findConditions toBind: {"salesId":"1"}
[Sun, 26 Mar 17 13:10:29 +0800][DEBUG] salesOrderListfindConditions : {"conditions":"(Orders.SalesId = :salesId:) AND (Orders.DelFlg = 0)","bind":{"salesId":"1"},"columns":["Orders.Id as OrderId,Orders.OrderNo,Orders.CustomerNm,Orders.RoomId,Room.RoomNo,Orders.Mobile,Orders.OrderStatus,\n                        Orders.PayType,Orders.Label,Orders.Release,Orders.SalesId,Orders.UptDt"]}
[Sun, 26 Mar 17 13:10:29 +0800][DEBUG] salesOrderListorder list get pages info done : 1490505029
[Sun, 26 Mar 17 13:10:39 +0800][DEBUG] findConditions Conditions: "(Orders.SalesId = :salesId:) AND (Orders.DelFlg = 0)"
[Sun, 26 Mar 17 13:10:39 +0800][DEBUG] findConditions toBind: {"salesId":"1"}
[Sun, 26 Mar 17 13:10:39 +0800][DEBUG] salesOrderListfindConditions : {"conditions":"(Orders.SalesId = :salesId:) AND (Orders.DelFlg = 0)","bind":{"salesId":"1"},"columns":["Orders.Id as OrderId,Orders.OrderNo,Orders.CustomerNm,Orders.RoomId,Room.RoomNo,Orders.Mobile,Orders.OrderStatus,\n                        Orders.PayType,Orders.Label,Orders.Release,Orders.SalesId,Orders.UptDt"]}
[Sun, 26 Mar 17 13:11:06 +0800][DEBUG] findConditions Conditions: "(Orders.SalesId = :salesId:) AND (Orders.DelFlg = 0)"
[Sun, 26 Mar 17 13:11:06 +0800][DEBUG] findConditions toBind: {"salesId":"1"}
[Sun, 26 Mar 17 13:11:06 +0800][DEBUG] salesOrderListfindConditions : {"conditions":"(Orders.SalesId = :salesId:) AND (Orders.DelFlg = 0)","bind":{"salesId":"1"},"columns":["Orders.Id as OrderId,Orders.OrderNo,Orders.CustomerNm,Orders.RoomId,Room.RoomNo,Orders.Mobile,Orders.OrderStatus,\n                        Orders.PayType,Orders.Label,Orders.Release,Orders.SalesId,Orders.UptDt"]}
[Sun, 26 Mar 17 13:11:06 +0800][DEBUG] salesOrderListorder list get pages info done : 1490505066
[Sun, 26 Mar 17 13:15:18 +0800][DEBUG] findConditions Conditions: "(Orders.SalesId = :salesId:) AND (Orders.DelFlg = 0)"
[Sun, 26 Mar 17 13:15:18 +0800][DEBUG] findConditions toBind: {"salesId":"1"}
[Sun, 26 Mar 17 13:15:18 +0800][DEBUG] salesOrderListfindConditions : {"conditions":"(Orders.SalesId = :salesId:) AND (Orders.DelFlg = 0)","bind":{"salesId":"1"},"columns":["Orders.Id as OrderId,Orders.OrderNo,Orders.CustomerNm,Orders.RoomId,Room.RoomNo,Orders.Mobile,Orders.OrderStatus,\n                        Orders.PayType,Orders.Label,Orders.Release,Orders.SalesId,Orders.UptDt"]}
[Sun, 26 Mar 17 13:15:18 +0800][DEBUG] salesOrderListorder list get pages info done : 1490505318
[Sun, 26 Mar 17 13:18:58 +0800][DEBUG] findConditions Conditions: "(Orders.SalesId = :salesId:) AND (Orders.DelFlg = 0)"
[Sun, 26 Mar 17 13:18:58 +0800][DEBUG] findConditions toBind: {"salesId":"1"}
[Sun, 26 Mar 17 13:18:58 +0800][DEBUG] salesOrderListfindConditions : {"conditions":"(Orders.SalesId = :salesId:) AND (Orders.DelFlg = 0)","bind":{"salesId":"1"},"columns":["Orders.Id as OrderId,Orders.OrderNo,Orders.CustomerNm,Orders.RoomId,Room.RoomNo,Orders.Mobile,Orders.OrderStatus,\n                        Orders.PayType,Orders.Label,Orders.Release,Orders.SalesId,Orders.UptDt"]}
[Sun, 26 Mar 17 13:18:58 +0800][DEBUG] salesOrderListorder list get pages info done : 1490505538
[Sun, 26 Mar 17 13:26:45 +0800][DEBUG] findConditions Conditions: "(Orders.SalesId = :salesId:) AND (Orders.DelFlg = 0)"
[Sun, 26 Mar 17 13:26:45 +0800][DEBUG] findConditions toBind: {"salesId":"1"}
[Sun, 26 Mar 17 13:26:45 +0800][DEBUG] salesOrderListfindConditions : {"conditions":"(Orders.SalesId = :salesId:) AND (Orders.DelFlg = 0)","bind":{"salesId":"1"},"columns":["Orders.Id as OrderId,Orders.OrderNo,Orders.CustomerNm,Orders.RoomId,Room.RoomNo,Orders.Mobile,Orders.OrderStatus,\n                        Orders.PayType,Orders.Label,Orders.Release,Orders.SalesId,Orders.UptDt"]}
[Sun, 26 Mar 17 13:26:45 +0800][DEBUG] salesOrderListorder list get pages info done : 1490506005
[Sun, 26 Mar 17 13:27:52 +0800][DEBUG] findConditions Conditions: "(Orders.SalesId = :salesId:) AND (Orders.DelFlg = 0)"
[Sun, 26 Mar 17 13:27:52 +0800][DEBUG] findConditions toBind: {"salesId":"1"}
[Sun, 26 Mar 17 13:27:52 +0800][DEBUG] salesOrderListfindConditions : {"conditions":"(Orders.SalesId = :salesId:) AND (Orders.DelFlg = 0)","bind":{"salesId":"1"},"columns":["Orders.Id as OrderId,Orders.OrderNo,Orders.CustomerNm,Orders.RoomId,Room.RoomNo,Orders.Mobile,Orders.OrderStatus,\n                        Orders.PayType,Orders.Label,Orders.Release,Orders.SalesId,Orders.UptDt"]}
[Sun, 26 Mar 17 13:27:52 +0800][DEBUG] salesOrderListorder list get pages info done : 1490506072
[Sun, 26 Mar 17 13:28:17 +0800][DEBUG] findConditions Conditions: "(Orders.SalesId = :salesId:) AND (Orders.DelFlg = 0)"
[Sun, 26 Mar 17 13:28:17 +0800][DEBUG] findConditions toBind: {"salesId":"1"}
[Sun, 26 Mar 17 13:28:17 +0800][DEBUG] salesOrderListfindConditions : {"conditions":"(Orders.SalesId = :salesId:) AND (Orders.DelFlg = 0)","bind":{"salesId":"1"},"columns":["Orders.Id as OrderId,Orders.OrderNo,Orders.CustomerNm,Orders.RoomId,Room.RoomNo,Orders.Mobile,Orders.OrderStatus,\n                        Orders.PayType,Orders.Label,Orders.Release,Orders.SalesId,Orders.UptDt"]}
[Sun, 26 Mar 17 13:28:18 +0800][DEBUG] findConditions Conditions: "(Orders.SalesId = :salesId:) AND (Orders.DelFlg = 0)"
[Sun, 26 Mar 17 13:28:18 +0800][DEBUG] findConditions toBind: {"salesId":"1"}
[Sun, 26 Mar 17 13:28:18 +0800][DEBUG] salesOrderListfindConditions : {"conditions":"(Orders.SalesId = :salesId:) AND (Orders.DelFlg = 0)","bind":{"salesId":"1"},"columns":["Orders.Id as OrderId,Orders.OrderNo,Orders.CustomerNm,Orders.RoomId,Room.RoomNo,Orders.Mobile,Orders.OrderStatus,\n                        Orders.PayType,Orders.Label,Orders.Release,Orders.SalesId,Orders.UptDt"]}
[Sun, 26 Mar 17 13:34:05 +0800][DEBUG] findConditions Conditions: "(Orders.SalesId = :salesId:) AND (Orders.DelFlg = 0)"
[Sun, 26 Mar 17 13:34:05 +0800][DEBUG] findConditions toBind: {"salesId":"1"}
[Sun, 26 Mar 17 13:34:05 +0800][DEBUG] salesOrderListfindConditions : {"conditions":"(Orders.SalesId = :salesId:) AND (Orders.DelFlg = 0)","bind":{"salesId":"1"},"columns":["Orders.Id as OrderId,Orders.OrderNo,Orders.CustomerNm,Orders.RoomId,Room.RoomNo,Orders.Mobile,Orders.OrderStatus,\n                        Orders.PayType,Orders.Label,Orders.Release,Orders.SalesId,Orders.UptDt"]}
[Sun, 26 Mar 17 13:34:05 +0800][DEBUG] salesOrderListorder list get pages info done : 1490506445
[Sun, 26 Mar 17 13:34:50 +0800][DEBUG] findConditions Conditions: "(Orders.SalesId = :salesId:) AND (Orders.DelFlg = 0)"
[Sun, 26 Mar 17 13:34:50 +0800][DEBUG] findConditions toBind: {"salesId":"1"}
[Sun, 26 Mar 17 13:34:50 +0800][DEBUG] salesOrderListfindConditions : {"conditions":"(Orders.SalesId = :salesId:) AND (Orders.DelFlg = 0)","bind":{"salesId":"1"},"columns":["Orders.Id as OrderId,Orders.OrderNo,Orders.CustomerNm,Orders.RoomId,Room.RoomNo,Orders.Mobile,Orders.OrderStatus,\n                        Orders.PayType,Orders.Label,Orders.Release,Orders.SalesId,Orders.UptDt"]}
[Sun, 26 Mar 17 13:34:50 +0800][DEBUG] salesOrderListorder list get pages info done : 1490506490
[Sun, 26 Mar 17 13:34:52 +0800][DEBUG] findConditions Conditions: "(Orders.SalesId = :salesId:) AND (Orders.DelFlg = 0)"
[Sun, 26 Mar 17 13:34:52 +0800][DEBUG] findConditions toBind: {"salesId":"1"}
[Sun, 26 Mar 17 13:34:52 +0800][DEBUG] salesOrderListfindConditions : {"conditions":"(Orders.SalesId = :salesId:) AND (Orders.DelFlg = 0)","bind":{"salesId":"1"},"columns":["Orders.Id as OrderId,Orders.OrderNo,Orders.CustomerNm,Orders.RoomId,Room.RoomNo,Orders.Mobile,Orders.OrderStatus,\n                        Orders.PayType,Orders.Label,Orders.Release,Orders.SalesId,Orders.UptDt"]}
[Sun, 26 Mar 17 13:34:52 +0800][DEBUG] salesOrderListorder list get pages info done : 1490506492
[Sun, 26 Mar 17 13:35:21 +0800][DEBUG] findConditions Conditions: "(Orders.SalesId = :salesId:) AND (Orders.DelFlg = 0)"
[Sun, 26 Mar 17 13:35:21 +0800][DEBUG] findConditions toBind: {"salesId":"1"}
[Sun, 26 Mar 17 13:35:21 +0800][DEBUG] salesOrderListfindConditions : {"conditions":"(Orders.SalesId = :salesId:) AND (Orders.DelFlg = 0)","bind":{"salesId":"1"},"columns":["Orders.Id as OrderId,Orders.OrderNo,Orders.CustomerNm,Orders.RoomId,Room.RoomNo,Orders.Mobile,Orders.OrderStatus,\n                        Orders.PayType,Orders.Label,Orders.Release,Orders.SalesId,Orders.UptDt"]}
[Sun, 26 Mar 17 13:35:21 +0800][DEBUG] salesOrderListorder list get pages info done : 1490506521
[Sun, 26 Mar 17 13:35:28 +0800][DEBUG] findConditions Conditions: "(Orders.SalesId = :salesId:) AND (Orders.DelFlg = 0)"
[Sun, 26 Mar 17 13:35:28 +0800][DEBUG] findConditions toBind: {"salesId":"1"}
[Sun, 26 Mar 17 13:35:28 +0800][DEBUG] salesOrderListfindConditions : {"conditions":"(Orders.SalesId = :salesId:) AND (Orders.DelFlg = 0)","bind":{"salesId":"1"},"columns":["Orders.Id as OrderId,Orders.OrderNo,Orders.CustomerNm,Orders.RoomId,Room.RoomNo,Orders.Mobile,Orders.OrderStatus,\n                        Orders.PayType,Orders.Label,Orders.Release,Orders.SalesId,Orders.UptDt"]}
[Sun, 26 Mar 17 13:35:28 +0800][DEBUG] salesOrderListorder list get pages info done : 1490506528
[Sun, 26 Mar 17 13:35:40 +0800][DEBUG] findConditions Conditions: "(Orders.SalesId = :salesId:) AND (Orders.DelFlg = 0)"
[Sun, 26 Mar 17 13:35:40 +0800][DEBUG] findConditions toBind: {"salesId":"1"}
[Sun, 26 Mar 17 13:35:40 +0800][DEBUG] salesOrderListfindConditions : {"conditions":"(Orders.SalesId = :salesId:) AND (Orders.DelFlg = 0)","bind":{"salesId":"1"},"columns":["Orders.Id as OrderId,Orders.OrderNo,Orders.CustomerNm,Orders.RoomId,Room.RoomNo,Orders.Mobile,Orders.OrderStatus,\n                        Orders.PayType,Orders.Label,Orders.Release,Orders.SalesId,Orders.UptDt"]}
[Sun, 26 Mar 17 13:35:40 +0800][DEBUG] salesOrderListorder list get pages info done : 1490506540
[Sun, 26 Mar 17 13:35:58 +0800][DEBUG] findConditions Conditions: "(Orders.SalesId = :salesId:) AND (Orders.DelFlg = 0)"
[Sun, 26 Mar 17 13:35:58 +0800][DEBUG] findConditions toBind: {"salesId":"1"}
[Sun, 26 Mar 17 13:35:58 +0800][DEBUG] salesOrderListfindConditions : {"conditions":"(Orders.SalesId = :salesId:) AND (Orders.DelFlg = 0)","bind":{"salesId":"1"},"columns":["Orders.Id as OrderId,Orders.OrderNo,Orders.CustomerNm,Orders.RoomId,Room.RoomNo,Orders.Mobile,Orders.OrderStatus,\n                        Orders.PayType,Orders.Label,Orders.Release,Orders.SalesId,Orders.UptDt"]}
[Sun, 26 Mar 17 16:30:55 +0800][DEBUG] findConditions Conditions: "(Orders.SalesId = :salesId:) AND (Orders.DelFlg = 0)"
[Sun, 26 Mar 17 16:30:55 +0800][DEBUG] findConditions toBind: {"salesId":"1"}
[Sun, 26 Mar 17 16:30:55 +0800][DEBUG] salesOrderListfindConditions : {"conditions":"(Orders.SalesId = :salesId:) AND (Orders.DelFlg = 0)","bind":{"salesId":"1"},"columns":["Orders.Id as OrderId,Orders.OrderNo,Orders.CustomerNm,Orders.RoomId,Room.RoomNo,Orders.Mobile,Orders.OrderStatus,\n                        Orders.PayType,Orders.Label,Orders.Release,Orders.SalesId,Orders.UptDt"]}
[Sun, 26 Mar 17 16:31:16 +0800][DEBUG] findConditions Conditions: "(Orders.SalesId = :salesId:) AND (Orders.DelFlg = 0) AND (Orders.PayType = :payType:)"
[Sun, 26 Mar 17 16:31:16 +0800][DEBUG] findConditions toBind: {"salesId":"1","payType":"1"}
[Sun, 26 Mar 17 16:31:16 +0800][DEBUG] salesOrderListfindConditions : {"conditions":"(Orders.SalesId = :salesId:) AND (Orders.DelFlg = 0) AND (Orders.PayType = :payType:)","bind":{"salesId":"1","payType":"1"},"columns":["Orders.Id as OrderId,Orders.OrderNo,Orders.CustomerNm,Orders.RoomId,Room.RoomNo,Orders.Mobile,Orders.OrderStatus,\n                        Orders.PayType,Orders.Label,Orders.Release,Orders.SalesId,Orders.UptDt"]}
[Sun, 26 Mar 17 16:31:16 +0800][DEBUG] salesOrderListorder list get pages info done : 1490517076
[Sun, 26 Mar 17 16:31:16 +0800][DEBUG] findConditions Conditions: "(Orders.SalesId = :salesId:) AND (Orders.DelFlg = 0) AND (Orders.PayType = :payType:)"
[Sun, 26 Mar 17 16:31:16 +0800][DEBUG] findConditions toBind: {"salesId":"1","payType":"1"}
[Sun, 26 Mar 17 16:31:16 +0800][DEBUG] salesOrderListfindConditions : {"conditions":"(Orders.SalesId = :salesId:) AND (Orders.DelFlg = 0) AND (Orders.PayType = :payType:)","bind":{"salesId":"1","payType":"1"},"columns":["Orders.Id as OrderId,Orders.OrderNo,Orders.CustomerNm,Orders.RoomId,Room.RoomNo,Orders.Mobile,Orders.OrderStatus,\n                        Orders.PayType,Orders.Label,Orders.Release,Orders.SalesId,Orders.UptDt"]}
