[Sat, 15 Apr 17 10:47:51 +0800][DEBUG] generateUserAndProjectToken项目编码错误\n
[Sat, 15 Apr 17 10:55:20 +0800][DEBUG] findConditions Conditions: "(Orders.DelFlg = 0) AND (Orders.SalesId = :salesId:)"
[Sat, 15 Apr 17 10:55:20 +0800][DEBUG] findConditions toBind: {"salesId":"2"}
[Sat, 15 Apr 17 10:55:20 +0800][DEBUG] salesOrderListfindConditions : {"conditions":"(Orders.DelFlg = 0) AND (Orders.SalesId = :salesId:)","bind":{"salesId":"2"},"columns":["Orders.Id as OrderId,Orders.OrderNo,Orders.CustomerNm,Orders.RoomId,Room.RoomNo,Orders.Mobile,Orders.OrderStatus,\n        Orders.PayType,Orders.Label,Orders.Release,Orders.SalesId,Orders.UptDt"]}
[Sat, 15 Apr 17 10:55:20 +0800][DEBUG] salesOrderListorder list get pages info done : 1492224920
[Sat, 15 Apr 17 10:55:20 +0800][DEBUG] findConditions Conditions: "(Orders.DelFlg = 0) AND (Orders.SalesId = :salesId:)"
[Sat, 15 Apr 17 10:55:20 +0800][DEBUG] findConditions toBind: {"salesId":"2"}
[Sat, 15 Apr 17 10:55:20 +0800][DEBUG] salesOrderListfindConditions : {"conditions":"(Orders.DelFlg = 0) AND (Orders.SalesId = :salesId:)","bind":{"salesId":"2"},"columns":["Orders.Id as OrderId,Orders.OrderNo,Orders.CustomerNm,Orders.RoomId,Room.RoomNo,Orders.Mobile,Orders.OrderStatus,\n        Orders.PayType,Orders.Label,Orders.Release,Orders.SalesId,Orders.UptDt"]}
[Sat, 15 Apr 17 10:55:20 +0800][DEBUG] salesOrderListorder list get pages info done : 1492224920
[Sat, 15 Apr 17 10:55:26 +0800][DEBUG] findConditions Conditions: "(Orders.DelFlg = 0) AND (Orders.SalesId = :salesId:)"
[Sat, 15 Apr 17 10:55:26 +0800][DEBUG] findConditions toBind: {"salesId":"2"}
[Sat, 15 Apr 17 10:55:26 +0800][DEBUG] salesOrderListfindConditions : {"conditions":"(Orders.DelFlg = 0) AND (Orders.SalesId = :salesId:)","bind":{"salesId":"2"},"columns":["Orders.Id as OrderId,Orders.OrderNo,Orders.CustomerNm,Orders.RoomId,Room.RoomNo,Orders.Mobile,Orders.OrderStatus,\n        Orders.PayType,Orders.Label,Orders.Release,Orders.SalesId,Orders.UptDt"]}
[Sat, 15 Apr 17 10:55:26 +0800][DEBUG] salesOrderListorder list get pages info done : 1492224926
[Sat, 15 Apr 17 10:55:26 +0800][DEBUG] findConditions Conditions: "(Orders.DelFlg = 0) AND (Orders.SalesId = :salesId:)"
[Sat, 15 Apr 17 10:55:26 +0800][DEBUG] findConditions toBind: {"salesId":"2"}
[Sat, 15 Apr 17 10:55:26 +0800][DEBUG] salesOrderListfindConditions : {"conditions":"(Orders.DelFlg = 0) AND (Orders.SalesId = :salesId:)","bind":{"salesId":"2"},"columns":["Orders.Id as OrderId,Orders.OrderNo,Orders.CustomerNm,Orders.RoomId,Room.RoomNo,Orders.Mobile,Orders.OrderStatus,\n        Orders.PayType,Orders.Label,Orders.Release,Orders.SalesId,Orders.UptDt"]}
[Sat, 15 Apr 17 10:55:26 +0800][DEBUG] salesOrderListorder list get pages info done : 1492224926
[Sat, 15 Apr 17 10:58:27 +0800][DEBUG] findConditions Conditions: "(Orders.DelFlg = 0) AND (Orders.SalesId = :salesId:)"
[Sat, 15 Apr 17 10:58:27 +0800][DEBUG] findConditions toBind: {"salesId":"2"}
[Sat, 15 Apr 17 10:58:27 +0800][DEBUG] salesOrderListfindConditions : {"conditions":"(Orders.DelFlg = 0) AND (Orders.SalesId = :salesId:)","bind":{"salesId":"2"},"columns":["Orders.Id as OrderId,Orders.OrderNo,Orders.CustomerNm,Orders.RoomId,Room.RoomNo,Orders.Mobile,Orders.OrderStatus,\n        Orders.PayType,Orders.Label,Orders.Release,Orders.SalesId,Orders.UptDt"]}
[Sat, 15 Apr 17 10:58:27 +0800][DEBUG] salesOrderListorder list get pages info done : 1492225107
[Sat, 15 Apr 17 10:58:27 +0800][DEBUG] findConditions Conditions: "(Orders.DelFlg = 0) AND (Orders.SalesId = :salesId:)"
[Sat, 15 Apr 17 10:58:27 +0800][DEBUG] findConditions toBind: {"salesId":"2"}
[Sat, 15 Apr 17 10:58:27 +0800][DEBUG] salesOrderListfindConditions : {"conditions":"(Orders.DelFlg = 0) AND (Orders.SalesId = :salesId:)","bind":{"salesId":"2"},"columns":["Orders.Id as OrderId,Orders.OrderNo,Orders.CustomerNm,Orders.RoomId,Room.RoomNo,Orders.Mobile,Orders.OrderStatus,\n        Orders.PayType,Orders.Label,Orders.Release,Orders.SalesId,Orders.UptDt"]}
[Sat, 15 Apr 17 10:58:27 +0800][DEBUG] salesOrderListorder list get pages info done : 1492225107
[Sat, 15 Apr 17 10:58:32 +0800][DEBUG] findConditions Conditions: "(Orders.DelFlg = 0) AND (Orders.SalesId = :salesId:)"
[Sat, 15 Apr 17 10:58:32 +0800][DEBUG] findConditions Conditions: "(Orders.DelFlg = 0) AND (Orders.SalesId = :salesId:)"
[Sat, 15 Apr 17 10:58:32 +0800][DEBUG] findConditions toBind: {"salesId":"2"}
[Sat, 15 Apr 17 10:58:32 +0800][DEBUG] salesOrderListfindConditions : {"conditions":"(Orders.DelFlg = 0) AND (Orders.SalesId = :salesId:)","bind":{"salesId":"2"},"columns":["Orders.Id as OrderId,Orders.OrderNo,Orders.CustomerNm,Orders.RoomId,Room.RoomNo,Orders.Mobile,Orders.OrderStatus,\n        Orders.PayType,Orders.Label,Orders.Release,Orders.SalesId,Orders.UptDt"]}
[Sat, 15 Apr 17 10:58:32 +0800][DEBUG] findConditions toBind: {"salesId":"2"}
[Sat, 15 Apr 17 10:58:32 +0800][DEBUG] salesOrderListfindConditions : {"conditions":"(Orders.DelFlg = 0) AND (Orders.SalesId = :salesId:)","bind":{"salesId":"2"},"columns":["Orders.Id as OrderId,Orders.OrderNo,Orders.CustomerNm,Orders.RoomId,Room.RoomNo,Orders.Mobile,Orders.OrderStatus,\n        Orders.PayType,Orders.Label,Orders.Release,Orders.SalesId,Orders.UptDt"]}
[Sat, 15 Apr 17 10:58:32 +0800][DEBUG] salesOrderListorder list get pages info done : 1492225112
[Sat, 15 Apr 17 10:58:32 +0800][DEBUG] salesOrderListorder list get pages info done : 1492225112
[Sat, 15 Apr 17 10:58:34 +0800][DEBUG] findConditions Conditions: "(Orders.DelFlg = 0) AND (Orders.SalesId = :salesId:)"
[Sat, 15 Apr 17 10:58:34 +0800][DEBUG] findConditions toBind: {"salesId":"2"}
[Sat, 15 Apr 17 10:58:34 +0800][DEBUG] salesOrderListfindConditions : {"conditions":"(Orders.DelFlg = 0) AND (Orders.SalesId = :salesId:)","bind":{"salesId":"2"},"columns":["Orders.Id as OrderId,Orders.OrderNo,Orders.CustomerNm,Orders.RoomId,Room.RoomNo,Orders.Mobile,Orders.OrderStatus,\n        Orders.PayType,Orders.Label,Orders.Release,Orders.SalesId,Orders.UptDt"]}
[Sat, 15 Apr 17 10:58:34 +0800][DEBUG] salesOrderListorder list get pages info done : 1492225114
[Sat, 15 Apr 17 10:58:34 +0800][DEBUG] findConditions Conditions: "(Orders.DelFlg = 0) AND (Orders.SalesId = :salesId:)"
[Sat, 15 Apr 17 10:58:34 +0800][DEBUG] findConditions toBind: {"salesId":"2"}
[Sat, 15 Apr 17 10:58:34 +0800][DEBUG] salesOrderListfindConditions : {"conditions":"(Orders.DelFlg = 0) AND (Orders.SalesId = :salesId:)","bind":{"salesId":"2"},"columns":["Orders.Id as OrderId,Orders.OrderNo,Orders.CustomerNm,Orders.RoomId,Room.RoomNo,Orders.Mobile,Orders.OrderStatus,\n        Orders.PayType,Orders.Label,Orders.Release,Orders.SalesId,Orders.UptDt"]}
[Sat, 15 Apr 17 10:58:34 +0800][DEBUG] salesOrderListorder list get pages info done : 1492225114
[Sat, 15 Apr 17 10:58:37 +0800][DEBUG] findConditions Conditions: "(Orders.DelFlg = 0) AND (Orders.SalesId = :salesId:)"
[Sat, 15 Apr 17 10:58:37 +0800][DEBUG] findConditions toBind: {"salesId":"2"}
[Sat, 15 Apr 17 10:58:37 +0800][DEBUG] salesOrderListfindConditions : {"conditions":"(Orders.DelFlg = 0) AND (Orders.SalesId = :salesId:)","bind":{"salesId":"2"},"columns":["Orders.Id as OrderId,Orders.OrderNo,Orders.CustomerNm,Orders.RoomId,Room.RoomNo,Orders.Mobile,Orders.OrderStatus,\n        Orders.PayType,Orders.Label,Orders.Release,Orders.SalesId,Orders.UptDt"]}
[Sat, 15 Apr 17 10:58:37 +0800][DEBUG] salesOrderListorder list get pages info done : 1492225117
[Sat, 15 Apr 17 10:58:37 +0800][DEBUG] findConditions Conditions: "(Orders.DelFlg = 0) AND (Orders.SalesId = :salesId:)"
[Sat, 15 Apr 17 10:58:37 +0800][DEBUG] findConditions toBind: {"salesId":"2"}
[Sat, 15 Apr 17 10:58:37 +0800][DEBUG] salesOrderListfindConditions : {"conditions":"(Orders.DelFlg = 0) AND (Orders.SalesId = :salesId:)","bind":{"salesId":"2"},"columns":["Orders.Id as OrderId,Orders.OrderNo,Orders.CustomerNm,Orders.RoomId,Room.RoomNo,Orders.Mobile,Orders.OrderStatus,\n        Orders.PayType,Orders.Label,Orders.Release,Orders.SalesId,Orders.UptDt"]}
[Sat, 15 Apr 17 10:58:37 +0800][DEBUG] salesOrderListorder list get pages info done : 1492225117
[Sat, 15 Apr 17 10:58:40 +0800][DEBUG] findConditions Conditions: "(Orders.DelFlg = 0) AND (Orders.SalesId = :salesId:)"
[Sat, 15 Apr 17 10:58:40 +0800][DEBUG] findConditions toBind: {"salesId":"2"}
[Sat, 15 Apr 17 10:58:40 +0800][DEBUG] salesOrderListfindConditions : {"conditions":"(Orders.DelFlg = 0) AND (Orders.SalesId = :salesId:)","bind":{"salesId":"2"},"columns":["Orders.Id as OrderId,Orders.OrderNo,Orders.CustomerNm,Orders.RoomId,Room.RoomNo,Orders.Mobile,Orders.OrderStatus,\n        Orders.PayType,Orders.Label,Orders.Release,Orders.SalesId,Orders.UptDt"]}
[Sat, 15 Apr 17 10:58:40 +0800][DEBUG] salesOrderListorder list get pages info done : 1492225120
[Sat, 15 Apr 17 10:58:40 +0800][DEBUG] findConditions Conditions: "(Orders.DelFlg = 0) AND (Orders.SalesId = :salesId:)"
[Sat, 15 Apr 17 10:58:40 +0800][DEBUG] findConditions toBind: {"salesId":"2"}
[Sat, 15 Apr 17 10:58:40 +0800][DEBUG] salesOrderListfindConditions : {"conditions":"(Orders.DelFlg = 0) AND (Orders.SalesId = :salesId:)","bind":{"salesId":"2"},"columns":["Orders.Id as OrderId,Orders.OrderNo,Orders.CustomerNm,Orders.RoomId,Room.RoomNo,Orders.Mobile,Orders.OrderStatus,\n        Orders.PayType,Orders.Label,Orders.Release,Orders.SalesId,Orders.UptDt"]}
[Sat, 15 Apr 17 10:58:40 +0800][DEBUG] salesOrderListorder list get pages info done : 1492225120
[Sat, 15 Apr 17 11:01:24 +0800][DEBUG] checkAllotQueryOrderByOperatorIdorderList count : [{"Count":0,"OperatorId":"3"},{"Count":1,"OperatorId":"20"},{"Count":2,"OperatorId":"5"},{"Count":2,"OperatorId":"88"}]
[Sat, 15 Apr 17 11:01:24 +0800][DEBUG] addOrder add orders operator Info :{"Count":2,"OperatorId":"5"}
[Sat, 15 Apr 17 11:01:24 +0800][DEBUG] findConditions Conditions: "(Orders.DelFlg = 0) AND (Orders.SalesId = :salesId:)"
[Sat, 15 Apr 17 11:01:24 +0800][DEBUG] findConditions toBind: {"salesId":"2"}
[Sat, 15 Apr 17 11:01:24 +0800][DEBUG] salesOrderListfindConditions : {"conditions":"(Orders.DelFlg = 0) AND (Orders.SalesId = :salesId:)","bind":{"salesId":"2"},"columns":["Orders.Id as OrderId,Orders.OrderNo,Orders.CustomerNm,Orders.RoomId,Room.RoomNo,Orders.Mobile,Orders.OrderStatus,\n        Orders.PayType,Orders.Label,Orders.Release,Orders.SalesId,Orders.UptDt"]}
[Sat, 15 Apr 17 11:01:24 +0800][DEBUG] salesOrderListorder list get pages info done : 1492225284
[Sat, 15 Apr 17 11:01:24 +0800][DEBUG] findConditions Conditions: "(Orders.DelFlg = 0) AND (Orders.SalesId = :salesId:)"
[Sat, 15 Apr 17 11:01:24 +0800][DEBUG] findConditions toBind: {"salesId":"2"}
[Sat, 15 Apr 17 11:01:24 +0800][DEBUG] salesOrderListfindConditions : {"conditions":"(Orders.DelFlg = 0) AND (Orders.SalesId = :salesId:)","bind":{"salesId":"2"},"columns":["Orders.Id as OrderId,Orders.OrderNo,Orders.CustomerNm,Orders.RoomId,Room.RoomNo,Orders.Mobile,Orders.OrderStatus,\n        Orders.PayType,Orders.Label,Orders.Release,Orders.SalesId,Orders.UptDt"]}
[Sat, 15 Apr 17 11:01:24 +0800][DEBUG] findConditions Conditions: "(Orders.DelFlg = 0) AND (Orders.SalesId = :salesId:)"
[Sat, 15 Apr 17 11:01:24 +0800][DEBUG] salesOrderListorder list get pages info done : 1492225284
[Sat, 15 Apr 17 11:01:24 +0800][DEBUG] findConditions toBind: {"salesId":"2"}
[Sat, 15 Apr 17 11:01:24 +0800][DEBUG] salesOrderListfindConditions : {"conditions":"(Orders.DelFlg = 0) AND (Orders.SalesId = :salesId:)","bind":{"salesId":"2"},"columns":["Orders.Id as OrderId,Orders.OrderNo,Orders.CustomerNm,Orders.RoomId,Room.RoomNo,Orders.Mobile,Orders.OrderStatus,\n        Orders.PayType,Orders.Label,Orders.Release,Orders.SalesId,Orders.UptDt"]}
[Sat, 15 Apr 17 11:01:24 +0800][DEBUG] salesOrderListorder list get pages info done : 1492225284
[Sat, 15 Apr 17 11:28:56 +0800][DEBUG] findConditions Conditions: "(Orders.DelFlg = 0) AND (Orders.SalesId = :salesId:)"
[Sat, 15 Apr 17 11:28:56 +0800][DEBUG] findConditions toBind: {"salesId":"2"}
[Sat, 15 Apr 17 11:28:56 +0800][DEBUG] salesOrderListfindConditions : {"conditions":"(Orders.DelFlg = 0) AND (Orders.SalesId = :salesId:)","bind":{"salesId":"2"},"columns":["Orders.Id as OrderId,Orders.OrderNo,Orders.CustomerNm,Orders.RoomId,Room.RoomNo,Orders.Mobile,Orders.OrderStatus,\n        Orders.PayType,Orders.Label,Orders.Release,Orders.SalesId,Orders.UptDt"]}
[Sat, 15 Apr 17 11:28:56 +0800][DEBUG] findConditions Conditions: "(Orders.DelFlg = 0) AND (Orders.SalesId = :salesId:)"
[Sat, 15 Apr 17 11:28:56 +0800][DEBUG] findConditions toBind: {"salesId":"2"}
[Sat, 15 Apr 17 11:28:56 +0800][DEBUG] salesOrderListfindConditions : {"conditions":"(Orders.DelFlg = 0) AND (Orders.SalesId = :salesId:)","bind":{"salesId":"2"},"columns":["Orders.Id as OrderId,Orders.OrderNo,Orders.CustomerNm,Orders.RoomId,Room.RoomNo,Orders.Mobile,Orders.OrderStatus,\n        Orders.PayType,Orders.Label,Orders.Release,Orders.SalesId,Orders.UptDt"]}
[Sat, 15 Apr 17 11:28:56 +0800][DEBUG] salesOrderListorder list get pages info done : 1492226936
[Sat, 15 Apr 17 11:28:56 +0800][DEBUG] salesOrderListorder list get pages info done : 1492226936
[Sat, 15 Apr 17 11:28:58 +0800][DEBUG] findConditions Conditions: "(Orders.DelFlg = 0) AND (Orders.SalesId = :salesId:)"
[Sat, 15 Apr 17 11:28:58 +0800][DEBUG] findConditions toBind: {"salesId":"2"}
[Sat, 15 Apr 17 11:28:58 +0800][DEBUG] salesOrderListfindConditions : {"conditions":"(Orders.DelFlg = 0) AND (Orders.SalesId = :salesId:)","bind":{"salesId":"2"},"columns":["Orders.Id as OrderId,Orders.OrderNo,Orders.CustomerNm,Orders.RoomId,Room.RoomNo,Orders.Mobile,Orders.OrderStatus,\n        Orders.PayType,Orders.Label,Orders.Release,Orders.SalesId,Orders.UptDt"]}
[Sat, 15 Apr 17 11:28:58 +0800][DEBUG] salesOrderListorder list get pages info done : 1492226938
[Sat, 15 Apr 17 11:28:58 +0800][DEBUG] findConditions Conditions: "(Orders.DelFlg = 0) AND (Orders.SalesId = :salesId:)"
[Sat, 15 Apr 17 11:28:58 +0800][DEBUG] findConditions toBind: {"salesId":"2"}
[Sat, 15 Apr 17 11:28:58 +0800][DEBUG] salesOrderListfindConditions : {"conditions":"(Orders.DelFlg = 0) AND (Orders.SalesId = :salesId:)","bind":{"salesId":"2"},"columns":["Orders.Id as OrderId,Orders.OrderNo,Orders.CustomerNm,Orders.RoomId,Room.RoomNo,Orders.Mobile,Orders.OrderStatus,\n        Orders.PayType,Orders.Label,Orders.Release,Orders.SalesId,Orders.UptDt"]}
[Sat, 15 Apr 17 11:28:58 +0800][DEBUG] salesOrderListorder list get pages info done : 1492226938
[Sat, 15 Apr 17 11:29:02 +0800][DEBUG] findConditions Conditions: "(Orders.DelFlg = 0) AND (Orders.SalesId = :salesId:)"
[Sat, 15 Apr 17 11:29:02 +0800][DEBUG] findConditions toBind: {"salesId":"2"}
[Sat, 15 Apr 17 11:29:02 +0800][DEBUG] salesOrderListfindConditions : {"conditions":"(Orders.DelFlg = 0) AND (Orders.SalesId = :salesId:)","bind":{"salesId":"2"},"columns":["Orders.Id as OrderId,Orders.OrderNo,Orders.CustomerNm,Orders.RoomId,Room.RoomNo,Orders.Mobile,Orders.OrderStatus,\n        Orders.PayType,Orders.Label,Orders.Release,Orders.SalesId,Orders.UptDt"]}
[Sat, 15 Apr 17 11:29:02 +0800][DEBUG] salesOrderListorder list get pages info done : 1492226942
[Sat, 15 Apr 17 11:29:08 +0800][DEBUG] findConditions Conditions: "(Orders.DelFlg = 0) AND (Orders.SalesId = :salesId:)"
[Sat, 15 Apr 17 11:29:08 +0800][DEBUG] findConditions toBind: {"salesId":"2"}
[Sat, 15 Apr 17 11:29:08 +0800][DEBUG] salesOrderListfindConditions : {"conditions":"(Orders.DelFlg = 0) AND (Orders.SalesId = :salesId:)","bind":{"salesId":"2"},"columns":["Orders.Id as OrderId,Orders.OrderNo,Orders.CustomerNm,Orders.RoomId,Room.RoomNo,Orders.Mobile,Orders.OrderStatus,\n        Orders.PayType,Orders.Label,Orders.Release,Orders.SalesId,Orders.UptDt"]}
[Sat, 15 Apr 17 11:29:08 +0800][DEBUG] salesOrderListorder list get pages info done : 1492226948
[Sat, 15 Apr 17 11:29:08 +0800][DEBUG] findConditions Conditions: "(Orders.DelFlg = 0) AND (Orders.SalesId = :salesId:)"
[Sat, 15 Apr 17 11:29:08 +0800][DEBUG] findConditions toBind: {"salesId":"2"}
[Sat, 15 Apr 17 11:29:08 +0800][DEBUG] salesOrderListfindConditions : {"conditions":"(Orders.DelFlg = 0) AND (Orders.SalesId = :salesId:)","bind":{"salesId":"2"},"columns":["Orders.Id as OrderId,Orders.OrderNo,Orders.CustomerNm,Orders.RoomId,Room.RoomNo,Orders.Mobile,Orders.OrderStatus,\n        Orders.PayType,Orders.Label,Orders.Release,Orders.SalesId,Orders.UptDt"]}
[Sat, 15 Apr 17 11:29:08 +0800][DEBUG] salesOrderListorder list get pages info done : 1492226948
[Sat, 15 Apr 17 11:41:15 +0800][DEBUG] findConditions Conditions: "(Orders.DelFlg = 0) AND (Orders.SalesId = :salesId:)"
[Sat, 15 Apr 17 11:41:15 +0800][DEBUG] findConditions toBind: {"salesId":"2"}
[Sat, 15 Apr 17 11:41:15 +0800][DEBUG] salesOrderListfindConditions : {"conditions":"(Orders.DelFlg = 0) AND (Orders.SalesId = :salesId:)","bind":{"salesId":"2"},"columns":["Orders.Id as OrderId,Orders.OrderNo,Orders.CustomerNm,Orders.RoomId,Room.RoomNo,Orders.Mobile,Orders.OrderStatus,\n        Orders.PayType,Orders.Label,Orders.Release,Orders.SalesId,Orders.UptDt"]}
[Sat, 15 Apr 17 11:41:15 +0800][DEBUG] findConditions Conditions: "(Orders.DelFlg = 0) AND (Orders.SalesId = :salesId:)"
[Sat, 15 Apr 17 11:41:15 +0800][DEBUG] findConditions toBind: {"salesId":"2"}
[Sat, 15 Apr 17 11:41:15 +0800][DEBUG] salesOrderListfindConditions : {"conditions":"(Orders.DelFlg = 0) AND (Orders.SalesId = :salesId:)","bind":{"salesId":"2"},"columns":["Orders.Id as OrderId,Orders.OrderNo,Orders.CustomerNm,Orders.RoomId,Room.RoomNo,Orders.Mobile,Orders.OrderStatus,\n        Orders.PayType,Orders.Label,Orders.Release,Orders.SalesId,Orders.UptDt"]}
[Sat, 15 Apr 17 11:41:15 +0800][DEBUG] salesOrderListorder list get pages info done : 1492227675
[Sat, 15 Apr 17 11:41:15 +0800][DEBUG] salesOrderListorder list get pages info done : 1492227675
[Sat, 15 Apr 17 11:43:28 +0800][DEBUG] findConditions Conditions: "(Orders.DelFlg = 0) AND (Orders.SalesId = :salesId:)"
[Sat, 15 Apr 17 11:43:28 +0800][DEBUG] findConditions toBind: {"salesId":"2"}
[Sat, 15 Apr 17 11:43:28 +0800][DEBUG] salesOrderListfindConditions : {"conditions":"(Orders.DelFlg = 0) AND (Orders.SalesId = :salesId:)","bind":{"salesId":"2"},"columns":["Orders.Id as OrderId,Orders.OrderNo,Orders.CustomerNm,Orders.RoomId,Room.RoomNo,Orders.Mobile,Orders.OrderStatus,\n        Orders.PayType,Orders.Label,Orders.Release,Orders.SalesId,Orders.UptDt"]}
[Sat, 15 Apr 17 11:43:28 +0800][DEBUG] findConditions Conditions: "(Orders.DelFlg = 0) AND (Orders.SalesId = :salesId:)"
[Sat, 15 Apr 17 11:43:28 +0800][DEBUG] findConditions toBind: {"salesId":"2"}
[Sat, 15 Apr 17 11:43:28 +0800][DEBUG] salesOrderListfindConditions : {"conditions":"(Orders.DelFlg = 0) AND (Orders.SalesId = :salesId:)","bind":{"salesId":"2"},"columns":["Orders.Id as OrderId,Orders.OrderNo,Orders.CustomerNm,Orders.RoomId,Room.RoomNo,Orders.Mobile,Orders.OrderStatus,\n        Orders.PayType,Orders.Label,Orders.Release,Orders.SalesId,Orders.UptDt"]}
[Sat, 15 Apr 17 11:43:28 +0800][DEBUG] salesOrderListorder list get pages info done : 1492227808
[Sat, 15 Apr 17 11:43:28 +0800][DEBUG] salesOrderListorder list get pages info done : 1492227808
[Sat, 15 Apr 17 11:49:03 +0800][DEBUG] findConditions Conditions: "(Orders.DelFlg = 0) AND (Orders.SalesId = :salesId:)"
[Sat, 15 Apr 17 11:49:03 +0800][DEBUG] findConditions toBind: {"salesId":"2"}
[Sat, 15 Apr 17 11:49:03 +0800][DEBUG] salesOrderListfindConditions : {"conditions":"(Orders.DelFlg = 0) AND (Orders.SalesId = :salesId:)","bind":{"salesId":"2"},"columns":["Orders.Id as OrderId,Orders.OrderNo,Orders.CustomerNm,Orders.RoomId,Room.RoomNo,Orders.Mobile,Orders.OrderStatus,\n        Orders.PayType,Orders.Label,Orders.Release,Orders.SalesId,Orders.UptDt"]}
[Sat, 15 Apr 17 11:49:03 +0800][DEBUG] salesOrderListorder list get pages info done : 1492228143
[Sat, 15 Apr 17 11:49:03 +0800][DEBUG] findConditions Conditions: "(Orders.DelFlg = 0) AND (Orders.SalesId = :salesId:)"
[Sat, 15 Apr 17 11:49:03 +0800][DEBUG] findConditions toBind: {"salesId":"2"}
[Sat, 15 Apr 17 11:49:03 +0800][DEBUG] salesOrderListfindConditions : {"conditions":"(Orders.DelFlg = 0) AND (Orders.SalesId = :salesId:)","bind":{"salesId":"2"},"columns":["Orders.Id as OrderId,Orders.OrderNo,Orders.CustomerNm,Orders.RoomId,Room.RoomNo,Orders.Mobile,Orders.OrderStatus,\n        Orders.PayType,Orders.Label,Orders.Release,Orders.SalesId,Orders.UptDt"]}
[Sat, 15 Apr 17 11:49:03 +0800][DEBUG] salesOrderListorder list get pages info done : 1492228143
[Sat, 15 Apr 17 11:50:12 +0800][DEBUG] checkAllotQueryOrderByOperatorIdorderList count : [{"Count":0,"OperatorId":"3"},{"Count":1,"OperatorId":"20"},{"Count":3,"OperatorId":"5"},{"Count":2,"OperatorId":"88"}]
[Sat, 15 Apr 17 11:50:12 +0800][DEBUG] addOrder add orders operator Info :{"Count":2,"OperatorId":"88"}
[Sat, 15 Apr 17 11:50:12 +0800][DEBUG] findConditions Conditions: "(Orders.DelFlg = 0) AND (Orders.SalesId = :salesId:)"
[Sat, 15 Apr 17 11:50:12 +0800][DEBUG] findConditions toBind: {"salesId":"2"}
[Sat, 15 Apr 17 11:50:12 +0800][DEBUG] salesOrderListfindConditions : {"conditions":"(Orders.DelFlg = 0) AND (Orders.SalesId = :salesId:)","bind":{"salesId":"2"},"columns":["Orders.Id as OrderId,Orders.OrderNo,Orders.CustomerNm,Orders.RoomId,Room.RoomNo,Orders.Mobile,Orders.OrderStatus,\n        Orders.PayType,Orders.Label,Orders.Release,Orders.SalesId,Orders.UptDt"]}
[Sat, 15 Apr 17 11:50:12 +0800][DEBUG] findConditions Conditions: "(Orders.DelFlg = 0) AND (Orders.SalesId = :salesId:)"
[Sat, 15 Apr 17 11:50:12 +0800][DEBUG] findConditions toBind: {"salesId":"2"}
[Sat, 15 Apr 17 11:50:12 +0800][DEBUG] salesOrderListfindConditions : {"conditions":"(Orders.DelFlg = 0) AND (Orders.SalesId = :salesId:)","bind":{"salesId":"2"},"columns":["Orders.Id as OrderId,Orders.OrderNo,Orders.CustomerNm,Orders.RoomId,Room.RoomNo,Orders.Mobile,Orders.OrderStatus,\n        Orders.PayType,Orders.Label,Orders.Release,Orders.SalesId,Orders.UptDt"]}
[Sat, 15 Apr 17 11:50:12 +0800][DEBUG] findConditions Conditions: "(Orders.DelFlg = 0) AND (Orders.SalesId = :salesId:)"
[Sat, 15 Apr 17 11:50:12 +0800][DEBUG] findConditions toBind: {"salesId":"2"}
[Sat, 15 Apr 17 11:50:12 +0800][DEBUG] salesOrderListfindConditions : {"conditions":"(Orders.DelFlg = 0) AND (Orders.SalesId = :salesId:)","bind":{"salesId":"2"},"columns":["Orders.Id as OrderId,Orders.OrderNo,Orders.CustomerNm,Orders.RoomId,Room.RoomNo,Orders.Mobile,Orders.OrderStatus,\n        Orders.PayType,Orders.Label,Orders.Release,Orders.SalesId,Orders.UptDt"]}
[Sat, 15 Apr 17 11:50:12 +0800][DEBUG] salesOrderListorder list get pages info done : 1492228212
[Sat, 15 Apr 17 11:50:12 +0800][DEBUG] salesOrderListorder list get pages info done : 1492228212
[Sat, 15 Apr 17 11:50:12 +0800][DEBUG] salesOrderListorder list get pages info done : 1492228212
[Sat, 15 Apr 17 11:50:14 +0800][DEBUG] findConditions Conditions: "(Orders.DelFlg = 0) AND (Orders.SalesId = :salesId:)"
[Sat, 15 Apr 17 11:50:14 +0800][DEBUG] findConditions toBind: {"salesId":"2"}
[Sat, 15 Apr 17 11:50:14 +0800][DEBUG] salesOrderListfindConditions : {"conditions":"(Orders.DelFlg = 0) AND (Orders.SalesId = :salesId:)","bind":{"salesId":"2"},"columns":["Orders.Id as OrderId,Orders.OrderNo,Orders.CustomerNm,Orders.RoomId,Room.RoomNo,Orders.Mobile,Orders.OrderStatus,\n        Orders.PayType,Orders.Label,Orders.Release,Orders.SalesId,Orders.UptDt"]}
[Sat, 15 Apr 17 11:50:14 +0800][DEBUG] salesOrderListorder list get pages info done : 1492228214
[Sat, 15 Apr 17 11:50:23 +0800][DEBUG] findConditions Conditions: "(Orders.DelFlg = 0) AND (Orders.SalesId = :salesId:)"
[Sat, 15 Apr 17 11:50:23 +0800][DEBUG] findConditions toBind: {"salesId":"2"}
[Sat, 15 Apr 17 11:50:23 +0800][DEBUG] salesOrderListfindConditions : {"conditions":"(Orders.DelFlg = 0) AND (Orders.SalesId = :salesId:)","bind":{"salesId":"2"},"columns":["Orders.Id as OrderId,Orders.OrderNo,Orders.CustomerNm,Orders.RoomId,Room.RoomNo,Orders.Mobile,Orders.OrderStatus,\n        Orders.PayType,Orders.Label,Orders.Release,Orders.SalesId,Orders.UptDt"]}
[Sat, 15 Apr 17 11:50:23 +0800][DEBUG] salesOrderListorder list get pages info done : 1492228223
[Sat, 15 Apr 17 11:50:23 +0800][DEBUG] findConditions Conditions: "(Orders.DelFlg = 0) AND (Orders.SalesId = :salesId:)"
[Sat, 15 Apr 17 11:50:23 +0800][DEBUG] findConditions toBind: {"salesId":"2"}
[Sat, 15 Apr 17 11:50:23 +0800][DEBUG] salesOrderListfindConditions : {"conditions":"(Orders.DelFlg = 0) AND (Orders.SalesId = :salesId:)","bind":{"salesId":"2"},"columns":["Orders.Id as OrderId,Orders.OrderNo,Orders.CustomerNm,Orders.RoomId,Room.RoomNo,Orders.Mobile,Orders.OrderStatus,\n        Orders.PayType,Orders.Label,Orders.Release,Orders.SalesId,Orders.UptDt"]}
[Sat, 15 Apr 17 11:50:23 +0800][DEBUG] salesOrderListorder list get pages info done : 1492228223
[Sat, 15 Apr 17 11:54:29 +0800][DEBUG] findConditions Conditions: "(Orders.DelFlg = 0) AND (Orders.SalesId = :salesId:)"
[Sat, 15 Apr 17 11:54:29 +0800][DEBUG] findConditions Conditions: "(Orders.DelFlg = 0) AND (Orders.SalesId = :salesId:)"
[Sat, 15 Apr 17 11:54:29 +0800][DEBUG] findConditions toBind: {"salesId":"14"}
[Sat, 15 Apr 17 11:54:29 +0800][DEBUG] findConditions toBind: {"salesId":"14"}
[Sat, 15 Apr 17 11:54:29 +0800][DEBUG] salesOrderListfindConditions : {"conditions":"(Orders.DelFlg = 0) AND (Orders.SalesId = :salesId:)","bind":{"salesId":"14"},"columns":["Orders.Id as OrderId,Orders.OrderNo,Orders.CustomerNm,Orders.RoomId,Room.RoomNo,Orders.Mobile,Orders.OrderStatus,\n        Orders.PayType,Orders.Label,Orders.Release,Orders.SalesId,Orders.UptDt"]}
[Sat, 15 Apr 17 11:54:29 +0800][DEBUG] salesOrderListfindConditions : {"conditions":"(Orders.DelFlg = 0) AND (Orders.SalesId = :salesId:)","bind":{"salesId":"14"},"columns":["Orders.Id as OrderId,Orders.OrderNo,Orders.CustomerNm,Orders.RoomId,Room.RoomNo,Orders.Mobile,Orders.OrderStatus,\n        Orders.PayType,Orders.Label,Orders.Release,Orders.SalesId,Orders.UptDt"]}
[Sat, 15 Apr 17 11:54:29 +0800][DEBUG] salesOrderListorder list get pages info done : 1492228469
[Sat, 15 Apr 17 11:54:29 +0800][DEBUG] salesOrderListorder list get pages info done : 1492228469
[Sat, 15 Apr 17 11:55:37 +0800][DEBUG] findConditions Conditions: "(Orders.DelFlg = 0) AND (Orders.SalesId = :salesId:)"
[Sat, 15 Apr 17 11:55:37 +0800][DEBUG] findConditions toBind: {"salesId":"14"}
[Sat, 15 Apr 17 11:55:37 +0800][DEBUG] salesOrderListfindConditions : {"conditions":"(Orders.DelFlg = 0) AND (Orders.SalesId = :salesId:)","bind":{"salesId":"14"},"columns":["Orders.Id as OrderId,Orders.OrderNo,Orders.CustomerNm,Orders.RoomId,Room.RoomNo,Orders.Mobile,Orders.OrderStatus,\n        Orders.PayType,Orders.Label,Orders.Release,Orders.SalesId,Orders.UptDt"]}
[Sat, 15 Apr 17 11:55:37 +0800][DEBUG] findConditions Conditions: "(Orders.DelFlg = 0) AND (Orders.SalesId = :salesId:)"
[Sat, 15 Apr 17 11:55:37 +0800][DEBUG] findConditions toBind: {"salesId":"14"}
[Sat, 15 Apr 17 11:55:37 +0800][DEBUG] salesOrderListfindConditions : {"conditions":"(Orders.DelFlg = 0) AND (Orders.SalesId = :salesId:)","bind":{"salesId":"14"},"columns":["Orders.Id as OrderId,Orders.OrderNo,Orders.CustomerNm,Orders.RoomId,Room.RoomNo,Orders.Mobile,Orders.OrderStatus,\n        Orders.PayType,Orders.Label,Orders.Release,Orders.SalesId,Orders.UptDt"]}
[Sat, 15 Apr 17 11:55:37 +0800][DEBUG] salesOrderListorder list get pages info done : 1492228537
[Sat, 15 Apr 17 11:55:37 +0800][DEBUG] salesOrderListorder list get pages info done : 1492228537
[Sat, 15 Apr 17 11:55:48 +0800][DEBUG] findConditions Conditions: "(Orders.DelFlg = 0) AND (Orders.SalesId = :salesId:)"
[Sat, 15 Apr 17 11:55:48 +0800][DEBUG] findConditions toBind: {"salesId":"14"}
[Sat, 15 Apr 17 11:55:48 +0800][DEBUG] salesOrderListfindConditions : {"conditions":"(Orders.DelFlg = 0) AND (Orders.SalesId = :salesId:)","bind":{"salesId":"14"},"columns":["Orders.Id as OrderId,Orders.OrderNo,Orders.CustomerNm,Orders.RoomId,Room.RoomNo,Orders.Mobile,Orders.OrderStatus,\n        Orders.PayType,Orders.Label,Orders.Release,Orders.SalesId,Orders.UptDt"]}
[Sat, 15 Apr 17 11:55:48 +0800][DEBUG] salesOrderListorder list get pages info done : 1492228548
[Sat, 15 Apr 17 11:55:48 +0800][DEBUG] findConditions Conditions: "(Orders.DelFlg = 0) AND (Orders.SalesId = :salesId:)"
[Sat, 15 Apr 17 11:55:48 +0800][DEBUG] findConditions toBind: {"salesId":"14"}
[Sat, 15 Apr 17 11:55:48 +0800][DEBUG] salesOrderListfindConditions : {"conditions":"(Orders.DelFlg = 0) AND (Orders.SalesId = :salesId:)","bind":{"salesId":"14"},"columns":["Orders.Id as OrderId,Orders.OrderNo,Orders.CustomerNm,Orders.RoomId,Room.RoomNo,Orders.Mobile,Orders.OrderStatus,\n        Orders.PayType,Orders.Label,Orders.Release,Orders.SalesId,Orders.UptDt"]}
[Sat, 15 Apr 17 11:55:48 +0800][DEBUG] salesOrderListorder list get pages info done : 1492228548
[Sat, 15 Apr 17 12:03:07 +0800][DEBUG] findConditions Conditions: "(Orders.DelFlg = 0) AND (Orders.SalesId = :salesId:)"
[Sat, 15 Apr 17 12:03:07 +0800][DEBUG] findConditions toBind: {"salesId":"2"}
[Sat, 15 Apr 17 12:03:07 +0800][DEBUG] salesOrderListfindConditions : {"conditions":"(Orders.DelFlg = 0) AND (Orders.SalesId = :salesId:)","bind":{"salesId":"2"},"columns":["Orders.Id as OrderId,Orders.OrderNo,Orders.CustomerNm,Orders.RoomId,Room.RoomNo,Orders.Mobile,Orders.OrderStatus,\n        Orders.PayType,Orders.Label,Orders.Release,Orders.SalesId,Orders.UptDt"]}
[Sat, 15 Apr 17 12:03:07 +0800][DEBUG] findConditions Conditions: "(Orders.DelFlg = 0) AND (Orders.SalesId = :salesId:)"
[Sat, 15 Apr 17 12:03:07 +0800][DEBUG] findConditions toBind: {"salesId":"2"}
[Sat, 15 Apr 17 12:03:07 +0800][DEBUG] salesOrderListfindConditions : {"conditions":"(Orders.DelFlg = 0) AND (Orders.SalesId = :salesId:)","bind":{"salesId":"2"},"columns":["Orders.Id as OrderId,Orders.OrderNo,Orders.CustomerNm,Orders.RoomId,Room.RoomNo,Orders.Mobile,Orders.OrderStatus,\n        Orders.PayType,Orders.Label,Orders.Release,Orders.SalesId,Orders.UptDt"]}
[Sat, 15 Apr 17 12:03:07 +0800][DEBUG] salesOrderListorder list get pages info done : 1492228987
[Sat, 15 Apr 17 12:03:07 +0800][DEBUG] salesOrderListorder list get pages info done : 1492228987
[Sat, 15 Apr 17 12:03:28 +0800][DEBUG] findConditions Conditions: "(Orders.DelFlg = 0) AND (Orders.SalesId = :salesId:)"
[Sat, 15 Apr 17 12:03:28 +0800][DEBUG] findConditions toBind: {"salesId":"2"}
[Sat, 15 Apr 17 12:03:28 +0800][DEBUG] salesOrderListfindConditions : {"conditions":"(Orders.DelFlg = 0) AND (Orders.SalesId = :salesId:)","bind":{"salesId":"2"},"columns":["Orders.Id as OrderId,Orders.OrderNo,Orders.CustomerNm,Orders.RoomId,Room.RoomNo,Orders.Mobile,Orders.OrderStatus,\n        Orders.PayType,Orders.Label,Orders.Release,Orders.SalesId,Orders.UptDt"]}
[Sat, 15 Apr 17 12:03:28 +0800][DEBUG] findConditions Conditions: "(Orders.DelFlg = 0) AND (Orders.SalesId = :salesId:)"
[Sat, 15 Apr 17 12:03:28 +0800][DEBUG] findConditions toBind: {"salesId":"2"}
[Sat, 15 Apr 17 12:03:28 +0800][DEBUG] salesOrderListfindConditions : {"conditions":"(Orders.DelFlg = 0) AND (Orders.SalesId = :salesId:)","bind":{"salesId":"2"},"columns":["Orders.Id as OrderId,Orders.OrderNo,Orders.CustomerNm,Orders.RoomId,Room.RoomNo,Orders.Mobile,Orders.OrderStatus,\n        Orders.PayType,Orders.Label,Orders.Release,Orders.SalesId,Orders.UptDt"]}
[Sat, 15 Apr 17 12:03:28 +0800][DEBUG] salesOrderListorder list get pages info done : 1492229008
[Sat, 15 Apr 17 12:03:28 +0800][DEBUG] salesOrderListorder list get pages info done : 1492229008
[Sat, 15 Apr 17 12:05:07 +0800][DEBUG] checkAllotQueryOrderByOperatorIdorderList count : [{"Count":0,"OperatorId":"3"},{"Count":1,"OperatorId":"20"},{"Count":3,"OperatorId":"5"},{"Count":3,"OperatorId":"88"}]
[Sat, 15 Apr 17 12:05:07 +0800][DEBUG] addOrder add orders operator Info :{"Count":3,"OperatorId":"5"}
[Sat, 15 Apr 17 12:06:51 +0800][DEBUG] findConditions Conditions: "(Orders.DelFlg = 0) AND (Orders.SalesId = :salesId:)"
[Sat, 15 Apr 17 12:06:51 +0800][DEBUG] findConditions toBind: {"salesId":"2"}
[Sat, 15 Apr 17 12:06:51 +0800][DEBUG] salesOrderListfindConditions : {"conditions":"(Orders.DelFlg = 0) AND (Orders.SalesId = :salesId:)","bind":{"salesId":"2"},"columns":["Orders.Id as OrderId,Orders.OrderNo,Orders.CustomerNm,Orders.RoomId,Room.RoomNo,Orders.Mobile,Orders.OrderStatus,\n        Orders.PayType,Orders.Label,Orders.Release,Orders.SalesId,Orders.UptDt"]}
[Sat, 15 Apr 17 12:06:51 +0800][DEBUG] findConditions Conditions: "(Orders.DelFlg = 0) AND (Orders.SalesId = :salesId:)"
[Sat, 15 Apr 17 12:06:51 +0800][DEBUG] findConditions toBind: {"salesId":"2"}
[Sat, 15 Apr 17 12:06:51 +0800][DEBUG] salesOrderListfindConditions : {"conditions":"(Orders.DelFlg = 0) AND (Orders.SalesId = :salesId:)","bind":{"salesId":"2"},"columns":["Orders.Id as OrderId,Orders.OrderNo,Orders.CustomerNm,Orders.RoomId,Room.RoomNo,Orders.Mobile,Orders.OrderStatus,\n        Orders.PayType,Orders.Label,Orders.Release,Orders.SalesId,Orders.UptDt"]}
[Sat, 15 Apr 17 12:06:51 +0800][DEBUG] salesOrderListorder list get pages info done : 1492229211
[Sat, 15 Apr 17 12:06:51 +0800][DEBUG] salesOrderListorder list get pages info done : 1492229211
[Sat, 15 Apr 17 12:07:02 +0800][DEBUG] findConditions Conditions: "(Orders.DelFlg = 0) AND (Orders.SalesId = :salesId:)"
[Sat, 15 Apr 17 12:07:02 +0800][DEBUG] findConditions toBind: {"salesId":"2"}
[Sat, 15 Apr 17 12:07:02 +0800][DEBUG] salesOrderListfindConditions : {"conditions":"(Orders.DelFlg = 0) AND (Orders.SalesId = :salesId:)","bind":{"salesId":"2"},"columns":["Orders.Id as OrderId,Orders.OrderNo,Orders.CustomerNm,Orders.RoomId,Room.RoomNo,Orders.Mobile,Orders.OrderStatus,\n        Orders.PayType,Orders.Label,Orders.Release,Orders.SalesId,Orders.UptDt"]}
[Sat, 15 Apr 17 12:07:02 +0800][DEBUG] salesOrderListorder list get pages info done : 1492229222
[Sat, 15 Apr 17 12:07:02 +0800][DEBUG] findConditions Conditions: "(Orders.DelFlg = 0) AND (Orders.SalesId = :salesId:)"
[Sat, 15 Apr 17 12:07:02 +0800][DEBUG] findConditions toBind: {"salesId":"2"}
[Sat, 15 Apr 17 12:07:02 +0800][DEBUG] salesOrderListfindConditions : {"conditions":"(Orders.DelFlg = 0) AND (Orders.SalesId = :salesId:)","bind":{"salesId":"2"},"columns":["Orders.Id as OrderId,Orders.OrderNo,Orders.CustomerNm,Orders.RoomId,Room.RoomNo,Orders.Mobile,Orders.OrderStatus,\n        Orders.PayType,Orders.Label,Orders.Release,Orders.SalesId,Orders.UptDt"]}
[Sat, 15 Apr 17 12:07:02 +0800][DEBUG] salesOrderListorder list get pages info done : 1492229222
[Sat, 15 Apr 17 12:07:10 +0800][DEBUG] findConditions Conditions: "(Orders.DelFlg = 0) AND (Orders.SalesId = :salesId:)"
[Sat, 15 Apr 17 12:07:10 +0800][DEBUG] findConditions toBind: {"salesId":"2"}
[Sat, 15 Apr 17 12:07:10 +0800][DEBUG] salesOrderListfindConditions : {"conditions":"(Orders.DelFlg = 0) AND (Orders.SalesId = :salesId:)","bind":{"salesId":"2"},"columns":["Orders.Id as OrderId,Orders.OrderNo,Orders.CustomerNm,Orders.RoomId,Room.RoomNo,Orders.Mobile,Orders.OrderStatus,\n        Orders.PayType,Orders.Label,Orders.Release,Orders.SalesId,Orders.UptDt"]}
[Sat, 15 Apr 17 12:07:10 +0800][DEBUG] findConditions Conditions: "(Orders.DelFlg = 0) AND (Orders.SalesId = :salesId:)"
[Sat, 15 Apr 17 12:07:10 +0800][DEBUG] findConditions toBind: {"salesId":"2"}
[Sat, 15 Apr 17 12:07:10 +0800][DEBUG] salesOrderListfindConditions : {"conditions":"(Orders.DelFlg = 0) AND (Orders.SalesId = :salesId:)","bind":{"salesId":"2"},"columns":["Orders.Id as OrderId,Orders.OrderNo,Orders.CustomerNm,Orders.RoomId,Room.RoomNo,Orders.Mobile,Orders.OrderStatus,\n        Orders.PayType,Orders.Label,Orders.Release,Orders.SalesId,Orders.UptDt"]}
[Sat, 15 Apr 17 12:07:10 +0800][DEBUG] salesOrderListorder list get pages info done : 1492229230
[Sat, 15 Apr 17 12:07:10 +0800][DEBUG] salesOrderListorder list get pages info done : 1492229230
[Sat, 15 Apr 17 12:07:14 +0800][DEBUG] findConditions Conditions: "(Orders.DelFlg = 0) AND (Orders.SalesId = :salesId:)"
[Sat, 15 Apr 17 12:07:14 +0800][DEBUG] findConditions toBind: {"salesId":"2"}
[Sat, 15 Apr 17 12:07:14 +0800][DEBUG] salesOrderListfindConditions : {"conditions":"(Orders.DelFlg = 0) AND (Orders.SalesId = :salesId:)","bind":{"salesId":"2"},"columns":["Orders.Id as OrderId,Orders.OrderNo,Orders.CustomerNm,Orders.RoomId,Room.RoomNo,Orders.Mobile,Orders.OrderStatus,\n        Orders.PayType,Orders.Label,Orders.Release,Orders.SalesId,Orders.UptDt"]}
[Sat, 15 Apr 17 12:07:14 +0800][DEBUG] salesOrderListorder list get pages info done : 1492229234
[Sat, 15 Apr 17 12:07:14 +0800][DEBUG] findConditions Conditions: "(Orders.DelFlg = 0) AND (Orders.SalesId = :salesId:)"
[Sat, 15 Apr 17 12:07:14 +0800][DEBUG] findConditions toBind: {"salesId":"2"}
[Sat, 15 Apr 17 12:07:14 +0800][DEBUG] salesOrderListfindConditions : {"conditions":"(Orders.DelFlg = 0) AND (Orders.SalesId = :salesId:)","bind":{"salesId":"2"},"columns":["Orders.Id as OrderId,Orders.OrderNo,Orders.CustomerNm,Orders.RoomId,Room.RoomNo,Orders.Mobile,Orders.OrderStatus,\n        Orders.PayType,Orders.Label,Orders.Release,Orders.SalesId,Orders.UptDt"]}
[Sat, 15 Apr 17 12:07:14 +0800][DEBUG] salesOrderListorder list get pages info done : 1492229234
[Sat, 15 Apr 17 12:07:18 +0800][DEBUG] findConditions Conditions: "(Orders.DelFlg = 0) AND (Orders.SalesId = :salesId:)"
[Sat, 15 Apr 17 12:07:18 +0800][DEBUG] findConditions toBind: {"salesId":"2"}
[Sat, 15 Apr 17 12:07:18 +0800][DEBUG] salesOrderListfindConditions : {"conditions":"(Orders.DelFlg = 0) AND (Orders.SalesId = :salesId:)","bind":{"salesId":"2"},"columns":["Orders.Id as OrderId,Orders.OrderNo,Orders.CustomerNm,Orders.RoomId,Room.RoomNo,Orders.Mobile,Orders.OrderStatus,\n        Orders.PayType,Orders.Label,Orders.Release,Orders.SalesId,Orders.UptDt"]}
[Sat, 15 Apr 17 12:07:18 +0800][DEBUG] findConditions Conditions: "(Orders.DelFlg = 0) AND (Orders.SalesId = :salesId:)"
[Sat, 15 Apr 17 12:07:18 +0800][DEBUG] findConditions toBind: {"salesId":"2"}
[Sat, 15 Apr 17 12:07:18 +0800][DEBUG] salesOrderListfindConditions : {"conditions":"(Orders.DelFlg = 0) AND (Orders.SalesId = :salesId:)","bind":{"salesId":"2"},"columns":["Orders.Id as OrderId,Orders.OrderNo,Orders.CustomerNm,Orders.RoomId,Room.RoomNo,Orders.Mobile,Orders.OrderStatus,\n        Orders.PayType,Orders.Label,Orders.Release,Orders.SalesId,Orders.UptDt"]}
[Sat, 15 Apr 17 12:07:18 +0800][DEBUG] salesOrderListorder list get pages info done : 1492229238
[Sat, 15 Apr 17 12:07:18 +0800][DEBUG] salesOrderListorder list get pages info done : 1492229238
[Sat, 15 Apr 17 12:13:12 +0800][DEBUG] findConditions Conditions: "(Orders.DelFlg = 0) AND (Orders.SalesId = :salesId:)"
[Sat, 15 Apr 17 12:13:12 +0800][DEBUG] findConditions toBind: {"salesId":"2"}
[Sat, 15 Apr 17 12:13:12 +0800][DEBUG] salesOrderListfindConditions : {"conditions":"(Orders.DelFlg = 0) AND (Orders.SalesId = :salesId:)","bind":{"salesId":"2"},"columns":["Orders.Id as OrderId,Orders.OrderNo,Orders.CustomerNm,Orders.RoomId,Room.RoomNo,Orders.Mobile,Orders.OrderStatus,\n        Orders.PayType,Orders.Label,Orders.Release,Orders.SalesId,Orders.UptDt"]}
[Sat, 15 Apr 17 12:13:12 +0800][DEBUG] findConditions Conditions: "(Orders.DelFlg = 0) AND (Orders.SalesId = :salesId:)"
[Sat, 15 Apr 17 12:13:12 +0800][DEBUG] findConditions toBind: {"salesId":"2"}
[Sat, 15 Apr 17 12:13:12 +0800][DEBUG] salesOrderListfindConditions : {"conditions":"(Orders.DelFlg = 0) AND (Orders.SalesId = :salesId:)","bind":{"salesId":"2"},"columns":["Orders.Id as OrderId,Orders.OrderNo,Orders.CustomerNm,Orders.RoomId,Room.RoomNo,Orders.Mobile,Orders.OrderStatus,\n        Orders.PayType,Orders.Label,Orders.Release,Orders.SalesId,Orders.UptDt"]}
[Sat, 15 Apr 17 12:13:12 +0800][DEBUG] salesOrderListorder list get pages info done : 1492229592
[Sat, 15 Apr 17 12:13:12 +0800][DEBUG] salesOrderListorder list get pages info done : 1492229592
[Sat, 15 Apr 17 12:13:17 +0800][DEBUG] findConditions Conditions: "(Orders.DelFlg = 0) AND (Orders.SalesId = :salesId:)"
[Sat, 15 Apr 17 12:13:17 +0800][DEBUG] findConditions Conditions: "(Orders.DelFlg = 0) AND (Orders.SalesId = :salesId:)"
[Sat, 15 Apr 17 12:13:17 +0800][DEBUG] findConditions toBind: {"salesId":"2"}
[Sat, 15 Apr 17 12:13:17 +0800][DEBUG] findConditions toBind: {"salesId":"2"}
[Sat, 15 Apr 17 12:13:17 +0800][DEBUG] salesOrderListfindConditions : {"conditions":"(Orders.DelFlg = 0) AND (Orders.SalesId = :salesId:)","bind":{"salesId":"2"},"columns":["Orders.Id as OrderId,Orders.OrderNo,Orders.CustomerNm,Orders.RoomId,Room.RoomNo,Orders.Mobile,Orders.OrderStatus,\n        Orders.PayType,Orders.Label,Orders.Release,Orders.SalesId,Orders.UptDt"]}
[Sat, 15 Apr 17 12:13:17 +0800][DEBUG] salesOrderListfindConditions : {"conditions":"(Orders.DelFlg = 0) AND (Orders.SalesId = :salesId:)","bind":{"salesId":"2"},"columns":["Orders.Id as OrderId,Orders.OrderNo,Orders.CustomerNm,Orders.RoomId,Room.RoomNo,Orders.Mobile,Orders.OrderStatus,\n        Orders.PayType,Orders.Label,Orders.Release,Orders.SalesId,Orders.UptDt"]}
[Sat, 15 Apr 17 12:13:17 +0800][DEBUG] salesOrderListorder list get pages info done : 1492229597
[Sat, 15 Apr 17 12:13:17 +0800][DEBUG] salesOrderListorder list get pages info done : 1492229597
[Sat, 15 Apr 17 12:14:12 +0800][DEBUG] findConditions Conditions: "(Orders.DelFlg = 0) AND (Orders.SalesId = :salesId:)"
[Sat, 15 Apr 17 12:14:12 +0800][DEBUG] findConditions Conditions: "(Orders.DelFlg = 0) AND (Orders.SalesId = :salesId:)"
[Sat, 15 Apr 17 12:14:12 +0800][DEBUG] findConditions toBind: {"salesId":"2"}
[Sat, 15 Apr 17 12:14:12 +0800][DEBUG] findConditions toBind: {"salesId":"2"}
[Sat, 15 Apr 17 12:14:12 +0800][DEBUG] salesOrderListfindConditions : {"conditions":"(Orders.DelFlg = 0) AND (Orders.SalesId = :salesId:)","bind":{"salesId":"2"},"columns":["Orders.Id as OrderId,Orders.OrderNo,Orders.CustomerNm,Orders.RoomId,Room.RoomNo,Orders.Mobile,Orders.OrderStatus,\n        Orders.PayType,Orders.Label,Orders.Release,Orders.SalesId,Orders.UptDt"]}
[Sat, 15 Apr 17 12:14:12 +0800][DEBUG] salesOrderListfindConditions : {"conditions":"(Orders.DelFlg = 0) AND (Orders.SalesId = :salesId:)","bind":{"salesId":"2"},"columns":["Orders.Id as OrderId,Orders.OrderNo,Orders.CustomerNm,Orders.RoomId,Room.RoomNo,Orders.Mobile,Orders.OrderStatus,\n        Orders.PayType,Orders.Label,Orders.Release,Orders.SalesId,Orders.UptDt"]}
[Sat, 15 Apr 17 12:14:12 +0800][DEBUG] salesOrderListorder list get pages info done : 1492229652
[Sat, 15 Apr 17 12:14:12 +0800][DEBUG] salesOrderListorder list get pages info done : 1492229652
[Sat, 15 Apr 17 12:20:32 +0800][DEBUG] findConditions Conditions: "(Orders.DelFlg = 0) AND (Orders.SalesId = :salesId:)"
[Sat, 15 Apr 17 12:20:32 +0800][DEBUG] findConditions toBind: {"salesId":"14"}
[Sat, 15 Apr 17 12:20:32 +0800][DEBUG] salesOrderListfindConditions : {"conditions":"(Orders.DelFlg = 0) AND (Orders.SalesId = :salesId:)","bind":{"salesId":"14"},"columns":["Orders.Id as OrderId,Orders.OrderNo,Orders.CustomerNm,Orders.RoomId,Room.RoomNo,Orders.Mobile,Orders.OrderStatus,\n        Orders.PayType,Orders.Label,Orders.Release,Orders.SalesId,Orders.UptDt"]}
[Sat, 15 Apr 17 12:20:32 +0800][DEBUG] salesOrderListorder list get pages info done : 1492230032
[Sat, 15 Apr 17 12:20:32 +0800][DEBUG] findConditions Conditions: "(Orders.DelFlg = 0) AND (Orders.SalesId = :salesId:)"
[Sat, 15 Apr 17 12:20:32 +0800][DEBUG] findConditions toBind: {"salesId":"14"}
[Sat, 15 Apr 17 12:20:32 +0800][DEBUG] salesOrderListfindConditions : {"conditions":"(Orders.DelFlg = 0) AND (Orders.SalesId = :salesId:)","bind":{"salesId":"14"},"columns":["Orders.Id as OrderId,Orders.OrderNo,Orders.CustomerNm,Orders.RoomId,Room.RoomNo,Orders.Mobile,Orders.OrderStatus,\n        Orders.PayType,Orders.Label,Orders.Release,Orders.SalesId,Orders.UptDt"]}
[Sat, 15 Apr 17 12:20:32 +0800][DEBUG] salesOrderListorder list get pages info done : 1492230032
[Sat, 15 Apr 17 13:27:33 +0800][DEBUG] findConditions Conditions: "(Orders.DelFlg = 0) AND (Orders.SalesId = :salesId:)"
[Sat, 15 Apr 17 13:27:33 +0800][DEBUG] findConditions toBind: {"salesId":"2"}
[Sat, 15 Apr 17 13:27:33 +0800][DEBUG] salesOrderListfindConditions : {"conditions":"(Orders.DelFlg = 0) AND (Orders.SalesId = :salesId:)","bind":{"salesId":"2"},"columns":["Orders.Id as OrderId,Orders.OrderNo,Orders.CustomerNm,Orders.RoomId,Room.RoomNo,Orders.Mobile,Orders.OrderStatus,\n        Orders.PayType,Orders.Label,Orders.Release,Orders.SalesId,Orders.UptDt"]}
[Sat, 15 Apr 17 13:27:33 +0800][DEBUG] salesOrderListorder list get pages info done : 1492234053
[Sat, 15 Apr 17 13:27:33 +0800][DEBUG] findConditions Conditions: "(Orders.DelFlg = 0) AND (Orders.SalesId = :salesId:)"
[Sat, 15 Apr 17 13:27:33 +0800][DEBUG] findConditions toBind: {"salesId":"2"}
[Sat, 15 Apr 17 13:27:33 +0800][DEBUG] salesOrderListfindConditions : {"conditions":"(Orders.DelFlg = 0) AND (Orders.SalesId = :salesId:)","bind":{"salesId":"2"},"columns":["Orders.Id as OrderId,Orders.OrderNo,Orders.CustomerNm,Orders.RoomId,Room.RoomNo,Orders.Mobile,Orders.OrderStatus,\n        Orders.PayType,Orders.Label,Orders.Release,Orders.SalesId,Orders.UptDt"]}
[Sat, 15 Apr 17 13:27:33 +0800][DEBUG] salesOrderListorder list get pages info done : 1492234053
[Sat, 15 Apr 17 13:28:07 +0800][DEBUG] findConditions Conditions: "(Orders.DelFlg = 0) AND (Orders.SalesId = :salesId:)"
[Sat, 15 Apr 17 13:28:07 +0800][DEBUG] findConditions Conditions: "(Orders.DelFlg = 0) AND (Orders.SalesId = :salesId:)"
[Sat, 15 Apr 17 13:28:07 +0800][DEBUG] findConditions toBind: {"salesId":"2"}
[Sat, 15 Apr 17 13:28:07 +0800][DEBUG] findConditions toBind: {"salesId":"2"}
[Sat, 15 Apr 17 13:28:07 +0800][DEBUG] salesOrderListfindConditions : {"conditions":"(Orders.DelFlg = 0) AND (Orders.SalesId = :salesId:)","bind":{"salesId":"2"},"columns":["Orders.Id as OrderId,Orders.OrderNo,Orders.CustomerNm,Orders.RoomId,Room.RoomNo,Orders.Mobile,Orders.OrderStatus,\n        Orders.PayType,Orders.Label,Orders.Release,Orders.SalesId,Orders.UptDt"]}
[Sat, 15 Apr 17 13:28:07 +0800][DEBUG] salesOrderListfindConditions : {"conditions":"(Orders.DelFlg = 0) AND (Orders.SalesId = :salesId:)","bind":{"salesId":"2"},"columns":["Orders.Id as OrderId,Orders.OrderNo,Orders.CustomerNm,Orders.RoomId,Room.RoomNo,Orders.Mobile,Orders.OrderStatus,\n        Orders.PayType,Orders.Label,Orders.Release,Orders.SalesId,Orders.UptDt"]}
[Sat, 15 Apr 17 13:28:07 +0800][DEBUG] salesOrderListorder list get pages info done : 1492234087
[Sat, 15 Apr 17 13:28:07 +0800][DEBUG] salesOrderListorder list get pages info done : 1492234087
[Sat, 15 Apr 17 13:28:35 +0800][DEBUG] findConditions Conditions: "(Orders.DelFlg = 0) AND (Orders.SalesId = :salesId:)"
[Sat, 15 Apr 17 13:28:35 +0800][DEBUG] findConditions toBind: {"salesId":"2"}
[Sat, 15 Apr 17 13:28:35 +0800][DEBUG] salesOrderListfindConditions : {"conditions":"(Orders.DelFlg = 0) AND (Orders.SalesId = :salesId:)","bind":{"salesId":"2"},"columns":["Orders.Id as OrderId,Orders.OrderNo,Orders.CustomerNm,Orders.RoomId,Room.RoomNo,Orders.Mobile,Orders.OrderStatus,\n        Orders.PayType,Orders.Label,Orders.Release,Orders.SalesId,Orders.UptDt"]}
[Sat, 15 Apr 17 13:28:35 +0800][DEBUG] findConditions Conditions: "(Orders.DelFlg = 0) AND (Orders.SalesId = :salesId:)"
[Sat, 15 Apr 17 13:28:35 +0800][DEBUG] findConditions toBind: {"salesId":"2"}
[Sat, 15 Apr 17 13:28:35 +0800][DEBUG] salesOrderListfindConditions : {"conditions":"(Orders.DelFlg = 0) AND (Orders.SalesId = :salesId:)","bind":{"salesId":"2"},"columns":["Orders.Id as OrderId,Orders.OrderNo,Orders.CustomerNm,Orders.RoomId,Room.RoomNo,Orders.Mobile,Orders.OrderStatus,\n        Orders.PayType,Orders.Label,Orders.Release,Orders.SalesId,Orders.UptDt"]}
[Sat, 15 Apr 17 13:28:35 +0800][DEBUG] salesOrderListorder list get pages info done : 1492234115
[Sat, 15 Apr 17 13:28:35 +0800][DEBUG] salesOrderListorder list get pages info done : 1492234115
[Sat, 15 Apr 17 13:30:24 +0800][DEBUG] checkAllotQueryOrderByOperatorIdorderList count : [{"Count":0,"OperatorId":"3"},{"Count":1,"OperatorId":"20"},{"Count":4,"OperatorId":"5"},{"Count":3,"OperatorId":"88"}]
[Sat, 15 Apr 17 13:30:24 +0800][DEBUG] addOrder add orders operator Info :{"Count":3,"OperatorId":"88"}
[Sat, 15 Apr 17 13:30:25 +0800][DEBUG] findConditions Conditions: "(Orders.DelFlg = 0) AND (Orders.SalesId = :salesId:)"
[Sat, 15 Apr 17 13:30:25 +0800][DEBUG] findConditions toBind: {"salesId":"2"}
[Sat, 15 Apr 17 13:30:25 +0800][DEBUG] salesOrderListfindConditions : {"conditions":"(Orders.DelFlg = 0) AND (Orders.SalesId = :salesId:)","bind":{"salesId":"2"},"columns":["Orders.Id as OrderId,Orders.OrderNo,Orders.CustomerNm,Orders.RoomId,Room.RoomNo,Orders.Mobile,Orders.OrderStatus,\n        Orders.PayType,Orders.Label,Orders.Release,Orders.SalesId,Orders.UptDt"]}
[Sat, 15 Apr 17 13:30:25 +0800][DEBUG] findConditions Conditions: "(Orders.DelFlg = 0) AND (Orders.SalesId = :salesId:)"
[Sat, 15 Apr 17 13:30:25 +0800][DEBUG] findConditions toBind: {"salesId":"2"}
[Sat, 15 Apr 17 13:30:25 +0800][DEBUG] salesOrderListfindConditions : {"conditions":"(Orders.DelFlg = 0) AND (Orders.SalesId = :salesId:)","bind":{"salesId":"2"},"columns":["Orders.Id as OrderId,Orders.OrderNo,Orders.CustomerNm,Orders.RoomId,Room.RoomNo,Orders.Mobile,Orders.OrderStatus,\n        Orders.PayType,Orders.Label,Orders.Release,Orders.SalesId,Orders.UptDt"]}
[Sat, 15 Apr 17 13:30:25 +0800][DEBUG] salesOrderListorder list get pages info done : 1492234225
[Sat, 15 Apr 17 13:30:25 +0800][DEBUG] salesOrderListorder list get pages info done : 1492234225
[Sat, 15 Apr 17 13:30:25 +0800][DEBUG] findConditions Conditions: "(Orders.DelFlg = 0) AND (Orders.SalesId = :salesId:)"
[Sat, 15 Apr 17 13:30:25 +0800][DEBUG] findConditions toBind: {"salesId":"2"}
[Sat, 15 Apr 17 13:30:25 +0800][DEBUG] salesOrderListfindConditions : {"conditions":"(Orders.DelFlg = 0) AND (Orders.SalesId = :salesId:)","bind":{"salesId":"2"},"columns":["Orders.Id as OrderId,Orders.OrderNo,Orders.CustomerNm,Orders.RoomId,Room.RoomNo,Orders.Mobile,Orders.OrderStatus,\n        Orders.PayType,Orders.Label,Orders.Release,Orders.SalesId,Orders.UptDt"]}
[Sat, 15 Apr 17 13:30:25 +0800][DEBUG] salesOrderListorder list get pages info done : 1492234225
[Sat, 15 Apr 17 13:30:26 +0800][DEBUG] findConditions Conditions: "(Orders.DelFlg = 0) AND (Orders.SalesId = :salesId:)"
[Sat, 15 Apr 17 13:30:26 +0800][DEBUG] findConditions toBind: {"salesId":"2"}
[Sat, 15 Apr 17 13:30:26 +0800][DEBUG] salesOrderListfindConditions : {"conditions":"(Orders.DelFlg = 0) AND (Orders.SalesId = :salesId:)","bind":{"salesId":"2"},"columns":["Orders.Id as OrderId,Orders.OrderNo,Orders.CustomerNm,Orders.RoomId,Room.RoomNo,Orders.Mobile,Orders.OrderStatus,\n        Orders.PayType,Orders.Label,Orders.Release,Orders.SalesId,Orders.UptDt"]}
[Sat, 15 Apr 17 13:30:26 +0800][DEBUG] salesOrderListorder list get pages info done : 1492234226
[Sat, 15 Apr 17 13:30:33 +0800][DEBUG] {closure} sales edit order data: {"payType":"3","orderId":"15","projectId":"20170413151934182959","customerNm":"skldkdls","mobile":"13934453453","roomId":"9","address":"sdfsfsdf","unit":"151","salePrice":"23423","contractAmount":"34241233","ensureAmount":"234233","paymentAmount":"32423423","fundsAmount":"32123","userToken":"925c813d2c9cb0dc921bb956ee8db5e522225859"}
[Sat, 15 Apr 17 13:30:33 +0800][DEBUG] findConditions Conditions: "(Orders.DelFlg = 0) AND (Orders.SalesId = :salesId:)"
[Sat, 15 Apr 17 13:30:33 +0800][DEBUG] findConditions toBind: {"salesId":"2"}
[Sat, 15 Apr 17 13:30:33 +0800][DEBUG] salesOrderListfindConditions : {"conditions":"(Orders.DelFlg = 0) AND (Orders.SalesId = :salesId:)","bind":{"salesId":"2"},"columns":["Orders.Id as OrderId,Orders.OrderNo,Orders.CustomerNm,Orders.RoomId,Room.RoomNo,Orders.Mobile,Orders.OrderStatus,\n        Orders.PayType,Orders.Label,Orders.Release,Orders.SalesId,Orders.UptDt"]}
[Sat, 15 Apr 17 13:30:33 +0800][DEBUG] findConditions Conditions: "(Orders.DelFlg = 0) AND (Orders.SalesId = :salesId:)"
[Sat, 15 Apr 17 13:30:33 +0800][DEBUG] findConditions toBind: {"salesId":"2"}
[Sat, 15 Apr 17 13:30:33 +0800][DEBUG] salesOrderListorder list get pages info done : 1492234233
[Sat, 15 Apr 17 13:30:33 +0800][DEBUG] salesOrderListfindConditions : {"conditions":"(Orders.DelFlg = 0) AND (Orders.SalesId = :salesId:)","bind":{"salesId":"2"},"columns":["Orders.Id as OrderId,Orders.OrderNo,Orders.CustomerNm,Orders.RoomId,Room.RoomNo,Orders.Mobile,Orders.OrderStatus,\n        Orders.PayType,Orders.Label,Orders.Release,Orders.SalesId,Orders.UptDt"]}
[Sat, 15 Apr 17 13:30:33 +0800][DEBUG] salesOrderListorder list get pages info done : 1492234233
[Sat, 15 Apr 17 13:30:33 +0800][DEBUG] findConditions Conditions: "(Orders.DelFlg = 0) AND (Orders.SalesId = :salesId:)"
[Sat, 15 Apr 17 13:30:33 +0800][DEBUG] findConditions toBind: {"salesId":"2"}
[Sat, 15 Apr 17 13:30:33 +0800][DEBUG] salesOrderListfindConditions : {"conditions":"(Orders.DelFlg = 0) AND (Orders.SalesId = :salesId:)","bind":{"salesId":"2"},"columns":["Orders.Id as OrderId,Orders.OrderNo,Orders.CustomerNm,Orders.RoomId,Room.RoomNo,Orders.Mobile,Orders.OrderStatus,\n        Orders.PayType,Orders.Label,Orders.Release,Orders.SalesId,Orders.UptDt"]}
[Sat, 15 Apr 17 13:30:33 +0800][DEBUG] salesOrderListorder list get pages info done : 1492234233
[Sat, 15 Apr 17 13:30:37 +0800][DEBUG] findConditions Conditions: "(Orders.DelFlg = 0) AND (Orders.SalesId = :salesId:)"
[Sat, 15 Apr 17 13:30:37 +0800][DEBUG] findConditions toBind: {"salesId":"2"}
[Sat, 15 Apr 17 13:30:37 +0800][DEBUG] salesOrderListfindConditions : {"conditions":"(Orders.DelFlg = 0) AND (Orders.SalesId = :salesId:)","bind":{"salesId":"2"},"columns":["Orders.Id as OrderId,Orders.OrderNo,Orders.CustomerNm,Orders.RoomId,Room.RoomNo,Orders.Mobile,Orders.OrderStatus,\n        Orders.PayType,Orders.Label,Orders.Release,Orders.SalesId,Orders.UptDt"]}
[Sat, 15 Apr 17 13:30:37 +0800][DEBUG] salesOrderListorder list get pages info done : 1492234237
[Sat, 15 Apr 17 13:30:39 +0800][DEBUG] findConditions Conditions: "(Orders.DelFlg = 0) AND (Orders.SalesId = :salesId:)"
[Sat, 15 Apr 17 13:30:39 +0800][DEBUG] findConditions toBind: {"salesId":"2"}
[Sat, 15 Apr 17 13:30:39 +0800][DEBUG] salesOrderListfindConditions : {"conditions":"(Orders.DelFlg = 0) AND (Orders.SalesId = :salesId:)","bind":{"salesId":"2"},"columns":["Orders.Id as OrderId,Orders.OrderNo,Orders.CustomerNm,Orders.RoomId,Room.RoomNo,Orders.Mobile,Orders.OrderStatus,\n        Orders.PayType,Orders.Label,Orders.Release,Orders.SalesId,Orders.UptDt"]}
[Sat, 15 Apr 17 13:30:39 +0800][DEBUG] salesOrderListorder list get pages info done : 1492234239
[Sat, 15 Apr 17 13:30:42 +0800][DEBUG] findConditions Conditions: "(Orders.DelFlg = 0) AND (Orders.SalesId = :salesId:)"
[Sat, 15 Apr 17 13:30:42 +0800][DEBUG] findConditions toBind: {"salesId":"2"}
[Sat, 15 Apr 17 13:30:42 +0800][DEBUG] salesOrderListfindConditions : {"conditions":"(Orders.DelFlg = 0) AND (Orders.SalesId = :salesId:)","bind":{"salesId":"2"},"columns":["Orders.Id as OrderId,Orders.OrderNo,Orders.CustomerNm,Orders.RoomId,Room.RoomNo,Orders.Mobile,Orders.OrderStatus,\n        Orders.PayType,Orders.Label,Orders.Release,Orders.SalesId,Orders.UptDt"]}
[Sat, 15 Apr 17 13:30:42 +0800][DEBUG] salesOrderListorder list get pages info done : 1492234242
[Sat, 15 Apr 17 13:30:42 +0800][DEBUG] findConditions Conditions: "(Orders.DelFlg = 0) AND (Orders.SalesId = :salesId:)"
[Sat, 15 Apr 17 13:30:42 +0800][DEBUG] findConditions toBind: {"salesId":"2"}
[Sat, 15 Apr 17 13:30:42 +0800][DEBUG] salesOrderListfindConditions : {"conditions":"(Orders.DelFlg = 0) AND (Orders.SalesId = :salesId:)","bind":{"salesId":"2"},"columns":["Orders.Id as OrderId,Orders.OrderNo,Orders.CustomerNm,Orders.RoomId,Room.RoomNo,Orders.Mobile,Orders.OrderStatus,\n        Orders.PayType,Orders.Label,Orders.Release,Orders.SalesId,Orders.UptDt"]}
[Sat, 15 Apr 17 13:30:42 +0800][DEBUG] salesOrderListorder list get pages info done : 1492234242
[Sat, 15 Apr 17 13:33:47 +0800][DEBUG] operatorOrderListfindConditions : {"conditions":"(Orders.ProjectId = :projectId: AND Orders.OrderStatus in ({oStatus:array})) AND ((Orders.QueryOperatorId = :operatorId:) OR (Orders.PrevueOperatorId = :operatorId:) OR (Orders.LoanOperatorId = :operatorId:) OR (Orders.FinishOperatorId))","bind":{"oStatus":["2","5","6","7","8","9","10","11","14","16","17","18","2","5","6","7","8","9","10","11","7","10","16","17","18","2","5","6","7","8","9","10","11","7","10","16","17","18","2","5","6","7","8","9","10","11","7","10","16","17","18","2","5","6","7","8","9","10","11","7","10","16","17","18"],"operatorId":"88","projectId":"20170413151934182959"},"columns":["Orders.Id as OrderId,Orders.ProjectId,Orders.OrderNo,Orders.CustomerNm,Orders.RoomId,Room.RoomNo,\n        Orders.Mobile,Orders.OrderStatus,Orders.QueryOperatorId,Orders.PrevueOperatorId,Orders.LoanOperatorId,Orders.FinishOperatorId,Orders.UpdateStatus,Orders.Memo,Orders.PayType,Orders.Label,Orders.SalesId,Orders.UptDt"]}
[Sat, 15 Apr 17 13:33:47 +0800][DEBUG] operatorOrderListorder list get pages info done : 1492234427
[Sat, 15 Apr 17 13:33:47 +0800][DEBUG] operatorOrderListfindConditions : {"conditions":"(Orders.ProjectId = :projectId: AND Orders.OrderStatus in ({oStatus:array})) AND ((Orders.QueryOperatorId = :operatorId:) OR (Orders.PrevueOperatorId = :operatorId:) OR (Orders.LoanOperatorId = :operatorId:) OR (Orders.FinishOperatorId))","bind":{"oStatus":["2","5","6","7","8","9","10","11","14","16","17","18","2","5","6","7","8","9","10","11","7","10","16","17","18","2","5","6","7","8","9","10","11","7","10","16","17","18","2","5","6","7","8","9","10","11","7","10","16","17","18","2","5","6","7","8","9","10","11","7","10","16","17","18"],"operatorId":"88","projectId":"20170413151934182959"},"columns":["Orders.Id as OrderId,Orders.ProjectId,Orders.OrderNo,Orders.CustomerNm,Orders.RoomId,Room.RoomNo,\n        Orders.Mobile,Orders.OrderStatus,Orders.QueryOperatorId,Orders.PrevueOperatorId,Orders.LoanOperatorId,Orders.FinishOperatorId,Orders.UpdateStatus,Orders.Memo,Orders.PayType,Orders.Label,Orders.SalesId,Orders.UptDt"]}
[Sat, 15 Apr 17 13:33:47 +0800][DEBUG] operatorOrderListorder list get pages info done : 1492234427
[Sat, 15 Apr 17 13:33:47 +0800][DEBUG] operatorOrderListfindConditions : {"conditions":"(Orders.ProjectId = :projectId: AND Orders.OrderStatus in ({oStatus:array})) AND ((Orders.QueryOperatorId = :operatorId:) OR (Orders.PrevueOperatorId = :operatorId:) OR (Orders.LoanOperatorId = :operatorId:) OR (Orders.FinishOperatorId))","bind":{"oStatus":["2","5","6","7","8","9","10","11","14","16","17","18","2","5","6","7","8","9","10","11","7","10","16","17","18","2","5","6","7","8","9","10","11","7","10","16","17","18","2","5","6","7","8","9","10","11","7","10","16","17","18","2","5","6","7","8","9","10","11","7","10","16","17","18"],"operatorId":"88","projectId":"20170413151934182959"},"columns":["Orders.Id as OrderId,Orders.ProjectId,Orders.OrderNo,Orders.CustomerNm,Orders.RoomId,Room.RoomNo,\n        Orders.Mobile,Orders.OrderStatus,Orders.QueryOperatorId,Orders.PrevueOperatorId,Orders.LoanOperatorId,Orders.FinishOperatorId,Orders.UpdateStatus,Orders.Memo,Orders.PayType,Orders.Label,Orders.SalesId,Orders.UptDt"]}
[Sat, 15 Apr 17 13:33:47 +0800][DEBUG] operatorOrderListorder list get pages info done : 1492234427
[Sat, 15 Apr 17 13:33:47 +0800][DEBUG] operatorOrderListfindConditions : {"conditions":"(Orders.ProjectId = :projectId: AND Orders.OrderStatus in ({oStatus:array})) AND ((Orders.QueryOperatorId = :operatorId:) OR (Orders.PrevueOperatorId = :operatorId:) OR (Orders.LoanOperatorId = :operatorId:) OR (Orders.FinishOperatorId))","bind":{"oStatus":["2","5","6","7","8","9","10","11","14","16","17","18","2","5","6","7","8","9","10","11","7","10","16","17","18","2","5","6","7","8","9","10","11","7","10","16","17","18","2","5","6","7","8","9","10","11","7","10","16","17","18","2","5","6","7","8","9","10","11","7","10","16","17","18"],"operatorId":"88","projectId":"20170413151934182959"},"columns":["Orders.Id as OrderId,Orders.ProjectId,Orders.OrderNo,Orders.CustomerNm,Orders.RoomId,Room.RoomNo,\n        Orders.Mobile,Orders.OrderStatus,Orders.QueryOperatorId,Orders.PrevueOperatorId,Orders.LoanOperatorId,Orders.FinishOperatorId,Orders.UpdateStatus,Orders.Memo,Orders.PayType,Orders.Label,Orders.SalesId,Orders.UptDt"]}
[Sat, 15 Apr 17 13:33:47 +0800][DEBUG] operatorOrderListorder list get pages info done : 1492234427
[Sat, 15 Apr 17 13:33:50 +0800][DEBUG] operatorOrderListfindConditions : {"conditions":"(Orders.ProjectId = :projectId: AND Orders.OrderStatus in ({oStatus:array})) AND ((Orders.QueryOperatorId = :operatorId:) OR (Orders.PrevueOperatorId = :operatorId:) OR (Orders.LoanOperatorId = :operatorId:) OR (Orders.FinishOperatorId))","bind":{"oStatus":["2","5","6","7","8","9","10","11","14","16","17","18","2","5","6","7","8","9","10","11","7","10","16","17","18","2","5","6","7","8","9","10","11","7","10","16","17","18","2","5","6","7","8","9","10","11","7","10","16","17","18","2","5","6","7","8","9","10","11","7","10","16","17","18"],"operatorId":"88","projectId":"20170413151934182959"},"columns":["Orders.Id as OrderId,Orders.ProjectId,Orders.OrderNo,Orders.CustomerNm,Orders.RoomId,Room.RoomNo,\n        Orders.Mobile,Orders.OrderStatus,Orders.QueryOperatorId,Orders.PrevueOperatorId,Orders.LoanOperatorId,Orders.FinishOperatorId,Orders.UpdateStatus,Orders.Memo,Orders.PayType,Orders.Label,Orders.SalesId,Orders.UptDt"]}
[Sat, 15 Apr 17 13:33:50 +0800][DEBUG] operatorOrderListorder list get pages info done : 1492234430
[Sat, 15 Apr 17 13:33:57 +0800][DEBUG] operatorOrderListfindConditions : {"conditions":"(Orders.ProjectId = :projectId: AND Orders.OrderStatus in ({oStatus:array})) AND ((Orders.QueryOperatorId = :operatorId:) OR (Orders.PrevueOperatorId = :operatorId:) OR (Orders.LoanOperatorId = :operatorId:) OR (Orders.FinishOperatorId))","bind":{"oStatus":["2","5","6","7","8","9","10","11","14","16","17","18","2","5","6","7","8","9","10","11","7","10","16","17","18","2","5","6","7","8","9","10","11","7","10","16","17","18","2","5","6","7","8","9","10","11","7","10","16","17","18","2","5","6","7","8","9","10","11","7","10","16","17","18"],"operatorId":"88","projectId":"20170413151934182959"},"columns":["Orders.Id as OrderId,Orders.ProjectId,Orders.OrderNo,Orders.CustomerNm,Orders.RoomId,Room.RoomNo,\n        Orders.Mobile,Orders.OrderStatus,Orders.QueryOperatorId,Orders.PrevueOperatorId,Orders.LoanOperatorId,Orders.FinishOperatorId,Orders.UpdateStatus,Orders.Memo,Orders.PayType,Orders.Label,Orders.SalesId,Orders.UptDt"]}
[Sat, 15 Apr 17 13:33:57 +0800][DEBUG] operatorOrderListorder list get pages info done : 1492234437
[Sat, 15 Apr 17 13:34:04 +0800][DEBUG] operatorOrderListfindConditions : {"conditions":"(Orders.ProjectId = :projectId: AND Orders.OrderStatus in ({oStatus:array})) AND ((Orders.QueryOperatorId = :operatorId:) OR (Orders.PrevueOperatorId = :operatorId:) OR (Orders.LoanOperatorId = :operatorId:) OR (Orders.FinishOperatorId))","bind":{"oStatus":["2","5","6","7","8","9","10","11","14","16","17","18","2","5","6","7","8","9","10","11","7","10","16","17","18","2","5","6","7","8","9","10","11","7","10","16","17","18","2","5","6","7","8","9","10","11","7","10","16","17","18","2","5","6","7","8","9","10","11","7","10","16","17","18"],"operatorId":"88","projectId":"20170413151934182959"},"columns":["Orders.Id as OrderId,Orders.ProjectId,Orders.OrderNo,Orders.CustomerNm,Orders.RoomId,Room.RoomNo,\n        Orders.Mobile,Orders.OrderStatus,Orders.QueryOperatorId,Orders.PrevueOperatorId,Orders.LoanOperatorId,Orders.FinishOperatorId,Orders.UpdateStatus,Orders.Memo,Orders.PayType,Orders.Label,Orders.SalesId,Orders.UptDt"]}
[Sat, 15 Apr 17 13:34:04 +0800][DEBUG] operatorOrderListorder list get pages info done : 1492234444
[Sat, 15 Apr 17 13:34:07 +0800][DEBUG] operatorOrderListfindConditions : {"conditions":"(Orders.ProjectId = :projectId: AND Orders.OrderStatus in ({oStatus:array})) AND ((Orders.QueryOperatorId = :operatorId:) OR (Orders.PrevueOperatorId = :operatorId:) OR (Orders.LoanOperatorId = :operatorId:) OR (Orders.FinishOperatorId))","bind":{"oStatus":["2","5","6","7","8","9","10","11","14","16","17","18","2","5","6","7","8","9","10","11","7","10","16","17","18","2","5","6","7","8","9","10","11","7","10","16","17","18","2","5","6","7","8","9","10","11","7","10","16","17","18","2","5","6","7","8","9","10","11","7","10","16","17","18"],"operatorId":"88","projectId":"20170413151934182959"},"columns":["Orders.Id as OrderId,Orders.ProjectId,Orders.OrderNo,Orders.CustomerNm,Orders.RoomId,Room.RoomNo,\n        Orders.Mobile,Orders.OrderStatus,Orders.QueryOperatorId,Orders.PrevueOperatorId,Orders.LoanOperatorId,Orders.FinishOperatorId,Orders.UpdateStatus,Orders.Memo,Orders.PayType,Orders.Label,Orders.SalesId,Orders.UptDt"]}
[Sat, 15 Apr 17 13:34:07 +0800][DEBUG] operatorOrderListorder list get pages info done : 1492234447
[Sat, 15 Apr 17 13:34:20 +0800][DEBUG] operatorOrderListfindConditions : {"conditions":"(Orders.ProjectId = :projectId:) AND ((Orders.QueryOperatorId = :operatorId:) OR (Orders.PrevueOperatorId = :operatorId:) OR (Orders.LoanOperatorId = :operatorId:) OR (Orders.FinishOperatorId))","bind":{"operatorId":"88","projectId":""},"columns":["Orders.Id as OrderId,Orders.ProjectId,Orders.OrderNo,Orders.CustomerNm,Orders.RoomId,Room.RoomNo,\n        Orders.Mobile,Orders.OrderStatus,Orders.QueryOperatorId,Orders.PrevueOperatorId,Orders.LoanOperatorId,Orders.FinishOperatorId,Orders.UpdateStatus,Orders.Memo,Orders.PayType,Orders.Label,Orders.SalesId,Orders.UptDt"]}
[Sat, 15 Apr 17 13:34:20 +0800][DEBUG] operatorOrderListorder list get pages info done : 1492234460
[Sat, 15 Apr 17 13:34:20 +0800][DEBUG] operatorOrderListfindConditions : {"conditions":"(Orders.ProjectId = :projectId:) AND ((Orders.QueryOperatorId = :operatorId:) OR (Orders.PrevueOperatorId = :operatorId:) OR (Orders.LoanOperatorId = :operatorId:) OR (Orders.FinishOperatorId))","bind":{"operatorId":"88","projectId":""},"columns":["Orders.Id as OrderId,Orders.ProjectId,Orders.OrderNo,Orders.CustomerNm,Orders.RoomId,Room.RoomNo,\n        Orders.Mobile,Orders.OrderStatus,Orders.QueryOperatorId,Orders.PrevueOperatorId,Orders.LoanOperatorId,Orders.FinishOperatorId,Orders.UpdateStatus,Orders.Memo,Orders.PayType,Orders.Label,Orders.SalesId,Orders.UptDt"]}
[Sat, 15 Apr 17 13:34:20 +0800][DEBUG] operatorOrderListorder list get pages info done : 1492234460
[Sat, 15 Apr 17 13:34:21 +0800][DEBUG] operatorOrderListfindConditions : {"conditions":"(Orders.ProjectId = :projectId: AND Orders.OrderStatus in ({oStatus:array})) AND ((Orders.QueryOperatorId = :operatorId:) OR (Orders.PrevueOperatorId = :operatorId:) OR (Orders.LoanOperatorId = :operatorId:) OR (Orders.FinishOperatorId))","bind":{"oStatus":["2","5","6","7","8","9","10","11","14","16","17","18","2","5","6","7","8","9","10","11","7","10","16","17","18","2","5","6","7","8","9","10","11","7","10","16","17","18","2","5","6","7","8","9","10","11","7","10","16","17","18","2","5","6","7","8","9","10","11","7","10","16","17","18"],"operatorId":"88","projectId":"20170413151934182959"},"columns":["Orders.Id as OrderId,Orders.ProjectId,Orders.OrderNo,Orders.CustomerNm,Orders.RoomId,Room.RoomNo,\n        Orders.Mobile,Orders.OrderStatus,Orders.QueryOperatorId,Orders.PrevueOperatorId,Orders.LoanOperatorId,Orders.FinishOperatorId,Orders.UpdateStatus,Orders.Memo,Orders.PayType,Orders.Label,Orders.SalesId,Orders.UptDt"]}
[Sat, 15 Apr 17 13:34:21 +0800][DEBUG] operatorOrderListfindConditions : {"conditions":"(Orders.ProjectId = :projectId: AND Orders.OrderStatus in ({oStatus:array})) AND ((Orders.QueryOperatorId = :operatorId:) OR (Orders.PrevueOperatorId = :operatorId:) OR (Orders.LoanOperatorId = :operatorId:) OR (Orders.FinishOperatorId))","bind":{"oStatus":["2","5","6","7","8","9","10","11","14","16","17","18","2","5","6","7","8","9","10","11","7","10","16","17","18","2","5","6","7","8","9","10","11","7","10","16","17","18","2","5","6","7","8","9","10","11","7","10","16","17","18","2","5","6","7","8","9","10","11","7","10","16","17","18"],"operatorId":"88","projectId":"20170413151934182959"},"columns":["Orders.Id as OrderId,Orders.ProjectId,Orders.OrderNo,Orders.CustomerNm,Orders.RoomId,Room.RoomNo,\n        Orders.Mobile,Orders.OrderStatus,Orders.QueryOperatorId,Orders.PrevueOperatorId,Orders.LoanOperatorId,Orders.FinishOperatorId,Orders.UpdateStatus,Orders.Memo,Orders.PayType,Orders.Label,Orders.SalesId,Orders.UptDt"]}
[Sat, 15 Apr 17 13:34:21 +0800][DEBUG] operatorOrderListorder list get pages info done : 1492234461
[Sat, 15 Apr 17 13:34:21 +0800][DEBUG] operatorOrderListorder list get pages info done : 1492234461
[Sat, 15 Apr 17 13:34:22 +0800][DEBUG] operatorOrderListfindConditions : {"conditions":"(Orders.ProjectId = :projectId: AND Orders.OrderStatus in ({oStatus:array})) AND ((Orders.QueryOperatorId = :operatorId:) OR (Orders.PrevueOperatorId = :operatorId:) OR (Orders.LoanOperatorId = :operatorId:) OR (Orders.FinishOperatorId))","bind":{"oStatus":["2","5","6","7","8","9","10","11","14","16","17","18","2","5","6","7","8","9","10","11","7","10","16","17","18","2","5","6","7","8","9","10","11","7","10","16","17","18","2","5","6","7","8","9","10","11","7","10","16","17","18","2","5","6","7","8","9","10","11","7","10","16","17","18"],"operatorId":"88","projectId":"20170413151934182959"},"columns":["Orders.Id as OrderId,Orders.ProjectId,Orders.OrderNo,Orders.CustomerNm,Orders.RoomId,Room.RoomNo,\n        Orders.Mobile,Orders.OrderStatus,Orders.QueryOperatorId,Orders.PrevueOperatorId,Orders.LoanOperatorId,Orders.FinishOperatorId,Orders.UpdateStatus,Orders.Memo,Orders.PayType,Orders.Label,Orders.SalesId,Orders.UptDt"]}
[Sat, 15 Apr 17 13:34:22 +0800][DEBUG] operatorOrderListorder list get pages info done : 1492234462
[Sat, 15 Apr 17 13:34:22 +0800][DEBUG] operatorOrderListfindConditions : {"conditions":"(Orders.ProjectId = :projectId: AND Orders.OrderStatus in ({oStatus:array})) AND ((Orders.QueryOperatorId = :operatorId:) OR (Orders.PrevueOperatorId = :operatorId:) OR (Orders.LoanOperatorId = :operatorId:) OR (Orders.FinishOperatorId))","bind":{"oStatus":["2","5","6","7","8","9","10","11","14","16","17","18","2","5","6","7","8","9","10","11","7","10","16","17","18","2","5","6","7","8","9","10","11","7","10","16","17","18","2","5","6","7","8","9","10","11","7","10","16","17","18","2","5","6","7","8","9","10","11","7","10","16","17","18"],"operatorId":"88","projectId":"20170413151934182959"},"columns":["Orders.Id as OrderId,Orders.ProjectId,Orders.OrderNo,Orders.CustomerNm,Orders.RoomId,Room.RoomNo,\n        Orders.Mobile,Orders.OrderStatus,Orders.QueryOperatorId,Orders.PrevueOperatorId,Orders.LoanOperatorId,Orders.FinishOperatorId,Orders.UpdateStatus,Orders.Memo,Orders.PayType,Orders.Label,Orders.SalesId,Orders.UptDt"]}
[Sat, 15 Apr 17 13:34:22 +0800][DEBUG] operatorOrderListorder list get pages info done : 1492234462
[Sat, 15 Apr 17 13:34:28 +0800][DEBUG] operatorOrderListfindConditions : {"conditions":"(Orders.ProjectId = :projectId: AND Orders.OrderStatus in ({oStatus:array})) AND ((Orders.QueryOperatorId = :operatorId:) OR (Orders.PrevueOperatorId = :operatorId:) OR (Orders.LoanOperatorId = :operatorId:) OR (Orders.FinishOperatorId)) AND (Orders.PayType = :payType:)","bind":{"oStatus":["2","5","6","7","8","9","10","11","14","16","17","18","2","5","6","7","8","9","10","11","7","10","16","17","18","2","5","6","7","8","9","10","11","7","10","16","17","18","2","5","6","7","8","9","10","11","7","10","16","17","18","2","5","6","7","8","9","10","11","7","10","16","17","18"],"operatorId":"88","projectId":"20170413151934182959","payType":"3"},"columns":["Orders.Id as OrderId,Orders.ProjectId,Orders.OrderNo,Orders.CustomerNm,Orders.RoomId,Room.RoomNo,\n        Orders.Mobile,Orders.OrderStatus,Orders.QueryOperatorId,Orders.PrevueOperatorId,Orders.LoanOperatorId,Orders.FinishOperatorId,Orders.UpdateStatus,Orders.Memo,Orders.PayType,Orders.Label,Orders.SalesId,Orders.UptDt"]}
[Sat, 15 Apr 17 13:34:28 +0800][DEBUG] operatorOrderListorder list get pages info done : 1492234468
[Sat, 15 Apr 17 13:34:33 +0800][DEBUG] operatorOrderListfindConditions : {"conditions":"(Orders.ProjectId = :projectId: AND Orders.OrderStatus in ({oStatus:array})) AND ((Orders.QueryOperatorId = :operatorId:) OR (Orders.PrevueOperatorId = :operatorId:) OR (Orders.LoanOperatorId = :operatorId:) OR (Orders.FinishOperatorId))","bind":{"oStatus":["2","5","6","7","8","9","10","11","14","16","17","18","2","5","6","7","8","9","10","11","7","10","16","17","18","2","5","6","7","8","9","10","11","7","10","16","17","18","2","5","6","7","8","9","10","11","7","10","16","17","18","2","5","6","7","8","9","10","11","7","10","16","17","18"],"operatorId":"88","projectId":"20170413151934182959"},"columns":["Orders.Id as OrderId,Orders.ProjectId,Orders.OrderNo,Orders.CustomerNm,Orders.RoomId,Room.RoomNo,\n        Orders.Mobile,Orders.OrderStatus,Orders.QueryOperatorId,Orders.PrevueOperatorId,Orders.LoanOperatorId,Orders.FinishOperatorId,Orders.UpdateStatus,Orders.Memo,Orders.PayType,Orders.Label,Orders.SalesId,Orders.UptDt"]}
[Sat, 15 Apr 17 13:34:33 +0800][DEBUG] operatorOrderListorder list get pages info done : 1492234473
[Sat, 15 Apr 17 13:37:42 +0800][DEBUG] operatorOrderListfindConditions : {"conditions":"(Orders.ProjectId = :projectId: AND Orders.OrderStatus in ({oStatus:array})) AND ((Orders.QueryOperatorId = :operatorId:) OR (Orders.PrevueOperatorId = :operatorId:) OR (Orders.LoanOperatorId = :operatorId:) OR (Orders.FinishOperatorId))","bind":{"oStatus":["2","5","6","7","8","9","10","11","14","16","17","18","2","5","6","7","8","9","10","11","7","10","16","17","18","2","5","6","7","8","9","10","11","7","10","16","17","18","2","5","6","7","8","9","10","11","7","10","16","17","18","2","5","6","7","8","9","10","11","7","10","16","17","18"],"operatorId":"88","projectId":"20170413151934182959"},"columns":["Orders.Id as OrderId,Orders.ProjectId,Orders.OrderNo,Orders.CustomerNm,Orders.RoomId,Room.RoomNo,\n        Orders.Mobile,Orders.OrderStatus,Orders.QueryOperatorId,Orders.PrevueOperatorId,Orders.LoanOperatorId,Orders.FinishOperatorId,Orders.UpdateStatus,Orders.Memo,Orders.PayType,Orders.Label,Orders.SalesId,Orders.UptDt"]}
[Sat, 15 Apr 17 13:37:42 +0800][DEBUG] operatorOrderListorder list get pages info done : 1492234662
[Sat, 15 Apr 17 13:37:46 +0800][DEBUG] operatorOrderListfindConditions : {"conditions":"(Orders.ProjectId = :projectId: AND Orders.OrderStatus in ({oStatus:array})) AND ((Orders.QueryOperatorId = :operatorId:) OR (Orders.PrevueOperatorId = :operatorId:) OR (Orders.LoanOperatorId = :operatorId:) OR (Orders.FinishOperatorId))","bind":{"oStatus":["2","5","6","7","8","9","10","11","14","16","17","18","2","5","6","7","8","9","10","11","7","10","16","17","18","2","5","6","7","8","9","10","11","7","10","16","17","18","2","5","6","7","8","9","10","11","7","10","16","17","18","2","5","6","7","8","9","10","11","7","10","16","17","18"],"operatorId":"88","projectId":"20170413151934182959"},"columns":["Orders.Id as OrderId,Orders.ProjectId,Orders.OrderNo,Orders.CustomerNm,Orders.RoomId,Room.RoomNo,\n        Orders.Mobile,Orders.OrderStatus,Orders.QueryOperatorId,Orders.PrevueOperatorId,Orders.LoanOperatorId,Orders.FinishOperatorId,Orders.UpdateStatus,Orders.Memo,Orders.PayType,Orders.Label,Orders.SalesId,Orders.UptDt"]}
[Sat, 15 Apr 17 13:37:46 +0800][DEBUG] operatorOrderListorder list get pages info done : 1492234666
[Sat, 15 Apr 17 13:37:52 +0800][DEBUG] operatorOrderListfindConditions : {"conditions":"(Orders.ProjectId = :projectId: AND Orders.OrderStatus in ({oStatus:array})) AND ((Orders.QueryOperatorId = :operatorId:) OR (Orders.PrevueOperatorId = :operatorId:) OR (Orders.LoanOperatorId = :operatorId:) OR (Orders.FinishOperatorId))","bind":{"oStatus":["2","5","6","7","8","9","10","11","14","16","17","18","2","5","6","7","8","9","10","11","7","10","16","17","18","2","5","6","7","8","9","10","11","7","10","16","17","18","2","5","6","7","8","9","10","11","7","10","16","17","18","2","5","6","7","8","9","10","11","7","10","16","17","18"],"operatorId":"88","projectId":"20170413151934182959"},"columns":["Orders.Id as OrderId,Orders.ProjectId,Orders.OrderNo,Orders.CustomerNm,Orders.RoomId,Room.RoomNo,\n        Orders.Mobile,Orders.OrderStatus,Orders.QueryOperatorId,Orders.PrevueOperatorId,Orders.LoanOperatorId,Orders.FinishOperatorId,Orders.UpdateStatus,Orders.Memo,Orders.PayType,Orders.Label,Orders.SalesId,Orders.UptDt"]}
[Sat, 15 Apr 17 13:37:52 +0800][DEBUG] operatorOrderListorder list get pages info done : 1492234672
[Sat, 15 Apr 17 13:37:56 +0800][DEBUG] operatorOrderListfindConditions : {"conditions":"(Orders.ProjectId = :projectId: AND Orders.OrderStatus in ({oStatus:array})) AND ((Orders.QueryOperatorId = :operatorId:) OR (Orders.PrevueOperatorId = :operatorId:) OR (Orders.LoanOperatorId = :operatorId:) OR (Orders.FinishOperatorId))","bind":{"oStatus":["2","5","6","7","8","9","10","11","14","16","17","18","2","5","6","7","8","9","10","11","7","10","16","17","18","2","5","6","7","8","9","10","11","7","10","16","17","18","2","5","6","7","8","9","10","11","7","10","16","17","18","2","5","6","7","8","9","10","11","7","10","16","17","18"],"operatorId":"88","projectId":"20170413151934182959"},"columns":["Orders.Id as OrderId,Orders.ProjectId,Orders.OrderNo,Orders.CustomerNm,Orders.RoomId,Room.RoomNo,\n        Orders.Mobile,Orders.OrderStatus,Orders.QueryOperatorId,Orders.PrevueOperatorId,Orders.LoanOperatorId,Orders.FinishOperatorId,Orders.UpdateStatus,Orders.Memo,Orders.PayType,Orders.Label,Orders.SalesId,Orders.UptDt"]}
[Sat, 15 Apr 17 13:37:56 +0800][DEBUG] operatorOrderListorder list get pages info done : 1492234676
[Sat, 15 Apr 17 13:58:18 +0800][DEBUG] operatorOrderListfindConditions : {"conditions":"(Orders.ProjectId = :projectId: AND Orders.OrderStatus in ({oStatus:array})) AND ((Orders.QueryOperatorId = :operatorId:) OR (Orders.PrevueOperatorId = :operatorId:) OR (Orders.LoanOperatorId = :operatorId:) OR (Orders.FinishOperatorId))","bind":{"oStatus":["2","5","6","7","8","9","10","11","14","16","17","18","2","5","6","7","8","9","10","11","7","10","16","17","18","2","5","6","7","8","9","10","11","7","10","16","17","18","2","5","6","7","8","9","10","11","7","10","16","17","18","2","5","6","7","8","9","10","11","7","10","16","17","18"],"operatorId":"88","projectId":"20170413151934182959"},"columns":["Orders.Id as OrderId,Orders.ProjectId,Orders.OrderNo,Orders.CustomerNm,Orders.RoomId,Room.RoomNo,\n        Orders.Mobile,Orders.OrderStatus,Orders.QueryOperatorId,Orders.PrevueOperatorId,Orders.LoanOperatorId,Orders.FinishOperatorId,Orders.UpdateStatus,Orders.Memo,Orders.PayType,Orders.Label,Orders.SalesId,Orders.UptDt"]}
[Sat, 15 Apr 17 13:58:18 +0800][DEBUG] operatorOrderListorder list get pages info done : 1492235898
[Sat, 15 Apr 17 13:58:18 +0800][DEBUG] operatorOrderListfindConditions : {"conditions":"(Orders.ProjectId = :projectId: AND Orders.OrderStatus in ({oStatus:array})) AND ((Orders.QueryOperatorId = :operatorId:) OR (Orders.PrevueOperatorId = :operatorId:) OR (Orders.LoanOperatorId = :operatorId:) OR (Orders.FinishOperatorId))","bind":{"oStatus":["2","5","6","7","8","9","10","11","14","16","17","18","2","5","6","7","8","9","10","11","7","10","16","17","18","2","5","6","7","8","9","10","11","7","10","16","17","18","2","5","6","7","8","9","10","11","7","10","16","17","18","2","5","6","7","8","9","10","11","7","10","16","17","18"],"operatorId":"88","projectId":"20170413151934182959"},"columns":["Orders.Id as OrderId,Orders.ProjectId,Orders.OrderNo,Orders.CustomerNm,Orders.RoomId,Room.RoomNo,\n        Orders.Mobile,Orders.OrderStatus,Orders.QueryOperatorId,Orders.PrevueOperatorId,Orders.LoanOperatorId,Orders.FinishOperatorId,Orders.UpdateStatus,Orders.Memo,Orders.PayType,Orders.Label,Orders.SalesId,Orders.UptDt"]}
[Sat, 15 Apr 17 13:58:18 +0800][DEBUG] operatorOrderListorder list get pages info done : 1492235898
[Sat, 15 Apr 17 13:58:24 +0800][DEBUG] operatorOrderListfindConditions : {"conditions":"(Orders.ProjectId = :projectId: AND Orders.OrderStatus in ({oStatus:array})) AND ((Orders.QueryOperatorId = :operatorId:) OR (Orders.PrevueOperatorId = :operatorId:) OR (Orders.LoanOperatorId = :operatorId:) OR (Orders.FinishOperatorId)) AND (Orders.PayType = :payType:)","bind":{"oStatus":["2","5","6","7","8","9","10","11","14","16","17","18","2","5","6","7","8","9","10","11","7","10","16","17","18","2","5","6","7","8","9","10","11","7","10","16","17","18","2","5","6","7","8","9","10","11","7","10","16","17","18","2","5","6","7","8","9","10","11","7","10","16","17","18"],"operatorId":"88","projectId":"20170413151934182959","payType":"1"},"columns":["Orders.Id as OrderId,Orders.ProjectId,Orders.OrderNo,Orders.CustomerNm,Orders.RoomId,Room.RoomNo,\n        Orders.Mobile,Orders.OrderStatus,Orders.QueryOperatorId,Orders.PrevueOperatorId,Orders.LoanOperatorId,Orders.FinishOperatorId,Orders.UpdateStatus,Orders.Memo,Orders.PayType,Orders.Label,Orders.SalesId,Orders.UptDt"]}
[Sat, 15 Apr 17 13:58:24 +0800][DEBUG] operatorOrderListorder list get pages info done : 1492235904
[Sat, 15 Apr 17 13:58:31 +0800][DEBUG] operatorOrderListfindConditions : {"conditions":"(Orders.ProjectId = :projectId: AND Orders.OrderStatus in ({oStatus:array})) AND ((Orders.QueryOperatorId = :operatorId:) OR (Orders.PrevueOperatorId = :operatorId:) OR (Orders.LoanOperatorId = :operatorId:) OR (Orders.FinishOperatorId)) AND (Orders.PayType = :payType:)","bind":{"oStatus":["2","5","6","7","8","9","10","11","14","16","17","18","2","5","6","7","8","9","10","11","7","10","16","17","18","2","5","6","7","8","9","10","11","7","10","16","17","18","2","5","6","7","8","9","10","11","7","10","16","17","18","2","5","6","7","8","9","10","11","7","10","16","17","18"],"operatorId":"88","projectId":"20170413151934182959","payType":"1"},"columns":["Orders.Id as OrderId,Orders.ProjectId,Orders.OrderNo,Orders.CustomerNm,Orders.RoomId,Room.RoomNo,\n        Orders.Mobile,Orders.OrderStatus,Orders.QueryOperatorId,Orders.PrevueOperatorId,Orders.LoanOperatorId,Orders.FinishOperatorId,Orders.UpdateStatus,Orders.Memo,Orders.PayType,Orders.Label,Orders.SalesId,Orders.UptDt"]}
[Sat, 15 Apr 17 13:58:31 +0800][DEBUG] operatorOrderListorder list get pages info done : 1492235911
[Sat, 15 Apr 17 13:58:51 +0800][DEBUG] findConditions Conditions: "(Orders.DelFlg = 0) AND (Orders.SalesId = :salesId:)"
[Sat, 15 Apr 17 13:58:51 +0800][DEBUG] findConditions toBind: {"salesId":"2"}
[Sat, 15 Apr 17 13:58:51 +0800][DEBUG] salesOrderListfindConditions : {"conditions":"(Orders.DelFlg = 0) AND (Orders.SalesId = :salesId:)","bind":{"salesId":"2"},"columns":["Orders.Id as OrderId,Orders.OrderNo,Orders.CustomerNm,Orders.RoomId,Room.RoomNo,Orders.Mobile,Orders.OrderStatus,\n        Orders.PayType,Orders.Label,Orders.Release,Orders.SalesId,Orders.UptDt"]}
[Sat, 15 Apr 17 13:58:51 +0800][DEBUG] salesOrderListorder list get pages info done : 1492235931
[Sat, 15 Apr 17 13:58:51 +0800][DEBUG] findConditions Conditions: "(Orders.DelFlg = 0) AND (Orders.SalesId = :salesId:)"
[Sat, 15 Apr 17 13:58:51 +0800][DEBUG] findConditions toBind: {"salesId":"2"}
[Sat, 15 Apr 17 13:58:51 +0800][DEBUG] salesOrderListfindConditions : {"conditions":"(Orders.DelFlg = 0) AND (Orders.SalesId = :salesId:)","bind":{"salesId":"2"},"columns":["Orders.Id as OrderId,Orders.OrderNo,Orders.CustomerNm,Orders.RoomId,Room.RoomNo,Orders.Mobile,Orders.OrderStatus,\n        Orders.PayType,Orders.Label,Orders.Release,Orders.SalesId,Orders.UptDt"]}
[Sat, 15 Apr 17 13:58:51 +0800][DEBUG] salesOrderListorder list get pages info done : 1492235931
[Sat, 15 Apr 17 13:59:00 +0800][DEBUG] findConditions Conditions: "(Orders.DelFlg = 0) AND (Orders.SalesId = :salesId:)"
[Sat, 15 Apr 17 13:59:00 +0800][DEBUG] findConditions toBind: {"salesId":"2"}
[Sat, 15 Apr 17 13:59:00 +0800][DEBUG] salesOrderListfindConditions : {"conditions":"(Orders.DelFlg = 0) AND (Orders.SalesId = :salesId:)","bind":{"salesId":"2"},"columns":["Orders.Id as OrderId,Orders.OrderNo,Orders.CustomerNm,Orders.RoomId,Room.RoomNo,Orders.Mobile,Orders.OrderStatus,\n        Orders.PayType,Orders.Label,Orders.Release,Orders.SalesId,Orders.UptDt"]}
[Sat, 15 Apr 17 13:59:00 +0800][DEBUG] salesOrderListorder list get pages info done : 1492235940
[Sat, 15 Apr 17 13:59:00 +0800][DEBUG] findConditions Conditions: "(Orders.DelFlg = 0) AND (Orders.SalesId = :salesId:)"
[Sat, 15 Apr 17 13:59:00 +0800][DEBUG] findConditions toBind: {"salesId":"2"}
[Sat, 15 Apr 17 13:59:00 +0800][DEBUG] salesOrderListfindConditions : {"conditions":"(Orders.DelFlg = 0) AND (Orders.SalesId = :salesId:)","bind":{"salesId":"2"},"columns":["Orders.Id as OrderId,Orders.OrderNo,Orders.CustomerNm,Orders.RoomId,Room.RoomNo,Orders.Mobile,Orders.OrderStatus,\n        Orders.PayType,Orders.Label,Orders.Release,Orders.SalesId,Orders.UptDt"]}
[Sat, 15 Apr 17 13:59:00 +0800][DEBUG] salesOrderListorder list get pages info done : 1492235940
[Sat, 15 Apr 17 13:59:49 +0800][DEBUG] {closure} sales edit order data: {"payType":"1","orderId":"14","projectId":"20170413151934182959","customerNm":"验证计数测试","mobile":"13323323232","roomId":"11","address":"阿斯顿撒","unit":"157","salePrice":"23212","contractAmount":"232323233223","ensureAmount":"322332","paymentAmount":"3242233","paymentBalance":"34232","channel":"1","loanType":"3","clerkId":"8","subBankId":"4","bankId":"1","commercialAmount":"13323","fundsAmount":"989898","userToken":"73e9edc90b29be103f8c814c655b971153ce2740"}
[Sat, 15 Apr 17 13:59:49 +0800][DEBUG] findConditions Conditions: "(Orders.DelFlg = 0) AND (Orders.SalesId = :salesId:)"
[Sat, 15 Apr 17 13:59:49 +0800][DEBUG] findConditions toBind: {"salesId":"2"}
[Sat, 15 Apr 17 13:59:49 +0800][DEBUG] salesOrderListfindConditions : {"conditions":"(Orders.DelFlg = 0) AND (Orders.SalesId = :salesId:)","bind":{"salesId":"2"},"columns":["Orders.Id as OrderId,Orders.OrderNo,Orders.CustomerNm,Orders.RoomId,Room.RoomNo,Orders.Mobile,Orders.OrderStatus,\n        Orders.PayType,Orders.Label,Orders.Release,Orders.SalesId,Orders.UptDt"]}
[Sat, 15 Apr 17 13:59:49 +0800][DEBUG] findConditions Conditions: "(Orders.DelFlg = 0) AND (Orders.SalesId = :salesId:)"
[Sat, 15 Apr 17 13:59:49 +0800][DEBUG] findConditions toBind: {"salesId":"2"}
[Sat, 15 Apr 17 13:59:49 +0800][DEBUG] findConditions Conditions: "(Orders.DelFlg = 0) AND (Orders.SalesId = :salesId:)"
[Sat, 15 Apr 17 13:59:49 +0800][DEBUG] salesOrderListfindConditions : {"conditions":"(Orders.DelFlg = 0) AND (Orders.SalesId = :salesId:)","bind":{"salesId":"2"},"columns":["Orders.Id as OrderId,Orders.OrderNo,Orders.CustomerNm,Orders.RoomId,Room.RoomNo,Orders.Mobile,Orders.OrderStatus,\n        Orders.PayType,Orders.Label,Orders.Release,Orders.SalesId,Orders.UptDt"]}
[Sat, 15 Apr 17 13:59:49 +0800][DEBUG] findConditions toBind: {"salesId":"2"}
[Sat, 15 Apr 17 13:59:49 +0800][DEBUG] salesOrderListfindConditions : {"conditions":"(Orders.DelFlg = 0) AND (Orders.SalesId = :salesId:)","bind":{"salesId":"2"},"columns":["Orders.Id as OrderId,Orders.OrderNo,Orders.CustomerNm,Orders.RoomId,Room.RoomNo,Orders.Mobile,Orders.OrderStatus,\n        Orders.PayType,Orders.Label,Orders.Release,Orders.SalesId,Orders.UptDt"]}
[Sat, 15 Apr 17 13:59:49 +0800][DEBUG] salesOrderListorder list get pages info done : 1492235989
[Sat, 15 Apr 17 13:59:49 +0800][DEBUG] salesOrderListorder list get pages info done : 1492235989
[Sat, 15 Apr 17 13:59:49 +0800][DEBUG] salesOrderListorder list get pages info done : 1492235989
[Sat, 15 Apr 17 14:00:00 +0800][DEBUG] findConditions Conditions: "(Orders.DelFlg = 0) AND (Orders.SalesId = :salesId:) AND (Orders.PayType = :payType:)"
[Sat, 15 Apr 17 14:00:00 +0800][DEBUG] findConditions toBind: {"salesId":"2","payType":"2"}
[Sat, 15 Apr 17 14:00:00 +0800][DEBUG] salesOrderListfindConditions : {"conditions":"(Orders.DelFlg = 0) AND (Orders.SalesId = :salesId:) AND (Orders.PayType = :payType:)","bind":{"salesId":"2","payType":"2"},"columns":["Orders.Id as OrderId,Orders.OrderNo,Orders.CustomerNm,Orders.RoomId,Room.RoomNo,Orders.Mobile,Orders.OrderStatus,\n        Orders.PayType,Orders.Label,Orders.Release,Orders.SalesId,Orders.UptDt"]}
[Sat, 15 Apr 17 14:00:00 +0800][DEBUG] salesOrderListorder list get pages info done : 1492236000
[Sat, 15 Apr 17 14:00:43 +0800][DEBUG] findConditions Conditions: "(Orders.ProjectId = :projectId:) AND (Orders.DelFlg = 0)   AND (Orders.CrtDt >= :minDt:) AND (Orders.OrderStatus = 2)"
[Sat, 15 Apr 17 14:00:43 +0800][DEBUG] findConditions toBind: {"projectId":"20170413151934182959","minDt":0}
[Sat, 15 Apr 17 14:00:47 +0800][DEBUG] findConditions Conditions: "(Orders.ProjectId = :projectId:) AND (Orders.DelFlg = 0)  AND (Orders.CrtDt >= :minDt:) AND (Orders.CrtDt < :maxDt:) AND (Orders.OrderStatus = 2)"
[Sat, 15 Apr 17 14:00:47 +0800][DEBUG] findConditions toBind: {"projectId":"20170413151934182959","minDt":"2017-04-14","maxDt":"2017-04-15"}
[Sat, 15 Apr 17 14:00:53 +0800][DEBUG] findConditions Conditions: "(Orders.ProjectId = :projectId:) AND (Orders.DelFlg = 0)  AND (Orders.CrtDt >= :minDt:) AND (Orders.CrtDt < :maxDt:) AND (Orders.OrderStatus = 2)"
[Sat, 15 Apr 17 14:00:53 +0800][DEBUG] findConditions toBind: {"projectId":"20170413151934182959","minDt":"2017-04-12","maxDt":"2017-04-15"}
[Sat, 15 Apr 17 14:00:56 +0800][DEBUG] findConditions Conditions: "(Orders.ProjectId = :projectId:) AND (Orders.DelFlg = 0)  AND (Orders.CrtDt >= :minDt:) AND (Orders.CrtDt < :maxDt:) AND (Orders.OrderStatus = 2)"
[Sat, 15 Apr 17 14:00:56 +0800][DEBUG] findConditions toBind: {"projectId":"20170413151934182959","minDt":"2017-04-08","maxDt":"2017-04-15"}
[Sat, 15 Apr 17 14:00:57 +0800][DEBUG] findConditions Conditions: "(Orders.ProjectId = :projectId:) AND (Orders.DelFlg = 0)   AND (Orders.CrtDt >= :minDt:) AND (Orders.OrderStatus = 2)"
[Sat, 15 Apr 17 14:00:57 +0800][DEBUG] findConditions toBind: {"projectId":"20170413151934182959","minDt":0}
